[2023-02-23 02:02:11,382] multiqc                                            [DEBUG  ]  This is MultiQC v1.14
[2023-02-23 02:02:11,383] multiqc                                            [DEBUG  ]  Command used: /home/adr/.local/bin/multiqc 4_BUSCO/ -o 5_multiQC/
[2023-02-23 02:02:11,667] multiqc                                            [DEBUG  ]  Latest MultiQC version is v1.14
[2023-02-23 02:02:11,667] multiqc                                            [DEBUG  ]  Working dir : /home/adr/Dropbox/denovo-assembly-long-read
[2023-02-23 02:02:11,667] multiqc                                            [DEBUG  ]  Template    : default
[2023-02-23 02:02:11,667] multiqc                                            [DEBUG  ]  Running Python 3.10.6 (main, Nov 14 2022, 16:10:14) [GCC 11.3.0]
[2023-02-23 02:02:11,667] multiqc                                            [DEBUG  ]  Analysing modules: custom_content, ccs, ngsderive, purple, conpair, lima, peddy, somalier, methylQA, mosdepth, phantompeakqualtools, qualimap, preseq, hifiasm, quast, qorts, rna_seqc, rockhopper, rsem, rseqc, busco, bustools, goleft_indexcov, gffcompare, disambiguate, supernova, deeptools, sargasso, verifybamid, mirtrace, happy, mirtop, sambamba, gopeaks, homer, hops, macs2, theta2, snpeff, gatk, htseq, bcftools, featureCounts, fgbio, dragen, dragen_fastqc, dedup, pbmarkdup, damageprofiler, biobambam2, jcvi, mtnucratio, picard, vep, sentieon, prokka, qc3C, nanostat, samblaster, samtools, sexdeterrmine, eigenstratdatabasetools, bamtools, jellyfish, vcftools, longranger, stacks, varscan2, snippy, umitools, bbmap, bismark, biscuit, diamond, hicexplorer, hicup, hicpro, salmon, kallisto, slamdunk, star, hisat2, tophat, bowtie2, bowtie1, cellranger, snpsplit, odgi, pangolin, nextclade, humid, kat, leehom, adapterRemoval, bbduk, clipandmerge, cutadapt, flexbar, kaiju, kraken, malt, motus, trimmomatic, sickle, skewer, sortmerna, biobloomtools, fastq_screen, afterqc, fastp, fastqc, filtlong, prinseqplusplus, pychopper, porechop, pycoqc, minionqc, anglerfish, multivcfanalyzer, clusterflow, checkqc, bcl2fastq, bclconvert, interop, ivar, flash, seqyclean, optitype, whatshap
[2023-02-23 02:02:11,668] multiqc                                            [DEBUG  ]  Using temporary directory for creating report: /tmp/tmpz8pihhpo
[2023-02-23 02:02:11,769] multiqc                                            [INFO   ]  Search path : /home/adr/Dropbox/denovo-assembly-long-read/4_BUSCO
[2023-02-23 02:02:57,134] multiqc                                            [DEBUG  ]  Summary of files that were skipped by the search: [skipped_module_specific_max_filesize: 7295] // [skipped_no_match: 4299]
[2023-02-23 02:02:58,011] multiqc.plots.bargraph                             [DEBUG  ]  Using matplotlib version 3.5.1
[2023-02-23 02:02:58,011] multiqc.plots.linegraph                            [DEBUG  ]  Using matplotlib version 3.5.1
[2023-02-23 02:02:58,012] multiqc                                            [DEBUG  ]  No samples found: custom_content
[2023-02-23 02:02:58,015] multiqc.modules.busco.busco                        [INFO   ]  Found 1 reports
[2023-02-23 02:02:58,018] multiqc                                            [INFO   ]  Compressing plot data
[2023-02-23 02:02:58,020] multiqc                                            [WARNING]  Previous MultiQC output found! Adjusting filenames..
[2023-02-23 02:02:58,020] multiqc                                            [WARNING]  Use -f or --force to overwrite existing reports instead
[2023-02-23 02:02:58,020] multiqc                                            [INFO   ]  Report      : 5_multiQC/multiqc_report_2.html
[2023-02-23 02:02:58,020] multiqc                                            [INFO   ]  Data        : 5_multiQC/multiqc_data_2
[2023-02-23 02:02:58,020] multiqc                                            [DEBUG  ]  Moving data file from '/tmp/tmpz8pihhpo/multiqc_data' to '5_multiQC/multiqc_data_2'
[2023-02-23 02:02:58,150] multiqc                                            [INFO   ]  MultiQC complete
