[2023-02-23 01:02:39,714] multiqc                                            [DEBUG  ]  This is MultiQC v1.14
[2023-02-23 01:02:39,715] multiqc                                            [DEBUG  ]  Command used: /home/adr/.local/bin/multiqc 1-QC/ 3_QUAST/ -o 5_multiQC/
[2023-02-23 01:02:40,164] multiqc                                            [DEBUG  ]  Latest MultiQC version is v1.14
[2023-02-23 01:02:40,164] multiqc                                            [DEBUG  ]  Working dir : /home/adr/Dropbox/denovo-assembly-long-read
[2023-02-23 01:02:40,164] multiqc                                            [DEBUG  ]  Template    : default
[2023-02-23 01:02:40,164] multiqc                                            [DEBUG  ]  Running Python 3.10.6 (main, Nov 14 2022, 16:10:14) [GCC 11.3.0]
[2023-02-23 01:02:40,165] multiqc                                            [DEBUG  ]  Analysing modules: custom_content, ccs, ngsderive, purple, conpair, lima, peddy, somalier, methylQA, mosdepth, phantompeakqualtools, qualimap, preseq, hifiasm, quast, qorts, rna_seqc, rockhopper, rsem, rseqc, busco, bustools, goleft_indexcov, gffcompare, disambiguate, supernova, deeptools, sargasso, verifybamid, mirtrace, happy, mirtop, sambamba, gopeaks, homer, hops, macs2, theta2, snpeff, gatk, htseq, bcftools, featureCounts, fgbio, dragen, dragen_fastqc, dedup, pbmarkdup, damageprofiler, biobambam2, jcvi, mtnucratio, picard, vep, sentieon, prokka, qc3C, nanostat, samblaster, samtools, sexdeterrmine, eigenstratdatabasetools, bamtools, jellyfish, vcftools, longranger, stacks, varscan2, snippy, umitools, bbmap, bismark, biscuit, diamond, hicexplorer, hicup, hicpro, salmon, kallisto, slamdunk, star, hisat2, tophat, bowtie2, bowtie1, cellranger, snpsplit, odgi, pangolin, nextclade, humid, kat, leehom, adapterRemoval, bbduk, clipandmerge, cutadapt, flexbar, kaiju, kraken, malt, motus, trimmomatic, sickle, skewer, sortmerna, biobloomtools, fastq_screen, afterqc, fastp, fastqc, filtlong, prinseqplusplus, pychopper, porechop, pycoqc, minionqc, anglerfish, multivcfanalyzer, clusterflow, checkqc, bcl2fastq, bclconvert, interop, ivar, flash, seqyclean, optitype, whatshap
[2023-02-23 01:02:40,165] multiqc                                            [DEBUG  ]  Using temporary directory for creating report: /tmp/tmp57p_d010
[2023-02-23 01:02:40,262] multiqc                                            [INFO   ]  Search path : /home/adr/Dropbox/denovo-assembly-long-read/1-QC
[2023-02-23 01:02:40,262] multiqc                                            [INFO   ]  Search path : /home/adr/Dropbox/denovo-assembly-long-read/3_QUAST
[2023-02-23 01:02:45,632] multiqc                                            [DEBUG  ]  Summary of files that were skipped by the search: [skipped_module_specific_max_filesize: 103] // [skipped_no_match: 41] // [skipped_ignore_pattern: 18] // [skipped_directory_fn_ignore_dirs: 4]
[2023-02-23 01:02:46,459] multiqc.plots.bargraph                             [DEBUG  ]  Using matplotlib version 3.5.1
[2023-02-23 01:02:46,461] multiqc.plots.linegraph                            [DEBUG  ]  Using matplotlib version 3.5.1
[2023-02-23 01:02:46,462] multiqc                                            [DEBUG  ]  No samples found: custom_content
[2023-02-23 01:02:46,466] multiqc.modules.quast.quast                        [DEBUG  ]  Duplicate sample name found! Overwriting: SRR13577846
[2023-02-23 01:02:46,466] multiqc.modules.quast.quast                        [INFO   ]  Found 1 reports
[2023-02-23 01:02:46,487] multiqc.modules.fastqc.fastqc                      [INFO   ]  Found 1 reports
[2023-02-23 01:02:46,532] multiqc                                            [INFO   ]  Compressing plot data
[2023-02-23 01:02:46,564] multiqc                                            [INFO   ]  Report      : 5_multiQC/multiqc_report.html
[2023-02-23 01:02:46,565] multiqc                                            [INFO   ]  Data        : 5_multiQC/multiqc_data
[2023-02-23 01:02:46,565] multiqc                                            [DEBUG  ]  Moving data file from '/tmp/tmp57p_d010/multiqc_data' to '5_multiQC/multiqc_data'
[2023-02-23 01:02:46,744] multiqc                                            [INFO   ]  MultiQC complete
