#                                                                                              --- full sequence --- -------------- this domain -------------   hmm coord   ali coord   env coord
# target name                          accession   tlen query name           accession   qlen   E-value  score  bias   #  of  c-Evalue  i-Evalue  score  bias  from    to  from    to  from    to  acc description of target
#                  ------------------- ---------- ----- -------------------- ---------- ----- --------- ------ ----- --- --- --------- --------- ------ ----- ----- ----- ----- ----- ----- ----- ---- ---------------------
C0000000002_ptg000002l:594852-597371   -            840 10099at4891          -            404  3.3e-167  553.5  11.3   1   6       1.2        48   -0.2   0.0    10    35    22    47    14    54 0.66 -
C0000000002_ptg000002l:594852-597371   -            840 10099at4891          -            404  3.3e-167  553.5  11.3   2   6  2.1e-122  8.5e-121  400.7   0.9     1   205    75   293    75   303 0.93 -
C0000000002_ptg000002l:594852-597371   -            840 10099at4891          -            404  3.3e-167  553.5  11.3   3   6   2.1e-39   8.4e-38  127.4   0.0   205   311   325   435   295   454 0.90 -
C0000000002_ptg000002l:594852-597371   -            840 10099at4891          -            404  3.3e-167  553.5  11.3   4   6   0.00035     0.014   11.4   0.6   300   339   482   521   450   539 0.73 -
C0000000002_ptg000002l:594852-597371   -            840 10099at4891          -            404  3.3e-167  553.5  11.3   5   6   2.3e-05   0.00096   15.2   0.1   310   356   535   582   518   588 0.72 -
C0000000002_ptg000002l:594852-597371   -            840 10099at4891          -            404  3.3e-167  553.5  11.3   6   6       1.8        72   -0.8   0.0   364   380   716   732   711   743 0.87 -
C0000000007_ptg000007l:63625-65004     -            460 10099at4891          -            404   5.4e-29   98.4   0.1   1   4       1.2        50   -0.3   0.0     8    38    19    48    14    57 0.73 -
C0000000007_ptg000007l:63625-65004     -            460 10099at4891          -            404   5.4e-29   98.4   0.1   2   4   7.5e-06   0.00031   16.9   0.0     2    39    68   105    67   119 0.85 -
C0000000007_ptg000007l:63625-65004     -            460 10099at4891          -            404   5.4e-29   98.4   0.1   3   4   2.1e-11   8.6e-10   35.2   0.0    33   119   122   214   120   227 0.86 -
C0000000007_ptg000007l:63625-65004     -            460 10099at4891          -            404   5.4e-29   98.4   0.1   4   4   8.5e-13   3.4e-11   39.8   0.0   138   273   251   411   244   420 0.72 -
C0000000005_ptg000005l:522101-523066   -            322 10099at4891          -            404   1.3e-23   80.6  11.7   1   2   9.6e-06   0.00039   16.5   0.2    19    80    23    84    13   109 0.65 -
C0000000005_ptg000005l:522101-523066   -            322 10099at4891          -            404   1.3e-23   80.6  11.7   2   2   2.7e-21   1.1e-19   67.8   6.3     3   221   102   322   100   322 0.85 -
C0000000014_ptg000014l:735866-737215   -            450 10099at4891          -            404   5.9e-23   78.5  16.0   1   4   4.4e-13   1.8e-11   40.7   1.5     7   124    80   194    74   199 0.87 -
C0000000014_ptg000014l:735866-737215   -            450 10099at4891          -            404   5.9e-23   78.5  16.0   2   4   4.3e-15   1.8e-13   47.3   3.9     1   120   116   232   116   254 0.91 -
C0000000014_ptg000014l:735866-737215   -            450 10099at4891          -            404   5.9e-23   78.5  16.0   3   4   0.00012    0.0048   12.9   0.1    46   126   199   283   195   290 0.83 -
C0000000014_ptg000014l:735866-737215   -            450 10099at4891          -            404   5.9e-23   78.5  16.0   4   4    0.0023     0.094    8.7   0.0    90   119   333   362   326   367 0.86 -
C0000000011_ptg000011l:404260-405939   -            560 10099at4891          -            404   1.7e-22   77.0   0.1   1   1   7.5e-24   3.1e-22   76.2   0.1    73   286     9   238     1   316 0.81 -
C0000000002_ptg000002l:201554-203944   -            797 10099at4891          -            404     2e-22   76.8   3.3   1   3      0.22       9.1    2.1   0.0     7    36   468   497   462   509 0.88 -
C0000000002_ptg000002l:201554-203944   -            797 10099at4891          -            404     2e-22   76.8   3.3   2   3   2.6e-15   1.1e-13   48.0   0.3     3   120   523   637   521   644 0.90 -
C0000000002_ptg000002l:201554-203944   -            797 10099at4891          -            404     2e-22   76.8   3.3   3   3   2.5e-08     1e-06   25.0   0.1     4    79   650   722   647   728 0.89 -
C0000000010_ptg000010l:112406-115159   -            918 10099at4891          -            404   1.9e-21   73.6  13.0   1   5         2        80   -1.0   0.0    13    81    22    85    17    99 0.60 -
C0000000010_ptg000010l:112406-115159   -            918 10099at4891          -            404   1.9e-21   73.6  13.0   2   5   2.8e-10   1.1e-08   31.4   1.0     9   123   100   222    94   228 0.80 -
C0000000010_ptg000010l:112406-115159   -            918 10099at4891          -            404   1.9e-21   73.6  13.0   3   5       3.6   1.5e+02   -1.8   0.1    89   108   257   276   241   280 0.74 -
C0000000010_ptg000010l:112406-115159   -            918 10099at4891          -            404   1.9e-21   73.6  13.0   4   5     2e-14   8.1e-13   45.1   0.7     7   294   304   573   298   594 0.82 -
C0000000010_ptg000010l:112406-115159   -            918 10099at4891          -            404   1.9e-21   73.6  13.0   5   5       3.2   1.3e+02   -1.7   0.0     8    27   681   700   676   709 0.68 -
C0000000010_ptg000010l:74467-75246     -            260 10099at4891          -            404     1e-20   71.1   0.9   1   3   2.3e-14   9.5e-13   44.9   0.1    10   119     3   109     1   109 0.89 -
C0000000010_ptg000010l:74467-75246     -            260 10099at4891          -            404     1e-20   71.1   0.9   2   3   1.1e-07   4.5e-06   22.9   0.1     7    81    83   161    77   170 0.84 -
C0000000010_ptg000010l:74467-75246     -            260 10099at4891          -            404     1e-20   71.1   0.9   3   3    0.0015     0.061    9.3   0.0     4    37   184   217   182   258 0.86 -
C0000000008_ptg000008l:192003-194357   -            785 10099at4891          -            404   4.2e-19   65.8  13.9   1   7   9.1e-08   3.7e-06   23.2   0.1     2    84    56   135    55   155 0.77 -
C0000000008_ptg000008l:192003-194357   -            785 10099at4891          -            404   4.2e-19   65.8  13.9   2   7      0.74        30    0.4   0.0    91   121   201   235   178   246 0.55 -
C0000000008_ptg000008l:192003-194357   -            785 10099at4891          -            404   4.2e-19   65.8  13.9   3   7      0.13       5.5    2.9   0.2    47    79   277   309   265   322 0.88 -
C0000000008_ptg000008l:192003-194357   -            785 10099at4891          -            404   4.2e-19   65.8  13.9   4   7   0.00018    0.0074   12.3   0.1   235   259   384   408   352   412 0.73 -
C0000000008_ptg000008l:192003-194357   -            785 10099at4891          -            404   4.2e-19   65.8  13.9   5   7      0.16       6.4    2.6   0.0   201   257   410   466   407   472 0.85 -
C0000000008_ptg000008l:192003-194357   -            785 10099at4891          -            404   4.2e-19   65.8  13.9   6   7   1.4e-08   5.6e-07   25.9   0.6     4    80   605   684   602   687 0.91 -
C0000000008_ptg000008l:192003-194357   -            785 10099at4891          -            404   4.2e-19   65.8  13.9   7   7    0.0017     0.069    9.1   0.1    17    81   667   735   664   748 0.71 -
C0000000013_ptg000013l:113953-116400   -            816 10099at4891          -            404   9.4e-19   64.7   7.8   1   5      0.19       7.9    2.3   0.0     7    77    63   128    57   139 0.71 -
C0000000013_ptg000013l:113953-116400   -            816 10099at4891          -            404   9.4e-19   64.7   7.8   2   5      0.13       5.1    3.0   0.1     3    84   142   229   140   248 0.80 -
C0000000013_ptg000013l:113953-116400   -            816 10099at4891          -            404   9.4e-19   64.7   7.8   3   5   1.1e-08   4.6e-07   26.2   0.2     7   129   390   528   385   534 0.78 -
C0000000013_ptg000013l:113953-116400   -            816 10099at4891          -            404   9.4e-19   64.7   7.8   4   5     6e-09   2.5e-07   27.1   0.2    48   119   488   560   446   562 0.82 -
C0000000013_ptg000013l:113953-116400   -            816 10099at4891          -            404   9.4e-19   64.7   7.8   5   5   1.7e-10   6.9e-09   32.2   0.2     4   119   532   644   529   685 0.76 -
C0000000005_ptg000005l:1307495-1311091 -           1199 10099at4891          -            404     1e-18   64.5   6.5   1   4     7e-06   0.00028   17.0   0.0    57   129    17    90    10    96 0.82 -
C0000000005_ptg000005l:1307495-1311091 -           1199 10099at4891          -            404     1e-18   64.5   6.5   2   4   7.8e-06   0.00032   16.8   1.0     4    80    94   166    91   173 0.87 -
C0000000005_ptg000005l:1307495-1311091 -           1199 10099at4891          -            404     1e-18   64.5   6.5   3   4   6.5e-10   2.7e-08   30.2   0.3     2    81   206   283   205   334 0.81 -
C0000000005_ptg000005l:1307495-1311091 -           1199 10099at4891          -            404     1e-18   64.5   6.5   4   4       1.7        68   -0.7   0.0   147   162   495   510   477   535 0.76 -
C0000000013_ptg000013l:94204-95049     -            282 10099at4891          -            404   1.2e-18   64.3   6.4   1   4    0.0013     0.054    9.5   0.0    91   122     1    32     1    40 0.89 -
C0000000013_ptg000013l:94204-95049     -            282 10099at4891          -            404   1.2e-18   64.3   6.4   2   4   3.3e-07   1.3e-05   21.3   0.1   186   277    42   135    31   141 0.82 -
C0000000013_ptg000013l:94204-95049     -            282 10099at4891          -            404   1.2e-18   64.3   6.4   3   4   7.9e-06   0.00032   16.8   0.1    18    62   164   208   157   213 0.88 -
C0000000013_ptg000013l:94204-95049     -            282 10099at4891          -            404   1.2e-18   64.3   6.4   4   4   4.1e-06   0.00017   17.7   0.1    18    82   213   278   210   280 0.78 -
C0000000010_ptg000010l:93758-94756     -            333 10099at4891          -            404   3.6e-18   62.8  15.4   1   4   8.5e-05    0.0035   13.4   0.4     4    62     3    58     1    91 0.75 -
C0000000010_ptg000010l:93758-94756     -            333 10099at4891          -            404   3.6e-18   62.8  15.4   2   4   1.6e-05   0.00065   15.8   0.2     1    58    92   145    92   157 0.79 -
C0000000010_ptg000010l:93758-94756     -            333 10099at4891          -            404   3.6e-18   62.8  15.4   3   4   6.5e-11   2.7e-09   33.5   0.9     1    84   216   295   179   300 0.71 -
C0000000010_ptg000010l:93758-94756     -            333 10099at4891          -            404   3.6e-18   62.8  15.4   4   4    0.0085      0.35    6.8   0.1     4    33   303   332   300   333 0.92 -
C0000000004_ptg000004l:379350-382178   -            943 10099at4891          -            404   5.1e-16   55.7  23.9   1   6   0.00011    0.0043   13.1   0.0     3    44   119   160   117   163 0.88 -
C0000000004_ptg000004l:379350-382178   -            943 10099at4891          -            404   5.1e-16   55.7  23.9   2   6    0.0018     0.072    9.1   2.5     3    84   161   235   159   293 0.68 -
C0000000004_ptg000004l:379350-382178   -            943 10099at4891          -            404   5.1e-16   55.7  23.9   3   6       4.2   1.7e+02   -2.0   0.0    52    87   392   426   386   431 0.67 -
C0000000004_ptg000004l:379350-382178   -            943 10099at4891          -            404   5.1e-16   55.7  23.9   4   6     0.012      0.48    6.4   0.1     3    35   471   503   469   509 0.87 -
C0000000004_ptg000004l:379350-382178   -            943 10099at4891          -            404   5.1e-16   55.7  23.9   5   6   2.7e-08   1.1e-06   24.9   1.6     8   117   534   640   529   643 0.90 -
C0000000004_ptg000004l:379350-382178   -            943 10099at4891          -            404   5.1e-16   55.7  23.9   6   6     7e-09   2.9e-07   26.8   0.4     3    85   613   691   611   700 0.91 -
C0000000014_ptg000014l:156967-157878   -            304 10099at4891          -            404   7.4e-15   51.8   5.4   1   3      0.34        14    1.5   0.0    64   110     4    51     2    67 0.60 -
C0000000014_ptg000014l:156967-157878   -            304 10099at4891          -            404   7.4e-15   51.8   5.4   2   3   2.2e-07   8.8e-06   21.9   0.1     3    80    74   146    72   155 0.90 -
C0000000014_ptg000014l:156967-157878   -            304 10099at4891          -            404   7.4e-15   51.8   5.4   3   3   1.1e-09   4.7e-08   29.4   0.4     7   124   162   283   156   292 0.87 -
C0000000003_ptg000003l:52077-53465     -            463 10099at4891          -            404   1.2e-13   47.9   6.0   1   4    0.0043      0.17    7.8   0.0   205   269   186   251   163   256 0.89 -
C0000000003_ptg000003l:52077-53465     -            463 10099at4891          -            404   1.2e-13   47.9   6.0   2   4   2.4e-08   9.7e-07   25.1   0.1     4   124   263   380   260   388 0.89 -
C0000000003_ptg000003l:52077-53465     -            463 10099at4891          -            404   1.2e-13   47.9   6.0   3   4   0.00051     0.021   10.8   0.0     3    75   346   418   335   420 0.71 -
C0000000003_ptg000003l:52077-53465     -            463 10099at4891          -            404   1.2e-13   47.9   6.0   4   4   2.3e-05   0.00095   15.3   0.6     3    78   390   463   388   463 0.91 -
C0000000007_ptg000007l:472642-473127   -            162 10099at4891          -            404     1e-12   44.8   0.5   1   1     3e-14   1.2e-12   44.6   0.5     2   120    15   136    14   155 0.91 -
C0000000007_ptg000007l:535847-536884   -            346 10099at4891          -            404   1.1e-12   44.7   0.9   1   3   1.8e-07   7.5e-06   22.2   0.0    46   120     5    80     2    89 0.92 -
C0000000007_ptg000007l:535847-536884   -            346 10099at4891          -            404   1.1e-12   44.7   0.9   2   3    0.0058      0.24    7.4   0.0    95   162    96   171    90   182 0.78 -
C0000000007_ptg000007l:535847-536884   -            346 10099at4891          -            404   1.1e-12   44.7   0.9   3   3      0.38        15    1.4   0.0    86   129   287   330   278   341 0.63 -
C0000000005_ptg000005l:321518-322747   -            410 10099at4891          -            404   4.2e-12   42.8   0.1   1   3   7.3e-08     3e-06   23.5   0.0     7    89   119   199   114   232 0.81 -
C0000000005_ptg000005l:321518-322747   -            410 10099at4891          -            404   4.2e-12   42.8   0.1   2   3   0.00012    0.0047   13.0   0.0     3    36   246   279   240   326 0.76 -
C0000000005_ptg000005l:321518-322747   -            410 10099at4891          -            404   4.2e-12   42.8   0.1   3   3      0.17       6.8    2.6   0.0     9    37   342   370   334   408 0.72 -
C0000000003_ptg000003l:672388-673722   -            445 10099at4891          -            404   6.6e-12   42.1   4.9   1   3     7e-10   2.8e-08   30.2   0.7     2   119   130   245   129   253 0.91 -
C0000000003_ptg000003l:672388-673722   -            445 10099at4891          -            404   6.6e-12   42.1   4.9   2   3     0.018      0.74    5.7   0.1    47   110   256   320   245   328 0.78 -
C0000000003_ptg000003l:672388-673722   -            445 10099at4891          -            404   6.6e-12   42.1   4.9   3   3     0.012      0.47    6.4   0.0     7    38   395   426   391   430 0.90 -
C0000000001_ptg000001l:154091-154987   -            299 10099at4891          -            404   9.4e-12   41.6   3.0   1   2   3.7e-09   1.5e-07   27.8   0.5     5   124    23   138    19   143 0.83 -
C0000000001_ptg000001l:154091-154987   -            299 10099at4891          -            404   9.4e-12   41.6   3.0   2   2   5.4e-05    0.0022   14.0   0.1    61   119   179   238   167   248 0.75 -
C0000000017_ptg000017l:275223-276446   -            408 10099at4891          -            404   1.5e-11   40.9   8.9   1   4     0.041       1.7    4.6   0.0     4    39    45    78    42    99 0.79 -
C0000000017_ptg000017l:275223-276446   -            408 10099at4891          -            404   1.5e-11   40.9   8.9   2   4   3.6e-07   1.5e-05   21.2   2.7    10    80   106   172    82   177 0.88 -
C0000000017_ptg000017l:275223-276446   -            408 10099at4891          -            404   1.5e-11   40.9   8.9   3   4      0.46        19    1.1   0.0     4    33   186   215   181   238 0.76 -
C0000000017_ptg000017l:275223-276446   -            408 10099at4891          -            404   1.5e-11   40.9   8.9   4   4   5.6e-05    0.0023   14.0   0.0    34    89   277   335   274   366 0.84 -
C0000000002_ptg000002l:236728-237624   -            299 10099at4891          -            404   3.8e-11   39.6   0.2   1   2   2.2e-09   9.1e-08   28.5   0.1     9   121     2   110     1   141 0.87 -
C0000000002_ptg000002l:236728-237624   -            299 10099at4891          -            404   3.8e-11   39.6   0.2   2   2     0.003      0.12    8.3   0.0     3    33   170   202   168   267 0.83 -
C0000000012_ptg000012l:72001-73275     -            425 10099at4891          -            404   6.3e-10   35.6   0.1   1   3   5.6e-09   2.3e-07   27.2   0.0     9    79    30   100    26   114 0.94 -
C0000000012_ptg000012l:72001-73275     -            425 10099at4891          -            404   6.3e-10   35.6   0.1   2   3      0.44        18    1.2   0.0   233   276   211   254   200   270 0.58 -
C0000000012_ptg000012l:72001-73275     -            425 10099at4891          -            404   6.3e-10   35.6   0.1   3   3      0.13       5.1    3.0   0.1    11    78   272   340   268   345 0.55 -
C0000000008_ptg000008l:788546-789586   -            347 10099at4891          -            404   6.9e-10   35.5   5.8   1   4   0.00012    0.0048   12.9   0.6    91   130     8    47     3    52 0.91 -
C0000000008_ptg000008l:788546-789586   -            347 10099at4891          -            404   6.9e-10   35.5   5.8   2   4    0.0013     0.052    9.5   0.1     4    42    54    94    51   101 0.82 -
C0000000008_ptg000008l:788546-789586   -            347 10099at4891          -            404   6.9e-10   35.5   5.8   3   4      0.03       1.2    5.0   0.0    30    97   192   261   104   271 0.64 -
C0000000008_ptg000008l:788546-789586   -            347 10099at4891          -            404   6.9e-10   35.5   5.8   4   4    0.0052      0.21    7.5   0.1    50    83   303   336   292   344 0.73 -
C0000000007_ptg000007l:423728-425572   -            615 10099at4891          -            404   2.5e-09   33.7   8.1   1   5   0.00024    0.0097   11.9   0.1     5    71    64   136    60   150 0.76 -
C0000000007_ptg000007l:423728-425572   -            615 10099at4891          -            404   2.5e-09   33.7   8.1   2   5    0.0048      0.19    7.6   0.0    67   124   177   239   154   253 0.73 -
C0000000007_ptg000007l:423728-425572   -            615 10099at4891          -            404   2.5e-09   33.7   8.1   3   5    0.0085      0.35    6.8   0.1   198   328   257   388   243   446 0.70 -
C0000000007_ptg000007l:423728-425572   -            615 10099at4891          -            404   2.5e-09   33.7   8.1   4   5       2.5     1e+02   -1.3   0.0    75   105   512   544   492   546 0.47 -
C0000000007_ptg000007l:423728-425572   -            615 10099at4891          -            404   2.5e-09   33.7   8.1   5   5    0.0025       0.1    8.6   0.1    20    81   556   613   550   615 0.80 -
C0000000008_ptg000008l:811332-812174   -            281 10099at4891          -            404   2.6e-09   33.6   1.0   1   3     0.055       2.3    4.1   0.5   214   272     1    58     1    64 0.84 -
C0000000008_ptg000008l:811332-812174   -            281 10099at4891          -            404   2.6e-09   33.6   1.0   2   3   6.6e-08   2.7e-06   23.7   0.0     3    80   104   180   102   193 0.87 -
C0000000008_ptg000008l:811332-812174   -            281 10099at4891          -            404   2.6e-09   33.6   1.0   3   3      0.16       6.5    2.6   0.0    40    74   235   269   208   276 0.73 -
C0000000009_ptg000009l:290638-291492   -            285 10099at4891          -            404   7.9e-09   32.0   1.9   1   3   1.2e-05   0.00048   16.2   0.1    49   123     3    79     1    84 0.83 -
C0000000009_ptg000009l:290638-291492   -            285 10099at4891          -            404   7.9e-09   32.0   1.9   2   3   5.1e-05    0.0021   14.1   0.1    14   120   120   181   109   192 0.57 -
C0000000009_ptg000009l:290638-291492   -            285 10099at4891          -            404   7.9e-09   32.0   1.9   3   3       2.6   1.1e+02   -1.4   0.0    18    81   226   243   221   257 0.55 -
C0000000016_ptg000016l:181896-182717   -            274 10099at4891          -            404   1.1e-08   31.5   5.1   1   3   1.1e-06   4.3e-05   19.7   0.8    23   122     2    94     1   102 0.84 -
C0000000016_ptg000016l:181896-182717   -            274 10099at4891          -            404   1.1e-08   31.5   5.1   2   3     0.018      0.72    5.8   0.1     3    37   103   137   101   153 0.85 -
C0000000016_ptg000016l:181896-182717   -            274 10099at4891          -            404   1.1e-08   31.5   5.1   3   3     0.011      0.46    6.4   0.0    64   122   207   264   201   273 0.75 -
C0000000003_ptg000003l:856309-857265   -            319 10099at4891          -            404   2.7e-08   30.2   0.4   1   2   3.8e-06   0.00016   17.8   0.2    15    78    51   112    40   117 0.78 -
C0000000003_ptg000003l:856309-857265   -            319 10099at4891          -            404   2.7e-08   30.2   0.4   2   2   0.00065     0.027   10.5   0.0    47    86   187   229   158   248 0.80 -
C0000000004_ptg000004l:113013-114467   -            485 10099at4891          -            404   4.5e-08   29.5   7.5   1   3      0.12         5    3.0   0.1    18    35   134   151   117   160 0.72 -
C0000000004_ptg000004l:113013-114467   -            485 10099at4891          -            404   4.5e-08   29.5   7.5   2   3   6.4e-06   0.00026   17.1   0.3     7   123   221   336   215   345 0.75 -
C0000000004_ptg000004l:113013-114467   -            485 10099at4891          -            404   4.5e-08   29.5   7.5   3   3   0.00029     0.012   11.7   0.1     7    35   350   378   344   390 0.84 -
C0000000002_ptg000002l:370765-372369   -            535 10099at4891          -            404   5.1e-08   29.3   4.1   1   3   0.00019    0.0076   12.3   0.5     4    80   219   290   216   304 0.88 -
C0000000002_ptg000002l:370765-372369   -            535 10099at4891          -            404   5.1e-08   29.3   4.1   2   3   5.6e-06   0.00023   17.3   0.1     4    83   358   432   349   474 0.76 -
C0000000002_ptg000002l:370765-372369   -            535 10099at4891          -            404   5.1e-08   29.3   4.1   3   3       4.5   1.8e+02   -2.2   0.0   144   253   506   523   495   534 0.56 -
C0000000007_ptg000007l:345809-348142   -            778 10099at4891          -            404   6.7e-08   28.9   0.9   1   3   1.1e-06   4.4e-05   19.6   0.0     3    77   406   485   404   490 0.80 -
C0000000007_ptg000007l:345809-348142   -            778 10099at4891          -            404   6.7e-08   28.9   0.9   2   3       1.4        56   -0.5   0.0   215   258   541   587   535   610 0.68 -
C0000000007_ptg000007l:345809-348142   -            778 10099at4891          -            404   6.7e-08   28.9   0.9   3   3     0.015      0.59    6.1   0.0    59   122   659   724   634   776 0.78 -
C0000000005_ptg000005l:1394636-1398445 -           1270 10099at4891          -            404   3.6e-07   26.5   1.9   1   3     0.003      0.12    8.3   0.3   143   225    61   141    43   200 0.60 -
C0000000005_ptg000005l:1394636-1398445 -           1270 10099at4891          -            404   3.6e-07   26.5   1.9   2   3   1.3e-05   0.00051   16.1   0.0    20   120   227   329   208   358 0.79 -
C0000000005_ptg000005l:1394636-1398445 -           1270 10099at4891          -            404   3.6e-07   26.5   1.9   3   3       2.8   1.1e+02   -1.5   0.0    18    34   634   650   628   659 0.86 -
C0000000017_ptg000017l:268705-269682   -            326 10099at4891          -            404     5e-07   26.1   0.0   1   2   0.00013    0.0054   12.8   0.0     4   125    23   143    20   165 0.81 -
C0000000017_ptg000017l:268705-269682   -            326 10099at4891          -            404     5e-07   26.1   0.0   2   2   0.00053     0.022   10.8   0.0    11   121   204   324   199   326 0.72 -
C0000000003_ptg000003l:737369-740404   -           1012 10099at4891          -            404   5.1e-07   26.0   5.9   1   3   2.6e-08   1.1e-06   25.0   1.2     4    81   178   251   175   275 0.86 -
C0000000003_ptg000003l:737369-740404   -           1012 10099at4891          -            404   5.1e-07   26.0   5.9   2   3      0.23       9.3    2.1   0.0    63   127   779   802   710   818 0.63 -
C0000000003_ptg000003l:737369-740404   -           1012 10099at4891          -            404   5.1e-07   26.0   5.9   3   3       8.5   3.4e+02   -3.1   0.0     8    47   939   978   934   992 0.67 -
C0000000011_ptg000011l:738372-739637   -            422 10099at4891          -            404   6.1e-07   25.8   5.1   1   4   1.4e-05   0.00055   16.0   0.1    47   126    88   168    72   198 0.80 -
C0000000011_ptg000011l:738372-739637   -            422 10099at4891          -            404   6.1e-07   25.8   5.1   2   4         1        41   -0.0   0.0   209   262   244   296   235   308 0.55 -
C0000000011_ptg000011l:738372-739637   -            422 10099at4891          -            404   6.1e-07   25.8   5.1   3   4       2.4        96   -1.2   0.0     8    33   352   377   348   384 0.75 -
C0000000011_ptg000011l:738372-739637   -            422 10099at4891          -            404   6.1e-07   25.8   5.1   4   4    0.0044      0.18    7.8   0.1     2    33   388   419   387   421 0.94 -
C0000000008_ptg000008l:611274-611873   -            200 10099at4891          -            404   7.5e-07   25.5   0.1   1   1   3.6e-08   1.5e-06   24.5   0.1     3    89     2    85     1    96 0.87 -
C0000000007_ptg000007l:443065-443637   -            191 10099at4891          -            404   9.5e-07   25.1   0.4   1   1   2.9e-08   1.2e-06   24.8   0.4    50   131     7    88     2   149 0.88 -
C0000000013_ptg000013l:519519-521471   -            651 10099at4891          -            404   1.7e-06   24.3   2.0   1   3   1.1e-06   4.5e-05   19.6   0.6     4   124    80   214    77   219 0.78 -
C0000000013_ptg000013l:519519-521471   -            651 10099at4891          -            404   1.7e-06   24.3   2.0   2   3   0.00016    0.0065   12.5   0.0     3    39   180   216   178   264 0.68 -
C0000000013_ptg000013l:519519-521471   -            651 10099at4891          -            404   1.7e-06   24.3   2.0   3   3       4.4   1.8e+02   -2.1   0.0   250   298   289   338   273   361 0.74 -
C0000000008_ptg000008l:609668-610297   -            210 10099at4891          -            404   2.3e-06   23.9   4.1   1   3   3.8e-05    0.0015   14.6   0.1     4   103     7   102     4   104 0.77 -
C0000000008_ptg000008l:609668-610297   -            210 10099at4891          -            404   2.3e-06   23.9   4.1   2   3    0.0021     0.084    8.8   0.2   205   254   104   153   100   169 0.80 -
C0000000008_ptg000008l:609668-610297   -            210 10099at4891          -            404   2.3e-06   23.9   4.1   3   3      0.67        27    0.6   0.0     4    33   178   207   175   209 0.86 -
C0000000003_ptg000003l:135792-137510   -            573 10099at4891          -            404   2.4e-06   23.8   0.0   1   2   2.9e-07   1.2e-05   21.5   0.0   207   267   250   311   238   351 0.86 -
C0000000003_ptg000003l:135792-137510   -            573 10099at4891          -            404   2.4e-06   23.8   0.0   2   2       2.5     1e+02   -1.3   0.0   209   229   414   434   399   444 0.62 -
C0000000013_ptg000013l:468770-471571   -            934 10099at4891          -            404   8.2e-06   22.1   2.1   1   3       1.3        55   -0.4   0.0    16    41   119   144   111   147 0.84 -
C0000000013_ptg000013l:468770-471571   -            934 10099at4891          -            404   8.2e-06   22.1   2.1   2   3    0.0084      0.34    6.8   0.0     4   113   454   559   452   567 0.72 -
C0000000013_ptg000013l:468770-471571   -            934 10099at4891          -            404   8.2e-06   22.1   2.1   3   3      0.33        14    1.6   0.0     7    38   623   655   620   667 0.76 -
C0000000008_ptg000008l:850268-852322   -            685 10099at4891          -            404   9.3e-06   21.9   0.0   1   2   6.8e-07   2.8e-05   20.3   0.0    10   128     2   121     1   135 0.81 -
C0000000008_ptg000008l:850268-852322   -            685 10099at4891          -            404   9.3e-06   21.9   0.0   2   2       7.8   3.2e+02   -2.9   0.0   150   166   331   347   328   352 0.76 -
C0000000006_ptg000006l:551155-551790   -            212 10099at4891          -            404     3e-05   20.2   0.2   1   2     0.018      0.72    5.8   0.0     4    35     1    30     1    38 0.77 -
C0000000006_ptg000006l:551155-551790   -            212 10099at4891          -            404     3e-05   20.2   0.2   2   2   0.00013    0.0055   12.7   0.0    20    91    79   144    71   195 0.61 -
C0000000007_ptg000007l:511519-513051   -            511 10099at4891          -            404   4.2e-05   19.7   3.1   1   3    0.0013     0.052    9.5   0.6    35    87   303   358   278   390 0.67 -
C0000000007_ptg000007l:511519-513051   -            511 10099at4891          -            404   4.2e-05   19.7   3.1   2   3       2.1        84   -1.0   0.1     5    33   366   395   360   400 0.70 -
C0000000007_ptg000007l:511519-513051   -            511 10099at4891          -            404   4.2e-05   19.7   3.1   3   3    0.0013     0.051    9.5   0.0     3    43   415   456   413   492 0.81 -
C0000000008_ptg000008l:955426-957003   -            526 10099at4891          -            404   4.7e-05   19.6   0.7   1   3     0.059       2.4    4.1   0.0     6    52    26    73    21    88 0.73 -
C0000000008_ptg000008l:955426-957003   -            526 10099at4891          -            404   4.7e-05   19.6   0.7   2   3      0.12       4.9    3.0   0.1   276   345   104   173    89   189 0.79 -
C0000000008_ptg000008l:955426-957003   -            526 10099at4891          -            404   4.7e-05   19.6   0.7   3   3    0.0032      0.13    8.2   0.0     5    39   292   325   288   377 0.83 -
C0000000002_ptg000002l:208636-209430   -            265 10099at4891          -            404   7.3e-05   18.9   5.1   1   3     0.013      0.51    6.3   0.1   199   262    60   130    49   151 0.69 -
C0000000002_ptg000002l:208636-209430   -            265 10099at4891          -            404   7.3e-05   18.9   5.1   2   3       0.1       4.2    3.3   0.0   189   249   148   206   136   209 0.79 -
C0000000002_ptg000002l:208636-209430   -            265 10099at4891          -            404   7.3e-05   18.9   5.1   3   3   0.00019    0.0077   12.3   1.9   182   254   185   255   160   265 0.61 -
C0000000011_ptg000011l:828275-829651   -            459 10099at4891          -            404   0.00011   18.3   6.3   1   4     0.002     0.083    8.9   0.1    18    84   116   176   102   185 0.58 -
C0000000011_ptg000011l:828275-829651   -            459 10099at4891          -            404   0.00011   18.3   6.3   2   4    0.0015      0.06    9.3   0.0     3    53   142   191   140   211 0.72 -
C0000000011_ptg000011l:828275-829651   -            459 10099at4891          -            404   0.00011   18.3   6.3   3   4      0.62        25    0.7   0.1    87   118   282   314   204   323 0.62 -
C0000000011_ptg000011l:828275-829651   -            459 10099at4891          -            404   0.00011   18.3   6.3   4   4     0.003      0.12    8.3   0.2     4    78   374   452   363   456 0.70 -
C0000000002_ptg000002l:127651-128790   -            380 10099at4891          -            404   0.00013   18.1   0.3   1   4      0.55        23    0.8   0.0     2    34    56    87    55    95 0.83 -
C0000000002_ptg000002l:127651-128790   -            380 10099at4891          -            404   0.00013   18.1   0.3   2   4    0.0002    0.0083   12.2   0.0     5    80   103   178    99   189 0.83 -
C0000000002_ptg000002l:127651-128790   -            380 10099at4891          -            404   0.00013   18.1   0.3   3   4       1.6        64   -0.6   0.0   238   267   212   241   200   250 0.85 -
C0000000002_ptg000002l:127651-128790   -            380 10099at4891          -            404   0.00013   18.1   0.3   4   4       5.3   2.2e+02   -2.4   0.0    49    78   345   378   343   379 0.57 -
C0000000005_ptg000005l:1002954-1003748 -            265 10099at4891          -            404   0.00015   17.9   0.3   1   3     0.011      0.46    6.4   0.1     7    36     4    34     1    68 0.64 -
C0000000005_ptg000005l:1002954-1003748 -            265 10099at4891          -            404   0.00015   17.9   0.3   2   3       7.2   2.9e+02   -2.8   0.0   195   221    99   123    91   130 0.75 -
C0000000005_ptg000005l:1002954-1003748 -            265 10099at4891          -            404   0.00015   17.9   0.3   3   3    0.0018     0.072    9.1   0.0    45    79   160   194   142   203 0.79 -
C0000000014_ptg000014l:606876-607679   -            268 10099at4891          -            404   0.00019   17.6   0.9   1   2     0.012       0.5    6.3   0.4    48   161    44   161     1   169 0.64 -
C0000000014_ptg000014l:606876-607679   -            268 10099at4891          -            404   0.00019   17.6   0.9   2   2    0.0028      0.12    8.4   0.0     2    35   185   218   184   228 0.92 -
C0000000003_ptg000003l:627008-629695   -            896 10099at4891          -            404   0.00028   17.0   6.9   1   4       1.8        73   -0.8   0.1   249   306    41    99    31   114 0.82 -
C0000000003_ptg000003l:627008-629695   -            896 10099at4891          -            404   0.00028   17.0   6.9   2   4   0.00013    0.0053   12.8   0.0     3    42   295   334   293   344 0.91 -
C0000000003_ptg000003l:627008-629695   -            896 10099at4891          -            404   0.00028   17.0   6.9   3   4         1        42   -0.0   0.1    20    48   520   548   489   555 0.71 -
C0000000003_ptg000003l:627008-629695   -            896 10099at4891          -            404   0.00028   17.0   6.9   4   4     0.036       1.5    4.7   0.3   241   291   612   659   537   682 0.68 -
C0000000010_ptg000010l:294377-296545   -            723 10099at4891          -            404   0.00031   16.9   0.1   1   2   0.00012    0.0049   12.9   0.0     8    80   306   379   299   393 0.79 -
C0000000010_ptg000010l:294377-296545   -            723 10099at4891          -            404   0.00031   16.9   0.1   2   2      0.75        31    0.4   0.1    19    34   652   667   635   722 0.53 -
C0000000007_ptg000007l:426109-427647   -            513 10099at4891          -            404   0.00034   16.7   0.2   1   1   7.2e-05    0.0029   13.6   0.0   103   263   136   284   122   293 0.80 -
C0000000009_ptg000009l:374554-375648   -            365 10099at4891          -            404   0.00066   15.8   1.6   1   4     0.015      0.62    6.0   0.1   229   266    29    67     9    81 0.79 -
C0000000009_ptg000009l:374554-375648   -            365 10099at4891          -            404   0.00066   15.8   1.6   2   4      0.26        11    1.9   0.0     6    29    81   104    75   115 0.81 -
C0000000009_ptg000009l:374554-375648   -            365 10099at4891          -            404   0.00066   15.8   1.6   3   4     0.023      0.96    5.4   0.2   187   229   117   161    86   192 0.74 -
C0000000009_ptg000009l:374554-375648   -            365 10099at4891          -            404   0.00066   15.8   1.6   4   4       4.1   1.7e+02   -2.0   0.0    57   224   275   300   270   331 0.47 -
C0000000006_ptg000006l:445926-447674   -            583 10099at4891          -            404    0.0012   15.0   0.0   1   3     0.042       1.7    4.5   0.0    92   126   237   271   225   328 0.71 -
C0000000006_ptg000006l:445926-447674   -            583 10099at4891          -            404    0.0012   15.0   0.0   2   3      0.39        16    1.3   0.0   233   255   501   523   480   533 0.65 -
C0000000006_ptg000006l:445926-447674   -            583 10099at4891          -            404    0.0012   15.0   0.0   3   3     0.035       1.4    4.8   0.0     6    34   552   580   548   583 0.90 -
C0000000017_ptg000017l:164206-165084   -            293 10099at4891          -            404    0.0014   14.7   0.3   1   2     0.064       2.6    3.9   0.1     4    79    75   102    10   115 0.48 -
C0000000017_ptg000017l:164206-165084   -            293 10099at4891          -            404    0.0014   14.7   0.3   2   2    0.0084      0.34    6.8   0.0   207   274   153   217   136   252 0.64 -
C0000000011_ptg000011l:380611-381618   -            336 10099at4891          -            404    0.0019   14.2   0.2   1   3     0.036       1.5    4.8   0.1   231   268     5    42     1    56 0.84 -
C0000000011_ptg000011l:380611-381618   -            336 10099at4891          -            404    0.0019   14.2   0.2   2   3       1.8        74   -0.9   0.0   237   268   193   225   186   232 0.81 -
C0000000011_ptg000011l:380611-381618   -            336 10099at4891          -            404    0.0019   14.2   0.2   3   3     0.016      0.66    5.9   0.0     8    38   253   283   246   317 0.66 -
C0000000014_ptg000014l:208254-209417   -            388 10099at4891          -            404    0.0045   13.0   0.4   1   3       3.8   1.5e+02   -1.9   0.0    82   138    48   104    38   108 0.76 -
C0000000014_ptg000014l:208254-209417   -            388 10099at4891          -            404    0.0045   13.0   0.4   2   3    0.0021     0.087    8.8   0.0     2    40   144   183   143   201 0.85 -
C0000000014_ptg000014l:208254-209417   -            388 10099at4891          -            404    0.0045   13.0   0.4   3   3      0.39        16    1.4   0.0    54   222   294   321   275   335 0.59 -
C0000000016_ptg000016l:66613-67905     -            431 10099at4891          -            404     0.006   12.6   0.0   1   3      0.74        30    0.4   0.0     3    78    63   136    61   156 0.61 -
C0000000016_ptg000016l:66613-67905     -            431 10099at4891          -            404     0.006   12.6   0.0   2   3     0.022      0.91    5.4   0.0    66    98   221   252   211   255 0.85 -
C0000000016_ptg000016l:66613-67905     -            431 10099at4891          -            404     0.006   12.6   0.0   3   3      0.17       6.9    2.5   0.1    51   110   311   369   309   387 0.79 -
C0000000017_ptg000017l:458260-458820   -            187 10099at4891          -            404    0.0061   12.6   0.0   1   1   0.00021    0.0087   12.1   0.0    50   131     1    82     1    99 0.85 -
C0000000013_ptg000013l:423210-427205   -           1332 10099at4891          -            404    0.0072   12.4   0.3   1   2     0.045       1.8    4.4   0.1    51    90   125   164   118   173 0.90 -
C0000000013_ptg000013l:423210-427205   -           1332 10099at4891          -            404    0.0072   12.4   0.3   2   2     0.023      0.93    5.4   0.0    13   121   293   407   281   417 0.76 -
C0000000003_ptg000003l:566987-568927   -            647 10099at4891          -            404     0.015   11.3   0.5   1   2    0.0033      0.14    8.2   0.4   289   360   268   339   258   367 0.86 -
C0000000003_ptg000003l:566987-568927   -            647 10099at4891          -            404     0.015   11.3   0.5   2   2      0.63        26    0.7   0.0   131   183   474   527   468   544 0.78 -
C0000000014_ptg000014l:480272-481933   -            554 10099at4891          -            404     0.017   11.1   1.6   1   2    0.0073       0.3    7.0   0.2    13   223   147   169   136   236 0.57 -
C0000000014_ptg000014l:480272-481933   -            554 10099at4891          -            404     0.017   11.1   1.6   2   2      0.28        11    1.8   0.1   229   276   337   384   321   392 0.88 -
#
# Program:         hmmsearch
# Version:         3.1b2 (February 2015)
# Pipeline mode:   SEARCH
# Query file:      /home/deepseq/tool/BUSCO_v5/saccharomycetes_odb10/hmms/10099at4891.hmm
# Target file:     /var/www/gvolante/request/project/202302230949-GVF6W5EPF13MH478/202302230949-GVF6W5EPF13MH478_busco/run_saccharomycetes_odb10/metaeuk_output/initial_results/SRR13577846.fa.ca.modified.fas
# Option settings: hmmsearch --domtblout /var/www/gvolante/request/project/202302230949-GVF6W5EPF13MH478/202302230949-GVF6W5EPF13MH478_busco/run_saccharomycetes_odb10/hmmer_output/initial_run_results/10099at4891.out --cpu 1 /home/deepseq/tool/BUSCO_v5/saccharomycetes_odb10/hmms/10099at4891.hmm /var/www/gvolante/request/project/202302230949-GVF6W5EPF13MH478/202302230949-GVF6W5EPF13MH478_busco/run_saccharomycetes_odb10/metaeuk_output/initial_results/SRR13577846.fa.ca.modified.fas 
# Current dir:     /var/www/gvolante/request/project/202302230949-GVF6W5EPF13MH478
# Date:            Thu Feb 23 09:51:03 2023
# [ok]
