#                                                                                              --- full sequence --- -------------- this domain -------------   hmm coord   ali coord   env coord
# target name                          accession   tlen query name           accession   qlen   E-value  score  bias   #  of  c-Evalue  i-Evalue  score  bias  from    to  from    to  from    to  acc description of target
#                  ------------------- ---------- ----- -------------------- ---------- ----- --------- ------ ----- --- --- --------- --------- ------ ----- ----- ----- ----- ----- ----- ----- ---- ---------------------
C0000000011_ptg000011l:555805-559488   -           1228 1038at4891           -            690    1e-203  675.7  41.3   1   7   1.5e-05    0.0024   13.4   0.0    29    98   183   278   178   332 0.61 -
C0000000011_ptg000011l:555805-559488   -           1228 1038at4891           -            690    1e-203  675.7  41.3   2   7      0.28        47   -0.7   0.0    88   110   322   344   311   350 0.82 -
C0000000011_ptg000011l:555805-559488   -           1228 1038at4891           -            690    1e-203  675.7  41.3   3   7   1.5e-05    0.0025   13.4   0.7   109   185   404   502   398   511 0.67 -
C0000000011_ptg000011l:555805-559488   -           1228 1038at4891           -            690    1e-203  675.7  41.3   4   7     2e-17   3.3e-15   52.7   0.4   164   245   507   603   500   608 0.83 -
C0000000011_ptg000011l:555805-559488   -           1228 1038at4891           -            690    1e-203  675.7  41.3   5   7      0.33        55   -1.0   0.0   189   219   613   643   608   647 0.87 -
C0000000011_ptg000011l:555805-559488   -           1228 1038at4891           -            690    1e-203  675.7  41.3   6   7     6e-60   9.9e-58  193.2   0.5   254   391   645   801   617   817 0.90 -
C0000000011_ptg000011l:555805-559488   -           1228 1038at4891           -            690    1e-203  675.7  41.3   7   7  1.2e-124  2.1e-122  407.0  18.0   390   689   874  1226   863  1227 0.83 -
C0000000001_ptg000001l:104610-106088   -            493 1038at4891           -            690   2.6e-24   82.7   6.8   1   2   5.3e-16   8.8e-14   48.0   0.3   288   371    94   176    73   216 0.80 -
C0000000001_ptg000001l:104610-106088   -            493 1038at4891           -            690   2.6e-24   82.7   6.8   2   2   6.9e-13   1.1e-10   37.7   1.4   491   662   295   473   287   487 0.78 -
C0000000007_ptg000007l:852843-856505   -           1221 1038at4891           -            690   6.7e-18   61.6  22.6   1   4   1.7e-09   2.9e-07   26.4   0.5   296   327   195   226   180   230 0.88 -
C0000000007_ptg000007l:852843-856505   -           1221 1038at4891           -            690   6.7e-18   61.6  22.6   2   4   0.00031     0.051    9.1   4.7   409   538   274   422   246   425 0.75 -
C0000000007_ptg000007l:852843-856505   -           1221 1038at4891           -            690   6.7e-18   61.6  22.6   3   4   1.6e-11   2.6e-09   33.2   0.7   601   662   423   487   419   496 0.90 -
C0000000007_ptg000007l:852843-856505   -           1221 1038at4891           -            690   6.7e-18   61.6  22.6   4   4    0.0089       1.5    4.2   0.1   649   684   497   532   494   537 0.90 -
C0000000005_ptg000005l:1260873-1263020 -            716 1038at4891           -            690   1.1e-14   50.9   1.1   1   4   4.7e-05    0.0077   11.8   0.1   296   315    67    86    25   110 0.79 -
C0000000005_ptg000005l:1260873-1263020 -            716 1038at4891           -            690   1.1e-14   50.9   1.1   2   4      0.12        19    0.6   0.0   387   434   187   236   168   240 0.77 -
C0000000005_ptg000005l:1260873-1263020 -            716 1038at4891           -            690   1.1e-14   50.9   1.1   3   4     8e-05     0.013   11.0   0.0   488   531   425   468   410   506 0.84 -
C0000000005_ptg000005l:1260873-1263020 -            716 1038at4891           -            690   1.1e-14   50.9   1.1   4   4   2.3e-08   3.8e-06   22.7   0.1   615   662   645   693   619   696 0.91 -
C0000000016_ptg000016l:395231-396610   -            460 1038at4891           -            690   4.8e-13   45.5   4.5   1   4   1.8e-11     3e-09   33.0   0.1   297   422     2   127     1   143 0.76 -
C0000000016_ptg000016l:395231-396610   -            460 1038at4891           -            690   4.8e-13   45.5   4.5   2   4      0.44        73   -1.4   0.0   223   266   185   227   178   230 0.84 -
C0000000016_ptg000016l:395231-396610   -            460 1038at4891           -            690   4.8e-13   45.5   4.5   3   4   0.00081      0.13    7.7   0.1   485   515   339   369   330   380 0.79 -
C0000000016_ptg000016l:395231-396610   -            460 1038at4891           -            690   4.8e-13   45.5   4.5   4   4    0.0087       1.4    4.3   0.1   611   636   384   409   378   437 0.85 -
C0000000007_ptg000007l:695023-696426   -            468 1038at4891           -            690   1.7e-12   43.7   2.6   1   3    0.0022      0.36    6.2   0.0   296   313   133   150   109   162 0.84 -
C0000000007_ptg000007l:695023-696426   -            468 1038at4891           -            690   1.7e-12   43.7   2.6   2   3   4.8e-05     0.008   11.7   0.4   428   544   261   398   219   407 0.72 -
C0000000007_ptg000007l:695023-696426   -            468 1038at4891           -            690   1.7e-12   43.7   2.6   3   3     9e-09   1.5e-06   24.0   0.1   614   662   404   454   395   458 0.88 -
C0000000009_ptg000009l:357798-358565   -            256 1038at4891           -            690   1.2e-11   40.9   3.5   1   2   3.3e-05    0.0054   12.3   0.4   430   525    57   175    37   179 0.70 -
C0000000009_ptg000009l:357798-358565   -            256 1038at4891           -            690   1.2e-11   40.9   3.5   2   2   2.6e-10   4.2e-08   29.2   0.1   602   676   177   256   171   256 0.86 -
C0000000006_ptg000006l:685608-689006   -           1133 1038at4891           -            690   1.3e-10   37.5   4.5   1   2     2e-08   3.4e-06   22.9   0.4   295   326   264   295   243   300 0.88 -
C0000000006_ptg000006l:685608-689006   -           1133 1038at4891           -            690   1.3e-10   37.5   4.5   2   2   3.1e-06   0.00051   15.7   0.4   585   659   920   998   889  1017 0.79 -
C0000000002_ptg000002l:712914-713804   -            297 1038at4891           -            690   5.8e-10   35.3   0.3   1   2   0.00042      0.07    8.6   0.1   436   526   104   217    78   222 0.67 -
C0000000002_ptg000002l:712914-713804   -            297 1038at4891           -            690   5.8e-10   35.3   0.3   2   2     9e-09   1.5e-06   24.1   0.0   615   676   231   297   218   297 0.83 -
C0000000002_ptg000002l:462208-464547   -            780 1038at4891           -            690   1.5e-09   34.0   0.4   1   2   3.7e-06   0.00062   15.4   0.1   290   313   316   339   280   342 0.89 -
C0000000002_ptg000002l:462208-464547   -            780 1038at4891           -            690   1.5e-09   34.0   0.4   2   2   1.8e-06    0.0003   16.4   0.0   610   659   712   767   682   773 0.76 -
C0000000014_ptg000014l:486212-487318   -            369 1038at4891           -            690   5.4e-07   25.5   0.3   1   2     0.041       6.8    2.0   0.0   298   325     2    29     1    38 0.86 -
C0000000014_ptg000014l:486212-487318   -            369 1038at4891           -            690   5.4e-07   25.5   0.3   2   2   5.6e-08   9.2e-06   21.4   0.0   616   662   311   360   256   369 0.92 -
C0000000017_ptg000017l:39502-40728     -            409 1038at4891           -            690   1.4e-06   24.1   7.8   1   3   3.6e-08     6e-06   22.1   0.8   297   374     2    75     1    95 0.88 -
C0000000017_ptg000017l:39502-40728     -            409 1038at4891           -            690   1.4e-06   24.1   7.8   2   3    0.0046      0.76    5.2   0.1   487   516   287   316   279   329 0.80 -
C0000000017_ptg000017l:39502-40728     -            409 1038at4891           -            690   1.4e-06   24.1   7.8   3   3      0.22        36   -0.3   0.2   611   636   330   355   324   396 0.87 -
C0000000009_ptg000009l:464449-465903   -            485 1038at4891           -            690   0.00019   17.1  14.3   1   4   0.00026     0.043    9.3   0.1   278   332    15    71     7    83 0.78 -
C0000000009_ptg000009l:464449-465903   -            485 1038at4891           -            690   0.00019   17.1  14.3   2   4      0.69   1.1e+02   -2.0   0.2   157   157   164   164    85   206 0.51 -
C0000000009_ptg000009l:464449-465903   -            485 1038at4891           -            690   0.00019   17.1  14.3   3   4    0.0037      0.62    5.5   0.1   483   509   337   363   330   376 0.89 -
C0000000009_ptg000009l:464449-465903   -            485 1038at4891           -            690   0.00019   17.1  14.3   4   4   0.00011     0.018   10.5   1.3   606   676   408   484   374   485 0.77 -
C0000000009_ptg000009l:452572-453708   -            379 1038at4891           -            690   0.00082   15.0   1.4   1   4     5e-06   0.00082   15.0   1.4   297   315    24    42    11    55 0.85 -
C0000000009_ptg000009l:452572-453708   -            379 1038at4891           -            690   0.00082   15.0   1.4   2   4       1.5   2.4e+02   -3.1   0.2   548   599   143   195   139   212 0.63 -
C0000000009_ptg000009l:452572-453708   -            379 1038at4891           -            690   0.00082   15.0   1.4   3   4      0.84   1.4e+02   -2.3   0.2   487   508   255   276   250   287 0.79 -
C0000000009_ptg000009l:452572-453708   -            379 1038at4891           -            690   0.00082   15.0   1.4   4   4     0.024         4    2.8   0.6   616   641   321   346   309   361 0.87 -
C0000000005_ptg000005l:932994-934088   -            365 1038at4891           -            690   0.00092   14.8   6.5   1   3   2.4e-05     0.004   12.7   0.1   297   323     7    33     3    79 0.82 -
C0000000005_ptg000005l:932994-934088   -            365 1038at4891           -            690   0.00092   14.8   6.5   2   3      0.97   1.6e+02   -2.5   0.1   487   506   238   257   233   261 0.86 -
C0000000005_ptg000005l:932994-934088   -            365 1038at4891           -            690   0.00092   14.8   6.5   3   3    0.0048      0.79    5.1   0.5   616   643   307   334   302   358 0.79 -
C0000000003_ptg000003l:520158-521234   -            359 1038at4891           -            690    0.0016   14.1   2.7   1   3      0.48        79   -1.5   0.0   298   313     1    16     1    29 0.88 -
C0000000003_ptg000003l:520158-521234   -            359 1038at4891           -            690    0.0016   14.1   2.7   2   3    0.0022      0.37    6.2   0.0   484   547   274   335   267   337 0.85 -
C0000000003_ptg000003l:520158-521234   -            359 1038at4891           -            690    0.0016   14.1   2.7   3   3   0.00038     0.063    8.8   0.1   610   638   330   358   325   359 0.91 -
#
# Program:         hmmsearch
# Version:         3.1b2 (February 2015)
# Pipeline mode:   SEARCH
# Query file:      /home/deepseq/tool/BUSCO_v5/saccharomycetes_odb10/hmms/1038at4891.hmm
# Target file:     /var/www/gvolante/request/project/202302230949-GVF6W5EPF13MH478/202302230949-GVF6W5EPF13MH478_busco/run_saccharomycetes_odb10/metaeuk_output/initial_results/SRR13577846.fa.ca.modified.fas
# Option settings: hmmsearch --domtblout /var/www/gvolante/request/project/202302230949-GVF6W5EPF13MH478/202302230949-GVF6W5EPF13MH478_busco/run_saccharomycetes_odb10/hmmer_output/initial_run_results/1038at4891.out --cpu 1 /home/deepseq/tool/BUSCO_v5/saccharomycetes_odb10/hmms/1038at4891.hmm /var/www/gvolante/request/project/202302230949-GVF6W5EPF13MH478/202302230949-GVF6W5EPF13MH478_busco/run_saccharomycetes_odb10/metaeuk_output/initial_results/SRR13577846.fa.ca.modified.fas 
# Current dir:     /var/www/gvolante/request/project/202302230949-GVF6W5EPF13MH478
# Date:            Thu Feb 23 09:51:06 2023
# [ok]
