#                                                                                            --- full sequence --- -------------- this domain -------------   hmm coord   ali coord   env coord
# target name                        accession   tlen query name           accession   qlen   E-value  score  bias   #  of  c-Evalue  i-Evalue  score  bias  from    to  from    to  from    to  acc description of target
#                ------------------- ---------- ----- -------------------- ---------- ----- --------- ------ ----- --- --- --------- --------- ------ ----- ----- ----- ----- ----- ----- ----- ---- ---------------------
C0000000005_ptg000005l:356934-358373 -            480 11232at4891          -            269  3.1e-107  355.3   6.5   1   3   6.9e-65   6.1e-62  206.8   0.0     1   160     1   196     1   201 0.87 -
C0000000005_ptg000005l:356934-358373 -            480 11232at4891          -            269  3.1e-107  355.3   6.5   2   3   1.4e-29   1.2e-26   91.1   1.9   158   226   259   331   249   354 0.81 -
C0000000005_ptg000005l:356934-358373 -            480 11232at4891          -            269  3.1e-107  355.3   6.5   3   3   4.7e-19   4.2e-16   56.5   0.0   227   263   407   443   399   448 0.92 -
C0000000005_ptg000005l:614296-615321 -            342 11232at4891          -            269   3.9e-33  112.4   1.3   1   3   3.6e-12   3.2e-09   34.0   0.3    39    92     1    64     1   167 0.71 -
C0000000005_ptg000005l:614296-615321 -            342 11232at4891          -            269   3.9e-33  112.4   1.3   2   3   4.6e-15   4.1e-12   43.5   0.0   161   209   188   236   175   249 0.90 -
C0000000005_ptg000005l:614296-615321 -            342 11232at4891          -            269   3.9e-33  112.4   1.3   3   3   9.7e-10   8.6e-07   26.0   0.0   228   262   289   323   281   327 0.93 -
C0000000013_ptg000013l:122327-123382 -            352 11232at4891          -            269   1.9e-32  110.1   2.8   1   3   1.1e-10   9.4e-08   29.2   0.2    38   100     7    73     5   108 0.70 -
C0000000013_ptg000013l:122327-123382 -            352 11232at4891          -            269   1.9e-32  110.1   2.8   2   3   4.1e-15   3.7e-12   43.6   0.1   146   211   167   250   116   273 0.74 -
C0000000013_ptg000013l:122327-123382 -            352 11232at4891          -            269   1.9e-32  110.1   2.8   3   3   1.4e-11   1.2e-08   32.1   0.0   228   263   299   334   291   337 0.92 -
#
# Program:         hmmsearch
# Version:         3.1b2 (February 2015)
# Pipeline mode:   SEARCH
# Query file:      /home/deepseq/tool/BUSCO_v5/saccharomycetes_odb10/hmms/11232at4891.hmm
# Target file:     /var/www/gvolante/request/project/202302230949-GVF6W5EPF13MH478/202302230949-GVF6W5EPF13MH478_busco/run_saccharomycetes_odb10/metaeuk_output/initial_results/SRR13577846.fa.ca.modified.fas
# Option settings: hmmsearch --domtblout /var/www/gvolante/request/project/202302230949-GVF6W5EPF13MH478/202302230949-GVF6W5EPF13MH478_busco/run_saccharomycetes_odb10/hmmer_output/initial_run_results/11232at4891.out --cpu 1 /home/deepseq/tool/BUSCO_v5/saccharomycetes_odb10/hmms/11232at4891.hmm /var/www/gvolante/request/project/202302230949-GVF6W5EPF13MH478/202302230949-GVF6W5EPF13MH478_busco/run_saccharomycetes_odb10/metaeuk_output/initial_results/SRR13577846.fa.ca.modified.fas 
# Current dir:     /var/www/gvolante/request/project/202302230949-GVF6W5EPF13MH478
# Date:            Thu Feb 23 09:51:01 2023
# [ok]
