#                                                                                            --- full sequence --- -------------- this domain -------------   hmm coord   ali coord   env coord
# target name                        accession   tlen query name           accession   qlen   E-value  score  bias   #  of  c-Evalue  i-Evalue  score  bias  from    to  from    to  from    to  acc description of target
#                ------------------- ---------- ----- -------------------- ---------- ----- --------- ------ ----- --- --- --------- --------- ------ ----- ----- ----- ----- ----- ----- ----- ---- ---------------------
C0000000001_ptg000001l:19103-20737   -            545 11698at4891          -            318  4.9e-127  420.7  11.3   1   3   2.7e-87   1.8e-84  280.9   6.7     1   166     1   174     1   181 0.95 -
C0000000001_ptg000001l:19103-20737   -            545 11698at4891          -            318  4.9e-127  420.7  11.3   2   3   4.8e-44   3.2e-41  138.8   0.1   165   287   287   437   283   451 0.84 -
C0000000001_ptg000001l:19103-20737   -            545 11698at4891          -            318  4.9e-127  420.7  11.3   3   3     0.024        16    1.8   0.0   291   308   485   502   457   511 0.75 -
C0000000013_ptg000013l:35340-35729   -            130 11698at4891          -            318   0.00062   16.3   0.1   1   1   1.1e-06   0.00075   16.0   0.1     9   107     4   104     2   120 0.77 -
C0000000006_ptg000006l:362102-362665 -            188 11698at4891          -            318    0.0025   14.3   2.7   1   1   4.5e-06     0.003   14.0   2.7    39   124    53   143    21   164 0.73 -
C0000000011_ptg000011l:205515-206789 -            425 11698at4891          -            318    0.0041   13.6   0.1   1   2   2.3e-05     0.015   11.7   0.0   165   199   143   177   130   186 0.88 -
C0000000011_ptg000011l:205515-206789 -            425 11698at4891          -            318    0.0041   13.6   0.1   2   2      0.24   1.6e+02   -1.5   0.0   257   278   365   386   355   397 0.83 -
#
# Program:         hmmsearch
# Version:         3.1b2 (February 2015)
# Pipeline mode:   SEARCH
# Query file:      /home/deepseq/tool/BUSCO_v5/saccharomycetes_odb10/hmms/11698at4891.hmm
# Target file:     /var/www/gvolante/request/project/202302230949-GVF6W5EPF13MH478/202302230949-GVF6W5EPF13MH478_busco/run_saccharomycetes_odb10/metaeuk_output/initial_results/SRR13577846.fa.ca.modified.fas
# Option settings: hmmsearch --domtblout /var/www/gvolante/request/project/202302230949-GVF6W5EPF13MH478/202302230949-GVF6W5EPF13MH478_busco/run_saccharomycetes_odb10/hmmer_output/initial_run_results/11698at4891.out --cpu 1 /home/deepseq/tool/BUSCO_v5/saccharomycetes_odb10/hmms/11698at4891.hmm /var/www/gvolante/request/project/202302230949-GVF6W5EPF13MH478/202302230949-GVF6W5EPF13MH478_busco/run_saccharomycetes_odb10/metaeuk_output/initial_results/SRR13577846.fa.ca.modified.fas 
# Current dir:     /var/www/gvolante/request/project/202302230949-GVF6W5EPF13MH478
# Date:            Thu Feb 23 09:51:02 2023
# [ok]
