#                                                                                            --- full sequence --- -------------- this domain -------------   hmm coord   ali coord   env coord
# target name                        accession   tlen query name           accession   qlen   E-value  score  bias   #  of  c-Evalue  i-Evalue  score  bias  from    to  from    to  from    to  acc description of target
#                ------------------- ---------- ----- -------------------- ---------- ----- --------- ------ ----- --- --- --------- --------- ------ ----- ----- ----- ----- ----- ----- ----- ---- ---------------------
C0000000009_ptg000009l:531066-533027 -            654 11902at4891          -            265   1.1e-65  218.8  13.6   1   4   2.3e-23   3.2e-21   73.0   0.0     1    64    60   127    60   137 0.92 -
C0000000009_ptg000009l:531066-533027 -            654 11902at4891          -            265   1.1e-65  218.8  13.6   2   4   8.1e-32   1.1e-29  100.7   2.1    59   163   155   281   149   300 0.81 -
C0000000009_ptg000009l:531066-533027 -            654 11902at4891          -            265   1.1e-65  218.8  13.6   3   4   4.4e-15   6.2e-13   45.9   0.1   159   226   303   380   292   385 0.86 -
C0000000009_ptg000009l:531066-533027 -            654 11902at4891          -            265   1.1e-65  218.8  13.6   4   4    0.0045      0.62    6.5   0.2   193   230   368   407   367   470 0.68 -
C0000000011_ptg000011l:136587-137540 -            318 11902at4891          -            265   6.9e-10   35.9   0.3   1   2   5.5e-09   7.7e-07   25.9   0.0     1    61     9    68     9    72 0.89 -
C0000000011_ptg000011l:136587-137540 -            318 11902at4891          -            265   6.9e-10   35.9   0.3   2   2    0.0015      0.22    8.0   0.3   127   202   165   241   154   298 0.72 -
C0000000006_ptg000006l:177975-179030 -            352 11902at4891          -            265   4.9e-09   33.1   0.1   1   3   3.7e-09   5.1e-07   26.5   0.0     1   115    26   143    26   157 0.69 -
C0000000006_ptg000006l:177975-179030 -            352 11902at4891          -            265   4.9e-09   33.1   0.1   2   3       1.6   2.3e+02   -1.9   0.0   197   214   165   182   156   219 0.72 -
C0000000006_ptg000006l:177975-179030 -            352 11902at4891          -            265   4.9e-09   33.1   0.1   3   3     0.027       3.8    4.0   0.0   154   246   220   309   210   322 0.70 -
C0000000004_ptg000004l:328702-343431 -           4910 11902at4891          -            265   2.6e-07   27.4   8.2   1   6      0.61        85   -0.5   0.1    32    57   306   331   291   340 0.78 -
C0000000004_ptg000004l:328702-343431 -           4910 11902at4891          -            265   2.6e-07   27.4   8.2   2   6    0.0014       0.2    8.2   0.1    37    63   649   675   633   682 0.86 -
C0000000004_ptg000004l:328702-343431 -           4910 11902at4891          -            265   2.6e-07   27.4   8.2   3   6      0.17        24    1.3   0.0    37    60  1079  1102  1042  1113 0.84 -
C0000000004_ptg000004l:328702-343431 -           4910 11902at4891          -            265   2.6e-07   27.4   8.2   4   6    0.0051      0.71    6.3   0.1    35    62  1362  1389  1345  1398 0.80 -
C0000000004_ptg000004l:328702-343431 -           4910 11902at4891          -            265   2.6e-07   27.4   8.2   5   6      0.18        24    1.3   0.1    26    63  1732  1769  1722  1774 0.83 -
C0000000004_ptg000004l:328702-343431 -           4910 11902at4891          -            265   2.6e-07   27.4   8.2   6   6    0.0024      0.33    7.4   0.0    27    66  2040  2079  2033  2086 0.85 -
C0000000014_ptg000014l:690660-691661 -            334 11902at4891          -            265   3.9e-07   26.9   0.0   1   2   2.3e-08   3.3e-06   23.8   0.0     1    61    14    73    14    86 0.89 -
C0000000014_ptg000014l:690660-691661 -            334 11902at4891          -            265   3.9e-07   26.9   0.0   2   2      0.38        53    0.2   0.0   151   170   194   213    93   217 0.75 -
C0000000005_ptg000005l:890826-892145 -            440 11902at4891          -            265   1.2e-05   22.0   0.0   1   2    0.0013      0.18    8.3   0.0    35    67     2    34     1    67 0.87 -
C0000000005_ptg000005l:890826-892145 -            440 11902at4891          -            265   1.2e-05   22.0   0.0   2   2   0.00015     0.022   11.3   0.0    34    60   276   302   270   310 0.88 -
C0000000013_ptg000013l:171409-174540 -           1044 11902at4891          -            265   3.8e-05   20.3   0.0   1   3       1.8   2.4e+02   -2.0   0.0     7    30   388   409   382   415 0.73 -
C0000000013_ptg000013l:171409-174540 -           1044 11902at4891          -            265   3.8e-05   20.3   0.0   2   3    0.0063      0.88    6.0   0.0    39    59   461   481   451   489 0.87 -
C0000000013_ptg000013l:171409-174540 -           1044 11902at4891          -            265   3.8e-05   20.3   0.0   3   3   0.00025     0.036   10.6   0.0    28    63   689   723   680   735 0.82 -
C0000000009_ptg000009l:224544-226373 -            610 11902at4891          -            265   0.00013   18.6   0.0   1   2    0.0076       1.1    5.8   0.0    39    68   112   141   104   147 0.83 -
C0000000009_ptg000009l:224544-226373 -            610 11902at4891          -            265   0.00013   18.6   0.0   2   2   0.00043     0.059    9.9   0.0    37    64   424   451   412   458 0.86 -
C0000000007_ptg000007l:394595-396796 -            734 11902at4891          -            265   0.00019   18.0   0.0   1   2   0.00084      0.12    8.9   0.0    34    60   169   195   134   203 0.85 -
C0000000007_ptg000007l:394595-396796 -            734 11902at4891          -            265   0.00019   18.0   0.0   2   2    0.0076       1.1    5.8   0.0   154   174   341   361   322   367 0.86 -
C0000000009_ptg000009l:538178-539770 -            531 11902at4891          -            265   0.00024   17.7   0.0   1   1   4.3e-06   0.00059   16.4   0.0    24    66    74   116    61   140 0.84 -
C0000000014_ptg000014l:168492-171623 -           1044 11902at4891          -            265   0.00024   17.7   0.0   1   2     0.026       3.7    4.0   0.0    39    59   461   481   448   489 0.86 -
C0000000014_ptg000014l:168492-171623 -           1044 11902at4891          -            265   0.00024   17.7   0.0   2   2   0.00023     0.032   10.8   0.0    28    63   689   723   680   735 0.82 -
C0000000005_ptg000005l:158933-159484 -            184 11902at4891          -            265   0.00032   17.3   0.0   1   1   3.4e-06   0.00048   16.7   0.0    35    58     3    26     1    33 0.88 -
C0000000002_ptg000002l:218076-218618 -            181 11902at4891          -            265   0.00045   16.8   0.0   1   1   4.9e-06   0.00068   16.2   0.0    32    61     3    32     1    52 0.85 -
C0000000002_ptg000002l:393402-394463 -            354 11902at4891          -            265    0.0005   16.7   0.1   1   3   4.5e-05    0.0063   13.1   0.0     2    58     4    60     3    67 0.83 -
C0000000002_ptg000002l:393402-394463 -            354 11902at4891          -            265    0.0005   16.7   0.1   2   3      0.43        60    0.0   0.0    64   110   123   170   102   175 0.69 -
C0000000002_ptg000002l:393402-394463 -            354 11902at4891          -            265    0.0005   16.7   0.1   3   3       1.6   2.2e+02   -1.9   0.1   150   179   218   247   199   250 0.74 -
C0000000003_ptg000003l:814542-818129 -           1196 11902at4891          -            265    0.0026   14.3   0.2   1   3       3.8   5.3e+02   -3.1   0.0   194   226   134   166   130   180 0.83 -
C0000000003_ptg000003l:814542-818129 -           1196 11902at4891          -            265    0.0026   14.3   0.2   2   3      0.38        53    0.2   0.0    39    57   602   620   590   628 0.86 -
C0000000003_ptg000003l:814542-818129 -           1196 11902at4891          -            265    0.0026   14.3   0.2   3   3   0.00027     0.037   10.5   0.1    34    64   840   869   828   875 0.81 -
C0000000008_ptg000008l:759802-760752 -            317 11902at4891          -            265    0.0028   14.2   0.0   1   1   3.2e-05    0.0045   13.5   0.0    32    58    63    89    55    95 0.85 -
C0000000004_ptg000004l:56160-58643   -            828 11902at4891          -            265    0.0064   13.0   0.6   1   3       8.2   1.1e+03   -4.2   0.0   141   165    83   107    75   111 0.65 -
C0000000004_ptg000004l:56160-58643   -            828 11902at4891          -            265    0.0064   13.0   0.6   2   3    0.0045      0.62    6.5   0.0    36    58   241   263   235   271 0.88 -
C0000000004_ptg000004l:56160-58643   -            828 11902at4891          -            265    0.0064   13.0   0.6   3   3     0.027       3.7    4.0   0.0    37    60   570   593   562   601 0.88 -
C0000000013_ptg000013l:446915-449245 -            777 11902at4891          -            265    0.0092   12.5   0.1   1   2     0.046       6.4    3.2   0.0    35    59   280   304   276   312 0.85 -
C0000000013_ptg000013l:446915-449245 -            777 11902at4891          -            265    0.0092   12.5   0.1   2   2    0.0036       0.5    6.8   0.0    37    57   553   573   546   591 0.89 -
C0000000011_ptg000011l:744762-747344 -            861 11902at4891          -            265     0.015   11.9   0.3   1   2    0.0021       0.3    7.6   0.0     2    58   298   370   297   378 0.70 -
C0000000011_ptg000011l:744762-747344 -            861 11902at4891          -            265     0.015   11.9   0.3   2   2       2.1     3e+02   -2.3   0.1   155   173   507   525   502   539 0.78 -
#
# Program:         hmmsearch
# Version:         3.1b2 (February 2015)
# Pipeline mode:   SEARCH
# Query file:      /home/deepseq/tool/BUSCO_v5/saccharomycetes_odb10/hmms/11902at4891.hmm
# Target file:     /var/www/gvolante/request/project/202302230949-GVF6W5EPF13MH478/202302230949-GVF6W5EPF13MH478_busco/run_saccharomycetes_odb10/metaeuk_output/initial_results/SRR13577846.fa.ca.modified.fas
# Option settings: hmmsearch --domtblout /var/www/gvolante/request/project/202302230949-GVF6W5EPF13MH478/202302230949-GVF6W5EPF13MH478_busco/run_saccharomycetes_odb10/hmmer_output/initial_run_results/11902at4891.out --cpu 1 /home/deepseq/tool/BUSCO_v5/saccharomycetes_odb10/hmms/11902at4891.hmm /var/www/gvolante/request/project/202302230949-GVF6W5EPF13MH478/202302230949-GVF6W5EPF13MH478_busco/run_saccharomycetes_odb10/metaeuk_output/initial_results/SRR13577846.fa.ca.modified.fas 
# Current dir:     /var/www/gvolante/request/project/202302230949-GVF6W5EPF13MH478
# Date:            Thu Feb 23 09:51:04 2023
# [ok]
