#                                                                                            --- full sequence --- -------------- this domain -------------   hmm coord   ali coord   env coord
# target name                        accession   tlen query name           accession   qlen   E-value  score  bias   #  of  c-Evalue  i-Evalue  score  bias  from    to  from    to  from    to  acc description of target
#                ------------------- ---------- ----- -------------------- ---------- ----- --------- ------ ----- --- --- --------- --------- ------ ----- ----- ----- ----- ----- ----- ----- ---- ---------------------
C0000000004_ptg000004l:273792-275765 -            658 11940at4891          -            504  2.3e-207  686.7  41.8   1   4     1e-09   9.1e-07   25.0   0.0     1    29    13    42    13    49 0.88 -
C0000000004_ptg000004l:273792-275765 -            658 11940at4891          -            504  2.3e-207  686.7  41.8   2   4   1.3e-40   1.1e-37  126.9   0.2    28   128    61   176    51   181 0.86 -
C0000000004_ptg000004l:273792-275765 -            658 11940at4891          -            504  2.3e-207  686.7  41.8   3   4   7.2e-07   0.00063   15.6   0.2   121   144   208   235   193   240 0.85 -
C0000000004_ptg000004l:273792-275765 -            658 11940at4891          -            504  2.3e-207  686.7  41.8   4   4  7.2e-162  6.3e-159  526.9  28.6   144   504   261   658   256   658 0.91 -
C0000000005_ptg000005l:854820-856802 -            661 11940at4891          -            504  2.8e-197  653.4  43.8   1   4   1.8e-07   0.00016   17.6   0.0     2    29     8    36     7    42 0.90 -
C0000000005_ptg000005l:854820-856802 -            661 11940at4891          -            504  2.8e-197  653.4  43.8   2   4   5.3e-39   4.7e-36  121.6   0.2    28   123    55   165    48   169 0.87 -
C0000000005_ptg000005l:854820-856802 -            661 11940at4891          -            504  2.8e-197  653.4  43.8   3   4   5.8e-06    0.0051   12.6   0.4   121   144   211   238   202   242 0.84 -
C0000000005_ptg000005l:854820-856802 -            661 11940at4891          -            504  2.8e-197  653.4  43.8   4   4  5.2e-156  4.6e-153  507.6  32.0   144   504   264   661   258   661 0.91 -
C0000000009_ptg000009l:389018-391009 -            664 11940at4891          -            504   2.7e-36  122.4  55.1   1   4   8.1e-18   7.1e-15   51.7   0.0     9   135    16   168    10   188 0.75 -
C0000000009_ptg000009l:389018-391009 -            664 11940at4891          -            504   2.7e-36  122.4  55.1   2   4   1.5e-06    0.0013   14.5   0.8   135   198   199   278   193   295 0.69 -
C0000000009_ptg000009l:389018-391009 -            664 11940at4891          -            504   2.7e-36  122.4  55.1   3   4   1.5e-06    0.0013   14.6  18.4   231   355   333   483   325   488 0.67 -
C0000000009_ptg000009l:389018-391009 -            664 11940at4891          -            504   2.7e-36  122.4  55.1   4   4   1.5e-17   1.3e-14   50.9  18.4   370   499   517   663   507   664 0.79 -
#
# Program:         hmmsearch
# Version:         3.1b2 (February 2015)
# Pipeline mode:   SEARCH
# Query file:      /home/deepseq/tool/BUSCO_v5/saccharomycetes_odb10/hmms/11940at4891.hmm
# Target file:     /var/www/gvolante/request/project/202302230949-GVF6W5EPF13MH478/202302230949-GVF6W5EPF13MH478_busco/run_saccharomycetes_odb10/metaeuk_output/initial_results/SRR13577846.fa.ca.modified.fas
# Option settings: hmmsearch --domtblout /var/www/gvolante/request/project/202302230949-GVF6W5EPF13MH478/202302230949-GVF6W5EPF13MH478_busco/run_saccharomycetes_odb10/hmmer_output/initial_run_results/11940at4891.out --cpu 1 /home/deepseq/tool/BUSCO_v5/saccharomycetes_odb10/hmms/11940at4891.hmm /var/www/gvolante/request/project/202302230949-GVF6W5EPF13MH478/202302230949-GVF6W5EPF13MH478_busco/run_saccharomycetes_odb10/metaeuk_output/initial_results/SRR13577846.fa.ca.modified.fas 
# Current dir:     /var/www/gvolante/request/project/202302230949-GVF6W5EPF13MH478
# Date:            Thu Feb 23 09:50:59 2023
# [ok]
