#                                                                                              --- full sequence --- -------------- this domain -------------   hmm coord   ali coord   env coord
# target name                          accession   tlen query name           accession   qlen   E-value  score  bias   #  of  c-Evalue  i-Evalue  score  bias  from    to  from    to  from    to  acc description of target
#                  ------------------- ---------- ----- -------------------- ---------- ----- --------- ------ ----- --- --- --------- --------- ------ ----- ----- ----- ----- ----- ----- ----- ---- ---------------------
C0000000017_ptg000017l:268705-269682   -            326 12680at4891          -            242   1.2e-84  280.5   0.4   1   3   3.4e-70   1.4e-68  227.9   0.1     5   194    12   232     2   237 0.86 -
C0000000017_ptg000017l:268705-269682   -            326 12680at4891          -            242   1.2e-84  280.5   0.4   2   3     1e-09   4.2e-08   29.9   0.0   179   222   236   279   231   291 0.88 -
C0000000017_ptg000017l:268705-269682   -            326 12680at4891          -            242   1.2e-84  280.5   0.4   3   3   1.1e-06   4.5e-05   20.0   0.0   217   242   296   321   281   321 0.90 -
C0000000010_ptg000010l:74467-75246     -            260 12680at4891          -            242   1.9e-23   80.2   0.3   1   5   6.7e-06   0.00028   17.4   0.0   195   225     3    33     1    35 0.92 -
C0000000010_ptg000010l:74467-75246     -            260 12680at4891          -            242   1.9e-23   80.2   0.3   2   5   2.3e-08   9.7e-07   25.4   0.0    90   133    36    80    33    90 0.88 -
C0000000010_ptg000010l:74467-75246     -            260 12680at4891          -            242   1.9e-23   80.2   0.3   3   5    0.0068      0.28    7.6   0.0   194   221    85   113    81   118 0.68 -
C0000000010_ptg000010l:74467-75246     -            260 12680at4891          -            242   1.9e-23   80.2   0.3   4   5   0.00034     0.014   11.8   0.1    92   126   129   164   127   172 0.60 -
C0000000010_ptg000010l:74467-75246     -            260 12680at4891          -            242   1.9e-23   80.2   0.3   5   5   0.00025     0.011   12.2   0.0    90   129   181   221   179   240 0.85 -
C0000000003_ptg000003l:672388-673722   -            445 12680at4891          -            242   5.9e-20   68.7   5.6   1   5   0.00044     0.018   11.4   0.0    88   130   127   171   124   173 0.80 -
C0000000003_ptg000003l:672388-673722   -            445 12680at4891          -            242   5.9e-20   68.7   5.6   2   5   0.00019     0.008   12.6   0.2    91   124   173   207   171   209 0.87 -
C0000000003_ptg000003l:672388-673722   -            445 12680at4891          -            242   5.9e-20   68.7   5.6   3   5     1e-07   4.3e-06   23.3   0.0    80   128   204   253   204   257 0.89 -
C0000000003_ptg000003l:672388-673722   -            445 12680at4891          -            242   5.9e-20   68.7   5.6   4   5   7.9e-06   0.00033   17.2   0.0    92   128   258   295   253   300 0.83 -
C0000000003_ptg000003l:672388-673722   -            445 12680at4891          -            242   5.9e-20   68.7   5.6   5   5       0.1       4.2    3.7   0.0    22    49   398   425   379   434 0.81 -
C0000000002_ptg000002l:201554-203944   -            797 12680at4891          -            242   8.5e-20   68.2   5.0   1   6      0.15       6.3    3.1   0.0   192   224   468   500   449   513 0.82 -
C0000000002_ptg000002l:201554-203944   -            797 12680at4891          -            242   8.5e-20   68.2   5.0   2   6   0.00015     0.006   13.0   0.0    97   222   528   557   519   562 0.60 -
C0000000002_ptg000002l:201554-203944   -            797 12680at4891          -            242   8.5e-20   68.2   5.0   3   6   0.00048      0.02   11.3   0.2    89   121   562   595   554   601 0.88 -
C0000000002_ptg000002l:201554-203944   -            797 12680at4891          -            242   8.5e-20   68.2   5.0   4   6   3.1e-05    0.0013   15.2   0.0    87   124   602   640   597   648 0.87 -
C0000000002_ptg000002l:201554-203944   -            797 12680at4891          -            242   8.5e-20   68.2   5.0   5   6     0.012       0.5    6.7   0.0   195   220   656   681   647   684 0.86 -
C0000000002_ptg000002l:201554-203944   -            797 12680at4891          -            242   8.5e-20   68.2   5.0   6   6   3.7e-05    0.0015   15.0   0.0    87   127   686   728   680   732 0.82 -
C0000000010_ptg000010l:93758-94756     -            333 12680at4891          -            242   1.7e-19   67.2  13.6   1   6   0.00017    0.0072   12.8   0.0    91   129     1    40     1    43 0.88 -
C0000000010_ptg000010l:93758-94756     -            333 12680at4891          -            242   1.7e-19   67.2  13.6   2   6    0.0067      0.28    7.6   0.1    91   131    44    92    42    93 0.63 -
C0000000010_ptg000010l:93758-94756     -            333 12680at4891          -            242   1.7e-19   67.2  13.6   3   6   0.00066     0.027   10.9   0.1    91   125    93   127    89   137 0.86 -
C0000000010_ptg000010l:93758-94756     -            333 12680at4891          -            242   1.7e-19   67.2  13.6   4   6   1.4e-06   5.9e-05   19.6   0.1    85   125   211   252   189   257 0.85 -
C0000000010_ptg000010l:93758-94756     -            333 12680at4891          -            242   1.7e-19   67.2  13.6   5   6   3.2e-07   1.3e-05   21.7   0.2    83   127   251   296   250   301 0.90 -
C0000000010_ptg000010l:93758-94756     -            333 12680at4891          -            242   1.7e-19   67.2  13.6   6   6      0.59        24    1.2   0.1    92   120   302   331   299   333 0.67 -
C0000000005_ptg000005l:1307495-1311091 -           1199 12680at4891          -            242   2.5e-19   66.7  10.8   1   7   1.2e-06   4.9e-05   19.9   0.0    73   142    32   102    25   106 0.86 -
C0000000005_ptg000005l:1307495-1311091 -           1199 12680at4891          -            242   2.5e-19   66.7  10.8   2   7   0.00015    0.0061   13.0   0.2    75   131    76   133    76   134 0.90 -
C0000000005_ptg000005l:1307495-1311091 -           1199 12680at4891          -            242   2.5e-19   66.7  10.8   3   7   8.1e-07   3.4e-05   20.4   0.2    75   122   118   166   103   175 0.89 -
C0000000005_ptg000005l:1307495-1311091 -           1199 12680at4891          -            242   2.5e-19   66.7  10.8   4   7      0.11       4.6    3.6   0.0    91   127   206   243   200   248 0.84 -
C0000000005_ptg000005l:1307495-1311091 -           1199 12680at4891          -            242   2.5e-19   66.7  10.8   5   7   2.7e-05    0.0011   15.4   0.0    91   129   250   289   246   352 0.82 -
C0000000005_ptg000005l:1307495-1311091 -           1199 12680at4891          -            242   2.5e-19   66.7  10.8   6   7    0.0059      0.24    7.8   0.1   132   189   460   518   448   553 0.79 -
C0000000005_ptg000005l:1307495-1311091 -           1199 12680at4891          -            242   2.5e-19   66.7  10.8   7   7         7   2.9e+02   -2.3   0.0   123   162   906   945   899   947 0.81 -
C0000000004_ptg000004l:379350-382178   -            943 12680at4891          -            242   2.7e-18   63.3  17.6   1   8   0.00025      0.01   12.3   0.0    71   122    98   150    85   155 0.87 -
C0000000004_ptg000004l:379350-382178   -            943 12680at4891          -            242   2.7e-18   63.3  17.6   2   8    0.0022     0.093    9.1   0.2    91   135   160   203   156   235 0.72 -
C0000000004_ptg000004l:379350-382178   -            943 12680at4891          -            242   2.7e-18   63.3  17.6   3   8   0.00023    0.0097   12.3   0.0    91   134   388   431   386   440 0.90 -
C0000000004_ptg000004l:379350-382178   -            943 12680at4891          -            242   2.7e-18   63.3  17.6   4   8       4.6   1.9e+02   -1.7   0.0   196   223   436   463   430   468 0.84 -
C0000000004_ptg000004l:379350-382178   -            943 12680at4891          -            242   2.7e-18   63.3  17.6   5   8     0.002     0.084    9.3   0.1    92   126   471   506   454   510 0.76 -
C0000000004_ptg000004l:379350-382178   -            943 12680at4891          -            242   2.7e-18   63.3  17.6   6   8    0.0014     0.056    9.8   0.1    84   130   563   610   529   613 0.76 -
C0000000004_ptg000004l:379350-382178   -            943 12680at4891          -            242   2.7e-18   63.3  17.6   7   8    0.0021     0.088    9.2   0.0    92   128   613   650   609   655 0.85 -
C0000000004_ptg000004l:379350-382178   -            943 12680at4891          -            242   2.7e-18   63.3  17.6   8   8     0.019       0.8    6.1   0.1    92   122   655   686   648   693 0.70 -
C0000000016_ptg000016l:181896-182717   -            274 12680at4891          -            242   3.4e-18   63.0   8.8   1   6   0.00097      0.04   10.3   0.0    76   127     8    58     3    61 0.84 -
C0000000016_ptg000016l:181896-182717   -            274 12680at4891          -            242   3.4e-18   63.0   8.8   2   6   9.5e-05    0.0039   13.6   0.3    87   128    59    99    54   101 0.79 -
C0000000016_ptg000016l:181896-182717   -            274 12680at4891          -            242   3.4e-18   63.0   8.8   3   6     2e-07   8.4e-06   22.4   0.1    91   128   102   140    99   143 0.86 -
C0000000016_ptg000016l:181896-182717   -            274 12680at4891          -            242   3.4e-18   63.0   8.8   4   6     0.018      0.73    6.2   0.0    82   116   135   169   134   171 0.88 -
C0000000016_ptg000016l:181896-182717   -            274 12680at4891          -            242   3.4e-18   63.0   8.8   5   6    0.0069      0.29    7.5   0.0   108   128   208   229   195   233 0.76 -
C0000000016_ptg000016l:181896-182717   -            274 12680at4891          -            242   3.4e-18   63.0   8.8   6   6    0.0018     0.075    9.4   0.0    90   129   232   270   227   273 0.72 -
C0000000014_ptg000014l:156967-157878   -            304 12680at4891          -            242   3.9e-18   62.8  10.1   1   6       1.2        48    0.3   0.0   109   128     6    26     2    32 0.73 -
C0000000014_ptg000014l:156967-157878   -            304 12680at4891          -            242   3.9e-18   62.8  10.1   2   6    0.0015     0.064    9.7   0.0    91   128    30    67    12    71 0.84 -
C0000000014_ptg000014l:156967-157878   -            304 12680at4891          -            242   3.9e-18   62.8  10.1   3   6   7.4e-07   3.1e-05   20.5   0.2    90   126    72   109    69   114 0.85 -
C0000000014_ptg000014l:156967-157878   -            304 12680at4891          -            242   3.9e-18   62.8  10.1   4   6   5.3e-05    0.0022   14.4   0.0    93   162   116   186   112   197 0.81 -
C0000000014_ptg000014l:156967-157878   -            304 12680at4891          -            242   3.9e-18   62.8  10.1   5   6     0.012      0.51    6.7   0.2    90   122   204   237   192   243 0.83 -
C0000000014_ptg000014l:156967-157878   -            304 12680at4891          -            242   3.9e-18   62.8  10.1   6   6   0.00025      0.01   12.3   0.2    92   126   249   284   245   301 0.67 -
C0000000010_ptg000010l:112406-115159   -            918 12680at4891          -            242   4.8e-18   62.5  11.8   1   8      0.63        26    1.1   0.0   187   220    11    43     6    64 0.70 -
C0000000010_ptg000010l:112406-115159   -            918 12680at4891          -            242   4.8e-18   62.5  11.8   2   8    0.0056      0.23    7.8   0.3    18    71   147   207   127   213 0.66 -
C0000000010_ptg000010l:112406-115159   -            918 12680at4891          -            242   4.8e-18   62.5  11.8   3   8       1.2        52    0.1   0.0    90   122   187   220   179   225 0.68 -
C0000000010_ptg000010l:112406-115159   -            918 12680at4891          -            242   4.8e-18   62.5  11.8   4   8   0.00017     0.007   12.8   0.0   182   221   334   376   257   382 0.76 -
C0000000010_ptg000010l:112406-115159   -            918 12680at4891          -            242   4.8e-18   62.5  11.8   5   8   3.1e-06   0.00013   18.5   0.0    90   145   383   448   379   454 0.72 -
C0000000010_ptg000010l:112406-115159   -            918 12680at4891          -            242   4.8e-18   62.5  11.8   6   8   7.9e-05    0.0033   13.9   0.0    76   126   455   508   450   550 0.74 -
C0000000010_ptg000010l:112406-115159   -            918 12680at4891          -            242   4.8e-18   62.5  11.8   7   8      0.12       4.8    3.5   0.0    19    49   579   609   564   619 0.80 -
C0000000010_ptg000010l:112406-115159   -            918 12680at4891          -            242   4.8e-18   62.5  11.8   8   8       3.6   1.5e+02   -1.3   0.0    96   117   680   701   678   726 0.79 -
C0000000005_ptg000005l:321518-322747   -            410 12680at4891          -            242   8.4e-17   58.4   0.2   1   3     0.002     0.084    9.3   0.0    84   122   107   147    98   153 0.82 -
C0000000005_ptg000005l:321518-322747   -            410 12680at4891          -            242   8.4e-17   58.4   0.2   2   3   1.5e-07   6.3e-06   22.8   0.0    84   134   151   202   147   208 0.87 -
C0000000005_ptg000005l:321518-322747   -            410 12680at4891          -            242   8.4e-17   58.4   0.2   3   3   1.1e-06   4.6e-05   20.0   0.3    86   228   240   376   222   379 0.81 -
C0000000001_ptg000001l:154091-154987   -            299 12680at4891          -            242     1e-15   54.8   4.3   1   4   3.5e-10   1.5e-08   31.4   0.2    16   124    22   137    14   142 0.81 -
C0000000001_ptg000001l:154091-154987   -            299 12680at4891          -            242     1e-15   54.8   4.3   2   4    0.0082      0.34    7.3   0.0   195   221   174   200   166   206 0.81 -
C0000000001_ptg000001l:154091-154987   -            299 12680at4891          -            242     1e-15   54.8   4.3   3   4     0.002     0.081    9.3   0.1    90   125   207   243   202   262 0.82 -
C0000000001_ptg000001l:154091-154987   -            299 12680at4891          -            242     1e-15   54.8   4.3   4   4     0.035       1.5    5.2   0.0    91   121   270   299   266   299 0.78 -
C0000000011_ptg000011l:828275-829651   -            459 12680at4891          -            242   8.8e-15   51.8   5.3   1   5     0.068       2.8    4.3   0.1    94   123   103   133    90   139 0.62 -
C0000000011_ptg000011l:828275-829651   -            459 12680at4891          -            242   8.8e-15   51.8   5.3   2   5     0.067       2.8    4.3   0.0    90   125   140   175   134   180 0.84 -
C0000000011_ptg000011l:828275-829651   -            459 12680at4891          -            242   8.8e-15   51.8   5.3   3   5   0.00057     0.024   11.1   0.0    80   122   194   236   192   244 0.87 -
C0000000011_ptg000011l:828275-829651   -            459 12680at4891          -            242   8.8e-15   51.8   5.3   4   5    0.0009     0.037   10.4   0.0    90   129   283   324   273   346 0.83 -
C0000000011_ptg000011l:828275-829651   -            459 12680at4891          -            242   8.8e-15   51.8   5.3   5   5   1.3e-06   5.4e-05   19.7   0.1    92   131   373   414   367   435 0.86 -
C0000000009_ptg000009l:290638-291492   -            285 12680at4891          -            242     5e-14   49.3   6.0   1   6   0.00069     0.029   10.8   0.1    91   127     2    38     1    41 0.85 -
C0000000009_ptg000009l:290638-291492   -            285 12680at4891          -            242     5e-14   49.3   6.0   2   6     0.018      0.74    6.2   0.0    90   122    42    77    39    83 0.75 -
C0000000009_ptg000009l:290638-291492   -            285 12680at4891          -            242     5e-14   49.3   6.0   3   6     0.004      0.16    8.3   0.0   195   221   116   142   102   148 0.72 -
C0000000009_ptg000009l:290638-291492   -            285 12680at4891          -            242     5e-14   49.3   6.0   4   6   0.00058     0.024   11.1   0.0    90   136   149   196   143   212 0.80 -
C0000000009_ptg000009l:290638-291492   -            285 12680at4891          -            242     5e-14   49.3   6.0   5   6    0.0061      0.25    7.7   0.0    91   123   212   243   207   245 0.76 -
C0000000009_ptg000009l:290638-291492   -            285 12680at4891          -            242     5e-14   49.3   6.0   6   6     0.066       2.7    4.3   0.0    84   124   244   284   242   285 0.90 -
C0000000013_ptg000013l:113953-116400   -            816 12680at4891          -            242   4.5e-13   46.2   8.0   1   6   4.5e-05    0.0019   14.7   0.2    17   131    61   186    51   192 0.73 -
C0000000013_ptg000013l:113953-116400   -            816 12680at4891          -            242   4.5e-13   46.2   8.0   2   6       9.2   3.8e+02   -2.7   0.0    32   125   211   228   203   234 0.54 -
C0000000013_ptg000013l:113953-116400   -            816 12680at4891          -            242   4.5e-13   46.2   8.0   3   6      0.35        14    2.0   0.0   195   227   393   425   381   442 0.62 -
C0000000013_ptg000013l:113953-116400   -            816 12680at4891          -            242   4.5e-13   46.2   8.0   4   6   9.1e-05    0.0038   13.7   0.0    91   131   488   529   472   533 0.86 -
C0000000013_ptg000013l:113953-116400   -            816 12680at4891          -            242   4.5e-13   46.2   8.0   5   6   4.1e-05    0.0017   14.8   0.1    53   129   531   611   525   614 0.81 -
C0000000013_ptg000013l:113953-116400   -            816 12680at4891          -            242   4.5e-13   46.2   8.0   6   6       2.3        94   -0.7   0.0    87   121   610   645   605   654 0.77 -
C0000000017_ptg000017l:164206-165084   -            293 12680at4891          -            242   1.3e-12   44.7   0.4   1   5    0.0029      0.12    8.7   0.0    92   125    12    47     9    51 0.77 -
C0000000017_ptg000017l:164206-165084   -            293 12680at4891          -            242   1.3e-12   44.7   0.4   2   5     0.014      0.59    6.5   0.0    89   135    71   116    66   123 0.67 -
C0000000017_ptg000017l:164206-165084   -            293 12680at4891          -            242   1.3e-12   44.7   0.4   3   5     0.098       4.1    3.8   0.0   112   128   158   174   148   178 0.81 -
C0000000017_ptg000017l:164206-165084   -            293 12680at4891          -            242   1.3e-12   44.7   0.4   4   5   1.4e-07   5.8e-06   22.9   0.1    76   136   163   220   158   248 0.82 -
C0000000017_ptg000017l:164206-165084   -            293 12680at4891          -            242   1.3e-12   44.7   0.4   5   5       2.3        97   -0.8   0.0   198   220   226   248   220   257 0.74 -
C0000000008_ptg000008l:192003-194357   -            785 12680at4891          -            242   1.3e-12   44.7   3.7   1   6     2e-05   0.00081   15.9   0.2    90   145    55   111    47   136 0.77 -
C0000000008_ptg000008l:192003-194357   -            785 12680at4891          -            242   1.3e-12   44.7   3.7   2   6      0.42        17    1.7   0.0    89   125   197   238   159   242 0.68 -
C0000000008_ptg000008l:192003-194357   -            785 12680at4891          -            242   1.3e-12   44.7   3.7   3   6      0.55        23    1.3   0.1    91   122   278   310   273   320 0.80 -
C0000000008_ptg000008l:192003-194357   -            785 12680at4891          -            242   1.3e-12   44.7   3.7   4   6    0.0076      0.32    7.4   0.0    18    90   386   465   380   475 0.77 -
C0000000008_ptg000008l:192003-194357   -            785 12680at4891          -            242   1.3e-12   44.7   3.7   5   6     0.011      0.44    6.9   0.0    10    47   598   636   590   643 0.75 -
C0000000008_ptg000008l:192003-194357   -            785 12680at4891          -            242   1.3e-12   44.7   3.7   6   6     0.035       1.5    5.2   0.1    81   131   637   693   635   715 0.68 -
C0000000006_ptg000006l:551155-551790   -            212 12680at4891          -            242     1e-11   41.8   2.5   1   4   1.4e-05   0.00059   16.3   0.1    93   136     1    43     1    63 0.78 -
C0000000006_ptg000006l:551155-551790   -            212 12680at4891          -            242     1e-11   41.8   2.5   2   4     0.062       2.6    4.4   0.0   112   126    83    97    73   100 0.82 -
C0000000006_ptg000006l:551155-551790   -            212 12680at4891          -            242     1e-11   41.8   2.5   3   4   2.2e-07   9.1e-06   22.3   0.2    76   124    88   135    84   174 0.85 -
C0000000006_ptg000006l:551155-551790   -            212 12680at4891          -            242     1e-11   41.8   2.5   4   4       0.6        25    1.2   0.0    15    50   143   177   137   196 0.56 -
C0000000013_ptg000013l:519519-521471   -            651 12680at4891          -            242     1e-11   41.7   0.1   1   3   0.00076     0.031   10.7   0.0    89   122    76   111    72   117 0.82 -
C0000000013_ptg000013l:519519-521471   -            651 12680at4891          -            242     1e-11   41.7   0.1   2   3   9.4e-05    0.0039   13.6   0.0    87   126   133   174   129   181 0.81 -
C0000000013_ptg000013l:519519-521471   -            651 12680at4891          -            242     1e-11   41.7   0.1   3   3    0.0001    0.0042   13.5   0.0    18    54   183   219   174   231 0.89 -
C0000000007_ptg000007l:472642-473127   -            162 12680at4891          -            242   4.3e-11   39.7   3.3   1   3     0.061       2.5    4.4   0.0    91   123    15    49    10    57 0.83 -
C0000000007_ptg000007l:472642-473127   -            162 12680at4891          -            242   4.3e-11   39.7   3.3   2   3   8.1e-06   0.00034   17.1   0.1    87   124    59    97    51   102 0.90 -
C0000000007_ptg000007l:472642-473127   -            162 12680at4891          -            242   4.3e-11   39.7   3.3   3   3   3.6e-06   0.00015   18.3   0.2    90   130   104   144    97   161 0.80 -
C0000000014_ptg000014l:735866-737215   -            450 12680at4891          -            242   4.5e-11   39.6   8.1   1   5       3.7   1.6e+02   -1.4   0.0   197   221    85   109    75   117 0.76 -
C0000000014_ptg000014l:735866-737215   -            450 12680at4891          -            242   4.5e-11   39.6   8.1   2   5    0.0078      0.32    7.4   0.3    90   123   116   150   105   157 0.75 -
C0000000014_ptg000014l:735866-737215   -            450 12680at4891          -            242   4.5e-11   39.6   8.1   3   5     0.012      0.51    6.7   0.2    92   125   160   194   157   201 0.84 -
C0000000014_ptg000014l:735866-737215   -            450 12680at4891          -            242   4.5e-11   39.6   8.1   4   5   3.1e-05    0.0013   15.2   0.1    88   131   198   242   190   247 0.90 -
C0000000014_ptg000014l:735866-737215   -            450 12680at4891          -            242   4.5e-11   39.6   8.1   5   5    0.0013     0.052   10.0   0.0    92   121   333   363   244   371 0.90 -
C0000000017_ptg000017l:275223-276446   -            408 12680at4891          -            242   5.8e-11   39.3   1.3   1   4    0.0089      0.37    7.2   0.0    26    49    53    76    31   100 0.60 -
C0000000017_ptg000017l:275223-276446   -            408 12680at4891          -            242   5.8e-11   39.3   1.3   2   4      0.21       8.7    2.7   0.0   199   220   110   131    98   135 0.83 -
C0000000017_ptg000017l:275223-276446   -            408 12680at4891          -            242   5.8e-11   39.3   1.3   3   4   3.7e-07   1.5e-05   21.5   0.1    90   132   139   182   132   194 0.85 -
C0000000017_ptg000017l:275223-276446   -            408 12680at4891          -            242   5.8e-11   39.3   1.3   4   4      0.11       4.6    3.6   0.0    27    50   306   329   292   356 0.69 -
C0000000009_ptg000009l:374554-375648   -            365 12680at4891          -            242   6.4e-11   39.1   0.5   1   4   0.00036     0.015   11.7   0.1    95   129    37    73    33    76 0.86 -
C0000000009_ptg000009l:374554-375648   -            365 12680at4891          -            242   6.4e-11   39.1   0.5   2   4     0.057       2.4    4.5   0.0    18    61    81   122    72   128 0.81 -
C0000000009_ptg000009l:374554-375648   -            365 12680at4891          -            242   6.4e-11   39.1   0.5   3   4   0.00026     0.011   12.2   0.0   109   163   141   200   125   241 0.71 -
C0000000009_ptg000009l:374554-375648   -            365 12680at4891          -            242   6.4e-11   39.1   0.5   4   4     0.019       0.8    6.1   0.0    97   143   272   327   268   336 0.71 -
C0000000002_ptg000002l:236728-237624   -            299 12680at4891          -            242   1.2e-10   38.2   1.4   1   5     0.036       1.5    5.2   0.0   195   225     3    32     1    38 0.84 -
C0000000002_ptg000002l:236728-237624   -            299 12680at4891          -            242   1.2e-10   38.2   1.4   2   5   1.5e-06   6.1e-05   19.6   0.1    40   123    20   111    10   121 0.62 -
C0000000002_ptg000002l:236728-237624   -            299 12680at4891          -            242   1.2e-10   38.2   1.4   3   5     0.057       2.4    4.5   0.0    88   132   117   163   111   175 0.82 -
C0000000002_ptg000002l:236728-237624   -            299 12680at4891          -            242   1.2e-10   38.2   1.4   4   5     0.041       1.7    5.0   0.0   167   218   178   202   172   214 0.56 -
C0000000002_ptg000002l:236728-237624   -            299 12680at4891          -            242   1.2e-10   38.2   1.4   5   5       7.7   3.2e+02   -2.5   0.0   204   224   240   260   235   262 0.84 -
C0000000011_ptg000011l:738372-739637   -            422 12680at4891          -            242   2.2e-10   37.3   6.1   1   6     0.011      0.46    6.9   0.1    91   129    89   128    77   173 0.69 -
C0000000011_ptg000011l:738372-739637   -            422 12680at4891          -            242   2.2e-10   37.3   6.1   2   6    0.0001    0.0043   13.5   0.0    89   125   176   212   169   229 0.90 -
C0000000011_ptg000011l:738372-739637   -            422 12680at4891          -            242   2.2e-10   37.3   6.1   3   6     0.029       1.2    5.5   0.0   103   133   237   268   215   272 0.82 -
C0000000011_ptg000011l:738372-739637   -            422 12680at4891          -            242   2.2e-10   37.3   6.1   4   6      0.27        11    2.3   0.0   197   221   277   301   271   309 0.64 -
C0000000011_ptg000011l:738372-739637   -            422 12680at4891          -            242   2.2e-10   37.3   6.1   5   6     0.027       1.1    5.6   0.0    14    56   346   388   334   396 0.81 -
C0000000011_ptg000011l:738372-739637   -            422 12680at4891          -            242   2.2e-10   37.3   6.1   6   6      0.76        31    0.9   0.0    91   120   388   418   384   420 0.69 -
C0000000008_ptg000008l:955426-957003   -            526 12680at4891          -            242   3.7e-10   36.6   5.9   1   6     0.047       1.9    4.8   0.0    19    48    27    56    21    81 0.84 -
C0000000008_ptg000008l:955426-957003   -            526 12680at4891          -            242   3.7e-10   36.6   5.9   2   6     0.042       1.8    4.9   0.0   103   125    96   118    75   129 0.79 -
C0000000008_ptg000008l:955426-957003   -            526 12680at4891          -            242   3.7e-10   36.6   5.9   3   6   9.3e-05    0.0038   13.7   0.1    89   127   179   217   177   229 0.88 -
C0000000008_ptg000008l:955426-957003   -            526 12680at4891          -            242   3.7e-10   36.6   5.9   4   6      0.21       8.8    2.7   0.0    18   126   234   267   224   276 0.54 -
C0000000008_ptg000008l:955426-957003   -            526 12680at4891          -            242   3.7e-10   36.6   5.9   5   6     0.021      0.87    5.9   0.0    89   126   287   324   279   334 0.83 -
C0000000008_ptg000008l:955426-957003   -            526 12680at4891          -            242   3.7e-10   36.6   5.9   6   6      0.53        22    1.3   0.0   188   217   347   376   339   382 0.84 -
C0000000013_ptg000013l:468770-471571   -            934 12680at4891          -            242   7.6e-10   35.6   5.2   1   4      0.27        11    2.3   0.0     8    49   234   276   229   309 0.74 -
C0000000013_ptg000013l:468770-471571   -            934 12680at4891          -            242   7.6e-10   35.6   5.2   2   4         2        82   -0.5   0.0    86   123   337   376   332   386 0.54 -
C0000000013_ptg000013l:468770-471571   -            934 12680at4891          -            242   7.6e-10   35.6   5.2   3   4     0.004      0.17    8.3   0.1   194   224   459   489   449   496 0.87 -
C0000000013_ptg000013l:468770-471571   -            934 12680at4891          -            242   7.6e-10   35.6   5.2   4   4   1.6e-07   6.8e-06   22.7   0.0    12   132   492   619   490   640 0.85 -
C0000000017_ptg000017l:639682-641826   -            715 12680at4891          -            242   1.4e-09   34.7   6.1   1   4     0.021      0.85    6.0   0.2    91   121    10    40     7    60 0.87 -
C0000000017_ptg000017l:639682-641826   -            715 12680at4891          -            242   1.4e-09   34.7   6.1   2   4       7.3     3e+02   -2.4   0.0    92   121    97   125    95   130 0.69 -
C0000000017_ptg000017l:639682-641826   -            715 12680at4891          -            242   1.4e-09   34.7   6.1   3   4    0.0049       0.2    8.0   0.5    90   121   133   166   124   178 0.78 -
C0000000017_ptg000017l:639682-641826   -            715 12680at4891          -            242   1.4e-09   34.7   6.1   4   4   6.9e-07   2.9e-05   20.6   0.0    76   126   202   252   192   264 0.88 -
C0000000004_ptg000004l:113013-114467   -            485 12680at4891          -            242     2e-09   34.2   7.4   1   3    0.0043      0.18    8.2   0.1    75   124    91   152    74   160 0.75 -
C0000000004_ptg000004l:113013-114467   -            485 12680at4891          -            242     2e-09   34.2   7.4   2   3   3.1e-06   0.00013   18.5   1.4    18   123   220   335   204   345 0.73 -
C0000000004_ptg000004l:113013-114467   -            485 12680at4891          -            242     2e-09   34.2   7.4   3   3     0.013      0.53    6.7   0.0   194   220   352   378   342   383 0.80 -
C0000000007_ptg000007l:423728-425572   -            615 12680at4891          -            242   2.2e-09   34.1   4.5   1   6      0.14       5.6    3.3   0.0    90   137    59   110    56   118 0.67 -
C0000000007_ptg000007l:423728-425572   -            615 12680at4891          -            242   2.2e-09   34.1   4.5   2   6      0.31        13    2.1   0.0    27    47   217   237   203   245 0.77 -
C0000000007_ptg000007l:423728-425572   -            615 12680at4891          -            242   2.2e-09   34.1   4.5   3   6    0.0079      0.33    7.3   0.1    86   129   241   288   237   299 0.66 -
C0000000007_ptg000007l:423728-425572   -            615 12680at4891          -            242   2.2e-09   34.1   4.5   4   6     0.015      0.62    6.4   0.1    75   139   320   382   313   489 0.75 -
C0000000007_ptg000007l:423728-425572   -            615 12680at4891          -            242   2.2e-09   34.1   4.5   5   6      0.02      0.85    6.0   0.0   196   225   494   523   489   533 0.88 -
C0000000007_ptg000007l:423728-425572   -            615 12680at4891          -            242   2.2e-09   34.1   4.5   6   6     0.074       3.1    4.2   0.0    86   122   576   612   562   615 0.89 -
C0000000008_ptg000008l:611274-611873   -            200 12680at4891          -            242   6.1e-09   32.6   0.5   1   2    0.0081      0.34    7.3   0.0    18    47     5    34     1    38 0.57 -
C0000000008_ptg000008l:611274-611873   -            200 12680at4891          -            242   6.1e-09   32.6   0.5   2   2   1.1e-06   4.7e-05   19.9   0.2    88   206    40   156    32   192 0.65 -
C0000000002_ptg000002l:370765-372369   -            535 12680at4891          -            242   2.5e-08   30.6   0.8   1   4      0.91        38    0.6   0.0    18    45   221   248   210   253 0.62 -
C0000000002_ptg000002l:370765-372369   -            535 12680at4891          -            242   2.5e-08   30.6   0.8   2   4     0.036       1.5    5.2   0.0    15    51   259   295   249   299 0.85 -
C0000000002_ptg000002l:370765-372369   -            535 12680at4891          -            242   2.5e-08   30.6   0.8   3   4    0.0031      0.13    8.7   0.0    92   121   357   387   354   396 0.85 -
C0000000002_ptg000002l:370765-372369   -            535 12680at4891          -            242   2.5e-08   30.6   0.8   4   4    0.0016     0.066    9.6   0.4    90   130   397   437   395   477 0.78 -
C0000000005_ptg000005l:812839-816264   -           1142 12680at4891          -            242   3.6e-08   30.1   2.0   1   3    0.0014     0.059    9.8   0.1    90   126   106   144    79   148 0.86 -
C0000000005_ptg000005l:812839-816264   -           1142 12680at4891          -            242   3.6e-08   30.1   2.0   2   3   6.8e-05    0.0028   14.1   0.3    90   129   193   234   186   241 0.84 -
C0000000005_ptg000005l:812839-816264   -           1142 12680at4891          -            242   3.6e-08   30.1   2.0   3   3      0.18       7.3    2.9   0.0   142   173   531   562   526   566 0.91 -
C0000000003_ptg000003l:856309-857265   -            319 12680at4891          -            242   6.3e-08   29.3   0.9   1   2   0.00019    0.0077   12.7   0.8    67   130    53   122    48   131 0.73 -
C0000000003_ptg000003l:856309-857265   -            319 12680at4891          -            242   6.3e-08   29.3   0.9   2   2   0.00036     0.015   11.7   0.0    87   125   184   224   164   232 0.79 -
C0000000011_ptg000011l:821901-823202   -            434 12680at4891          -            242   1.1e-07   28.6   3.6   1   4   0.00021    0.0088   12.5   0.3    85   123   226   267   219   276 0.78 -
C0000000011_ptg000011l:821901-823202   -            434 12680at4891          -            242   1.1e-07   28.6   3.6   2   4       1.9        78   -0.4   0.0    25    43   285   303   270   313 0.54 -
C0000000011_ptg000011l:821901-823202   -            434 12680at4891          -            242   1.1e-07   28.6   3.6   3   4       0.7        29    1.0   0.0    30    46   353   369   334   378 0.65 -
C0000000011_ptg000011l:821901-823202   -            434 12680at4891          -            242   1.1e-07   28.6   3.6   4   4   0.00039     0.016   11.6   0.0    91   127   396   431   389   434 0.85 -
C0000000007_ptg000007l:535847-536884   -            346 12680at4891          -            242   1.9e-07   27.7   5.3   1   5     0.085       3.5    4.0   0.0    92   120     8    37     4    49 0.66 -
C0000000007_ptg000007l:535847-536884   -            346 12680at4891          -            242   1.9e-07   27.7   5.3   2   5   0.00068     0.028   10.8   0.1    91   129    49    88    45    94 0.72 -
C0000000007_ptg000007l:535847-536884   -            346 12680at4891          -            242   1.9e-07   27.7   5.3   3   5       1.5        62   -0.1   0.0   196   208    99   111    90   134 0.62 -
C0000000007_ptg000007l:535847-536884   -            346 12680at4891          -            242   1.9e-07   27.7   5.3   4   5    0.0075      0.31    7.4   0.0   190   221   153   184   143   191 0.78 -
C0000000007_ptg000007l:535847-536884   -            346 12680at4891          -            242   1.9e-07   27.7   5.3   5   5     0.079       3.3    4.1   0.3     5    52   184   231   181   242 0.75 -
C0000000012_ptg000012l:72001-73275     -            425 12680at4891          -            242   3.1e-07   27.1   0.4   1   3     0.018      0.76    6.1   0.0   193   220    29    56    20    68 0.88 -
C0000000012_ptg000012l:72001-73275     -            425 12680at4891          -            242   3.1e-07   27.1   0.4   2   3   0.00019    0.0078   12.7   0.0    18    48    73   103    66   111 0.87 -
C0000000012_ptg000012l:72001-73275     -            425 12680at4891          -            242   3.1e-07   27.1   0.4   3   3      0.26        11    2.4   0.8   153   182   257   285   134   292 0.70 -
C0000000002_ptg000002l:594852-597371   -            840 12680at4891          -            242   4.7e-07   26.5   1.2   1   5       1.7        70   -0.3   0.0   196   221    23    48    19    55 0.88 -
C0000000002_ptg000002l:594852-597371   -            840 12680at4891          -            242   4.7e-07   26.5   1.2   2   5    0.0034      0.14    8.6   0.0   194   220    83   109    75   116 0.87 -
C0000000002_ptg000002l:594852-597371   -            840 12680at4891          -            242   4.7e-07   26.5   1.2   3   5       3.6   1.5e+02   -1.4   0.0    93   121   136   165   133   174 0.60 -
C0000000002_ptg000002l:594852-597371   -            840 12680at4891          -            242   4.7e-07   26.5   1.2   4   5     0.025         1    5.7   0.1    87   119   172   205   164   215 0.70 -
C0000000002_ptg000002l:594852-597371   -            840 12680at4891          -            242   4.7e-07   26.5   1.2   5   5     0.023      0.94    5.8   0.0    17    50   356   389   348   392 0.90 -
C0000000007_ptg000007l:443065-443637   -            191 12680at4891          -            242   8.3e-07   25.7   1.2   1   2   3.7e-05    0.0015   15.0   0.3    87   125     1    39     1    47 0.78 -
C0000000007_ptg000007l:443065-443637   -            191 12680at4891          -            242   8.3e-07   25.7   1.2   2   2    0.0039      0.16    8.3   0.0    93   220    47   189    42   191 0.53 -
C0000000003_ptg000003l:52077-53465     -            463 12680at4891          -            242   1.6e-06   24.7   3.6   1   4     0.002     0.084    9.3   0.1    92   125   262   296   255   302 0.87 -
C0000000003_ptg000003l:52077-53465     -            463 12680at4891          -            242   1.6e-06   24.7   3.6   2   4     0.001     0.042   10.2   0.4    22   125   269   380   267   390 0.79 -
C0000000003_ptg000003l:52077-53465     -            463 12680at4891          -            242   1.6e-06   24.7   3.6   3   4     0.015      0.63    6.4   0.0    92   187   304   418   299   430 0.57 -
C0000000003_ptg000003l:52077-53465     -            463 12680at4891          -            242   1.6e-06   24.7   3.6   4   4      0.02      0.81    6.1   0.2    91   120   433   463   421   463 0.71 -
C0000000007_ptg000007l:511519-513051   -            511 12680at4891          -            242   1.8e-06   24.6   1.7   1   4       1.5        61   -0.1   0.0   206   227   230   251   210   257 0.78 -
C0000000007_ptg000007l:511519-513051   -            511 12680at4891          -            242   1.8e-06   24.6   1.7   2   4    0.0019     0.077    9.4   0.2    94   135   321   364   315   384 0.75 -
C0000000007_ptg000007l:511519-513051   -            511 12680at4891          -            242   1.8e-06   24.6   1.7   3   4       3.7   1.5e+02   -1.4   0.1    96   127   368   401   362   415 0.65 -
C0000000007_ptg000007l:511519-513051   -            511 12680at4891          -            242   1.8e-06   24.6   1.7   4   4   0.00035     0.014   11.8   0.0    90   125   413   450   406   457 0.84 -
C0000000007_ptg000007l:63625-65004     -            460 12680at4891          -            242   2.2e-06   24.2   0.3   1   5      0.28        12    2.3   0.0   103   124    25    46     4    52 0.73 -
C0000000007_ptg000007l:63625-65004     -            460 12680at4891          -            242   2.2e-06   24.2   0.3   2   5     0.021      0.87    6.0   0.0    85   129    62   107    56   119 0.80 -
C0000000007_ptg000007l:63625-65004     -            460 12680at4891          -            242   2.2e-06   24.2   0.3   3   5      0.77        32    0.8   0.0   100   122   151   174   142   182 0.55 -
C0000000007_ptg000007l:63625-65004     -            460 12680at4891          -            242   2.2e-06   24.2   0.3   4   5     0.087       3.6    3.9   0.0    21    46   191   216   183   223 0.82 -
C0000000007_ptg000007l:63625-65004     -            460 12680at4891          -            242   2.2e-06   24.2   0.3   5   5     0.094       3.9    3.8   0.0   139   184   343   394   334   410 0.75 -
C0000000010_ptg000010l:294377-296545   -            723 12680at4891          -            242   4.6e-06   23.2   4.1   1   5      0.14       5.9    3.2   0.1     6    47   292   337   285   344 0.71 -
C0000000010_ptg000010l:294377-296545   -            723 12680at4891          -            242   4.6e-06   23.2   4.1   2   5     0.039       1.6    5.1   0.0   196   222   356   382   347   387 0.85 -
C0000000010_ptg000010l:294377-296545   -            723 12680at4891          -            242   4.6e-06   23.2   4.1   3   5     0.073         3    4.2   0.0   166   194   524   552   513   563 0.85 -
C0000000010_ptg000010l:294377-296545   -            723 12680at4891          -            242   4.6e-06   23.2   4.1   4   5       1.1        47    0.3   0.0   105   124   606   625   592   632 0.67 -
C0000000010_ptg000010l:294377-296545   -            723 12680at4891          -            242   4.6e-06   23.2   4.1   5   5     0.044       1.8    4.9   0.0   196   219   644   667   638   684 0.88 -
C0000000014_ptg000014l:606876-607679   -            268 12680at4891          -            242   5.9e-06   22.9   0.3   1   5       8.2   3.4e+02   -2.5   0.1    22    44     3    25     1    37 0.62 -
C0000000014_ptg000014l:606876-607679   -            268 12680at4891          -            242   5.9e-06   22.9   0.3   2   5    0.0012     0.048   10.1   0.0    18    50    96   128    77   149 0.85 -
C0000000014_ptg000014l:606876-607679   -            268 12680at4891          -            242   5.9e-06   22.9   0.3   3   5       6.3   2.6e+02   -2.2   0.0   164   184   145   165   134   183 0.74 -
C0000000014_ptg000014l:606876-607679   -            268 12680at4891          -            242   5.9e-06   22.9   0.3   4   5    0.0076      0.31    7.4   0.0    91   128   185   223   181   228 0.84 -
C0000000014_ptg000014l:606876-607679   -            268 12680at4891          -            242   5.9e-06   22.9   0.3   5   5      0.75        31    0.9   0.0    15    50   228   263   224   268 0.84 -
C0000000008_ptg000008l:1017853-1019040 -            396 12680at4891          -            242   1.1e-05   22.0   0.4   1   3       0.1       4.2    3.7   0.0   196   220    20    44    10    54 0.80 -
C0000000008_ptg000008l:1017853-1019040 -            396 12680at4891          -            242   1.1e-05   22.0   0.4   2   3      0.56        23    1.3   0.0   150   183   220   253   198   271 0.70 -
C0000000008_ptg000008l:1017853-1019040 -            396 12680at4891          -            242   1.1e-05   22.0   0.4   3   3   0.00014    0.0059   13.0   0.1    93   136   290   334   287   347 0.68 -
C0000000004_ptg000004l:230996-232786   -            597 12680at4891          -            242   1.3e-05   21.7   0.0   1   4   6.3e-05    0.0026   14.2   0.0    76   125   285   335   280   341 0.88 -
C0000000004_ptg000004l:230996-232786   -            597 12680at4891          -            242   1.3e-05   21.7   0.0   2   4      0.39        16    1.8   0.0   100   128   419   448   410   452 0.71 -
C0000000004_ptg000004l:230996-232786   -            597 12680at4891          -            242   1.3e-05   21.7   0.0   3   4       2.7   1.1e+02   -0.9   0.0   195   220   464   489   462   499 0.89 -
C0000000004_ptg000004l:230996-232786   -            597 12680at4891          -            242   1.3e-05   21.7   0.0   4   4       7.6   3.1e+02   -2.4   0.0    97   123   507   533   504   541 0.69 -
C0000000003_ptg000003l:135792-137510   -            573 12680at4891          -            242   1.6e-05   21.4   1.3   1   4    0.0026      0.11    8.9   0.0   194   220   240   266   195   279 0.79 -
C0000000003_ptg000003l:135792-137510   -            573 12680at4891          -            242   1.6e-05   21.4   1.3   2   4    0.0069      0.29    7.5   0.1    62   122   287   351   275   358 0.84 -
C0000000003_ptg000003l:135792-137510   -            573 12680at4891          -            242   1.6e-05   21.4   1.3   3   4      0.87        36    0.7   0.0   203   227   411   435   397   440 0.71 -
C0000000003_ptg000003l:135792-137510   -            573 12680at4891          -            242   1.6e-05   21.4   1.3   4   4       3.7   1.5e+02   -1.4   0.1    98   122   476   501   473   511 0.67 -
C0000000008_ptg000008l:850268-852322   -            685 12680at4891          -            242   1.9e-05   21.2   0.2   1   3      0.42        17    1.7   0.0   108   132    12    37     2    42 0.77 -
C0000000008_ptg000008l:850268-852322   -            685 12680at4891          -            242   1.9e-05   21.2   0.2   2   3    0.0037      0.15    8.4   0.0    96   131    43    81    36    82 0.70 -
C0000000008_ptg000008l:850268-852322   -            685 12680at4891          -            242   1.9e-05   21.2   0.2   3   3    0.0082      0.34    7.3   0.0    91   138    82   130    80   137 0.88 -
C0000000008_ptg000008l:313239-315359   -            707 12680at4891          -            242     3e-05   20.6   0.0   1   2     0.014       0.6    6.5   0.0   192   228    58    95    39   100 0.82 -
C0000000008_ptg000008l:313239-315359   -            707 12680at4891          -            242     3e-05   20.6   0.0   2   2   0.00041     0.017   11.6   0.0    76   133   162   220   121   258 0.88 -
C0000000005_ptg000005l:784230-785345   -            372 12680at4891          -            242   3.1e-05   20.5   0.7   1   3   0.00057     0.024   11.1   0.0    75   125    84   137    69   197 0.72 -
C0000000005_ptg000005l:784230-785345   -            372 12680at4891          -            242   3.1e-05   20.5   0.7   2   3      0.21       8.8    2.7   0.0   113   128   241   256   223   266 0.81 -
C0000000005_ptg000005l:784230-785345   -            372 12680at4891          -            242   3.1e-05   20.5   0.7   3   3      0.23       9.7    2.5   0.1    92   122   281   314   268   345 0.81 -
C0000000002_ptg000002l:208636-209430   -            265 12680at4891          -            242   5.2e-05   19.8   4.9   1   5      0.11       4.8    3.5   0.1    30   124    67    85    40    95 0.61 -
C0000000002_ptg000002l:208636-209430   -            265 12680at4891          -            242   5.2e-05   19.8   4.9   2   5      0.77        32    0.8   0.0    95   127   105   139    99   145 0.79 -
C0000000002_ptg000002l:208636-209430   -            265 12680at4891          -            242   5.2e-05   19.8   4.9   3   5     0.033       1.4    5.3   0.0    93   127   148   184   145   191 0.81 -
C0000000002_ptg000002l:208636-209430   -            265 12680at4891          -            242   5.2e-05   19.8   4.9   4   5    0.0047       0.2    8.1   0.0    93   125   192   227   189   233 0.84 -
C0000000002_ptg000002l:208636-209430   -            265 12680at4891          -            242   5.2e-05   19.8   4.9   5   5         2        85   -0.6   0.1    92   120   235   265   227   265 0.77 -
C0000000003_ptg000003l:627008-629695   -            896 12680at4891          -            242   7.3e-05   19.3   1.1   1   4      0.13       5.5    3.3   0.1   134   240    38   141    26   143 0.77 -
C0000000003_ptg000003l:627008-629695   -            896 12680at4891          -            242   7.3e-05   19.3   1.1   2   4    0.0011     0.045   10.2   0.0    14    50   294   330   258   340 0.81 -
C0000000003_ptg000003l:627008-629695   -            896 12680at4891          -            242   7.3e-05   19.3   1.1   3   4      0.58        24    1.2   0.0    15    36   489   511   476   515 0.71 -
C0000000003_ptg000003l:627008-629695   -            896 12680at4891          -            242   7.3e-05   19.3   1.1   4   4         7   2.9e+02   -2.3   0.1   190   222   607   640   592   661 0.54 -
C0000000005_ptg000005l:1002954-1003748 -            265 12680at4891          -            242   0.00013   18.4   0.0   1   3    0.0026      0.11    8.9   0.0    98   135     6    45     1    76 0.75 -
C0000000005_ptg000005l:1002954-1003748 -            265 12680at4891          -            242   0.00013   18.4   0.0   2   3     0.017      0.72    6.2   0.0    99   126    99   128    92   132 0.81 -
C0000000005_ptg000005l:1002954-1003748 -            265 12680at4891          -            242   0.00013   18.4   0.0   3   3         5   2.1e+02   -1.8   0.0    31    50   235   254   230   261 0.57 -
C0000000008_ptg000008l:609668-610297   -            210 12680at4891          -            242   0.00015   18.3   0.4   1   3      0.71        29    1.0   0.0    91   124    46    80    35    86 0.70 -
C0000000008_ptg000008l:609668-610297   -            210 12680at4891          -            242   0.00015   18.3   0.4   2   3     0.028       1.2    5.5   0.0    89   126    86   127    79   134 0.81 -
C0000000008_ptg000008l:609668-610297   -            210 12680at4891          -            242   0.00015   18.3   0.4   3   3    0.0053      0.22    7.9   0.0    88   122   173   208   156   209 0.85 -
C0000000007_ptg000007l:345809-348142   -            778 12680at4891          -            242   0.00028   17.4   1.1   1   4    0.0019     0.077    9.4   0.0    90   122   404   437   401   449 0.86 -
C0000000007_ptg000007l:345809-348142   -            778 12680at4891          -            242   0.00028   17.4   1.1   2   4      0.12       4.9    3.5   0.0    17   122   565   680   555   690 0.74 -
C0000000007_ptg000007l:345809-348142   -            778 12680at4891          -            242   0.00028   17.4   1.1   3   4      0.83        34    0.7   0.0    91   118   691   719   680   730 0.69 -
C0000000007_ptg000007l:345809-348142   -            778 12680at4891          -            242   0.00028   17.4   1.1   4   4       8.7   3.6e+02   -2.6   0.0   103   121   758   777   742   778 0.72 -
C0000000003_ptg000003l:737369-740404   -           1012 12680at4891          -            242   0.00075   16.0   9.1   1   6         1        42    0.4   0.0   197   223   144   170   135   176 0.85 -
C0000000003_ptg000003l:737369-740404   -           1012 12680at4891          -            242   0.00075   16.0   9.1   2   6    0.0015     0.061    9.7   0.0    90   126   175   212   165   217 0.79 -
C0000000003_ptg000003l:737369-740404   -           1012 12680at4891          -            242   0.00075   16.0   9.1   3   6      0.96        40    0.5   0.1    93   122   220   250   214   265 0.64 -
C0000000003_ptg000003l:737369-740404   -           1012 12680at4891          -            242   0.00075   16.0   9.1   4   6       8.4   3.5e+02   -2.6   0.0   191   219   468   496   454   498 0.84 -
C0000000003_ptg000003l:737369-740404   -           1012 12680at4891          -            242   0.00075   16.0   9.1   5   6       0.2       8.4    2.7   0.0   111   133   785   807   770   854 0.63 -
C0000000003_ptg000003l:737369-740404   -           1012 12680at4891          -            242   0.00075   16.0   9.1   6   6      0.37        15    1.9   0.1   173   228   919   974   912   986 0.64 -
C0000000008_ptg000008l:811332-812174   -            281 12680at4891          -            242    0.0014   15.1   0.3   1   4      0.32        13    2.1   0.0   187   223    17    55     9    62 0.74 -
C0000000008_ptg000008l:811332-812174   -            281 12680at4891          -            242    0.0014   15.1   0.3   2   4    0.0064      0.27    7.6   0.0    90   128   102   141    83   144 0.72 -
C0000000008_ptg000008l:811332-812174   -            281 12680at4891          -            242    0.0014   15.1   0.3   3   4       2.1        88   -0.6   0.0    91   124   145   182   142   193 0.74 -
C0000000008_ptg000008l:811332-812174   -            281 12680at4891          -            242    0.0014   15.1   0.3   4   4       2.4        98   -0.8   0.0    10    45   239   274   219   279 0.66 -
C0000000013_ptg000013l:78600-80321     -            574 12680at4891          -            242    0.0016   14.9   1.4   1   2   0.00027     0.011   12.2   1.0    92   131   284   325   280   408 0.89 -
C0000000013_ptg000013l:78600-80321     -            574 12680at4891          -            242    0.0016   14.9   1.4   2   2       1.3        56    0.0   0.0    87   122   415   453   328   473 0.59 -
C0000000006_ptg000006l:445926-447674   -            583 12680at4891          -            242    0.0023   14.4   0.0   1   2     0.031       1.3    5.4   0.0    13    50   233   270   225   277 0.85 -
C0000000006_ptg000006l:445926-447674   -            583 12680at4891          -            242    0.0023   14.4   0.0   2   2     0.083       3.5    4.0   0.0   194   217   555   578   497   582 0.56 -
C0000000001_ptg000001l:75048-76022     -            325 12680at4891          -            242    0.0026   14.2   1.2   1   3      0.18       7.3    2.9   0.0   127   157    89   119    84   129 0.87 -
C0000000001_ptg000001l:75048-76022     -            325 12680at4891          -            242    0.0026   14.2   1.2   2   3      0.42        18    1.7   0.0    85   122   233   272   214   280 0.62 -
C0000000001_ptg000001l:75048-76022     -            325 12680at4891          -            242    0.0026   14.2   1.2   3   3     0.017      0.71    6.2   0.2    15    46   285   316   274   324 0.82 -
C0000000009_ptg000009l:325431-327065   -            545 12680at4891          -            242    0.0028   14.1   0.1   1   1   0.00022    0.0091   12.4   0.0    17    48   266   297   257   306 0.86 -
C0000000005_ptg000005l:256197-258119   -            641 12680at4891          -            242    0.0056   13.1   0.0   1   1   0.00035     0.015   11.8   0.0    68   134   161   228   157   235 0.85 -
C0000000005_ptg000005l:522101-523066   -            322 12680at4891          -            242     0.012   12.1  15.4   1   5       2.2        90   -0.6   0.1    10    47     4    39     1    45 0.75 -
C0000000005_ptg000005l:522101-523066   -            322 12680at4891          -            242     0.012   12.1  15.4   2   5      0.21       8.8    2.7   0.2    91   123    52    85    51    94 0.84 -
C0000000005_ptg000005l:522101-523066   -            322 12680at4891          -            242     0.012   12.1  15.4   3   5     0.062       2.6    4.4   0.1    92   122   102   133    94   146 0.61 -
C0000000005_ptg000005l:522101-523066   -            322 12680at4891          -            242     0.012   12.1  15.4   4   5     0.002     0.084    9.3   0.5    89   121   145   178   136   190 0.86 -
C0000000005_ptg000005l:522101-523066   -            322 12680at4891          -            242     0.012   12.1  15.4   5   5       0.1       4.3    3.7   0.2    90   121   190   224   182   233 0.80 -
C0000000005_ptg000005l:1329188-1330753 -            522 12680at4891          -            242     0.019   11.4   0.1   1   2      0.32        13    2.1   0.0    97   124   336   365   328   371 0.70 -
C0000000005_ptg000005l:1329188-1330753 -            522 12680at4891          -            242     0.019   11.4   0.1   2   2     0.035       1.5    5.2   0.0    19    55   392   428   376   443 0.68 -
#
# Program:         hmmsearch
# Version:         3.1b2 (February 2015)
# Pipeline mode:   SEARCH
# Query file:      /home/deepseq/tool/BUSCO_v5/saccharomycetes_odb10/hmms/12680at4891.hmm
# Target file:     /var/www/gvolante/request/project/202302230949-GVF6W5EPF13MH478/202302230949-GVF6W5EPF13MH478_busco/run_saccharomycetes_odb10/metaeuk_output/initial_results/SRR13577846.fa.ca.modified.fas
# Option settings: hmmsearch --domtblout /var/www/gvolante/request/project/202302230949-GVF6W5EPF13MH478/202302230949-GVF6W5EPF13MH478_busco/run_saccharomycetes_odb10/hmmer_output/initial_run_results/12680at4891.out --cpu 1 /home/deepseq/tool/BUSCO_v5/saccharomycetes_odb10/hmms/12680at4891.hmm /var/www/gvolante/request/project/202302230949-GVF6W5EPF13MH478/202302230949-GVF6W5EPF13MH478_busco/run_saccharomycetes_odb10/metaeuk_output/initial_results/SRR13577846.fa.ca.modified.fas 
# Current dir:     /var/www/gvolante/request/project/202302230949-GVF6W5EPF13MH478
# Date:            Thu Feb 23 09:51:04 2023
# [ok]
