#                                                                                              --- full sequence --- -------------- this domain -------------   hmm coord   ali coord   env coord
# target name                          accession   tlen query name           accession   qlen   E-value  score  bias   #  of  c-Evalue  i-Evalue  score  bias  from    to  from    to  from    to  acc description of target
#                  ------------------- ---------- ----- -------------------- ---------- ----- --------- ------ ----- --- --- --------- --------- ------ ----- ----- ----- ----- ----- ----- ----- ---- ---------------------
C0000000014_ptg000014l:156967-157878   -            304 15960at4891          -            258  1.7e-136  450.9  10.1   1   1  8.2e-138  3.2e-136  450.0  10.1     1   258     2   300     2   300 0.92 -
C0000000004_ptg000004l:379350-382178   -            943 15960at4891          -            258   6.5e-26   88.5  15.0   1   4      0.28        11    2.5   0.0    67    93    85   111    79   114 0.77 -
C0000000004_ptg000004l:379350-382178   -            943 15960at4891          -            258   6.5e-26   88.5  15.0   2   4   2.7e-09   1.1e-07   28.8   0.3    57   178   115   243   111   280 0.75 -
C0000000004_ptg000004l:379350-382178   -            943 15960at4891          -            258   6.5e-26   88.5  15.0   3   4   7.6e-11     3e-09   33.9   1.2    48   240   376   603   343   622 0.72 -
C0000000004_ptg000004l:379350-382178   -            943 15960at4891          -            258   6.5e-26   88.5  15.0   4   4   2.3e-07   9.2e-06   22.5   0.7   175   244   616   691   607   700 0.80 -
C0000000002_ptg000002l:201554-203944   -            797 15960at4891          -            258   9.6e-26   88.0   8.7   1   6      0.02      0.78    6.3   0.0    37    91   442   496   432   512 0.81 -
C0000000002_ptg000002l:201554-203944   -            797 15960at4891          -            258   9.6e-26   88.0   8.7   2   6   1.9e-08   7.5e-07   26.0   0.0   204   251   519   567   515   569 0.91 -
C0000000002_ptg000002l:201554-203944   -            797 15960at4891          -            258   9.6e-26   88.0   8.7   3   6   9.5e-07   3.8e-05   20.5   0.4   205   257   562   615   558   616 0.88 -
C0000000002_ptg000002l:201554-203944   -            797 15960at4891          -            258   9.6e-26   88.0   8.7   4   6   1.3e-09     5e-08   29.9   0.5   187   258   580   658   573   658 0.83 -
C0000000002_ptg000002l:201554-203944   -            797 15960at4891          -            258   9.6e-26   88.0   8.7   5   6   2.1e-05   0.00083   16.1   0.0    64    92   654   682   651   692 0.90 -
C0000000002_ptg000002l:201554-203944   -            797 15960at4891          -            258   9.6e-26   88.0   8.7   6   6    0.0011     0.042   10.5   0.0    57    93   689   726   681   735 0.61 -
C0000000010_ptg000010l:112406-115159   -            918 15960at4891          -            258     2e-24   83.6   5.3   1   5     0.014      0.57    6.8   0.0   108   193    24   115    13   137 0.73 -
C0000000010_ptg000010l:112406-115159   -            918 15960at4891          -            258     2e-24   83.6   5.3   2   5   1.3e-06   5.2e-05   20.0   0.8   175   240   147   221   134   225 0.84 -
C0000000010_ptg000010l:112406-115159   -            918 15960at4891          -            258     2e-24   83.6   5.3   3   5      0.41        16    2.0   0.0    98   166   260   332   248   342 0.73 -
C0000000010_ptg000010l:112406-115159   -            918 15960at4891          -            258     2e-24   83.6   5.3   4   5   7.9e-10   3.1e-08   30.6   0.1    60   167   342   461   334   464 0.73 -
C0000000010_ptg000010l:112406-115159   -            918 15960at4891          -            258     2e-24   83.6   5.3   5   5   8.1e-06   0.00032   17.4   0.1    60   142   470   561   463   580 0.76 -
C0000000010_ptg000010l:93758-94756     -            333 15960at4891          -            258   9.7e-24   81.4  14.8   1   3   0.00011    0.0043   13.7   0.1   207   252     1    48     1    54 0.78 -
C0000000010_ptg000010l:93758-94756     -            333 15960at4891          -            258   9.7e-24   81.4  14.8   2   3   2.2e-16   8.7e-15   52.1   1.9    76   257    69   268    61   269 0.73 -
C0000000010_ptg000010l:93758-94756     -            333 15960at4891          -            258   9.7e-24   81.4  14.8   3   3   3.1e-08   1.2e-06   25.3   2.1   170   238   257   332   255   333 0.84 -
C0000000013_ptg000013l:113953-116400   -            816 15960at4891          -            258   4.1e-21   72.8  10.2   1   6         2        79   -0.3   0.0    61   100    61   101    48   139 0.65 -
C0000000013_ptg000013l:113953-116400   -            816 15960at4891          -            258   4.1e-21   72.8  10.2   2   6     0.004      0.16    8.6   0.0    59   133   140   232   131   265 0.55 -
C0000000013_ptg000013l:113953-116400   -            816 15960at4891          -            258   4.1e-21   72.8  10.2   3   6     0.034       1.4    5.5   0.0    59    89   384   416   375   441 0.82 -
C0000000013_ptg000013l:113953-116400   -            816 15960at4891          -            258   4.1e-21   72.8  10.2   4   6       3.2   1.3e+02   -0.9   0.0    74    95   452   473   443   494 0.74 -
C0000000013_ptg000013l:113953-116400   -            816 15960at4891          -            258   4.1e-21   72.8  10.2   5   6   6.3e-12   2.5e-10   37.4   0.7   173   254   490   578   472   582 0.84 -
C0000000013_ptg000013l:113953-116400   -            816 15960at4891          -            258   4.1e-21   72.8  10.2   6   6   1.2e-07   4.7e-06   23.4   0.3    98   166   575   646   570   693 0.84 -
C0000000003_ptg000003l:672388-673722   -            445 15960at4891          -            258   9.2e-21   71.6   8.9   1   4   0.00016    0.0063   13.2   0.3    65    91   137   164   125   167 0.76 -
C0000000003_ptg000003l:672388-673722   -            445 15960at4891          -            258   9.2e-21   71.6   8.9   2   4   2.3e-09   9.3e-08   29.0   0.1   202   257   168   224   164   225 0.92 -
C0000000003_ptg000003l:672388-673722   -            445 15960at4891          -            258   9.2e-21   71.6   8.9   3   4     0.017      0.68    6.5   0.0    72    95   229   252   220   272 0.68 -
C0000000003_ptg000003l:672388-673722   -            445 15960at4891          -            258   9.2e-21   71.6   8.9   4   4     8e-09   3.2e-07   27.3   0.1    57   203   254   422   250   443 0.64 -
C0000000016_ptg000016l:181896-182717   -            274 15960at4891          -            258   7.2e-19   65.4  10.3   1   3   3.6e-13   1.4e-11   41.5   4.3     9   135     3   143     1   157 0.80 -
C0000000016_ptg000016l:181896-182717   -            274 15960at4891          -            258   7.2e-19   65.4  10.3   2   3    0.0013     0.051   10.2   0.0     5    27   209   231   206   238 0.90 -
C0000000016_ptg000016l:181896-182717   -            274 15960at4891          -            258   7.2e-19   65.4  10.3   3   3    0.0009     0.035   10.7   0.1    68    92   241   265   233   273 0.76 -
C0000000005_ptg000005l:1307495-1311091 -           1199 15960at4891          -            258   2.9e-18   63.5   4.1   1   4   2.1e-05   0.00082   16.1   0.0    65   133    15    89     5    96 0.82 -
C0000000005_ptg000005l:1307495-1311091 -           1199 15960at4891          -            258   2.9e-18   63.5   4.1   2   4   6.2e-07   2.4e-05   21.1   0.3    62   133    96   173    88   183 0.56 -
C0000000005_ptg000005l:1307495-1311091 -           1199 15960at4891          -            258   2.9e-18   63.5   4.1   3   4   1.3e-09   5.1e-08   29.9   0.4     5   139   152   296   151   344 0.75 -
C0000000005_ptg000005l:1307495-1311091 -           1199 15960at4891          -            258   2.9e-18   63.5   4.1   4   4      0.46        18    1.8   0.1    71   151   424   506   411   528 0.69 -
C0000000010_ptg000010l:74467-75246     -            260 15960at4891          -            258   3.8e-18   63.1   0.2   1   4   3.4e-11   1.3e-09   35.1   0.0    65   166     2   111     1   119 0.84 -
C0000000010_ptg000010l:74467-75246     -            260 15960at4891          -            258   3.8e-18   63.1   0.2   2   4   7.4e-06   0.00029   17.5   0.1   178   241    85   162    83   177 0.77 -
C0000000010_ptg000010l:74467-75246     -            260 15960at4891          -            258   3.8e-18   63.1   0.2   3   4   0.00046     0.018   11.7   0.0   203   258   178   234   167   234 0.90 -
C0000000010_ptg000010l:74467-75246     -            260 15960at4891          -            258   3.8e-18   63.1   0.2   4   4       6.6   2.6e+02   -2.0   0.0   186   201   245   260   241   260 0.83 -
C0000000006_ptg000006l:551155-551790   -            212 15960at4891          -            258   2.7e-16   57.0   2.2   1   3   0.00076      0.03   11.0   0.0    73    93    12    32     2    54 0.59 -
C0000000006_ptg000006l:551155-551790   -            212 15960at4891          -            258   2.7e-16   57.0   2.2   2   3   1.4e-05   0.00055   16.7   0.0   220   256    74   111    33   113 0.84 -
C0000000006_ptg000006l:551155-551790   -            212 15960at4891          -            258   2.7e-16   57.0   2.2   3   3   2.3e-10   9.2e-09   32.3   0.4    59   164   102   212   101   212 0.85 -
C0000000011_ptg000011l:828275-829651   -            459 15960at4891          -            258   1.3e-15   54.8   4.3   1   5   1.3e-06   5.1e-05   20.0   0.0   174   253    69   146    57   151 0.73 -
C0000000011_ptg000011l:828275-829651   -            459 15960at4891          -            258   1.3e-15   54.8   4.3   2   5     0.029       1.2    5.8   0.2     5   104   158   250   154   275 0.62 -
C0000000011_ptg000011l:828275-829651   -            459 15960at4891          -            258   1.3e-15   54.8   4.3   3   5    0.0045      0.18    8.4   0.2     6    92   223   319   219   326 0.56 -
C0000000011_ptg000011l:828275-829651   -            459 15960at4891          -            258   1.3e-15   54.8   4.3   4   5    0.0061      0.24    8.0   0.1    81   145   270   337   254   357 0.67 -
C0000000011_ptg000011l:828275-829651   -            459 15960at4891          -            258   1.3e-15   54.8   4.3   5   5   4.9e-08     2e-06   24.7   0.4     7    95   305   410   302   457 0.67 -
C0000000007_ptg000007l:472642-473127   -            162 15960at4891          -            258   7.1e-15   52.3   5.1   1   3   0.00075      0.03   11.0   0.0   202   241    10    50     3    58 0.84 -
C0000000007_ptg000007l:472642-473127   -            162 15960at4891          -            258   7.1e-15   52.3   5.1   2   3   6.9e-11   2.7e-09   34.0   0.9   205   257    61   114    51   115 0.92 -
C0000000007_ptg000007l:472642-473127   -            162 15960at4891          -            258   7.1e-15   52.3   5.1   3   3   0.00089     0.035   10.7   0.3    63    95   110   142   109   161 0.79 -
C0000000009_ptg000009l:290638-291492   -            285 15960at4891          -            258     2e-14   50.9   5.4   1   5   3.8e-05    0.0015   15.2   0.2     4    45    18    59    15    64 0.92 -
C0000000009_ptg000009l:290638-291492   -            285 15960at4891          -            258     2e-14   50.9   5.4   2   5     0.028       1.1    5.8   0.0    59    90    42    77    41    85 0.65 -
C0000000009_ptg000009l:290638-291492   -            285 15960at4891          -            258     2e-14   50.9   5.4   3   5      0.11       4.4    3.9   0.1    59    91   109   141   104   145 0.81 -
C0000000009_ptg000009l:290638-291492   -            285 15960at4891          -            258     2e-14   50.9   5.4   4   5    0.0013     0.051   10.2   0.1    55    91   147   183   140   197 0.78 -
C0000000009_ptg000009l:290638-291492   -            285 15960at4891          -            258     2e-14   50.9   5.4   5   5     8e-06   0.00032   17.4   0.0    59   127   211   283   196   285 0.80 -
C0000000001_ptg000001l:154091-154987   -            299 15960at4891          -            258   2.1e-14   50.8   7.3   1   5   7.7e-05    0.0031   14.2   0.0   203   255    15    67    10    70 0.85 -
C0000000001_ptg000001l:154091-154987   -            299 15960at4891          -            258   2.1e-14   50.8   7.3   2   5   5.4e-05    0.0021   14.7   0.1     4    45    76   117    73   119 0.93 -
C0000000001_ptg000001l:154091-154987   -            299 15960at4891          -            258   2.1e-14   50.8   7.3   3   5     0.026         1    5.9   0.0    59    90   100   135    99   147 0.66 -
C0000000001_ptg000001l:154091-154987   -            299 15960at4891          -            258   2.1e-14   50.8   7.3   4   5    0.0026       0.1    9.2   0.1    57    91   207   241   201   250 0.80 -
C0000000001_ptg000001l:154091-154987   -            299 15960at4891          -            258   2.1e-14   50.8   7.3   5   5     0.041       1.6    5.3   0.0    58    89   268   299   252   299 0.72 -
C0000000011_ptg000011l:738372-739637   -            422 15960at4891          -            258     3e-14   50.3   6.1   1   4   2.5e-05   0.00098   15.8   0.4    42   103    70   134    51   170 0.76 -
C0000000011_ptg000011l:738372-739637   -            422 15960at4891          -            258     3e-14   50.3   6.1   2   4   8.5e-06   0.00034   17.3   0.1   204   256   175   227   163   229 0.84 -
C0000000011_ptg000011l:738372-739637   -            422 15960at4891          -            258     3e-14   50.3   6.1   3   4    0.0017     0.067    9.8   0.0    78   127   245   300   235   310 0.44 -
C0000000011_ptg000011l:738372-739637   -            422 15960at4891          -            258     3e-14   50.3   6.1   4   4     0.037       1.5    5.4   0.0   136   201   348   418   337   420 0.71 -
C0000000017_ptg000017l:275223-276446   -            408 15960at4891          -            258   1.4e-13   48.1   0.6   1   3    0.0065      0.26    7.9   0.0    38    91    20    74    12    91 0.78 -
C0000000017_ptg000017l:275223-276446   -            408 15960at4891          -            258   1.4e-13   48.1   0.6   2   3   1.5e-08   5.8e-07   26.4   0.5    71   131   111   177   100   192 0.81 -
C0000000017_ptg000017l:275223-276446   -            408 15960at4891          -            258   1.4e-13   48.1   0.6   3   3    0.0015     0.059   10.0   0.0   204   247   288   334   276   343 0.79 -
C0000000007_ptg000007l:535847-536884   -            346 15960at4891          -            258   8.4e-13   45.5   1.2   1   3   2.7e-09   1.1e-07   28.8   0.4   171   241     6    83     1    92 0.83 -
C0000000007_ptg000007l:535847-536884   -            346 15960at4891          -            258   8.4e-13   45.5   1.2   2   3      0.72        28    1.2   0.0    57    92   148   184   120   193 0.72 -
C0000000007_ptg000007l:535847-536884   -            346 15960at4891          -            258   8.4e-13   45.5   1.2   3   3   0.00045     0.018   11.7   0.0   205   248   191   235   186   245 0.89 -
C0000000002_ptg000002l:236728-237624   -            299 15960at4891          -            258   1.3e-12   44.9   1.1   1   4    0.0018     0.072    9.7   0.0   197   256    27    86     5    88 0.87 -
C0000000002_ptg000002l:236728-237624   -            299 15960at4891          -            258   1.3e-12   44.9   1.1   2   4    0.0079      0.31    7.6   0.0     4    38    95   129    92   137 0.76 -
C0000000002_ptg000002l:236728-237624   -            299 15960at4891          -            258   1.3e-12   44.9   1.1   3   4    0.0013     0.053   10.1   0.0     2    31   136   165   135   174 0.90 -
C0000000002_ptg000002l:236728-237624   -            299 15960at4891          -            258   1.3e-12   44.9   1.1   4   4   0.00048     0.019   11.6   0.0    64   111   177   227   171   297 0.75 -
C0000000014_ptg000014l:735866-737215   -            450 15960at4891          -            258   1.9e-12   44.4   5.9   1   4   5.2e-09     2e-07   27.9   2.7    61   135   120   200   106   209 0.76 -
C0000000014_ptg000014l:735866-737215   -            450 15960at4891          -            258   1.9e-12   44.4   5.9   2   4   4.1e-06   0.00016   18.4   1.1   177   238   165   232   153   246 0.78 -
C0000000014_ptg000014l:735866-737215   -            450 15960at4891          -            258   1.9e-12   44.4   5.9   3   4     0.047       1.9    5.1   0.0    62   154   247   352   240   364 0.58 -
C0000000014_ptg000014l:735866-737215   -            450 15960at4891          -            258   1.9e-12   44.4   5.9   4   4       0.3        12    2.4   0.0    64    94   338   368   330   378 0.65 -
C0000000017_ptg000017l:164206-165084   -            293 15960at4891          -            258   8.7e-12   42.2   1.1   1   4    0.0052       0.2    8.2   0.0    61    91    12    45     4    67 0.69 -
C0000000017_ptg000017l:164206-165084   -            293 15960at4891          -            258   8.7e-12   42.2   1.1   2   4     0.058       2.3    4.8   0.0   217   242    81   106    75   113 0.73 -
C0000000017_ptg000017l:164206-165084   -            293 15960at4891          -            258   8.7e-12   42.2   1.1   3   4   1.2e-07   4.7e-06   23.4   0.1    69   167   147   248   143   253 0.73 -
C0000000017_ptg000017l:164206-165084   -            293 15960at4891          -            258   8.7e-12   42.2   1.1   4   4   1.3e-05   0.00053   16.7   0.1    59   164   177   293   174   293 0.55 -
C0000000008_ptg000008l:192003-194357   -            785 15960at4891          -            258   6.6e-11   39.3  11.1   1   6   9.6e-06   0.00038   17.2   0.1   204   241    53    90    23   111 0.77 -
C0000000008_ptg000008l:192003-194357   -            785 15960at4891          -            258   6.6e-11   39.3  11.1   2   6   2.4e-08   9.5e-07   25.7   0.3    58   240    54   236    50   254 0.68 -
C0000000008_ptg000008l:192003-194357   -            785 15960at4891          -            258   6.6e-11   39.3  11.1   3   6       3.7   1.4e+02   -1.1   0.1   200   238   271   309   248   314 0.75 -
C0000000008_ptg000008l:192003-194357   -            785 15960at4891          -            258   6.6e-11   39.3  11.1   4   6       1.6        62    0.1   0.0   207   237   382   412   370   418 0.85 -
C0000000008_ptg000008l:192003-194357   -            785 15960at4891          -            258   6.6e-11   39.3  11.1   5   6      0.14       5.5    3.5   0.0   177   239   561   635   546   641 0.60 -
C0000000008_ptg000008l:192003-194357   -            785 15960at4891          -            258   6.6e-11   39.3  11.1   6   6    0.0035      0.14    8.8   0.2   177   247   609   692   600   708 0.70 -
C0000000003_ptg000003l:52077-53465     -            463 15960at4891          -            258   7.5e-11   39.2   3.1   1   3   0.00015    0.0059   13.3   0.3   202   255   256   310   133   311 0.71 -
C0000000003_ptg000003l:52077-53465     -            463 15960at4891          -            258   7.5e-11   39.2   3.1   2   3   1.4e-05   0.00055   16.6   0.0    60   129   303   380   301   387 0.79 -
C0000000003_ptg000003l:52077-53465     -            463 15960at4891          -            258   7.5e-11   39.2   3.1   3   3    0.0029      0.11    9.1   0.1   173   237   390   463   383   463 0.75 -
C0000000007_ptg000007l:426109-427647   -            513 15960at4891          -            258   9.2e-11   38.9   0.1   1   2   1.3e-05   0.00053   16.7   0.1    94   202    35   153    25   161 0.74 -
C0000000007_ptg000007l:426109-427647   -            513 15960at4891          -            258   9.2e-11   38.9   0.1   2   2   3.3e-06   0.00013   18.7   0.0    74   131   182   244   161   292 0.73 -
C0000000004_ptg000004l:113013-114467   -            485 15960at4891          -            258   1.2e-10   38.5   6.3   1   4      0.51        20    1.7   0.0   224   241    82    99    53   116 0.66 -
C0000000004_ptg000004l:113013-114467   -            485 15960at4891          -            258   1.2e-10   38.5   6.3   2   4     0.018      0.72    6.4   0.2    73   105   133   165   129   193 0.76 -
C0000000004_ptg000004l:113013-114467   -            485 15960at4891          -            258   1.2e-10   38.5   6.3   3   4   0.00063     0.025   11.2   0.1    55    99   213   260   205   276 0.75 -
C0000000004_ptg000004l:113013-114467   -            485 15960at4891          -            258   1.2e-10   38.5   6.3   4   4   3.3e-06   0.00013   18.7   0.3   152   238   277   376   265   380 0.75 -
C0000000002_ptg000002l:370765-372369   -            535 15960at4891          -            258   5.8e-10   36.2   1.0   1   2    0.0012     0.046   10.3   0.3    62   128   221   292   215   323 0.79 -
C0000000002_ptg000002l:370765-372369   -            535 15960at4891          -            258   5.8e-10   36.2   1.0   2   2   8.3e-08   3.3e-06   23.9   0.0    64   169   362   474   339   483 0.77 -
C0000000005_ptg000005l:321518-322747   -            410 15960at4891          -            258   2.6e-09   34.1   0.6   1   4       5.5   2.2e+02   -1.7   0.0   239   256   105   122   102   124 0.83 -
C0000000005_ptg000005l:321518-322747   -            410 15960at4891          -            258   2.6e-09   34.1   0.6   2   4       0.2       8.1    3.0   0.0    75    90   132   147   110   156 0.67 -
C0000000005_ptg000005l:321518-322747   -            410 15960at4891          -            258   2.6e-09   34.1   0.6   3   4   0.00063     0.025   11.2   0.0    59    92   157   192   151   203 0.86 -
C0000000005_ptg000005l:321518-322747   -            410 15960at4891          -            258   2.6e-09   34.1   0.6   4   4   0.00052     0.021   11.5   0.0    63   168   250   369   237   378 0.57 -
C0000000002_ptg000002l:594852-597371   -            840 15960at4891          -            258   7.1e-09   32.7   0.5   1   3      0.13       5.3    3.6   0.0   177   202    20    45     6    54 0.58 -
C0000000002_ptg000002l:594852-597371   -            840 15960at4891          -            258   7.1e-09   32.7   0.5   2   3     0.017      0.66    6.6   0.0   166   202    70   107    68   118 0.56 -
C0000000002_ptg000002l:594852-597371   -            840 15960at4891          -            258   7.1e-09   32.7   0.5   3   3   7.8e-06   0.00031   17.5   0.1   135   202   135   207   125   213 0.82 -
C0000000011_ptg000011l:821901-823202   -            434 15960at4891          -            258   2.4e-08   30.9  11.6   1   3   8.1e-05    0.0032   14.1   4.3   100   237   139   304   131   319 0.57 -
C0000000011_ptg000011l:821901-823202   -            434 15960at4891          -            258   2.4e-08   30.9  11.6   2   3     0.072       2.8    4.5   0.0    74    93   353   372   346   383 0.82 -
C0000000011_ptg000011l:821901-823202   -            434 15960at4891          -            258   2.4e-08   30.9  11.6   3   3   0.00011    0.0043   13.7   0.2   204   241   393   428   383   432 0.87 -
C0000000009_ptg000009l:374554-375648   -            365 15960at4891          -            258   2.8e-08   30.7   0.2   1   3   0.00021    0.0082   12.8   0.1    63    97    38    73    27   133 0.63 -
C0000000009_ptg000009l:374554-375648   -            365 15960at4891          -            258   2.8e-08   30.7   0.2   2   3    0.0017     0.068    9.8   0.1    73   128   137   195   130   234 0.71 -
C0000000009_ptg000009l:374554-375648   -            365 15960at4891          -            258   2.8e-08   30.7   0.2   3   3      0.13       5.3    3.6   0.0    96   130   267   302   261   331 0.69 -
C0000000007_ptg000007l:345809-348142   -            778 15960at4891          -            258   4.4e-08   30.1   0.0   1   2   0.00031     0.012   12.2   0.0    63    92   410   439   398   461 0.83 -
C0000000007_ptg000007l:345809-348142   -            778 15960at4891          -            258   4.4e-08   30.1   0.0   2   2   0.00027     0.011   12.5   0.0    91   202   603   722   560   778 0.74 -
C0000000008_ptg000008l:611274-611873   -            200 15960at4891          -            258   1.6e-07   28.3   0.1   1   2   1.9e-06   7.7e-05   19.5   0.0    63   143     6    97     2   117 0.73 -
C0000000008_ptg000008l:611274-611873   -            200 15960at4891          -            258   1.6e-07   28.3   0.1   2   2   0.00011    0.0045   13.7   0.0     6   131    62   190    60   193 0.78 -
C0000000013_ptg000013l:468770-471571   -            934 15960at4891          -            258   4.1e-07   26.9   0.2   1   3         2        80   -0.3   0.0   129   166   235   273   216   287 0.68 -
C0000000013_ptg000013l:468770-471571   -            934 15960at4891          -            258   4.1e-07   26.9   0.2   2   3     0.018       0.7    6.5   0.0   117   209   431   534   402   581 0.62 -
C0000000013_ptg000013l:468770-471571   -            934 15960at4891          -            258   4.1e-07   26.9   0.2   3   3   2.6e-05     0.001   15.8   0.1    62   104   581   623   574   718 0.68 -
C0000000008_ptg000008l:955426-957003   -            526 15960at4891          -            258   5.6e-07   26.5   0.7   1   5       1.5        61    0.1   0.0    58   109    22    73     7    90 0.78 -
C0000000008_ptg000008l:955426-957003   -            526 15960at4891          -            258   5.6e-07   26.5   0.7   2   5      0.68        27    1.3   0.0   112   138   101   126    81   140 0.55 -
C0000000008_ptg000008l:955426-957003   -            526 15960at4891          -            258   5.6e-07   26.5   0.7   3   5   0.00079     0.031   10.9   0.0    40   130   164   267   150   275 0.69 -
C0000000008_ptg000008l:955426-957003   -            526 15960at4891          -            258   5.6e-07   26.5   0.7   4   5     0.026         1    5.9   0.0   100   128   294   322   219   337 0.68 -
C0000000008_ptg000008l:955426-957003   -            526 15960at4891          -            258   5.6e-07   26.5   0.7   5   5     0.015      0.58    6.7   0.0    64   115   295   341   283   359 0.67 -
C0000000008_ptg000008l:811332-812174   -            281 15960at4891          -            258   9.2e-07   25.8   3.2   1   2   5.7e-06   0.00022   17.9   0.8    58   168    19   137     7   154 0.77 -
C0000000008_ptg000008l:811332-812174   -            281 15960at4891          -            258   9.2e-07   25.8   3.2   2   2      0.03       1.2    5.8   0.0     4    41   163   201   161   239 0.78 -
C0000000005_ptg000005l:522101-523066   -            322 15960at4891          -            258   1.1e-06   25.5  12.0   1   4       4.9   1.9e+02   -1.5   0.0   205   239     6    38     2    63 0.64 -
C0000000005_ptg000005l:522101-523066   -            322 15960at4891          -            258   1.1e-06   25.5  12.0   2   4      0.61        24    1.5   0.1    56    88    50    82    19    87 0.70 -
C0000000005_ptg000005l:522101-523066   -            322 15960at4891          -            258   1.1e-06   25.5  12.0   3   4     2e-05    0.0008   16.1   0.2   193   239    87   133    84   142 0.93 -
C0000000005_ptg000005l:522101-523066   -            322 15960at4891          -            258   1.1e-06   25.5  12.0   4   4   0.00063     0.025   11.2   3.1   177   239   153   225   141   229 0.73 -
C0000000007_ptg000007l:63625-65004     -            460 15960at4891          -            258   1.8e-06   24.8   2.1   1   4      0.03       1.2    5.7   0.0   213   251    16    56     6    60 0.77 -
C0000000007_ptg000007l:63625-65004     -            460 15960at4891          -            258   1.8e-06   24.8   2.1   2   4   0.00017    0.0067   13.1   0.3   137   243    71   178    64   191 0.71 -
C0000000007_ptg000007l:63625-65004     -            460 15960at4891          -            258   1.8e-06   24.8   2.1   3   4      0.78        31    1.1   0.0    59    90   185   216   175   223 0.87 -
C0000000007_ptg000007l:63625-65004     -            460 15960at4891          -            258   1.8e-06   24.8   2.1   4   4         4   1.6e+02   -1.2   0.0   213   238   376   401   365   412 0.59 -
C0000000013_ptg000013l:519519-521471   -            651 15960at4891          -            258     2e-06   24.7   0.2   1   2      0.37        15    2.1   0.0    72    92    93   113    76   129 0.66 -
C0000000013_ptg000013l:519519-521471   -            651 15960at4891          -            258     2e-06   24.7   0.2   2   2   1.2e-06   4.7e-05   20.2   0.0   186   246   153   218   128   229 0.75 -
C0000000007_ptg000007l:423728-425572   -            615 15960at4891          -            258   2.2e-06   24.5   0.6   1   5      0.92        36    0.9   0.0    59    96    59   101    19   116 0.68 -
C0000000007_ptg000007l:423728-425572   -            615 15960at4891          -            258   2.2e-06   24.5   0.6   2   5       2.8   1.1e+02   -0.7   0.0   130   152   164   186   138   190 0.70 -
C0000000007_ptg000007l:423728-425572   -            615 15960at4891          -            258   2.2e-06   24.5   0.6   3   5      0.61        24    1.5   0.0   207   239   203   236   196   251 0.76 -
C0000000007_ptg000007l:423728-425572   -            615 15960at4891          -            258   2.2e-06   24.5   0.6   4   5   4.8e-05    0.0019   14.9   0.1   185   256   263   344   257   347 0.73 -
C0000000007_ptg000007l:423728-425572   -            615 15960at4891          -            258   2.2e-06   24.5   0.6   5   5         5     2e+02   -1.5   0.0    76    90   598   612   557   614 0.76 -
C0000000003_ptg000003l:737369-740404   -           1012 15960at4891          -            258   2.2e-06   24.5   9.0   1   5   4.8e-07   1.9e-05   21.5   0.7   152   239   152   250   144   261 0.76 -
C0000000003_ptg000003l:737369-740404   -           1012 15960at4891          -            258   2.2e-06   24.5   9.0   2   5       2.2        86   -0.4   0.0    62    90   272   300   252   306 0.73 -
C0000000003_ptg000003l:737369-740404   -           1012 15960at4891          -            258   2.2e-06   24.5   9.0   3   5       5.2   2.1e+02   -1.6   0.0    71    87   675   691   654   750 0.69 -
C0000000003_ptg000003l:737369-740404   -           1012 15960at4891          -            258   2.2e-06   24.5   9.0   4   5      0.46        18    1.8   0.0    70    94   776   800   762   846 0.79 -
C0000000003_ptg000003l:737369-740404   -           1012 15960at4891          -            258   2.2e-06   24.5   9.0   5   5         1        41    0.7   0.1    68    96   943   971   927   995 0.59 -
C0000000003_ptg000003l:856309-857265   -            319 15960at4891          -            258     3e-06   24.1   0.1   1   2     9e-06   0.00035   17.3   0.0    65   151    44   139    29   149 0.73 -
C0000000003_ptg000003l:856309-857265   -            319 15960at4891          -            258     3e-06   24.1   0.1   2   2     0.079       3.1    4.3   0.0    84   128   171   223   158   239 0.66 -
C0000000013_ptg000013l:94204-95049     -            282 15960at4891          -            258     4e-06   23.7  10.5   1   4   9.2e-05    0.0036   14.0   0.4   177   240     5    78     1    96 0.70 -
C0000000013_ptg000013l:94204-95049     -            282 15960at4891          -            258     4e-06   23.7  10.5   2   4      0.21       8.2    3.0   0.1     4    31    62    89    59   145 0.72 -
C0000000013_ptg000013l:94204-95049     -            282 15960at4891          -            258     4e-06   23.7  10.5   3   4   0.00042     0.017   11.8   1.5   191   240   168   230   160   234 0.71 -
C0000000013_ptg000013l:94204-95049     -            282 15960at4891          -            258     4e-06   23.7  10.5   4   4      0.42        17    2.0   0.4   188   238   214   275   210   279 0.60 -
C0000000012_ptg000012l:72001-73275     -            425 15960at4891          -            258   4.6e-06   23.5   7.3   1   3   0.00024    0.0095   12.6   0.0    63    92    74   103    66   117 0.64 -
C0000000012_ptg000012l:72001-73275     -            425 15960at4891          -            258   4.6e-06   23.5   7.3   2   3      0.52        21    1.7   0.0    53    91   139   177   111   186 0.72 -
C0000000012_ptg000012l:72001-73275     -            425 15960at4891          -            258   4.6e-06   23.5   7.3   3   3     0.089       3.5    4.2   3.0     7    75   189   260   182   350 0.62 -
C0000000007_ptg000007l:511519-513051   -            511 15960at4891          -            258     1e-05   22.3   3.2   1   3       8.4   3.3e+02   -2.3   0.0    74   166   227   243   212   257 0.53 -
C0000000007_ptg000007l:511519-513051   -            511 15960at4891          -            258     1e-05   22.3   3.2   2   3     0.047       1.9    5.1   0.1    62   104   367   410   359   414 0.76 -
C0000000007_ptg000007l:511519-513051   -            511 15960at4891          -            258     1e-05   22.3   3.2   3   3    0.0031      0.12    9.0   0.0    59    93   415   450   406   463 0.76 -
C0000000017_ptg000017l:458260-458820   -            187 15960at4891          -            258   1.9e-05   21.4   0.4   1   2   1.7e-06   6.6e-05   19.7   0.2   188   243    15    76     7    89 0.75 -
C0000000017_ptg000017l:458260-458820   -            187 15960at4891          -            258   1.9e-05   21.4   0.4   2   2       2.8   1.1e+02   -0.7   0.0   110   129   167   186   158   187 0.68 -
C0000000008_ptg000008l:850268-852322   -            685 15960at4891          -            258   2.1e-05   21.3   0.0   1   1   2.4e-06   9.4e-05   19.2   0.0    72   131    54   119    40   136 0.80 -
C0000000002_ptg000002l:46657-49257     -            867 15960at4891          -            258   2.5e-05   21.1   0.9   1   2     0.012      0.46    7.1   0.0   207   246    55    95    18   107 0.75 -
C0000000002_ptg000002l:46657-49257     -            867 15960at4891          -            258   2.5e-05   21.1   0.9   2   2    0.0021     0.083    9.5   1.3    75   170   240   348   234   391 0.57 -
C0000000001_ptg000001l:75048-76022     -            325 15960at4891          -            258   5.9e-05   19.8   0.0   1   2       2.7   1.1e+02   -0.7   0.0   104   137    93   126    79   146 0.79 -
C0000000001_ptg000001l:75048-76022     -            325 15960at4891          -            258   5.9e-05   19.8   0.0   2   2   7.3e-06   0.00029   17.6   0.0   115   201   218   314   207   323 0.81 -
C0000000005_ptg000005l:1002954-1003748 -            265 15960at4891          -            258   5.9e-05   19.8   2.6   1   3   0.00011    0.0044   13.7   0.2   183   241    12    77     1    83 0.75 -
C0000000005_ptg000005l:1002954-1003748 -            265 15960at4891          -            258   5.9e-05   19.8   2.6   2   3      0.25       9.8    2.7   0.0   106   129   102   127    89   145 0.72 -
C0000000005_ptg000005l:1002954-1003748 -            265 15960at4891          -            258   5.9e-05   19.8   2.6   3   3      0.39        15    2.1   0.2    51   124   118   193   111   202 0.46 -
C0000000008_ptg000008l:1017853-1019040 -            396 15960at4891          -            258   8.7e-05   19.3   0.3   1   4     0.031       1.2    5.7   0.0    62    91    15    44     8    61 0.82 -
C0000000008_ptg000008l:1017853-1019040 -            396 15960at4891          -            258   8.7e-05   19.3   0.3   2   4      0.66        26    1.3   0.0   151   166   140   155   132   162 0.88 -
C0000000008_ptg000008l:1017853-1019040 -            396 15960at4891          -            258   8.7e-05   19.3   0.3   3   4       4.5   1.8e+02   -1.4   0.0   129   156   225   252   195   263 0.74 -
C0000000008_ptg000008l:1017853-1019040 -            396 15960at4891          -            258   8.7e-05   19.3   0.3   4   4     0.011      0.45    7.1   0.1    64    93   294   323   284   346 0.65 -
C0000000010_ptg000010l:294377-296545   -            723 15960at4891          -            258   9.7e-05   19.1   1.6   1   4       1.2        48    0.5   0.1   197   232   290   325   283   346 0.71 -
C0000000010_ptg000010l:294377-296545   -            723 15960at4891          -            258   9.7e-05   19.1   1.6   2   4      0.85        34    1.0   0.0   212   239   352   379   315   390 0.59 -
C0000000010_ptg000010l:294377-296545   -            723 15960at4891          -            258   9.7e-05   19.1   1.6   3   4       2.8   1.1e+02   -0.7   0.0   222   250   605   635   592   642 0.60 -
C0000000010_ptg000010l:294377-296545   -            723 15960at4891          -            258   9.7e-05   19.1   1.6   4   4   0.00079     0.031   10.9   0.1    61   127   638   722   629   723 0.67 -
C0000000005_ptg000005l:812839-816264   -           1142 15960at4891          -            258   0.00021   18.0   7.4   1   3   0.00035     0.014   12.1   0.4    51   134    98   191    81   204 0.68 -
C0000000005_ptg000005l:812839-816264   -           1142 15960at4891          -            258   0.00021   18.0   7.4   2   3    0.0018     0.073    9.7   0.1    59   101   193   238   189   245 0.75 -
C0000000005_ptg000005l:812839-816264   -           1142 15960at4891          -            258   0.00021   18.0   7.4   3   3         6   2.4e+02   -1.8   0.2   213   243   310   340   304   347 0.69 -
C0000000008_ptg000008l:788546-789586   -            347 15960at4891          -            258   0.00024   17.8   4.6   1   4     0.061       2.4    4.7   0.2   182   202    17    37     5    62 0.67 -
C0000000008_ptg000008l:788546-789586   -            347 15960at4891          -            258   0.00024   17.8   4.6   2   4     0.039       1.5    5.4   0.0     4    18    71    85    68   103 0.90 -
C0000000008_ptg000008l:788546-789586   -            347 15960at4891          -            258   0.00024   17.8   4.6   3   4       1.4        56    0.2   0.0   115   142   234   260   228   281 0.71 -
C0000000008_ptg000008l:788546-789586   -            347 15960at4891          -            258   0.00024   17.8   4.6   4   4     0.038       1.5    5.4   0.2   205   239   299   333   286   341 0.77 -
C0000000008_ptg000008l:609668-610297   -            210 15960at4891          -            258   0.00035   17.3   1.6   1   2       7.6     3e+02   -2.2   0.0    65    93    10    38     3    45 0.71 -
C0000000008_ptg000008l:609668-610297   -            210 15960at4891          -            258   0.00035   17.3   1.6   2   2   2.1e-05   0.00084   16.0   1.2    58   164    86   206    20   209 0.53 -
C0000000007_ptg000007l:443065-443637   -            191 15960at4891          -            258   0.00042   17.0   0.2   1   1   4.3e-05    0.0017   15.0   0.2    72   179    18   134     3   191 0.57 -
C0000000011_ptg000011l:150296-153625   -           1110 15960at4891          -            258   0.00073   16.3   0.1   1   2      0.01      0.41    7.2   0.1    62    93   269   300   260   309 0.82 -
C0000000011_ptg000011l:150296-153625   -           1110 15960at4891          -            258   0.00073   16.3   0.1   2   2     0.027       1.1    5.9   0.0    96   166   387   458   350   469 0.89 -
C0000000005_ptg000005l:784230-785345   -            372 15960at4891          -            258   0.00098   15.8   1.7   1   4      0.34        14    2.3   0.1    66    89   109   133    57   145 0.70 -
C0000000005_ptg000005l:784230-785345   -            372 15960at4891          -            258   0.00098   15.8   1.7   2   4       2.1        82   -0.3   0.0   208   239   172   204   155   213 0.74 -
C0000000005_ptg000005l:784230-785345   -            372 15960at4891          -            258   0.00098   15.8   1.7   3   4      0.14       5.6    3.5   0.0    75    97   234   257   216   274 0.66 -
C0000000005_ptg000005l:784230-785345   -            372 15960at4891          -            258   0.00098   15.8   1.7   4   4     0.036       1.4    5.5   0.0     2    22   296   316   295   346 0.82 -
C0000000003_ptg000003l:135792-137510   -            573 15960at4891          -            258    0.0011   15.7   0.0   1   3    0.0019     0.074    9.7   0.0    54   167   227   352   197   361 0.68 -
C0000000003_ptg000003l:135792-137510   -            573 15960at4891          -            258    0.0011   15.7   0.0   2   3      0.25       9.7    2.7   0.0    80   130   380   431   367   456 0.65 -
C0000000003_ptg000003l:135792-137510   -            573 15960at4891          -            258    0.0011   15.7   0.0   3   3       8.1   3.2e+02   -2.2   0.0    75    92   486   503   472   511 0.62 -
C0000000008_ptg000008l:313239-315359   -            707 15960at4891          -            258     0.002   14.8   0.0   1   2     0.034       1.4    5.5   0.0    95   167   177   258   170   281 0.76 -
C0000000008_ptg000008l:313239-315359   -            707 15960at4891          -            258     0.002   14.8   0.0   2   2    0.0031      0.12    8.9   0.0    63   158   230   335   223   346 0.72 -
C0000000017_ptg000017l:268705-269682   -            326 15960at4891          -            258    0.0022   14.7   0.0   1   5      0.16       6.2    3.4   0.0    63    89    26    52    20   102 0.80 -
C0000000017_ptg000017l:268705-269682   -            326 15960at4891          -            258    0.0022   14.7   0.0   2   5     0.024      0.95    6.0   0.0    64    91   113   140    54   153 0.67 -
C0000000017_ptg000017l:268705-269682   -            326 15960at4891          -            258    0.0022   14.7   0.0   3   5     0.025      0.99    6.0   0.0   101   136   113   149   104   174 0.60 -
C0000000017_ptg000017l:268705-269682   -            326 15960at4891          -            258    0.0022   14.7   0.0   4   5         9   3.6e+02   -2.4   0.0    33    48   199   214   191   228 0.70 -
C0000000017_ptg000017l:268705-269682   -            326 15960at4891          -            258    0.0022   14.7   0.0   5   5       1.8        71   -0.1   0.0    81   132   267   282   245   325 0.52 -
C0000000013_ptg000013l:78600-80321     -            574 15960at4891          -            258    0.0024   14.5   0.9   1   2    0.0019     0.077    9.6   0.4     4    36   301   333   298   432 0.51 -
C0000000013_ptg000013l:78600-80321     -            574 15960at4891          -            258    0.0024   14.5   0.9   2   2       4.7   1.9e+02   -1.5   0.0    82   136   498   516   472   534 0.59 -
C0000000003_ptg000003l:627008-629695   -            896 15960at4891          -            258    0.0046   13.6   0.9   1   3     0.018      0.71    6.5   0.0   206   242   293   329   243   343 0.71 -
C0000000003_ptg000003l:627008-629695   -            896 15960at4891          -            258    0.0046   13.6   0.9   2   3      0.67        27    1.3   0.0    54    78   485   509   462   513 0.78 -
C0000000003_ptg000003l:627008-629695   -            896 15960at4891          -            258    0.0046   13.6   0.9   3   3       1.1        43    0.6   0.0   130   193   649   714   638   730 0.73 -
C0000000014_ptg000014l:606876-607679   -            268 15960at4891          -            258    0.0053   13.4   1.2   1   2       1.6        65    0.0   0.0    66    92     3    29     1    40 0.83 -
C0000000014_ptg000014l:606876-607679   -            268 15960at4891          -            258    0.0053   13.4   1.2   2   2    0.0012     0.047   10.3   0.3   130   167   180   218    62   255 0.69 -
C0000000006_ptg000006l:445926-447674   -            583 15960at4891          -            258    0.0071   13.0   0.0   1   2       1.9        75   -0.2   0.0    77    93   253   269   194   328 0.56 -
C0000000006_ptg000006l:445926-447674   -            583 15960at4891          -            258    0.0071   13.0   0.0   2   2     0.013       0.5    6.9   0.0    70   166   465   580   432   582 0.55 -
C0000000011_ptg000011l:380611-381618   -            336 15960at4891          -            258     0.011   12.5   0.2   1   2       6.9   2.7e+02   -2.0   0.0   135   169     8    42     5    50 0.78 -
C0000000011_ptg000011l:380611-381618   -            336 15960at4891          -            258     0.011   12.5   0.2   2   2    0.0014     0.057   10.0   0.0    61   108   250   299   228   315 0.70 -
C0000000005_ptg000005l:1329188-1330753 -            522 15960at4891          -            258     0.011   12.4   0.0   1   3      0.24       9.6    2.8   0.0   108   166   157   216   153   276 0.65 -
C0000000005_ptg000005l:1329188-1330753 -            522 15960at4891          -            258     0.011   12.4   0.0   2   3      0.12       4.6    3.8   0.0    76    96   349   369   326   381 0.71 -
C0000000005_ptg000005l:1329188-1330753 -            522 15960at4891          -            258     0.011   12.4   0.0   3   3      0.11       4.5    3.8   0.0    79    96   352   369   347   446 0.60 -
C0000000009_ptg000009l:325431-327065   -            545 15960at4891          -            258     0.016   11.9   0.0   1   1   0.00084     0.033   10.8   0.0    64    94   269   299   260   334 0.84 -
#
# Program:         hmmsearch
# Version:         3.1b2 (February 2015)
# Pipeline mode:   SEARCH
# Query file:      /home/deepseq/tool/BUSCO_v5/saccharomycetes_odb10/hmms/15960at4891.hmm
# Target file:     /var/www/gvolante/request/project/202302230949-GVF6W5EPF13MH478/202302230949-GVF6W5EPF13MH478_busco/run_saccharomycetes_odb10/metaeuk_output/initial_results/SRR13577846.fa.ca.modified.fas
# Option settings: hmmsearch --domtblout /var/www/gvolante/request/project/202302230949-GVF6W5EPF13MH478/202302230949-GVF6W5EPF13MH478_busco/run_saccharomycetes_odb10/hmmer_output/initial_run_results/15960at4891.out --cpu 1 /home/deepseq/tool/BUSCO_v5/saccharomycetes_odb10/hmms/15960at4891.hmm /var/www/gvolante/request/project/202302230949-GVF6W5EPF13MH478/202302230949-GVF6W5EPF13MH478_busco/run_saccharomycetes_odb10/metaeuk_output/initial_results/SRR13577846.fa.ca.modified.fas 
# Current dir:     /var/www/gvolante/request/project/202302230949-GVF6W5EPF13MH478
# Date:            Thu Feb 23 09:51:01 2023
# [ok]
