#                                                                                            --- full sequence --- -------------- this domain -------------   hmm coord   ali coord   env coord
# target name                        accession   tlen query name           accession   qlen   E-value  score  bias   #  of  c-Evalue  i-Evalue  score  bias  from    to  from    to  from    to  acc description of target
#                ------------------- ---------- ----- -------------------- ---------- ----- --------- ------ ----- --- --- --------- --------- ------ ----- ----- ----- ----- ----- ----- ----- ---- ---------------------
C0000000014_ptg000014l:284974-286419 -            482 16297at4891          -            359  4.5e-191  631.8  10.1   1   3   3.4e-53     3e-50  168.5   0.2     1    95    30   127    30   137 0.96 -
C0000000014_ptg000014l:284974-286419 -            482 16297at4891          -            359  4.5e-191  631.8  10.1   2   3   3.7e-19   3.3e-16   56.5   0.0    88   135   165   212   153   222 0.89 -
C0000000014_ptg000014l:284974-286419 -            482 16297at4891          -            359  4.5e-191  631.8  10.1   3   3  7.5e-127  6.6e-124  410.8   2.4   132   359   248   482   232   482 0.96 -
C0000000005_ptg000005l:770750-772138 -            463 16297at4891          -            359   4.9e-46  154.6   0.6   1   2   2.5e-06    0.0022   14.3   0.1     6    58    74   129    71   151 0.81 -
C0000000005_ptg000005l:770750-772138 -            463 16297at4891          -            359   4.9e-46  154.6   0.6   2   2   3.8e-44   3.3e-41  138.7   0.0   137   359   237   462   232   462 0.93 -
C0000000008_ptg000008l:208532-209755 -            408 16297at4891          -            359   1.5e-24   83.9   0.9   1   2   2.1e-24   1.9e-21   73.8   0.4     8    88    35   118    30   139 0.88 -
C0000000008_ptg000008l:208532-209755 -            408 16297at4891          -            359   1.5e-24   83.9   0.9   2   2   0.00016      0.14    8.4   0.0   108   146   183   221   172   237 0.84 -
#
# Program:         hmmsearch
# Version:         3.1b2 (February 2015)
# Pipeline mode:   SEARCH
# Query file:      /home/deepseq/tool/BUSCO_v5/saccharomycetes_odb10/hmms/16297at4891.hmm
# Target file:     /var/www/gvolante/request/project/202302230949-GVF6W5EPF13MH478/202302230949-GVF6W5EPF13MH478_busco/run_saccharomycetes_odb10/metaeuk_output/initial_results/SRR13577846.fa.ca.modified.fas
# Option settings: hmmsearch --domtblout /var/www/gvolante/request/project/202302230949-GVF6W5EPF13MH478/202302230949-GVF6W5EPF13MH478_busco/run_saccharomycetes_odb10/hmmer_output/initial_run_results/16297at4891.out --cpu 1 /home/deepseq/tool/BUSCO_v5/saccharomycetes_odb10/hmms/16297at4891.hmm /var/www/gvolante/request/project/202302230949-GVF6W5EPF13MH478/202302230949-GVF6W5EPF13MH478_busco/run_saccharomycetes_odb10/metaeuk_output/initial_results/SRR13577846.fa.ca.modified.fas 
# Current dir:     /var/www/gvolante/request/project/202302230949-GVF6W5EPF13MH478
# Date:            Thu Feb 23 09:51:01 2023
# [ok]
