#                                                                                              --- full sequence --- -------------- this domain -------------   hmm coord   ali coord   env coord
# target name                          accession   tlen query name           accession   qlen   E-value  score  bias   #  of  c-Evalue  i-Evalue  score  bias  from    to  from    to  from    to  acc description of target
#                  ------------------- ---------- ----- -------------------- ---------- ----- --------- ------ ----- --- --- --------- --------- ------ ----- ----- ----- ----- ----- ----- ----- ---- ---------------------
C0000000002_ptg000002l:370765-372369   -            535 16305at4891          -            310   4.1e-89  296.2  15.8   1   4     1e-37   4.1e-36  122.1   0.6     1    72     1    72     1   102 0.86 -
C0000000002_ptg000002l:370765-372369   -            535 16305at4891          -            310   4.1e-89  296.2  15.8   2   4       4.3   1.7e+02   -1.4   0.0    84   112   169   197   161   208 0.80 -
C0000000002_ptg000002l:370765-372369   -            535 16305at4891          -            310   4.1e-89  296.2  15.8   3   4     7e-53   2.8e-51  172.0   5.6    92   292   215   472   202   481 0.83 -
C0000000002_ptg000002l:370765-372369   -            535 16305at4891          -            310   4.1e-89  296.2  15.8   4   4       2.5     1e+02   -0.7   0.0   293   310   509   526   505   526 0.92 -
C0000000010_ptg000010l:93758-94756     -            333 16305at4891          -            310   7.7e-26   88.4  16.2   1   6   2.3e-07   9.2e-06   22.4   0.2    97   149     4    61     1    66 0.76 -
C0000000010_ptg000010l:93758-94756     -            333 16305at4891          -            310   7.7e-26   88.4  16.2   2   6     0.013       0.5    6.9   0.7   221   238    68    85    45    88 0.76 -
C0000000010_ptg000010l:93758-94756     -            333 16305at4891          -            310   7.7e-26   88.4  16.2   3   6   5.7e-08   2.3e-06   24.4   0.5   200   261    87   154    83   160 0.80 -
C0000000010_ptg000010l:93758-94756     -            333 16305at4891          -            310   7.7e-26   88.4  16.2   4   6     0.013       0.5    6.9   0.0   218   243   188   214   173   217 0.80 -
C0000000010_ptg000010l:93758-94756     -            333 16305at4891          -            310   7.7e-26   88.4  16.2   5   6   3.3e-08   1.3e-06   25.2   0.1    96   167   219   296   214   304 0.83 -
C0000000010_ptg000010l:93758-94756     -            333 16305at4891          -            310   7.7e-26   88.4  16.2   6   6    0.0032      0.12    8.9   0.0    97   125   304   332   299   333 0.92 -
C0000000010_ptg000010l:112406-115159   -            918 16305at4891          -            310   5.1e-21   72.6   0.3   1   6     0.021      0.83    6.2   0.1    96   127   145   176    53   177 0.81 -
C0000000010_ptg000010l:112406-115159   -            918 16305at4891          -            310   5.1e-21   72.6   0.3   2   6   0.00076      0.03   10.9   0.1    96   137   145   186   136   225 0.75 -
C0000000010_ptg000010l:112406-115159   -            918 16305at4891          -            310   5.1e-21   72.6   0.3   3   6     0.084       3.3    4.2   0.0    96   126   259   289   250   314 0.84 -
C0000000010_ptg000010l:112406-115159   -            918 16305at4891          -            310   5.1e-21   72.6   0.3   4   6     2e-14   7.7e-13   45.7   0.1    93   257   341   527   336   556 0.72 -
C0000000010_ptg000010l:112406-115159   -            918 16305at4891          -            310   5.1e-21   72.6   0.3   5   6      0.18         7    3.1   0.0    98   148   516   569   510   580 0.69 -
C0000000010_ptg000010l:112406-115159   -            918 16305at4891          -            310   5.1e-21   72.6   0.3   6   6         3   1.2e+02   -0.9   0.0    41    92   693   745   666   754 0.63 -
C0000000017_ptg000017l:164206-165084   -            293 16305at4891          -            310   2.2e-20   70.5   2.4   1   4   0.00023     0.009   12.6   0.0   207   242    12    50     3    56 0.80 -
C0000000017_ptg000017l:164206-165084   -            293 16305at4891          -            310   2.2e-20   70.5   2.4   2   4   3.5e-07   1.4e-05   21.8   0.0   208   293    75   170    55   172 0.75 -
C0000000017_ptg000017l:164206-165084   -            293 16305at4891          -            310   2.2e-20   70.5   2.4   3   4   3.5e-09   1.4e-07   28.4   0.1   207   259   179   232   171   255 0.78 -
C0000000017_ptg000017l:164206-165084   -            293 16305at4891          -            310   2.2e-20   70.5   2.4   4   4       0.6        24    1.4   0.0   210   234   269   293   266   293 0.89 -
C0000000004_ptg000004l:379350-382178   -            943 16305at4891          -            310   8.2e-20   68.6  22.2   1   5   1.5e-08     6e-07   26.3   3.4    97   236    79   231    71   238 0.77 -
C0000000004_ptg000004l:379350-382178   -            943 16305at4891          -            310   8.2e-20   68.6  22.2   2   5   1.1e-08   4.2e-07   26.9   0.0   146   292   403   561   391   567 0.83 -
C0000000004_ptg000004l:379350-382178   -            943 16305at4891          -            310   8.2e-20   68.6  22.2   3   5   0.00026      0.01   12.4   0.3   183   235   543   601   542   607 0.76 -
C0000000004_ptg000004l:379350-382178   -            943 16305at4891          -            310   8.2e-20   68.6  22.2   4   5    0.0058      0.23    8.0   0.0   206   244   612   652   607   655 0.87 -
C0000000004_ptg000004l:379350-382178   -            943 16305at4891          -            310   8.2e-20   68.6  22.2   5   5    0.0049       0.2    8.2   0.1   204   240   651   690   646   696 0.74 -
C0000000014_ptg000014l:735866-737215   -            450 16305at4891          -            310   1.8e-19   67.4   4.4   1   2   5.2e-16   2.1e-14   50.8   5.1    92   245    73   242    67   246 0.78 -
C0000000014_ptg000014l:735866-737215   -            450 16305at4891          -            310   1.8e-19   67.4   4.4   2   2   1.9e-07   7.5e-06   22.7   0.0    99   236   206   364   197   368 0.77 -
C0000000016_ptg000016l:181896-182717   -            274 16305at4891          -            310     4e-19   66.3   8.1   1   4   1.6e-10   6.2e-09   32.8   1.1   154   240     5    97     1   102 0.84 -
C0000000016_ptg000016l:181896-182717   -            274 16305at4891          -            310     4e-19   66.3   8.1   2   4   0.00014    0.0055   13.3   0.0   207   241   103   139    96   145 0.83 -
C0000000016_ptg000016l:181896-182717   -            274 16305at4891          -            310     4e-19   66.3   8.1   3   4     0.009      0.36    7.4   0.0   145   169   206   230   201   233 0.84 -
C0000000016_ptg000016l:181896-182717   -            274 16305at4891          -            310     4e-19   66.3   8.1   4   4   0.00024    0.0095   12.5   0.1   205   241   232   268   229   273 0.85 -
C0000000001_ptg000001l:154091-154987   -            299 16305at4891          -            310   5.8e-18   62.5   6.6   1   5   4.2e-05    0.0017   15.0   0.0   209   242    23    56    14    60 0.84 -
C0000000001_ptg000001l:154091-154987   -            299 16305at4891          -            310   5.8e-18   62.5   6.6   2   5   0.00032     0.013   12.1   0.0   207   237    61    92    51   101 0.83 -
C0000000001_ptg000001l:154091-154987   -            299 16305at4891          -            310   5.8e-18   62.5   6.6   3   5    0.0029      0.12    9.0   0.0   207   242   102   141    95   144 0.78 -
C0000000001_ptg000001l:154091-154987   -            299 16305at4891          -            310   5.8e-18   62.5   6.6   4   5     3e-05    0.0012   15.5   0.6   209   266   171   242   162   262 0.49 -
C0000000001_ptg000001l:154091-154987   -            299 16305at4891          -            310   5.8e-18   62.5   6.6   5   5    0.0047      0.19    8.3   0.0   206   234   270   298   251   299 0.89 -
C0000000006_ptg000006l:551155-551790   -            212 16305at4891          -            310     2e-17   60.7   0.7   1   2   3.1e-09   1.2e-07   28.6   0.1   208   292     1    94     1    98 0.76 -
C0000000006_ptg000006l:551155-551790   -            212 16305at4891          -            310     2e-17   60.7   0.7   2   2   7.1e-12   2.8e-10   37.3   0.2   110   234    77   212    68   212 0.86 -
C0000000014_ptg000014l:156967-157878   -            304 16305at4891          -            310   7.9e-17   58.8   6.2   1   4   3.2e-12   1.3e-10   38.4   0.1   147   269     5   151     2   158 0.75 -
C0000000014_ptg000014l:156967-157878   -            304 16305at4891          -            310   7.9e-17   58.8   6.2   2   4      0.17       6.6    3.2   0.0    99   139   162   202   156   212 0.77 -
C0000000014_ptg000014l:156967-157878   -            304 16305at4891          -            310   7.9e-17   58.8   6.2   3   4    0.0019     0.074    9.6   0.1   200   236   198   237   191   244 0.76 -
C0000000014_ptg000014l:156967-157878   -            304 16305at4891          -            310   7.9e-17   58.8   6.2   4   4    0.0048      0.19    8.3   0.1   207   240   249   284   240   289 0.74 -
C0000000002_ptg000002l:594852-597371   -            840 16305at4891          -            310   1.2e-16   58.2   1.2   1   5   9.9e-06   0.00039   17.1   0.0    91   131    11    51     2    59 0.87 -
C0000000002_ptg000002l:594852-597371   -            840 16305at4891          -            310   1.2e-16   58.2   1.2   2   5   0.00015    0.0059   13.2   0.0   207   241    77   113    68   121 0.82 -
C0000000002_ptg000002l:594852-597371   -            840 16305at4891          -            310   1.2e-16   58.2   1.2   3   5   7.7e-05     0.003   14.2   0.1   124   207   127   215   117   233 0.67 -
C0000000002_ptg000002l:594852-597371   -            840 16305at4891          -            310   1.2e-16   58.2   1.2   4   5      0.52        20    1.6   0.0   221   245   327   351   316   356 0.85 -
C0000000002_ptg000002l:594852-597371   -            840 16305at4891          -            310   1.2e-16   58.2   1.2   5   5     0.037       1.5    5.3   0.0    96   127   355   386   351   392 0.86 -
C0000000002_ptg000002l:201554-203944   -            797 16305at4891          -            310   1.7e-16   57.7   0.9   1   4       3.3   1.3e+02   -1.0   0.0     4    32    56    84    55    98 0.86 -
C0000000002_ptg000002l:201554-203944   -            797 16305at4891          -            310   1.7e-16   57.7   0.9   2   4     0.054       2.1    4.8   0.0    91   129   460   498   427   508 0.66 -
C0000000002_ptg000002l:201554-203944   -            797 16305at4891          -            310   1.7e-16   57.7   0.9   3   4   8.5e-06   0.00034   17.3   0.1   205   245   521   563   516   567 0.86 -
C0000000002_ptg000002l:201554-203944   -            797 16305at4891          -            310   1.7e-16   57.7   0.9   4   4   3.9e-05    0.0015   15.1   0.0    96   175   608   693   605   698 0.77 -
C0000000005_ptg000005l:1307495-1311091 -           1199 16305at4891          -            310     3e-16   56.9   8.0   1   5   3.6e-08   1.4e-06   25.1   0.0   152   245    30   133    17   134 0.82 -
C0000000005_ptg000005l:1307495-1311091 -           1199 16305at4891          -            310     3e-16   56.9   8.0   2   5     0.007      0.28    7.7   0.0   207   235   135   165   129   171 0.80 -
C0000000005_ptg000005l:1307495-1311091 -           1199 16305at4891          -            310     3e-16   56.9   8.0   3   5    0.0023     0.093    9.3   0.0   207   240   207   242   193   246 0.83 -
C0000000005_ptg000005l:1307495-1311091 -           1199 16305at4891          -            310     3e-16   56.9   8.0   4   5   0.00093     0.037   10.6   0.0   207   244   251   290   244   294 0.85 -
C0000000005_ptg000005l:1307495-1311091 -           1199 16305at4891          -            310     3e-16   56.9   8.0   5   5      0.18         7    3.1   0.1    95   157   490   553   466   605 0.57 -
C0000000009_ptg000009l:290638-291492   -            285 16305at4891          -            310   1.7e-15   54.4   7.2   1   5   0.00076      0.03   10.9   0.0   207   237     3    34     1    43 0.87 -
C0000000009_ptg000009l:290638-291492   -            285 16305at4891          -            310   1.7e-15   54.4   7.2   2   5    0.0058      0.23    8.0   0.0   207   239    44    80    37    85 0.76 -
C0000000009_ptg000009l:290638-291492   -            285 16305at4891          -            310   1.7e-15   54.4   7.2   3   5   2.5e-05     0.001   15.7   0.5   207   264   111   182   104   185 0.47 -
C0000000009_ptg000009l:290638-291492   -            285 16305at4891          -            310   1.7e-15   54.4   7.2   4   5   9.2e-05    0.0037   13.9   0.0   206   237   211   243   190   247 0.83 -
C0000000009_ptg000009l:290638-291492   -            285 16305at4891          -            310   1.7e-15   54.4   7.2   5   5      0.81        32    1.0   0.0   210   228   257   275   245   284 0.70 -
C0000000017_ptg000017l:639682-641826   -            715 16305at4891          -            310     2e-14   50.9   7.3   1   3     0.004      0.16    8.5   0.1   241   267    18    44    11    53 0.82 -
C0000000017_ptg000017l:639682-641826   -            715 16305at4891          -            310     2e-14   50.9   7.3   2   3   3.1e-06   0.00012   18.7   0.7   205   268    95   171    89   171 0.75 -
C0000000017_ptg000017l:639682-641826   -            715 16305at4891          -            310     2e-14   50.9   7.3   3   3   1.7e-09   6.8e-08   29.4   1.3   140   266   145   282   131   303 0.75 -
C0000000010_ptg000010l:74467-75246     -            260 16305at4891          -            310   3.9e-14   49.9   0.5   1   4    0.0015     0.059    9.9   0.0   106   244     7    35     1    37 0.57 -
C0000000010_ptg000010l:74467-75246     -            260 16305at4891          -            310   3.9e-14   49.9   0.5   2   4   6.5e-06   0.00026   17.7   0.0   207   273    38   120    27   129 0.58 -
C0000000010_ptg000010l:74467-75246     -            260 16305at4891          -            310   3.9e-14   49.9   0.5   3   4     0.017      0.68    6.5   0.1   207   238   129   162   126   169 0.55 -
C0000000010_ptg000010l:74467-75246     -            260 16305at4891          -            310   3.9e-14   49.9   0.5   4   4    0.0026       0.1    9.1   0.0   203   253   179   233   175   239 0.76 -
C0000000003_ptg000003l:52077-53465     -            463 16305at4891          -            310   8.2e-14   48.9   6.6   1   4      0.21       8.3    2.9   0.1    68   126   146   203   135   213 0.70 -
C0000000003_ptg000003l:52077-53465     -            463 16305at4891          -            310   8.2e-14   48.9   6.6   2   4      0.17       6.8    3.2   0.0    91   125   211   246   201   257 0.79 -
C0000000003_ptg000003l:52077-53465     -            463 16305at4891          -            310   8.2e-14   48.9   6.6   3   4   0.00045     0.018   11.6   0.0   206   243   261   300   252   320 0.82 -
C0000000003_ptg000003l:52077-53465     -            463 16305at4891          -            310   8.2e-14   48.9   6.6   4   4   4.8e-09   1.9e-07   28.0   0.8    96   234   305   463   302   463 0.72 -
C0000000004_ptg000004l:113013-114467   -            485 16305at4891          -            310   8.5e-14   48.8   4.7   1   4       0.1       4.1    3.9   0.0   208   243    66   104    50   115 0.70 -
C0000000004_ptg000004l:113013-114467   -            485 16305at4891          -            310   8.5e-14   48.8   4.7   2   4    0.0013      0.05   10.2   0.4   219   299   133   218   129   221 0.68 -
C0000000004_ptg000004l:113013-114467   -            485 16305at4891          -            310   8.5e-14   48.8   4.7   3   4   3.1e-07   1.2e-05   22.0   0.2   119   238   199   336   190   344 0.73 -
C0000000004_ptg000004l:113013-114467   -            485 16305at4891          -            310   8.5e-14   48.8   4.7   4   4   0.00021    0.0081   12.8   0.1   101   237   352   378   339   387 0.63 -
C0000000005_ptg000005l:522101-523066   -            322 16305at4891          -            310   1.2e-13   48.4  13.9   1   7     0.089       3.5    4.1   0.0   209   234    11    36     1    42 0.83 -
C0000000005_ptg000005l:522101-523066   -            322 16305at4891          -            310   1.2e-13   48.4  13.9   2   7   9.8e-05    0.0039   13.8   0.0    92   140    50    98    37   102 0.86 -
C0000000005_ptg000005l:522101-523066   -            322 16305at4891          -            310   1.2e-13   48.4  13.9   3   7   0.00019    0.0076   12.9   0.2    95   129   102   136    96   147 0.88 -
C0000000005_ptg000005l:522101-523066   -            322 16305at4891          -            310   1.2e-13   48.4  13.9   4   7    0.0019     0.074    9.6   0.1    95   126   148   179   141   191 0.66 -
C0000000005_ptg000005l:522101-523066   -            322 16305at4891          -            310   1.2e-13   48.4  13.9   5   7    0.0011     0.045   10.3   0.1   207   236   192   225   183   237 0.79 -
C0000000005_ptg000005l:522101-523066   -            322 16305at4891          -            310   1.2e-13   48.4  13.9   6   7       1.5        61    0.0   0.0   124   166   236   279   225   291 0.68 -
C0000000005_ptg000005l:522101-523066   -            322 16305at4891          -            310   1.2e-13   48.4  13.9   7   7      0.37        15    2.1   0.1    98   125   293   322   270   322 0.66 -
C0000000017_ptg000017l:275223-276446   -            408 16305at4891          -            310   6.5e-13   45.9   4.7   1   5   7.5e-05     0.003   14.2   0.0   207   240    44    77    25    82 0.83 -
C0000000017_ptg000017l:275223-276446   -            408 16305at4891          -            310   6.5e-13   45.9   4.7   2   5         1        40    0.6   0.0   205   231    82   106    71   110 0.81 -
C0000000017_ptg000017l:275223-276446   -            408 16305at4891          -            310   6.5e-13   45.9   4.7   3   5   0.00041     0.016   11.8   0.6   194   242    88   136    81   140 0.76 -
C0000000017_ptg000017l:275223-276446   -            408 16305at4891          -            310   6.5e-13   45.9   4.7   4   5   0.00076      0.03   10.9   0.1   199   238   132   174   129   199 0.78 -
C0000000017_ptg000017l:275223-276446   -            408 16305at4891          -            310   6.5e-13   45.9   4.7   5   5    0.0053      0.21    8.1   0.0   205   243   290   332   283   344 0.70 -
C0000000005_ptg000005l:321518-322747   -            410 16305at4891          -            310   2.1e-12   44.2   0.1   1   2   4.6e-11   1.8e-09   34.6   0.1   107   245   128   286   118   295 0.77 -
C0000000005_ptg000005l:321518-322747   -            410 16305at4891          -            310   2.1e-12   44.2   0.1   2   2     0.036       1.4    5.4   0.0   146   198   351   409   341   410 0.71 -
C0000000007_ptg000007l:535847-536884   -            346 16305at4891          -            310   4.8e-12   43.1   0.0   1   4   0.00025    0.0099   12.5   0.0   201   238     2    41     1    49 0.86 -
C0000000007_ptg000007l:535847-536884   -            346 16305at4891          -            310   4.8e-12   43.1   0.0   2   4   0.00088     0.035   10.7   0.1   204   244    46    89    40    94 0.83 -
C0000000007_ptg000007l:535847-536884   -            346 16305at4891          -            310   4.8e-12   43.1   0.0   3   4   0.00016    0.0064   13.1   0.0   100   173   156   236   144   263 0.84 -
C0000000007_ptg000007l:535847-536884   -            346 16305at4891          -            310   4.8e-12   43.1   0.0   4   4      0.43        17    1.9   0.0    98   126   294   322   280   327 0.83 -
C0000000008_ptg000008l:192003-194357   -            785 16305at4891          -            310   8.2e-12   42.3  10.7   1   6     3e-06   0.00012   18.8   0.3   207   267    57   134    50   148 0.66 -
C0000000008_ptg000008l:192003-194357   -            785 16305at4891          -            310   8.2e-12   42.3  10.7   2   6     0.019      0.75    6.3   0.0   202   237   194   236   173   245 0.76 -
C0000000008_ptg000008l:192003-194357   -            785 16305at4891          -            310   8.2e-12   42.3  10.7   3   6     0.019      0.75    6.3   0.1   205   245   277   319   249   330 0.80 -
C0000000008_ptg000008l:192003-194357   -            785 16305at4891          -            310   8.2e-12   42.3  10.7   4   6      0.17       6.8    3.2   0.0    96   123   384   411   378   430 0.80 -
C0000000008_ptg000008l:192003-194357   -            785 16305at4891          -            310   8.2e-12   42.3  10.7   5   6      0.23       9.2    2.7   0.0    99   164   560   637   530   662 0.65 -
C0000000008_ptg000008l:192003-194357   -            785 16305at4891          -            310   8.2e-12   42.3  10.7   6   6     0.075         3    4.3   0.0   221   239   669   687   663   735 0.86 -
C0000000011_ptg000011l:828275-829651   -            459 16305at4891          -            310   1.4e-11   41.6   8.3   1   6      0.11       4.5    3.7   0.1   249   264   117   132   114   141 0.77 -
C0000000011_ptg000011l:828275-829651   -            459 16305at4891          -            310   1.4e-11   41.6   8.3   2   6   0.00049     0.019   11.5   0.0   207   239   142   175   137   185 0.88 -
C0000000011_ptg000011l:828275-829651   -            459 16305at4891          -            310   1.4e-11   41.6   8.3   3   6     0.068       2.7    4.5   0.1   194   236   192   236   178   253 0.73 -
C0000000011_ptg000011l:828275-829651   -            459 16305at4891          -            310   1.4e-11   41.6   8.3   4   6     0.005       0.2    8.2   0.8   135   260   208   342   196   357 0.73 -
C0000000011_ptg000011l:828275-829651   -            459 16305at4891          -            310   1.4e-11   41.6   8.3   5   6   1.5e-05   0.00059   16.5   0.0   200   245   366   414   362   418 0.84 -
C0000000011_ptg000011l:828275-829651   -            459 16305at4891          -            310   1.4e-11   41.6   8.3   6   6       3.1   1.2e+02   -0.9   0.0   210   236   427   454   419   457 0.58 -
C0000000002_ptg000002l:236728-237624   -            299 16305at4891          -            310   2.8e-11   40.6   1.6   1   3   3.6e-08   1.4e-06   25.1   0.2   157   246    21   120     5   162 0.53 -
C0000000002_ptg000002l:236728-237624   -            299 16305at4891          -            310   2.8e-11   40.6   1.6   2   3     0.021      0.82    6.2   0.0   136   173   175   214   163   224 0.76 -
C0000000002_ptg000002l:236728-237624   -            299 16305at4891          -            310   2.8e-11   40.6   1.6   3   3     0.069       2.7    4.5   0.0   111   160   240   297   234   299 0.65 -
C0000000003_ptg000003l:672388-673722   -            445 16305at4891          -            310   6.3e-11   39.4   2.8   1   3   0.00067     0.027   11.1   0.2   181   242   144   211   138   215 0.52 -
C0000000003_ptg000003l:672388-673722   -            445 16305at4891          -            310   6.3e-11   39.4   2.8   2   3     0.027       1.1    5.8   0.0   102   244   223   255   211   259 0.59 -
C0000000003_ptg000003l:672388-673722   -            445 16305at4891          -            310   6.3e-11   39.4   2.8   3   3   4.7e-06   0.00018   18.2   0.1    99   244   262   419   257   430 0.71 -
C0000000013_ptg000013l:113953-116400   -            816 16305at4891          -            310   1.1e-10   38.6  17.5   1   7    0.0035      0.14    8.7   0.3   147   246    75   187    50   232 0.64 -
C0000000013_ptg000013l:113953-116400   -            816 16305at4891          -            310   1.1e-10   38.6  17.5   2   7       1.8        72   -0.2   0.1   221   239   402   420   385   463 0.74 -
C0000000013_ptg000013l:113953-116400   -            816 16305at4891          -            310   1.1e-10   38.6  17.5   3   7   3.3e-05    0.0013   15.4   0.1   184   238   464   522   452   528 0.80 -
C0000000013_ptg000013l:113953-116400   -            816 16305at4891          -            310   1.1e-10   38.6  17.5   4   7   8.5e-05    0.0034   14.0   0.4   215   263   542   603   525   603 0.62 -
C0000000013_ptg000013l:113953-116400   -            816 16305at4891          -            310   1.1e-10   38.6  17.5   5   7   0.00099     0.039   10.5   0.0   207   242   573   610   561   614 0.78 -
C0000000013_ptg000013l:113953-116400   -            816 16305at4891          -            310   1.1e-10   38.6  17.5   6   7      0.58        23    1.4   0.0    94   126   614   646   609   698 0.83 -
C0000000013_ptg000013l:113953-116400   -            816 16305at4891          -            310   1.1e-10   38.6  17.5   7   7       5.5   2.2e+02   -1.8   0.1   122   170   744   792   727   803 0.81 -
C0000000008_ptg000008l:609668-610297   -            210 16305at4891          -            310   1.8e-10   37.9   4.4   1   4    0.0061      0.24    7.9   0.0   207   231     6    30     1    34 0.91 -
C0000000008_ptg000008l:609668-610297   -            210 16305at4891          -            310   1.8e-10   37.9   4.4   2   4   9.6e-05    0.0038   13.8   0.0   207   244    47    86    43    90 0.88 -
C0000000008_ptg000008l:609668-610297   -            210 16305at4891          -            310   1.8e-10   37.9   4.4   3   4   8.8e-05    0.0035   14.0   0.8    95   173    89   177    86   186 0.70 -
C0000000008_ptg000008l:609668-610297   -            210 16305at4891          -            310   1.8e-10   37.9   4.4   4   4      0.45        18    1.8   0.0    99   125   181   207   172   210 0.74 -
C0000000013_ptg000013l:468770-471571   -            934 16305at4891          -            310   1.8e-10   37.9   0.1   1   3     0.051         2    4.9   0.0   153   238    49   139    38   159 0.77 -
C0000000013_ptg000013l:468770-471571   -            934 16305at4891          -            310   1.8e-10   37.9   0.1   2   3   3.3e-06   0.00013   18.6   0.0    99   236   457   609   424   620 0.78 -
C0000000013_ptg000013l:468770-471571   -            934 16305at4891          -            310   1.8e-10   37.9   0.1   3   3    0.0027      0.11    9.1   0.0    99   154   623   679   618   691 0.87 -
C0000000007_ptg000007l:63625-65004     -            460 16305at4891          -            310   6.8e-10   36.0   0.4   1   4      0.29        12    2.4   0.0   219   237    27    45     9    49 0.73 -
C0000000007_ptg000007l:63625-65004     -            460 16305at4891          -            310   6.8e-10   36.0   0.4   2   4   1.6e-05   0.00062   16.4   0.0   196   237    57   101    48   111 0.82 -
C0000000007_ptg000007l:63625-65004     -            460 16305at4891          -            310   6.8e-10   36.0   0.4   3   4    0.0022     0.086    9.4   0.0    90   130   138   179   118   221 0.71 -
C0000000007_ptg000007l:63625-65004     -            460 16305at4891          -            310   6.8e-10   36.0   0.4   4   4      0.41        16    1.9   0.0    97   119   373   395   335   410 0.80 -
C0000000009_ptg000009l:374554-375648   -            365 16305at4891          -            310   1.8e-09   34.7   0.0   1   2   1.3e-09   5.1e-08   29.8   0.1   136   300    37   211    26   218 0.76 -
C0000000009_ptg000009l:374554-375648   -            365 16305at4891          -            310   1.8e-09   34.7   0.0   2   2      0.61        24    1.4   0.0    98   129   270   301   261   332 0.79 -
C0000000007_ptg000007l:423728-425572   -            615 16305at4891          -            310   2.1e-09   34.4   4.1   1   4      0.69        27    1.2   0.0   145   161    78    94    57   115 0.58 -
C0000000007_ptg000007l:423728-425572   -            615 16305at4891          -            310   2.1e-09   34.4   4.1   2   4   4.2e-07   1.7e-05   21.6   0.1   138   267   209   367   195   392 0.75 -
C0000000007_ptg000007l:423728-425572   -            615 16305at4891          -            310   2.1e-09   34.4   4.1   3   4      0.12       4.6    3.7   0.0   254   305   480   534   452   540 0.75 -
C0000000007_ptg000007l:423728-425572   -            615 16305at4891          -            310   2.1e-09   34.4   4.1   4   4      0.15       5.8    3.4   0.0   179   235   549   611   536   613 0.78 -
C0000000008_ptg000008l:811332-812174   -            281 16305at4891          -            310   2.9e-09   33.9   5.9   1   3   6.2e-10   2.5e-08   30.9   1.8   121   241     4   140     1   146 0.74 -
C0000000008_ptg000008l:811332-812174   -            281 16305at4891          -            310   2.9e-09   33.9   5.9   2   3     0.078       3.1    4.3   0.1    93   150   144   207   139   222 0.70 -
C0000000008_ptg000008l:811332-812174   -            281 16305at4891          -            310   2.9e-09   33.9   5.9   3   3       8.3   3.3e+02   -2.4   0.0    97   122   246   271   239   275 0.74 -
C0000000005_ptg000005l:1002954-1003748 -            265 16305at4891          -            310   4.3e-09   33.4   0.4   1   4    0.0011     0.042   10.4   0.0   212   245     5    41     1    50 0.76 -
C0000000005_ptg000005l:1002954-1003748 -            265 16305at4891          -            310   4.3e-09   33.4   0.4   2   4    0.0084      0.33    7.5   0.0    86   126    83   124    75   132 0.73 -
C0000000005_ptg000005l:1002954-1003748 -            265 16305at4891          -            310   4.3e-09   33.4   0.4   3   4   0.00092     0.036   10.6   0.0    69   126   139   195   127   202 0.73 -
C0000000005_ptg000005l:1002954-1003748 -            265 16305at4891          -            310   4.3e-09   33.4   0.4   4   4       2.7   1.1e+02   -0.8   0.0   145   166   233   254   217   264 0.55 -
C0000000008_ptg000008l:788546-789586   -            347 16305at4891          -            310   7.8e-09   32.5   5.2   1   4     0.028       1.1    5.8   0.4   239   263    55    85     5    87 0.44 -
C0000000008_ptg000008l:788546-789586   -            347 16305at4891          -            310   7.8e-09   32.5   5.2   2   4     0.017      0.66    6.5   0.0   220   240    70    90    52   154 0.72 -
C0000000008_ptg000008l:788546-789586   -            347 16305at4891          -            310   7.8e-09   32.5   5.2   3   4     0.036       1.4    5.4   0.0    98   135   213   254   188   274 0.80 -
C0000000008_ptg000008l:788546-789586   -            347 16305at4891          -            310   7.8e-09   32.5   5.2   4   4   1.3e-05   0.00051   16.7   0.3    90   129   297   336   277   347 0.81 -
C0000000013_ptg000013l:519519-521471   -            651 16305at4891          -            310   3.2e-08   30.5   0.0   1   3     0.014      0.54    6.8   0.0   207   235    79   110    73   116 0.78 -
C0000000013_ptg000013l:519519-521471   -            651 16305at4891          -            310   3.2e-08   30.5   0.0   2   3   0.00012    0.0049   13.5   0.0   199   252   129   186   126   189 0.82 -
C0000000013_ptg000013l:519519-521471   -            651 16305at4891          -            310   3.2e-08   30.5   0.0   3   3    0.0031      0.12    8.9   0.0   203   240   176   215   171   221 0.70 -
C0000000011_ptg000011l:738372-739637   -            422 16305at4891          -            310   6.4e-08   29.5   5.7   1   6   0.00021    0.0083   12.7   0.3   182   239    67   124    30   146 0.64 -
C0000000011_ptg000011l:738372-739637   -            422 16305at4891          -            310   6.4e-08   29.5   5.7   2   6   3.1e-05    0.0012   15.5   0.8    95   186    90   189    56   190 0.70 -
C0000000011_ptg000011l:738372-739637   -            422 16305at4891          -            310   6.4e-08   29.5   5.7   3   6      0.11       4.3    3.8   0.1   206   238   178   211   145   220 0.75 -
C0000000011_ptg000011l:738372-739637   -            422 16305at4891          -            310   6.4e-08   29.5   5.7   4   6     0.033       1.3    5.5   0.0   144   199   239   298   235   306 0.66 -
C0000000011_ptg000011l:738372-739637   -            422 16305at4891          -            310   6.4e-08   29.5   5.7   5   6       0.9        36    0.8   0.0   136   176   350   392   342   400 0.75 -
C0000000011_ptg000011l:738372-739637   -            422 16305at4891          -            310   6.4e-08   29.5   5.7   6   6      0.19       7.6    3.0   0.0    93   126   387   420   383   421 0.81 -
C0000000008_ptg000008l:850268-852322   -            685 16305at4891          -            310   8.5e-08   29.1   2.3   1   3      0.49        19    1.7   0.0   220   241    11    32     2    39 0.81 -
C0000000008_ptg000008l:850268-852322   -            685 16305at4891          -            310   8.5e-08   29.1   2.3   2   3   1.6e-05   0.00062   16.4   0.2   219   269    55   119    34   125 0.67 -
C0000000008_ptg000008l:850268-852322   -            685 16305at4891          -            310   8.5e-08   29.1   2.3   3   3     0.056       2.2    4.8   0.1    90   191   242   344   231   349 0.75 -
C0000000010_ptg000010l:294377-296545   -            723 16305at4891          -            310   9.8e-08   28.9   0.2   1   2      0.03       1.2    5.6   0.0    43   166   236   383   214   393 0.66 -
C0000000010_ptg000010l:294377-296545   -            723 16305at4891          -            310   9.8e-08   28.9   0.2   2   2   6.7e-06   0.00026   17.6   0.1   213   292   644   722   627   723 0.77 -
C0000000005_ptg000005l:1394636-1398445 -           1270 16305at4891          -            310   4.3e-07   26.8   6.2   1   3    0.0013     0.053   10.1   0.4    99   165    64   141    35   147 0.71 -
C0000000005_ptg000005l:1394636-1398445 -           1270 16305at4891          -            310   4.3e-07   26.8   6.2   2   3    0.0058      0.23    8.0   0.6    96   172   107   200   102   206 0.64 -
C0000000005_ptg000005l:1394636-1398445 -           1270 16305at4891          -            310   4.3e-07   26.8   6.2   3   3   1.3e-05    0.0005   16.7   0.3    80   187   191   309   178   344 0.67 -
C0000000003_ptg000003l:737369-740404   -           1012 16305at4891          -            310     5e-07   26.6   8.8   1   5   1.9e-05   0.00074   16.2   0.0   200   239   170   211   148   218 0.83 -
C0000000003_ptg000003l:737369-740404   -           1012 16305at4891          -            310     5e-07   26.6   8.8   2   5    0.0062      0.24    7.9   0.4   207   249   219   264   213   280 0.76 -
C0000000003_ptg000003l:737369-740404   -           1012 16305at4891          -            310     5e-07   26.6   8.8   3   5       9.5   3.8e+02   -2.6   0.0   220   241   678   699   669   707 0.75 -
C0000000003_ptg000003l:737369-740404   -           1012 16305at4891          -            310     5e-07   26.6   8.8   4   5      0.34        13    2.2   0.2   218   290   721   795   701   805 0.61 -
C0000000003_ptg000003l:737369-740404   -           1012 16305at4891          -            310     5e-07   26.6   8.8   5   5      0.77        31    1.0   0.1   100   134   939   974   919   995 0.74 -
C0000000014_ptg000014l:208254-209417   -            388 16305at4891          -            310   5.3e-07   26.5   0.2   1   2   1.8e-06     7e-05   19.5   0.2   110   238    26   179     4   219 0.74 -
C0000000014_ptg000014l:208254-209417   -            388 16305at4891          -            310   5.3e-07   26.5   0.2   2   2     0.059       2.3    4.7   0.0   218   237   303   322   294   328 0.82 -
C0000000006_ptg000006l:445926-447674   -            583 16305at4891          -            310   5.6e-07   26.4   0.0   1   4      0.02      0.78    6.3   0.0    96   136   236   276   217   327 0.82 -
C0000000006_ptg000006l:445926-447674   -            583 16305at4891          -            310   5.6e-07   26.4   0.0   2   4       1.1        44    0.5   0.0   268   290   462   484   457   494 0.84 -
C0000000006_ptg000006l:445926-447674   -            583 16305at4891          -            310   5.6e-07   26.4   0.0   3   4         6   2.4e+02   -1.9   0.0    93   117   500   524   484   532 0.79 -
C0000000006_ptg000006l:445926-447674   -            583 16305at4891          -            310   5.6e-07   26.4   0.0   4   4   6.1e-05    0.0024   14.5   0.0    97   127   551   581   539   583 0.88 -
C0000000008_ptg000008l:611274-611873   -            200 16305at4891          -            310   8.8e-07   25.8   0.4   1   2   3.1e-07   1.2e-05   22.0   0.1   208   266     3    77     1    87 0.72 -
C0000000008_ptg000008l:611274-611873   -            200 16305at4891          -            310   8.8e-07   25.8   0.4   2   2       3.3   1.3e+02   -1.1   0.0   137   167   114   146    93   167 0.58 -
C0000000011_ptg000011l:821901-823202   -            434 16305at4891          -            310   9.5e-07   25.7  11.2   1   5         7   2.8e+02   -2.1   0.0   209   236    78   105    58   116 0.77 -
C0000000011_ptg000011l:821901-823202   -            434 16305at4891          -            310   9.5e-07   25.7  11.2   2   5    0.0016     0.063    9.8   5.3   200   244   225   274   137   306 0.72 -
C0000000011_ptg000011l:821901-823202   -            434 16305at4891          -            310   9.5e-07   25.7  11.2   3   5       1.3        51    0.3   0.0   208   239   278   311   271   322 0.78 -
C0000000011_ptg000011l:821901-823202   -            434 16305at4891          -            310   9.5e-07   25.7  11.2   4   5      0.11       4.5    3.7   0.0   220   235   353   368   346   375 0.86 -
C0000000011_ptg000011l:821901-823202   -            434 16305at4891          -            310   9.5e-07   25.7  11.2   5   5    0.0011     0.043   10.4   0.0   207   241   397   431   387   434 0.85 -
C0000000002_ptg000002l:208636-209430   -            265 16305at4891          -            310   1.1e-06   25.5   8.0   1   2   0.00042     0.017   11.7   0.3    89   128    45    85    35   101 0.75 -
C0000000002_ptg000002l:208636-209430   -            265 16305at4891          -            310   1.1e-06   25.5   8.0   2   2   9.1e-05    0.0036   13.9   2.1    90   234    97   265    85   265 0.66 -
C0000000007_ptg000007l:426109-427647   -            513 16305at4891          -            310   1.4e-06   25.1   0.2   1   3     6e-06   0.00024   17.8   0.1   120   238    23   156    13   164 0.72 -
C0000000007_ptg000007l:426109-427647   -            513 16305at4891          -            310   1.4e-06   25.1   0.2   2   3      0.31        12    2.3   0.0   211   245   173   209   160   238 0.75 -
C0000000007_ptg000007l:426109-427647   -            513 16305at4891          -            310   1.4e-06   25.1   0.2   3   3       0.7        28    1.2   0.0   203   242   206   245   202   293 0.51 -
C0000000013_ptg000013l:94204-95049     -            282 16305at4891          -            310   1.8e-06   24.7  10.8   1   4   0.00015    0.0058   13.2   0.1   214   265     9    78     1    84 0.72 -
C0000000013_ptg000013l:94204-95049     -            282 16305at4891          -            310   1.8e-06   24.7  10.8   2   4    0.0045      0.18    8.4   1.3   101   149    50   101    39   193 0.65 -
C0000000013_ptg000013l:94204-95049     -            282 16305at4891          -            310   1.8e-06   24.7  10.8   3   4      0.16       6.4    3.2   0.1   220   240   213   233   193   242 0.85 -
C0000000013_ptg000013l:94204-95049     -            282 16305at4891          -            310   1.8e-06   24.7  10.8   4   4      0.18         7    3.1   0.2   103   127   253   277   242   281 0.87 -
C0000000016_ptg000016l:66613-67905     -            431 16305at4891          -            310   6.7e-06   22.9   0.7   1   3       0.2       7.9    2.9   0.0    98   179    66   155    46   187 0.58 -
C0000000016_ptg000016l:66613-67905     -            431 16305at4891          -            310   6.7e-06   22.9   0.7   2   3     0.087       3.4    4.1   0.5   145   181   218   257   146   304 0.70 -
C0000000016_ptg000016l:66613-67905     -            431 16305at4891          -            310   6.7e-06   22.9   0.7   3   3   0.00035     0.014   12.0   0.0    93   166   307   383   293   399 0.87 -
C0000000012_ptg000012l:72001-73275     -            425 16305at4891          -            310   1.2e-05   22.0   1.7   1   3      0.66        26    1.2   0.0   101   127    30    56    23    59 0.80 -
C0000000012_ptg000012l:72001-73275     -            425 16305at4891          -            310   1.2e-05   22.0   1.7   2   3   2.4e-05   0.00097   15.8   0.1    96   143    71   122    66   180 0.77 -
C0000000012_ptg000012l:72001-73275     -            425 16305at4891          -            310   1.2e-05   22.0   1.7   3   3      0.85        34    0.9   0.9   121   135   294   309   196   345 0.60 -
C0000000007_ptg000007l:345809-348142   -            778 16305at4891          -            310   1.9e-05   21.4   1.3   1   3    0.0016     0.061    9.9   0.0   207   237   406   438   398   450 0.76 -
C0000000007_ptg000007l:345809-348142   -            778 16305at4891          -            310   1.9e-05   21.4   1.3   2   3      0.86        34    0.9   0.0    93   120   452   479   444   483 0.84 -
C0000000007_ptg000007l:345809-348142   -            778 16305at4891          -            310   1.9e-05   21.4   1.3   3   3     0.013      0.51    6.8   0.0   202   238   686   725   535   736 0.86 -
C0000000008_ptg000008l:1017853-1019040 -            396 16305at4891          -            310   1.9e-05   21.4   0.9   1   3     0.079       3.1    4.3   0.0   219   265    26    44     8    48 0.61 -
C0000000008_ptg000008l:1017853-1019040 -            396 16305at4891          -            310   1.9e-05   21.4   0.9   2   3      0.48        19    1.7   0.0    95   118   231   254   221   266 0.85 -
C0000000008_ptg000008l:1017853-1019040 -            396 16305at4891          -            310   1.9e-05   21.4   0.9   3   3   0.00066     0.026   11.1   0.1   202   246   284   330   272   334 0.85 -
C0000000007_ptg000007l:472642-473127   -            162 16305at4891          -            310   3.9e-05   20.4   3.9   1   2      0.14       5.4    3.5   0.5   241   241    53    53     6    94 0.56 -
C0000000007_ptg000007l:472642-473127   -            162 16305at4891          -            310   3.9e-05   20.4   3.9   2   2   9.5e-05    0.0038   13.9   0.2   205   237   104   138    99   155 0.83 -
C0000000003_ptg000003l:135792-137510   -            573 16305at4891          -            310   5.1e-05   20.0   0.1   1   3    0.0034      0.14    8.7   0.0    93   127   232   266   221   276 0.89 -
C0000000003_ptg000003l:135792-137510   -            573 16305at4891          -            310   5.1e-05   20.0   0.1   2   3      0.14       5.5    3.5   0.0   221   243   412   434   396   440 0.77 -
C0000000003_ptg000003l:135792-137510   -            573 16305at4891          -            310   5.1e-05   20.0   0.1   3   3      0.14       5.7    3.4   0.0   100   131   475   506   465   510 0.82 -
C0000000005_ptg000005l:812839-816264   -           1142 16305at4891          -            310   6.9e-05   19.6   3.4   1   2      0.62        25    1.3   0.3   102   166    25    98    22   105 0.71 -
C0000000005_ptg000005l:812839-816264   -           1142 16305at4891          -            310   6.9e-05   19.6   3.4   2   2     7e-06   0.00028   17.6   3.6    99   240    65   231    58   238 0.73 -
C0000000007_ptg000007l:511519-513051   -            511 16305at4891          -            310   7.2e-05   19.5   6.6   1   2   1.6e-05   0.00062   16.4   1.0    95   166   319   400   315   407 0.76 -
C0000000007_ptg000007l:511519-513051   -            511 16305at4891          -            310   7.2e-05   19.5   6.6   2   2     0.037       1.5    5.4   0.0   202   237   409   448   403   453 0.70 -
C0000000017_ptg000017l:268705-269682   -            326 16305at4891          -            310   7.9e-05   19.4   0.1   1   3   0.00027     0.011   12.4   0.1   138   243    27   146    25   164 0.73 -
C0000000017_ptg000017l:268705-269682   -            326 16305at4891          -            310   7.9e-05   19.4   0.1   2   3       3.8   1.5e+02   -1.2   0.0    88   120   189   221   175   232 0.78 -
C0000000017_ptg000017l:268705-269682   -            326 16305at4891          -            310   7.9e-05   19.4   0.1   3   3      0.26        10    2.6   0.0   250   270   262   282   253   291 0.66 -
C0000000003_ptg000003l:856309-857265   -            319 16305at4891          -            310   8.1e-05   19.3   4.5   1   4    0.0003     0.012   12.2   1.1   137   203    42   117    29   125 0.76 -
C0000000003_ptg000003l:856309-857265   -            319 16305at4891          -            310   8.1e-05   19.3   4.5   2   4     0.036       1.4    5.4   0.0   212   259    90   139    77   149 0.68 -
C0000000003_ptg000003l:856309-857265   -            319 16305at4891          -            310   8.1e-05   19.3   4.5   3   4     0.021      0.85    6.1   0.0   202   239   183   224   160   234 0.73 -
C0000000003_ptg000003l:856309-857265   -            319 16305at4891          -            310   8.1e-05   19.3   4.5   4   4         8   3.2e+02   -2.3   0.0    94   108   287   301   268   308 0.73 -
C0000000005_ptg000005l:784230-785345   -            372 16305at4891          -            310   0.00012   18.8   4.4   1   3    0.0031      0.12    8.9   0.2   208   246   103   144    58   156 0.68 -
C0000000005_ptg000005l:784230-785345   -            372 16305at4891          -            310   0.00012   18.8   4.4   2   3      0.41        16    1.9   0.0   221   292   235   251   218   262 0.59 -
C0000000005_ptg000005l:784230-785345   -            372 16305at4891          -            310   0.00012   18.8   4.4   3   3     0.006      0.24    7.9   0.8   196   240   274   317   229   372 0.74 -
C0000000002_ptg000002l:793821-796841   -           1007 16305at4891          -            310   0.00021   18.0   4.0   1   4     0.024      0.95    6.0   0.2    99   201    42   151    34   162 0.68 -
C0000000002_ptg000002l:793821-796841   -           1007 16305at4891          -            310   0.00021   18.0   4.0   2   4      0.47        19    1.7   0.5    98   129   122   153    96   216 0.52 -
C0000000002_ptg000002l:793821-796841   -           1007 16305at4891          -            310   0.00021   18.0   4.0   3   4     0.046       1.8    5.0   0.0   144   178   245   279   231   287 0.83 -
C0000000002_ptg000002l:793821-796841   -           1007 16305at4891          -            310   0.00021   18.0   4.0   4   4      0.17       6.6    3.2   0.0   108   128   469   489   458   506 0.69 -
C0000000040_ptg000040l:10645-13665     -           1007 16305at4891          -            310   0.00021   18.0   4.0   1   4     0.024      0.95    6.0   0.2    99   201    42   151    34   162 0.68 -
C0000000040_ptg000040l:10645-13665     -           1007 16305at4891          -            310   0.00021   18.0   4.0   2   4      0.47        19    1.7   0.5    98   129   122   153    96   216 0.52 -
C0000000040_ptg000040l:10645-13665     -           1007 16305at4891          -            310   0.00021   18.0   4.0   3   4     0.046       1.8    5.0   0.0   144   178   245   279   231   287 0.83 -
C0000000040_ptg000040l:10645-13665     -           1007 16305at4891          -            310   0.00021   18.0   4.0   4   4      0.17       6.6    3.2   0.0   108   128   469   489   458   506 0.69 -
C0000000007_ptg000007l:443065-443637   -            191 16305at4891          -            310   0.00045   16.9   0.1   1   1      0.18       6.9    3.1   0.0   101   129    52    82    47   191 0.56 -
C0000000002_ptg000002l:127651-128790   -            380 16305at4891          -            310    0.0013   15.4   0.5   1   3      0.19       7.5    3.0   0.0   207   236    57    87     4    98 0.69 -
C0000000002_ptg000002l:127651-128790   -            380 16305at4891          -            310    0.0013   15.4   0.5   2   3    0.0043      0.17    8.4   0.0    96   125   148   177   130   184 0.87 -
C0000000002_ptg000002l:127651-128790   -            380 16305at4891          -            310    0.0013   15.4   0.5   3   3       4.5   1.8e+02   -1.5   0.0   103   265   216   240   206   252 0.57 -
C0000000013_ptg000013l:78600-80321     -            574 16305at4891          -            310      0.01   12.4   2.0   1   2         3   1.2e+02   -0.9   0.0   272   294   225   247   215   252 0.83 -
C0000000013_ptg000013l:78600-80321     -            574 16305at4891          -            310      0.01   12.4   2.0   2   2     0.001      0.04   10.5   0.6   208   245   285   325   264   372 0.74 -
C0000000011_ptg000011l:380611-381618   -            336 16305at4891          -            310     0.011   12.3   0.2   1   3       2.3        90   -0.5   0.0   187   266    26    41     6    88 0.57 -
C0000000011_ptg000011l:380611-381618   -            336 16305at4891          -            310     0.011   12.3   0.2   2   3       9.7   3.9e+02   -2.6   0.0   101   122   153   172   138   178 0.51 -
C0000000011_ptg000011l:380611-381618   -            336 16305at4891          -            310     0.011   12.3   0.2   3   3    0.0025       0.1    9.2   0.0    94   154   247   302   233   324 0.71 -
C0000000003_ptg000003l:302650-305748   -           1033 16305at4891          -            310     0.018   11.6   4.1   1   3     0.057       2.3    4.7   0.7    67   184    47   167    39   196 0.60 -
C0000000003_ptg000003l:302650-305748   -           1033 16305at4891          -            310     0.018   11.6   4.1   2   3     0.057       2.3    4.7   0.1   144   178   282   316   268   341 0.81 -
C0000000003_ptg000003l:302650-305748   -           1033 16305at4891          -            310     0.018   11.6   4.1   3   3       2.9   1.2e+02   -0.9   0.0   109   293   507   526   502   544 0.58 -
C0000000011_ptg000011l:62254-66162     -           1303 16305at4891          -            310      0.29    7.7  12.3   1   2    0.0009     0.036   10.6   0.3   202   241   216   258   176   274 0.76 -
C0000000011_ptg000011l:62254-66162     -           1303 16305at4891          -            310      0.29    7.7  12.3   2   2     0.044       1.7    5.1   0.0   102   128   339   365   328   383 0.83 -
#
# Program:         hmmsearch
# Version:         3.1b2 (February 2015)
# Pipeline mode:   SEARCH
# Query file:      /home/deepseq/tool/BUSCO_v5/saccharomycetes_odb10/hmms/16305at4891.hmm
# Target file:     /var/www/gvolante/request/project/202302230949-GVF6W5EPF13MH478/202302230949-GVF6W5EPF13MH478_busco/run_saccharomycetes_odb10/metaeuk_output/initial_results/SRR13577846.fa.ca.modified.fas
# Option settings: hmmsearch --domtblout /var/www/gvolante/request/project/202302230949-GVF6W5EPF13MH478/202302230949-GVF6W5EPF13MH478_busco/run_saccharomycetes_odb10/hmmer_output/initial_run_results/16305at4891.out --cpu 1 /home/deepseq/tool/BUSCO_v5/saccharomycetes_odb10/hmms/16305at4891.hmm /var/www/gvolante/request/project/202302230949-GVF6W5EPF13MH478/202302230949-GVF6W5EPF13MH478_busco/run_saccharomycetes_odb10/metaeuk_output/initial_results/SRR13577846.fa.ca.modified.fas 
# Current dir:     /var/www/gvolante/request/project/202302230949-GVF6W5EPF13MH478
# Date:            Thu Feb 23 09:51:02 2023
# [ok]
