#                                                                                            --- full sequence --- -------------- this domain -------------   hmm coord   ali coord   env coord
# target name                        accession   tlen query name           accession   qlen   E-value  score  bias   #  of  c-Evalue  i-Evalue  score  bias  from    to  from    to  from    to  acc description of target
#                ------------------- ---------- ----- -------------------- ---------- ----- --------- ------ ----- --- --- --------- --------- ------ ----- ----- ----- ----- ----- ----- ----- ---- ---------------------
C0000000007_ptg000007l:75238-76791   -            518 18324at4891          -            300  2.1e-102  339.9   5.4   1   3   1.2e-21   1.1e-18   65.1   1.0     7    97    66   198    50   203 0.74 -
C0000000007_ptg000007l:75238-76791   -            518 18324at4891          -            300  2.1e-102  339.9   5.4   2   3   1.8e-36   1.6e-33  113.8   0.0    85   189   241   372   225   379 0.81 -
C0000000007_ptg000007l:75238-76791   -            518 18324at4891          -            300  2.1e-102  339.9   5.4   3   3   4.7e-49   4.1e-46  155.1   0.0   190   299   393   517   387   518 0.90 -
C0000000008_ptg000008l:355473-357182 -            570 18324at4891          -            300   5.7e-14   49.5   0.0   1   4      0.18   1.6e+02   -1.2   0.0    25    38    67    80    55    91 0.75 -
C0000000008_ptg000008l:355473-357182 -            570 18324at4891          -            300   5.7e-14   49.5   0.0   2   4     0.094        83   -0.3   0.0    43    72   111   144   104   152 0.75 -
C0000000008_ptg000008l:355473-357182 -            570 18324at4891          -            300   5.7e-14   49.5   0.0   3   4   0.00011     0.095    9.4   0.0    85   117   216   248   185   267 0.82 -
C0000000008_ptg000008l:355473-357182 -            570 18324at4891          -            300   5.7e-14   49.5   0.0   4   4   2.2e-12   1.9e-09   34.7   0.0   189   264   361   442   350   464 0.77 -
C0000000003_ptg000003l:115537-117249 -            571 18324at4891          -            300   6.2e-14   49.4   0.0   1   4      0.11        99   -0.5   0.0    17    38    60    80    50    88 0.77 -
C0000000003_ptg000003l:115537-117249 -            571 18324at4891          -            300   6.2e-14   49.4   0.0   2   4       0.2   1.8e+02   -1.4   0.0    47    73   115   145   107   153 0.76 -
C0000000003_ptg000003l:115537-117249 -            571 18324at4891          -            300   6.2e-14   49.4   0.0   3   4   4.7e-05     0.042   10.6   0.0    76   120   207   251   146   274 0.69 -
C0000000003_ptg000003l:115537-117249 -            571 18324at4891          -            300   6.2e-14   49.4   0.0   4   4     4e-12   3.6e-09   33.8   0.0   189   264   362   443   351   465 0.80 -
#
# Program:         hmmsearch
# Version:         3.1b2 (February 2015)
# Pipeline mode:   SEARCH
# Query file:      /home/deepseq/tool/BUSCO_v5/saccharomycetes_odb10/hmms/18324at4891.hmm
# Target file:     /var/www/gvolante/request/project/202302230949-GVF6W5EPF13MH478/202302230949-GVF6W5EPF13MH478_busco/run_saccharomycetes_odb10/metaeuk_output/initial_results/SRR13577846.fa.ca.modified.fas
# Option settings: hmmsearch --domtblout /var/www/gvolante/request/project/202302230949-GVF6W5EPF13MH478/202302230949-GVF6W5EPF13MH478_busco/run_saccharomycetes_odb10/hmmer_output/initial_run_results/18324at4891.out --cpu 1 /home/deepseq/tool/BUSCO_v5/saccharomycetes_odb10/hmms/18324at4891.hmm /var/www/gvolante/request/project/202302230949-GVF6W5EPF13MH478/202302230949-GVF6W5EPF13MH478_busco/run_saccharomycetes_odb10/metaeuk_output/initial_results/SRR13577846.fa.ca.modified.fas 
# Current dir:     /var/www/gvolante/request/project/202302230949-GVF6W5EPF13MH478
# Date:            Thu Feb 23 09:51:00 2023
# [ok]
