#                                                                                            --- full sequence --- -------------- this domain -------------   hmm coord   ali coord   env coord
# target name                        accession   tlen query name           accession   qlen   E-value  score  bias   #  of  c-Evalue  i-Evalue  score  bias  from    to  from    to  from    to  acc description of target
#                ------------------- ---------- ----- -------------------- ---------- ----- --------- ------ ----- --- --- --------- --------- ------ ----- ----- ----- ----- ----- ----- ----- ---- ---------------------
C0000000012_ptg000012l:162868-165357 -            830 18728at4891          -            503  1.2e-169  562.2  43.8   1   5   3.2e-18   2.8e-15   52.9   0.5     1    59     9    67     9    96 0.94 -
C0000000012_ptg000012l:162868-165357 -            830 18728at4891          -            503  1.2e-169  562.2  43.8   2   5   5.2e-45   4.6e-42  141.3   1.2    39   154    97   221    80   224 0.89 -
C0000000012_ptg000012l:162868-165357 -            830 18728at4891          -            503  1.2e-169  562.2  43.8   3   5   1.9e-89   1.7e-86  287.8  13.4   153   372   253   514   246   529 0.83 -
C0000000012_ptg000012l:162868-165357 -            830 18728at4891          -            503  1.2e-169  562.2  43.8   4   5   6.6e-19   5.8e-16   55.2   3.5   362   444   574   662   554   678 0.71 -
C0000000012_ptg000012l:162868-165357 -            830 18728at4891          -            503  1.2e-169  562.2  43.8   5   5   9.3e-15   8.2e-12   41.5   0.1   459   501   783   827   717   829 0.87 -
C0000000008_ptg000008l:465851-468634 -            928 18728at4891          -            503   3.5e-10   36.1   0.3   1   1   9.2e-13   8.2e-10   34.9   0.3   152   292   235   396   219   430 0.78 -
C0000000013_ptg000013l:397128-401165 -           1346 18728at4891          -            503   2.4e-09   33.3   0.1   1   1   5.8e-12   5.1e-09   32.2   0.1   154   295   649   811   643   816 0.78 -
#
# Program:         hmmsearch
# Version:         3.1b2 (February 2015)
# Pipeline mode:   SEARCH
# Query file:      /home/deepseq/tool/BUSCO_v5/saccharomycetes_odb10/hmms/18728at4891.hmm
# Target file:     /var/www/gvolante/request/project/202302230949-GVF6W5EPF13MH478/202302230949-GVF6W5EPF13MH478_busco/run_saccharomycetes_odb10/metaeuk_output/initial_results/SRR13577846.fa.ca.modified.fas
# Option settings: hmmsearch --domtblout /var/www/gvolante/request/project/202302230949-GVF6W5EPF13MH478/202302230949-GVF6W5EPF13MH478_busco/run_saccharomycetes_odb10/hmmer_output/initial_run_results/18728at4891.out --cpu 1 /home/deepseq/tool/BUSCO_v5/saccharomycetes_odb10/hmms/18728at4891.hmm /var/www/gvolante/request/project/202302230949-GVF6W5EPF13MH478/202302230949-GVF6W5EPF13MH478_busco/run_saccharomycetes_odb10/metaeuk_output/initial_results/SRR13577846.fa.ca.modified.fas 
# Current dir:     /var/www/gvolante/request/project/202302230949-GVF6W5EPF13MH478
# Date:            Thu Feb 23 09:51:00 2023
# [ok]
