#                                                                                              --- full sequence --- -------------- this domain -------------   hmm coord   ali coord   env coord
# target name                          accession   tlen query name           accession   qlen   E-value  score  bias   #  of  c-Evalue  i-Evalue  score  bias  from    to  from    to  from    to  acc description of target
#                  ------------------- ---------- ----- -------------------- ---------- ----- --------- ------ ----- --- --- --------- --------- ------ ----- ----- ----- ----- ----- ----- ----- ---- ---------------------
C0000000016_ptg000016l:101226-102230   -            335 18954at4891          -            215   1.7e-99  329.0   8.5   1   2   4.3e-84   3.3e-82  272.5   4.7     1   185    45   279    45   293 0.87 -
C0000000016_ptg000016l:101226-102230   -            335 18954at4891          -            215   1.7e-99  329.0   8.5   2   2   3.1e-15   2.3e-13   47.4   0.1   181   215   296   330   290   330 0.93 -
C0000000009_ptg000009l:145631-146521   -            297 18954at4891          -            215   1.3e-84  280.3  15.1   1   2   7.4e-70   5.6e-68  225.9  10.7     2   187     7   246     6   259 0.84 -
C0000000009_ptg000009l:145631-146521   -            297 18954at4891          -            215   1.3e-84  280.3  15.1   2   2   3.1e-13   2.3e-11   40.9   0.1   182   214   262   294   255   295 0.93 -
C0000000002_ptg000002l:211295-212425   -            377 18954at4891          -            215   8.7e-40  133.8   6.0   1   5   4.3e-06   0.00032   17.5   0.1     3    32    55    84    53   102 0.84 -
C0000000002_ptg000002l:211295-212425   -            377 18954at4891          -            215   8.7e-40  133.8   6.0   2   5   4.7e-07   3.6e-05   20.7   0.0    33    82   116   165   103   179 0.65 -
C0000000002_ptg000002l:211295-212425   -            377 18954at4891          -            215   8.7e-40  133.8   6.0   3   5   1.6e-17   1.2e-15   54.9   0.0    76   153   179   264   174   271 0.87 -
C0000000002_ptg000002l:211295-212425   -            377 18954at4891          -            215   8.7e-40  133.8   6.0   4   5   6.2e-07   4.7e-05   20.3   0.0   146   180   283   317   279   325 0.87 -
C0000000002_ptg000002l:211295-212425   -            377 18954at4891          -            215   8.7e-40  133.8   6.0   5   5   8.6e-07   6.5e-05   19.8   0.1    31    77   326   372   321   377 0.83 -
C0000000016_ptg000016l:348187-349101   -            305 18954at4891          -            215   6.6e-34  114.6   3.7   1   2     3e-09   2.3e-07   27.8   0.1     4    77     7    92     4   102 0.79 -
C0000000016_ptg000016l:348187-349101   -            305 18954at4891          -            215   6.6e-34  114.6   3.7   2   2   2.2e-24   1.7e-22   77.3   1.0    79   214   126   302   117   303 0.76 -
C0000000003_ptg000003l:336514-339216   -            901 18954at4891          -            215   1.8e-33  113.1   0.1   1   3   2.7e-13   2.1e-11   41.0   0.0     7    75   537   609   525   617 0.82 -
C0000000003_ptg000003l:336514-339216   -            901 18954at4891          -            215   1.8e-33  113.1   0.1   2   3   1.3e-11     1e-09   35.5   0.0     5    77   629   707   627   709 0.86 -
C0000000003_ptg000003l:336514-339216   -            901 18954at4891          -            215   1.8e-33  113.1   0.1   3   3   1.3e-10   9.7e-09   32.3   0.0     6    76   733   809   730   815 0.86 -
C0000000006_ptg000006l:135950-136909   -            320 18954at4891          -            215   2.2e-30  103.1   2.5   1   3   1.8e-13   1.3e-11   41.7   0.1     2    89    10   106     9   113 0.82 -
C0000000006_ptg000006l:135950-136909   -            320 18954at4891          -            215   2.2e-30  103.1   2.5   2   3   3.9e-08   2.9e-06   24.2   0.2     5    77   113   197   109   202 0.56 -
C0000000006_ptg000006l:135950-136909   -            320 18954at4891          -            215   2.2e-30  103.1   2.5   3   3   2.8e-11   2.2e-09   34.5   0.0     6    77   218   298   214   302 0.77 -
C0000000003_ptg000003l:355829-356806   -            326 18954at4891          -            215   6.9e-30  101.5   4.7   1   4   8.8e-12   6.6e-10   36.1   0.1     2    77    24   104    23   109 0.90 -
C0000000003_ptg000003l:355829-356806   -            326 18954at4891          -            215   6.9e-30  101.5   4.7   2   4   5.3e-11     4e-09   33.6   0.3     5    80   127   219   123   234 0.78 -
C0000000003_ptg000003l:355829-356806   -            326 18954at4891          -            215   6.9e-30  101.5   4.7   3   4    0.0011     0.081    9.7   0.0   157   182   239   264   227   274 0.82 -
C0000000003_ptg000003l:355829-356806   -            326 18954at4891          -            215   6.9e-30  101.5   4.7   4   4   3.3e-06   0.00025   17.9   0.1    36    76   278   318   269   323 0.53 -
C0000000011_ptg000011l:753791-754669   -            293 18954at4891          -            215   2.7e-28   96.2   1.6   1   3   3.1e-10   2.3e-08   31.1   0.0     5    80    17   106    13   118 0.78 -
C0000000011_ptg000011l:753791-754669   -            293 18954at4891          -            215   2.7e-28   96.2   1.6   2   3   7.6e-10   5.8e-08   29.8   0.1     2    60   120   180   119   205 0.85 -
C0000000011_ptg000011l:753791-754669   -            293 18954at4891          -            215   2.7e-28   96.2   1.6   3   3   1.7e-09   1.3e-07   28.7   0.0     5    66   216   285   213   293 0.81 -
C0000000017_ptg000017l:140409-141215   -            269 18954at4891          -            215   6.9e-28   94.9   3.4   1   2   2.4e-20   1.8e-18   64.1   0.6     5   151     2   174     1   180 0.80 -
C0000000017_ptg000017l:140409-141215   -            269 18954at4891          -            215   6.9e-28   94.9   3.4   2   2   6.6e-08     5e-06   23.5   0.1     2    75   185   269   184   269 0.80 -
C0000000006_ptg000006l:591591-592481   -            297 18954at4891          -            215   2.3e-27   93.2   4.2   1   2   2.2e-20   1.7e-18   64.2   0.4     5   150    30   201    27   205 0.79 -
C0000000006_ptg000006l:591591-592481   -            297 18954at4891          -            215   2.3e-27   93.2   4.2   2   2   2.9e-07   2.2e-05   21.3   0.3     2    75   213   297   212   297 0.80 -
C0000000007_ptg000007l:571692-572783   -            364 18954at4891          -            215   8.4e-27   91.4   5.0   1   3   1.3e-17   9.5e-16   55.2   0.4     4   152    54   238    52   243 0.81 -
C0000000007_ptg000007l:571692-572783   -            364 18954at4891          -            215   8.4e-27   91.4   5.0   2   3   2.1e-07   1.6e-05   21.8   0.1     5    35   258   288   255   306 0.86 -
C0000000007_ptg000007l:571692-572783   -            364 18954at4891          -            215   8.4e-27   91.4   5.0   3   3     0.022       1.7    5.4   0.0   111   133   316   338   307   358 0.69 -
C0000000014_ptg000014l:152116-152928   -            271 18954at4891          -            215   1.1e-25   87.7   1.2   1   3   1.1e-08   8.7e-07   25.9   0.2     4    79     7    73     4    85 0.89 -
C0000000014_ptg000014l:152116-152928   -            271 18954at4891          -            215   1.1e-25   87.7   1.2   2   3   7.4e-10   5.6e-08   29.8   0.0     4    84    97   181    94   191 0.84 -
C0000000014_ptg000014l:152116-152928   -            271 18954at4891          -            215   1.1e-25   87.7   1.2   3   3   1.5e-09   1.1e-07   28.8   0.0    81   150   198   269   191   271 0.65 -
C0000000003_ptg000003l:640402-641292   -            297 18954at4891          -            215     3e-25   86.3   1.7   1   4   2.2e-05    0.0016   15.2   0.0     5    32    16    43    13    49 0.89 -
C0000000003_ptg000003l:640402-641292   -            297 18954at4891          -            215     3e-25   86.3   1.7   2   4   1.9e-07   1.4e-05   22.0   0.1    95   156    51   113    43   127 0.77 -
C0000000003_ptg000003l:640402-641292   -            297 18954at4891          -            215     3e-25   86.3   1.7   3   4   9.2e-07     7e-05   19.7   0.1     2    78   124   202   122   217 0.77 -
C0000000003_ptg000003l:640402-641292   -            297 18954at4891          -            215     3e-25   86.3   1.7   4   4   6.9e-09   5.2e-07   26.7   0.0     5    73   220   293   216   297 0.83 -
C0000000007_ptg000007l:359457-360305   -            283 18954at4891          -            215   4.7e-25   85.7   2.1   1   4   5.2e-06   0.00039   17.3   0.0    32    80    40    88     3    92 0.76 -
C0000000007_ptg000007l:359457-360305   -            283 18954at4891          -            215   4.7e-25   85.7   2.1   2   4   7.1e-11   5.4e-09   33.2   0.1     5    80   107   192   105   213 0.79 -
C0000000007_ptg000007l:359457-360305   -            283 18954at4891          -            215   4.7e-25   85.7   2.1   3   4   9.1e-12   6.9e-10   36.1   0.1   104   191   144   242   140   244 0.80 -
C0000000007_ptg000007l:359457-360305   -            283 18954at4891          -            215   4.7e-25   85.7   2.1   4   4   6.7e-06   0.00051   16.9   0.0    86   145   216   280   213   283 0.76 -
C0000000008_ptg000008l:86993-88045     -            351 18954at4891          -            215   1.1e-24   84.4   1.9   1   5    0.0051      0.39    7.5   0.0     6    32     9    35     5    41 0.83 -
C0000000008_ptg000008l:86993-88045     -            351 18954at4891          -            215   1.1e-24   84.4   1.9   2   5   1.8e-07   1.4e-05   22.0   0.1    32    93    92   153    82   155 0.88 -
C0000000008_ptg000008l:86993-88045     -            351 18954at4891          -            215   1.1e-24   84.4   1.9   3   5     0.002      0.15    8.8   0.0     6    35   155   184   152   199 0.82 -
C0000000008_ptg000008l:86993-88045     -            351 18954at4891          -            215   1.1e-24   84.4   1.9   4   5    0.0015      0.11    9.2   0.0   176   214   201   239   196   240 0.90 -
C0000000008_ptg000008l:86993-88045     -            351 18954at4891          -            215   1.1e-24   84.4   1.9   5   5   1.5e-10   1.1e-08   32.1   0.0     5    76   264   346   260   350 0.82 -
C0000000008_ptg000008l:419567-420493   -            309 18954at4891          -            215   8.4e-24   81.6   3.9   1   4   8.3e-09   6.3e-07   26.4   0.0     4    75    15    93    13   100 0.83 -
C0000000008_ptg000008l:419567-420493   -            309 18954at4891          -            215   8.4e-24   81.6   3.9   2   4   7.6e-11   5.8e-09   33.1   0.1     5    94   112   204   108   209 0.85 -
C0000000008_ptg000008l:419567-420493   -            309 18954at4891          -            215   8.4e-24   81.6   3.9   3   4    0.0014      0.11    9.3   0.0   157   183   213   239   201   253 0.79 -
C0000000008_ptg000008l:419567-420493   -            309 18954at4891          -            215   8.4e-24   81.6   3.9   4   4   0.00065     0.049   10.4   0.1    41    76   266   301   253   305 0.71 -
C0000000006_ptg000006l:168487-169395   -            303 18954at4891          -            215   9.1e-24   81.4   0.8   1   3   2.8e-09   2.1e-07   27.9   0.1    77   151    15    92     3   100 0.63 -
C0000000006_ptg000006l:168487-169395   -            303 18954at4891          -            215   9.1e-24   81.4   0.8   2   3   8.7e-14   6.6e-12   42.7   0.0     6    83   113   192   108   198 0.91 -
C0000000006_ptg000006l:168487-169395   -            303 18954at4891          -            215   9.1e-24   81.4   0.8   3   3     0.004       0.3    7.8   0.0     4    76   210   285   206   294 0.62 -
C0000000011_ptg000011l:514274-515254   -            327 18954at4891          -            215   5.4e-23   78.9   3.0   1   3   4.2e-08   3.2e-06   24.1   0.4     5    75    40   121    36   130 0.84 -
C0000000011_ptg000011l:514274-515254   -            327 18954at4891          -            215   5.4e-23   78.9   3.0   2   3   4.4e-08   3.4e-06   24.0   0.0     8    76   145   217   138   223 0.87 -
C0000000011_ptg000011l:514274-515254   -            327 18954at4891          -            215   5.4e-23   78.9   3.0   3   3   1.3e-09   9.8e-08   29.0   0.0     4    72   243   313   240   323 0.83 -
C0000000002_ptg000002l:369437-370294   -            286 18954at4891          -            215   6.2e-23   78.7   0.2   1   3   2.2e-10   1.6e-08   31.6   0.0    83   165     6    90     1    96 0.85 -
C0000000002_ptg000002l:369437-370294   -            286 18954at4891          -            215   6.2e-23   78.7   0.2   2   3     1e-06   7.7e-05   19.6   0.0     5    87   108   194   105   204 0.82 -
C0000000002_ptg000002l:369437-370294   -            286 18954at4891          -            215   6.2e-23   78.7   0.2   3   3   6.8e-08   5.1e-06   23.4   0.0     5    75   205   281   202   285 0.81 -
C0000000017_ptg000017l:455481-456446   -            322 18954at4891          -            215   9.6e-22   74.8   6.5   1   3     2e-06   0.00015   18.6   0.2     6   131    26    88    23   104 0.57 -
C0000000017_ptg000017l:455481-456446   -            322 18954at4891          -            215   9.6e-22   74.8   6.5   2   3   1.8e-10   1.4e-08   31.8   0.1     3    76   129   212   127   220 0.79 -
C0000000017_ptg000017l:455481-456446   -            322 18954at4891          -            215   9.6e-22   74.8   6.5   3   3   2.3e-08   1.8e-06   24.9   0.1    79   150   234   309   228   320 0.73 -
C0000000002_ptg000002l:643769-644647   -            293 18954at4891          -            215   2.6e-21   73.4   0.5   1   2   3.8e-06   0.00029   17.7   0.0    31    80    41    90     1    97 0.78 -
C0000000002_ptg000002l:643769-644647   -            293 18954at4891          -            215   2.6e-21   73.4   0.5   2   2   2.7e-15     2e-13   47.6   0.1     6   150   109   286   105   289 0.72 -
C0000000002_ptg000002l:29706-30533     -            276 18954at4891          -            215   2.8e-21   73.3   0.3   1   3    0.0001    0.0079   13.0   0.0     5    76     1    77     1    91 0.69 -
C0000000002_ptg000002l:29706-30533     -            276 18954at4891          -            215   2.8e-21   73.3   0.3   2   3   9.4e-08   7.1e-06   23.0   0.0     5    81    97   184    94   196 0.79 -
C0000000002_ptg000002l:29706-30533     -            276 18954at4891          -            215   2.8e-21   73.3   0.3   3   3   5.8e-11   4.4e-09   33.5   0.1     3    75   201   276   199   276 0.81 -
C0000000014_ptg000014l:304929-306545   -            539 18954at4891          -            215   2.9e-21   73.3   2.6   1   4      0.79        60    0.3   0.0     5    31   226   252   224   269 0.84 -
C0000000014_ptg000014l:304929-306545   -            539 18954at4891          -            215   2.9e-21   73.3   2.6   2   4   0.00043     0.033   11.0   0.0   182   214   292   324   276   332 0.77 -
C0000000014_ptg000014l:304929-306545   -            539 18954at4891          -            215   2.9e-21   73.3   2.6   3   4   1.1e-07   8.4e-06   22.7   0.0     4    68   345   416   342   434 0.85 -
C0000000014_ptg000014l:304929-306545   -            539 18954at4891          -            215   2.9e-21   73.3   2.6   4   4     1e-11   7.8e-10   35.9   0.1     6    78   454   533   449   537 0.91 -
C0000000009_ptg000009l:259597-260451   -            285 18954at4891          -            215     3e-21   73.2   2.3   1   3     5e-08   3.8e-06   23.9   0.0    83   152    20    91     4   100 0.73 -
C0000000009_ptg000009l:259597-260451   -            285 18954at4891          -            215     3e-21   73.2   2.3   2   3   4.3e-10   3.2e-08   30.6   0.0     3    77   102   180    99   186 0.87 -
C0000000009_ptg000009l:259597-260451   -            285 18954at4891          -            215     3e-21   73.2   2.3   3   3   4.9e-06   0.00037   17.3   0.2     3    72   204   279   202   284 0.77 -
C0000000005_ptg000005l:1258080-1258979 -            300 18954at4891          -            215   1.2e-20   71.2   0.9   1   3   4.5e-06   0.00034   17.5   0.0     5    74     8    74     5    99 0.81 -
C0000000005_ptg000005l:1258080-1258979 -            300 18954at4891          -            215   1.2e-20   71.2   0.9   2   3   1.5e-08   1.1e-06   25.6   0.2     5   156   115   197   105   204 0.55 -
C0000000005_ptg000005l:1258080-1258979 -            300 18954at4891          -            215   1.2e-20   71.2   0.9   3   3   1.5e-08   1.2e-06   25.5   0.1    73   149   217   296   201   300 0.82 -
C0000000013_ptg000013l:361422-362216   -            265 18954at4891          -            215   1.4e-20   71.0   0.4   1   3   5.5e-11   4.1e-09   33.5   0.0     7    76     1    72     1    78 0.89 -
C0000000013_ptg000013l:361422-362216   -            265 18954at4891          -            215   1.4e-20   71.0   0.4   2   3   4.6e-05    0.0035   14.2   0.1   103   151   126   176    87   190 0.83 -
C0000000013_ptg000013l:361422-362216   -            265 18954at4891          -            215   1.4e-20   71.0   0.4   3   3   9.5e-07   7.2e-05   19.7   0.0    78   134   194   252   187   264 0.71 -
C0000000011_ptg000011l:570910-571749   -            280 18954at4891          -            215   1.5e-20   70.9   1.8   1   3   3.6e-08   2.7e-06   24.3   0.0     4    80     5    85     2    93 0.85 -
C0000000011_ptg000011l:570910-571749   -            280 18954at4891          -            215   1.5e-20   70.9   1.8   2   3   2.4e-06   0.00018   18.3   0.1     4    76    99   180    97   186 0.77 -
C0000000011_ptg000011l:570910-571749   -            280 18954at4891          -            215   1.5e-20   70.9   1.8   3   3   8.6e-09   6.5e-07   26.4   0.0     5    80   206   280   203   280 0.95 -
C0000000002_ptg000002l:401397-402242   -            282 18954at4891          -            215   2.2e-20   70.4   1.1   1   2   2.8e-06   0.00021   18.1   0.0    29    77    51    99    12   107 0.62 -
C0000000002_ptg000002l:401397-402242   -            282 18954at4891          -            215   2.2e-20   70.4   1.1   2   2   2.6e-14     2e-12   44.4   0.3     6   130   121   278   116   282 0.72 -
C0000000001_ptg000001l:27928-28815     -            296 18954at4891          -            215   8.8e-20   68.4   2.6   1   4   0.00012    0.0092   12.8   0.0   152   188     2    38     1    62 0.87 -
C0000000001_ptg000001l:27928-28815     -            296 18954at4891          -            215   8.8e-20   68.4   2.6   2   4     0.094       7.1    3.3   0.0     5    29    97   121    94   135 0.86 -
C0000000001_ptg000001l:27928-28815     -            296 18954at4891          -            215   8.8e-20   68.4   2.6   3   4   6.5e-05    0.0049   13.7   0.0   107   156   159   209   147   224 0.79 -
C0000000001_ptg000001l:27928-28815     -            296 18954at4891          -            215   8.8e-20   68.4   2.6   4   4   4.4e-12   3.3e-10   37.1   0.5    77   149   212   293   206   296 0.76 -
C0000000003_ptg000003l:265214-266029   -            272 18954at4891          -            215   1.3e-18   64.6   0.2   1   3   2.1e-08   1.6e-06   25.1   0.0    82   153     4    78     1    94 0.51 -
C0000000003_ptg000003l:265214-266029   -            272 18954at4891          -            215   1.3e-18   64.6   0.2   2   3   5.3e-06    0.0004   17.2   0.0     6    79    96   173    92   178 0.75 -
C0000000003_ptg000003l:265214-266029   -            272 18954at4891          -            215   1.3e-18   64.6   0.2   3   3   4.1e-06   0.00031   17.6   0.0     5    75   194   270   191   272 0.82 -
C0000000015_ptg000015l:100027-101022   -            332 18954at4891          -            215     3e-18   63.4   5.3   1   4   4.9e-08   3.7e-06   23.9   0.0     5    78    13    95     9   101 0.84 -
C0000000015_ptg000015l:100027-101022   -            332 18954at4891          -            215     3e-18   63.4   5.3   2   4   0.00011    0.0087   12.9   0.0   149   213   105   168    98   170 0.83 -
C0000000015_ptg000015l:100027-101022   -            332 18954at4891          -            215     3e-18   63.4   5.3   3   4     0.085       6.4    3.5   0.1    52    72   178   198   174   209 0.64 -
C0000000015_ptg000015l:100027-101022   -            332 18954at4891          -            215     3e-18   63.4   5.3   4   4    0.0013     0.098    9.4   0.0   156   183   244   271   235   279 0.78 -
C0000000007_ptg000007l:730278-731201   -            308 18954at4891          -            215   6.9e-14   49.2   0.3   1   3   9.6e-06   0.00073   16.4   0.0    19    58    33    72    18    80 0.85 -
C0000000007_ptg000007l:730278-731201   -            308 18954at4891          -            215   6.9e-14   49.2   0.3   2   3   4.1e-05    0.0031   14.3   0.1    12    71   121   184   107   193 0.78 -
C0000000007_ptg000007l:730278-731201   -            308 18954at4891          -            215   6.9e-14   49.2   0.3   3   3   2.7e-05    0.0021   14.9   0.0    20    66   228   282   213   303 0.66 -
C0000000005_ptg000005l:1401102-1402001 -            300 18954at4891          -            215   1.2e-13   48.4   0.0   1   3      0.14        11    2.8   0.0     6    74    16    88    11    93 0.66 -
C0000000005_ptg000005l:1401102-1402001 -            300 18954at4891          -            215   1.2e-13   48.4   0.0   2   3   1.3e-05     0.001   15.9   0.0     6    55   121   173   118   183 0.83 -
C0000000005_ptg000005l:1401102-1402001 -            300 18954at4891          -            215   1.2e-13   48.4   0.0   3   3   1.1e-08   8.6e-07   26.0   0.0     5    72   218   285   212   291 0.69 -
C0000000003_ptg000003l:147851-148522   -            224 18954at4891          -            215   9.2e-13   45.5   5.0   1   3    0.0005     0.038   10.8   0.7    43    76     2    35     1    41 0.92 -
C0000000003_ptg000003l:147851-148522   -            224 18954at4891          -            215   9.2e-13   45.5   5.0   2   3   4.3e-05    0.0033   14.3   0.0    74   151    64   146    59   162 0.79 -
C0000000003_ptg000003l:147851-148522   -            224 18954at4891          -            215   9.2e-13   45.5   5.0   3   3   3.2e-07   2.5e-05   21.2   0.0     7    58   167   220   160   223 0.56 -
C0000000005_ptg000005l:124561-126045   -            495 18954at4891          -            215    0.0092   12.8   0.1   1   2      0.46        35    1.1   0.0    37    55   225   243   214   269 0.71 -
C0000000005_ptg000005l:124561-126045   -            495 18954at4891          -            215    0.0092   12.8   0.1   2   2    0.0043      0.33    7.7   0.0    78   108   291   321   284   331 0.84 -
#
# Program:         hmmsearch
# Version:         3.1b2 (February 2015)
# Pipeline mode:   SEARCH
# Query file:      /home/deepseq/tool/BUSCO_v5/saccharomycetes_odb10/hmms/18954at4891.hmm
# Target file:     /var/www/gvolante/request/project/202302230949-GVF6W5EPF13MH478/202302230949-GVF6W5EPF13MH478_busco/run_saccharomycetes_odb10/metaeuk_output/initial_results/SRR13577846.fa.ca.modified.fas
# Option settings: hmmsearch --domtblout /var/www/gvolante/request/project/202302230949-GVF6W5EPF13MH478/202302230949-GVF6W5EPF13MH478_busco/run_saccharomycetes_odb10/hmmer_output/initial_run_results/18954at4891.out --cpu 1 /home/deepseq/tool/BUSCO_v5/saccharomycetes_odb10/hmms/18954at4891.hmm /var/www/gvolante/request/project/202302230949-GVF6W5EPF13MH478/202302230949-GVF6W5EPF13MH478_busco/run_saccharomycetes_odb10/metaeuk_output/initial_results/SRR13577846.fa.ca.modified.fas 
# Current dir:     /var/www/gvolante/request/project/202302230949-GVF6W5EPF13MH478
# Date:            Thu Feb 23 09:51:03 2023
# [ok]
