#                                                                                          --- full sequence --- -------------- this domain -------------   hmm coord   ali coord   env coord
# target name                      accession   tlen query name           accession   qlen   E-value  score  bias   #  of  c-Evalue  i-Evalue  score  bias  from    to  from    to  from    to  acc description of target
#              ------------------- ---------- ----- -------------------- ---------- ----- --------- ------ ----- --- --- --------- --------- ------ ----- ----- ----- ----- ----- ----- ----- ---- ---------------------
C0000000008_ptg000008l:51206-54355 -           1050 1906at4891           -            608  1.7e-225  747.5  85.3   1   8   3.1e-07   0.00083   15.3   2.3     7    27    37    57    32    72 0.91 -
C0000000008_ptg000008l:51206-54355 -           1050 1906at4891           -            608  1.7e-225  747.5  85.3   2   8     0.011        30    0.2   0.1    26    44   196   214   188   221 0.80 -
C0000000008_ptg000008l:51206-54355 -           1050 1906at4891           -            608  1.7e-225  747.5  85.3   3   8   0.00014      0.38    6.5   0.1    39    61   235   257   224   278 0.84 -
C0000000008_ptg000008l:51206-54355 -           1050 1906at4891           -            608  1.7e-225  747.5  85.3   4   8   1.9e-05     0.052    9.3   1.3    56    89   299   332   281   350 0.82 -
C0000000008_ptg000008l:51206-54355 -           1050 1906at4891           -            608  1.7e-225  747.5  85.3   5   8  2.3e-189  6.1e-186  616.8  16.6    78   490   367   835   354   842 0.87 -
C0000000008_ptg000008l:51206-54355 -           1050 1906at4891           -            608  1.7e-225  747.5  85.3   6   8   8.1e-13   2.1e-09   33.7   1.5   476   511   840   875   834   877 0.92 -
C0000000008_ptg000008l:51206-54355 -           1050 1906at4891           -            608  1.7e-225  747.5  85.3   7   8   7.9e-17   2.1e-13   47.0  15.6   509   591   900   985   878  1006 0.79 -
C0000000008_ptg000008l:51206-54355 -           1050 1906at4891           -            608  1.7e-225  747.5  85.3   8   8     2e-15   5.4e-12   42.3   3.7   578   608  1016  1046  1008  1046 0.91 -
#
# Program:         hmmsearch
# Version:         3.1b2 (February 2015)
# Pipeline mode:   SEARCH
# Query file:      /home/deepseq/tool/BUSCO_v5/saccharomycetes_odb10/hmms/1906at4891.hmm
# Target file:     /var/www/gvolante/request/project/202302230949-GVF6W5EPF13MH478/202302230949-GVF6W5EPF13MH478_busco/run_saccharomycetes_odb10/metaeuk_output/initial_results/SRR13577846.fa.ca.modified.fas
# Option settings: hmmsearch --domtblout /var/www/gvolante/request/project/202302230949-GVF6W5EPF13MH478/202302230949-GVF6W5EPF13MH478_busco/run_saccharomycetes_odb10/hmmer_output/initial_run_results/1906at4891.out --cpu 1 /home/deepseq/tool/BUSCO_v5/saccharomycetes_odb10/hmms/1906at4891.hmm /var/www/gvolante/request/project/202302230949-GVF6W5EPF13MH478/202302230949-GVF6W5EPF13MH478_busco/run_saccharomycetes_odb10/metaeuk_output/initial_results/SRR13577846.fa.ca.modified.fas 
# Current dir:     /var/www/gvolante/request/project/202302230949-GVF6W5EPF13MH478
# Date:            Thu Feb 23 09:51:00 2023
# [ok]
