#                                                                                              --- full sequence --- -------------- this domain -------------   hmm coord   ali coord   env coord
# target name                          accession   tlen query name           accession   qlen   E-value  score  bias   #  of  c-Evalue  i-Evalue  score  bias  from    to  from    to  from    to  acc description of target
#                  ------------------- ---------- ----- -------------------- ---------- ----- --------- ------ ----- --- --- --------- --------- ------ ----- ----- ----- ----- ----- ----- ----- ---- ---------------------
C0000000006_ptg000006l:506917-511344   -           1476 1979at4891           -            411  5.9e-182  602.2   4.3   1   4       1.8        44   -0.2   0.0     1    45   560   605   560   614 0.89 -
C0000000006_ptg000006l:506917-511344   -           1476 1979at4891           -            411  5.9e-182  602.2   4.3   2   4       4.5   1.1e+02   -1.5   0.0    34    55   703   724   682   786 0.72 -
C0000000006_ptg000006l:506917-511344   -           1476 1979at4891           -            411  5.9e-182  602.2   4.3   3   4     1e-11   2.6e-10   36.8   0.2    51    96  1009  1054   993  1060 0.88 -
C0000000006_ptg000006l:506917-511344   -           1476 1979at4891           -            411  5.9e-182  602.2   4.3   4   4    1e-171  2.5e-170  563.8   0.1    90   410  1108  1461  1086  1462 0.89 -
C0000000013_ptg000013l:384311-386401   -            697 1979at4891           -            411     2e-89  297.4   1.0   1   3    0.0027     0.067    9.1   0.0    59    94   246   281   229   306 0.73 -
C0000000013_ptg000013l:384311-386401   -            697 1979at4891           -            411     2e-89  297.4   1.0   2   3   1.7e-13   4.1e-12   42.7   0.1   146   182   394   430   387   437 0.93 -
C0000000013_ptg000013l:384311-386401   -            697 1979at4891           -            411     2e-89  297.4   1.0   3   3   4.2e-74     1e-72  242.3   0.0   178   398   473   691   469   696 0.93 -
C0000000010_ptg000010l:89143-92952     -           1270 1979at4891           -            411   3.5e-62  207.7   0.1   1   1   2.7e-63   6.8e-62  206.7   0.1   142   405   975  1262   917  1268 0.78 -
C0000000014_ptg000014l:92509-97236     -           1576 1979at4891           -            411   1.3e-61  205.8   2.5   1   2   5.2e-40   1.3e-38  130.0   0.8   144   290  1263  1418  1249  1429 0.86 -
C0000000014_ptg000014l:92509-97236     -           1576 1979at4891           -            411   1.3e-61  205.8   2.5   2   2   2.9e-23   7.1e-22   74.9   0.0   292   404  1450  1563  1427  1569 0.80 -
C0000000015_ptg000015l:86403-88121     -            573 1979at4891           -            411   2.5e-55  185.1   0.0   1   1   1.4e-56   3.6e-55  184.6   0.0   153   404   308   558   264   562 0.90 -
C0000000015_ptg000015l:317403-318146   -            248 1979at4891           -            411   2.2e-52  175.4   0.0   1   1   9.7e-54   2.4e-52  175.3   0.0   153   398     1   247     1   248 0.91 -
C0000000012_ptg000012l:59258-59929     -            224 1979at4891           -            411   3.7e-52  174.7   0.0   1   1   1.7e-53   4.2e-52  174.5   0.0   182   398     2   210     1   223 0.92 -
C0000000003_ptg000003l:675713-678172   -            820 1979at4891           -            411     9e-49  163.5   0.1   1   1   7.3e-50   1.8e-48  162.5   0.1   123   398   175   465   147   469 0.84 -
C0000000011_ptg000011l:105260-107206   -            649 1979at4891           -            411   9.2e-49  163.5   0.1   1   1     7e-50   1.7e-48  162.6   0.1   169   398   394   633   389   640 0.87 -
C0000000005_ptg000005l:38794-39612     -            273 1979at4891           -            411   2.6e-48  162.0   0.0   1   1   1.3e-49   3.1e-48  161.7   0.0   153   402     1   252     1   260 0.89 -
C0000000014_ptg000014l:706442-708964   -            841 1979at4891           -            411   1.2e-46  156.5   0.0   1   1   9.3e-48   2.3e-46  155.6   0.0   169   398   587   824   584   830 0.87 -
C0000000003_ptg000003l:651504-652319   -            272 1979at4891           -            411     2e-42  142.6   0.0   1   1     1e-43   2.6e-42  142.2   0.0   153   398     9   269     6   271 0.79 -
C0000000003_ptg000003l:772681-773454   -            258 1979at4891           -            411   2.5e-41  139.0   0.0   1   1   1.3e-42   3.2e-41  138.6   0.0   153   370    11   233     3   245 0.88 -
C0000000011_ptg000011l:768687-769553   -            289 1979at4891           -            411     1e-40  136.9   0.0   1   1     5e-42   1.2e-40  136.7   0.0   153   398    19   279    13   289 0.79 -
C0000000017_ptg000017l:538303-539118   -            272 1979at4891           -            411   5.3e-39  131.3   0.0   1   1   2.7e-40   6.7e-39  131.0   0.0   152   356    17   224     2   250 0.86 -
C0000000006_ptg000006l:642183-642980   -            266 1979at4891           -            411   7.4e-39  130.8   0.0   1   1   3.9e-40   9.7e-39  130.4   0.0   152   370    12   235     3   246 0.88 -
C0000000003_ptg000003l:782315-783397   -            361 1979at4891           -            411   1.9e-38  129.5   0.0   1   1     1e-39   2.5e-38  129.1   0.0   150   388   106   343    71   355 0.85 -
C0000000002_ptg000002l:522556-523779   -            408 1979at4891           -            411   1.1e-37  127.0   0.0   1   2   0.00097     0.024   10.6   0.0   152   184    16    48     3    64 0.84 -
C0000000002_ptg000002l:522556-523779   -            408 1979at4891           -            411   1.1e-37  127.0   0.0   2   2     3e-35   7.4e-34  114.4   0.0   182   392    78   294    75   310 0.87 -
C0000000001_ptg000001l:97392-98225     -            278 1979at4891           -            411   2.6e-37  125.8   0.0   1   1   1.3e-38   3.1e-37  125.5   0.0   144   397    15   276     4   278 0.84 -
C0000000007_ptg000007l:252657-254768   -            704 1979at4891           -            411   3.7e-36  122.0   0.0   1   1   2.4e-37   5.8e-36  121.3   0.0   147   394    82   332    62   338 0.85 -
C0000000011_ptg000011l:290175-290999   -            275 1979at4891           -            411   8.8e-36  120.7   0.0   1   1   4.2e-37     1e-35  120.5   0.0   144   400     8   274     2   275 0.87 -
C0000000017_ptg000017l:423482-424645   -            388 1979at4891           -            411   3.6e-35  118.7   0.1   1   2   0.00016    0.0039   13.2   0.0   147   181     4    38     3    51 0.90 -
C0000000017_ptg000017l:423482-424645   -            388 1979at4891           -            411   3.6e-35  118.7   0.1   2   2   6.1e-32   1.5e-30  103.5   0.0   186   401    84   294    50   302 0.87 -
C0000000003_ptg000003l:446982-447866   -            295 1979at4891           -            411   4.5e-35  118.4   0.0   1   2   4.6e-36   1.1e-34  117.1   0.0   151   338     7   204     3   233 0.78 -
C0000000003_ptg000003l:446982-447866   -            295 1979at4891           -            411   4.5e-35  118.4   0.0   2   2       7.3   1.8e+02   -2.2   0.0   371   397   265   291   253   294 0.83 -
C0000000011_ptg000011l:124756-125544   -            263 1979at4891           -            411   6.8e-35  117.8   0.0   1   1   3.4e-36   8.5e-35  117.5   0.0   150   357     5   230     2   261 0.79 -
C0000000005_ptg000005l:495560-500521   -           1654 1979at4891           -            411   1.2e-34  117.0   0.2   1   3   3.3e-07   8.2e-06   22.0   0.0   181   341   296   478   292   492 0.73 -
C0000000005_ptg000005l:495560-500521   -           1654 1979at4891           -            411   1.2e-34  117.0   0.2   2   3   8.4e-05    0.0021   14.1   0.0   152   205   599   654   565   663 0.88 -
C0000000005_ptg000005l:495560-500521   -           1654 1979at4891           -            411   1.2e-34  117.0   0.2   3   3   1.2e-23   2.9e-22   76.2   0.0   202   396   767   973   744   986 0.73 -
C0000000005_ptg000005l:1331652-1333190 -            513 1979at4891           -            411   1.4e-34  116.8   0.2   1   1   1.3e-35   3.2e-34  115.6   0.2   149   401   193   468   176   477 0.80 -
C0000000001_ptg000001l:200271-201755   -            495 1979at4891           -            411   3.5e-33  112.2   0.1   1   2     2e-24   4.9e-23   78.7   0.1   153   285    12   153     3   174 0.79 -
C0000000001_ptg000001l:200271-201755   -            495 1979at4891           -            411   3.5e-33  112.2   0.1   2   2   5.2e-10   1.3e-08   31.2   0.0   297   393   357   457   346   469 0.80 -
C0000000017_ptg000017l:489342-490793   -            484 1979at4891           -            411   8.5e-33  110.9   0.1   1   1   4.9e-34   1.2e-32  110.4   0.1   146   352   167   382   134   397 0.80 -
C0000000005_ptg000005l:59932-60960     -            343 1979at4891           -            411   1.3e-32  110.3   0.0   1   1   1.9e-32   4.6e-31  105.2   0.0   147   400    33   304    15   313 0.80 -
C0000000005_ptg000005l:829911-830846   -            312 1979at4891           -            411   2.4e-32  109.4   0.3   1   2    0.0042       0.1    8.5   0.0   147   189    32    74     8    77 0.81 -
C0000000005_ptg000005l:829911-830846   -            312 1979at4891           -            411   2.4e-32  109.4   0.3   2   2   1.1e-30   2.8e-29   99.3   0.1   209   398   129   309   106   312 0.88 -
C0000000005_ptg000005l:91849-92655     -            269 1979at4891           -            411   4.6e-32  108.5   0.1   1   1   2.8e-33     7e-32  107.9   0.1   150   357     9   236     3   269 0.78 -
C0000000003_ptg000003l:670848-671588   -            247 1979at4891           -            411   7.1e-32  107.8   0.0   1   1   3.7e-33   9.1e-32  107.5   0.0   153   398     4   243     2   246 0.89 -
C0000000004_ptg000004l:312568-313497   -            310 1979at4891           -            411   7.5e-32  107.8   0.1   1   2       0.6        15    1.4   0.0   151   184     8    41     3    58 0.79 -
C0000000004_ptg000004l:312568-313497   -            310 1979at4891           -            411   7.5e-32  107.8   0.1   2   2   3.3e-32   8.1e-31  104.4   0.1   208   399   100   282    69   288 0.87 -
C0000000006_ptg000006l:573120-575027   -            636 1979at4891           -            411   9.9e-32  107.4   0.0   1   1   5.9e-33   1.5e-31  106.8   0.0   153   399   334   591   319   601 0.83 -
C0000000015_ptg000015l:510284-512575   -            764 1979at4891           -            411   2.5e-31  106.1   0.0   1   1   2.2e-32   5.3e-31  105.0   0.0   151   390   356   598   334   617 0.76 -
C0000000010_ptg000010l:269054-270052   -            333 1979at4891           -            411   3.3e-31  105.6   0.0   1   1   3.1e-32   7.8e-31  104.4   0.0   147   403     8   276     6   283 0.82 -
C0000000014_ptg000014l:443074-444303   -            410 1979at4891           -            411   7.5e-31  104.5   0.5   1   2   8.7e-24   2.2e-22   76.6   0.4   136   285     9   164     3   177 0.84 -
C0000000014_ptg000014l:443074-444303   -            410 1979at4891           -            411   7.5e-31  104.5   0.5   2   2   2.1e-08   5.2e-07   25.9   0.0   298   383   236   319   221   346 0.85 -
C0000000011_ptg000011l:771443-772264   -            274 1979at4891           -            411   7.6e-31  104.4   0.0   1   1   3.7e-32   9.2e-31  104.2   0.0   148   385     2   254     1   268 0.74 -
C0000000004_ptg000004l:351313-352617   -            435 1979at4891           -            411   8.8e-31  104.2   0.0   1   2   5.2e-30   1.3e-28   97.1   0.0   153   378    29   255    24   262 0.82 -
C0000000004_ptg000004l:351313-352617   -            435 1979at4891           -            411   8.8e-31  104.2   0.0   2   2     0.041         1    5.2   0.0   359   399   261   302   257   307 0.85 -
C0000000005_ptg000005l:129743-130630   -            296 1979at4891           -            411   2.5e-30  102.7   0.1   1   1   2.5e-31   6.3e-30  101.4   0.1   148   398     9   289     2   294 0.70 -
C0000000003_ptg000003l:653931-654851   -            307 1979at4891           -            411   4.5e-30  101.9   0.0   1   1   2.6e-31   6.4e-30  101.4   0.0   147   398    12   283     1   293 0.78 -
C0000000008_ptg000008l:937753-938757   -            335 1979at4891           -            411   4.7e-30  101.8   0.0   1   1   2.7e-31   6.6e-30  101.4   0.0   152   398    46   334    16   335 0.75 -
C0000000010_ptg000010l:58569-59591     -            341 1979at4891           -            411   5.8e-30  101.5   0.4   1   1   6.9e-31   1.7e-29  100.0   0.4   143   402    39   322    17   331 0.78 -
C0000000010_ptg000010l:213566-214237   -            224 1979at4891           -            411     3e-29   99.2   0.0   1   1   1.5e-30   3.7e-29   98.9   0.0   151   344     1   215     1   221 0.81 -
C0000000005_ptg000005l:111489-113378   -            630 1979at4891           -            411   4.2e-29   98.7   0.0   1   1   2.6e-30   6.6e-29   98.1   0.0   152   396    57   300    38   312 0.79 -
C0000000003_ptg000003l:79555-80496     -            314 1979at4891           -            411   5.8e-29   98.3   0.3   1   2     1e-26   2.6e-25   86.2   1.2   151   336     5   221     2   246 0.75 -
C0000000003_ptg000003l:79555-80496     -            314 1979at4891           -            411   5.8e-29   98.3   0.3   2   2     0.029      0.73    5.7   0.0   353   397   261   305   248   310 0.87 -
C0000000007_ptg000007l:445528-446583   -            352 1979at4891           -            411   1.1e-28   97.3   0.0   1   1   6.1e-30   1.5e-28   96.9   0.0   135   350    12   230     3   251 0.85 -
C0000000005_ptg000005l:1191684-1192538 -            285 1979at4891           -            411   1.1e-28   97.3   0.0   1   1   5.7e-30   1.4e-28   97.0   0.0   151   357     5   220     2   240 0.84 -
C0000000008_ptg000008l:894540-895424   -            295 1979at4891           -            411   1.6e-28   96.8   0.9   1   2   1.5e-12   3.8e-11   39.6   0.4   201   271    76   148     4   157 0.82 -
C0000000008_ptg000008l:894540-895424   -            295 1979at4891           -            411   1.6e-28   96.8   0.9   2   2   5.6e-17   1.4e-15   54.2   0.0   274   397   175   292   155   295 0.87 -
C0000000017_ptg000017l:466083-467246   -            388 1979at4891           -            411   2.3e-28   96.3   0.0   1   1   1.2e-29   2.9e-28   96.0   0.0   135   352    56   277    45   327 0.80 -
C0000000015_ptg000015l:166037-167080   -            348 1979at4891           -            411     3e-28   95.9   0.0   1   2   3.6e-28   8.9e-27   91.1   0.0   153   378    19   261     4   269 0.72 -
C0000000015_ptg000015l:166037-167080   -            348 1979at4891           -            411     3e-28   95.9   0.0   2   2      0.23       5.8    2.7   0.0   368   398   277   307   265   312 0.88 -
C0000000007_ptg000007l:524615-525445   -            277 1979at4891           -            411   4.9e-28   95.2   0.0   1   1   2.2e-29   5.5e-28   95.0   0.0   153   354     1   211     1   271 0.84 -
C0000000002_ptg000002l:259107-259979   -            291 1979at4891           -            411     5e-28   95.2   0.0   1   1   3.6e-29   8.8e-28   94.4   0.0   151   354     5   220     1   232 0.78 -
C0000000002_ptg000002l:792437-793336   -            300 1979at4891           -            411     6e-28   94.9   0.0   1   1   2.9e-29   7.2e-28   94.6   0.0   145   353    10   224     1   272 0.79 -
C0000000014_ptg000014l:67072-67932     -            287 1979at4891           -            411   1.2e-27   93.9   0.2   1   1   1.2e-27   2.9e-26   89.3   0.2   151   388     5   267     1   286 0.79 -
C0000000002_ptg000002l:614285-615226   -            314 1979at4891           -            411   1.3e-27   93.8   0.0   1   2   1.5e-26   3.8e-25   85.7   0.0   151   338    12   216     8   259 0.75 -
C0000000002_ptg000002l:614285-615226   -            314 1979at4891           -            411   1.3e-27   93.8   0.0   2   2      0.02       0.5    6.2   0.0   362   398   267   303   253   309 0.85 -
C0000000005_ptg000005l:1103675-1104628 -            318 1979at4891           -            411   1.7e-27   93.4   0.1   1   1   1.2e-28     3e-27   92.6   0.1   149   398     3   276     1   283 0.82 -
C0000000013_ptg000013l:169331-170326   -            332 1979at4891           -            411   1.8e-27   93.4   0.6   1   2   4.9e-11   1.2e-09   34.6   0.1   198   271    97   172    74   179 0.83 -
C0000000013_ptg000013l:169331-170326   -            332 1979at4891           -            411   1.8e-27   93.4   0.6   2   2   1.1e-17   2.7e-16   56.5   0.0   274   398   209   327   206   331 0.88 -
C0000000005_ptg000005l:1223821-1225359 -            513 1979at4891           -            411   1.9e-27   93.3   0.1   1   2   7.6e-16   1.9e-14   50.4   0.1   147   272   200   338   177   346 0.80 -
C0000000005_ptg000005l:1223821-1225359 -            513 1979at4891           -            411   1.9e-27   93.3   0.1   2   2   6.9e-13   1.7e-11   40.7   0.0   272   402   357   483   353   490 0.78 -
C0000000002_ptg000002l:63674-64627     -            318 1979at4891           -            411   1.5e-26   90.3   0.0   1   1     8e-28     2e-26   89.9   0.0   148   394    13   273     9   284 0.75 -
C0000000003_ptg000003l:272517-273491   -            325 1979at4891           -            411   1.5e-26   90.3   0.1   1   2     7e-27   1.7e-25   86.8   0.1   152   354    10   232     6   242 0.75 -
C0000000003_ptg000003l:272517-273491   -            325 1979at4891           -            411   1.5e-26   90.3   0.1   2   2      0.61        15    1.4   0.0   362   403   267   308   243   311 0.79 -
C0000000008_ptg000008l:520632-521738   -            369 1979at4891           -            411   2.7e-26   89.5   0.0   1   1     9e-27   2.2e-25   86.4   0.0   151   377    22   268    16   323 0.81 -
C0000000014_ptg000014l:720336-721283   -            316 1979at4891           -            411   7.7e-26   88.0   0.0   1   1   4.6e-27   1.1e-25   87.4   0.0   151   345    29   236     8   251 0.74 -
C0000000005_ptg000005l:1236974-1237873 -            300 1979at4891           -            411   9.6e-26   87.6   0.0   1   2   1.2e-25   2.9e-24   82.8   0.0   151   333     5   193     1   205 0.82 -
C0000000005_ptg000005l:1236974-1237873 -            300 1979at4891           -            411   9.6e-26   87.6   0.0   2   2       0.2       4.9    3.0   0.0   352   400   233   285   218   289 0.68 -
C0000000011_ptg000011l:990565-991827   -            421 1979at4891           -            411   1.1e-25   87.5   0.0   1   1   4.5e-26   1.1e-24   84.1   0.0   148   398   114   394    98   405 0.78 -
C0000000012_ptg000012l:62507-63811     -            435 1979at4891           -            411   1.2e-25   87.3   0.3   1   3   5.9e-11   1.5e-09   34.3   0.0   151   254    29   145     9   150 0.79 -
C0000000012_ptg000012l:62507-63811     -            435 1979at4891           -            411   1.2e-25   87.3   0.3   2   3      0.28         7    2.5   0.1   256   274   168   186   164   204 0.82 -
C0000000012_ptg000012l:62507-63811     -            435 1979at4891           -            411   1.2e-25   87.3   0.3   3   3   8.9e-15   2.2e-13   46.9   0.0   274   396   225   340   220   354 0.83 -
C0000000003_ptg000003l:190873-192564   -            564 1979at4891           -            411   1.7e-25   86.8   0.3   1   2   1.7e-17   4.3e-16   55.9   0.2    79   284    97   314    64   327 0.77 -
C0000000003_ptg000003l:190873-192564   -            564 1979at4891           -            411   1.7e-25   86.8   0.3   2   2   2.5e-09   6.1e-08   29.0   0.0   290   379   362   449   349   470 0.79 -
C0000000008_ptg000008l:427227-428942   -            572 1979at4891           -            411   2.5e-25   86.3   0.1   1   2   6.6e-18   1.6e-16   57.2   0.1    82   284   108   322    88   337 0.79 -
C0000000008_ptg000008l:427227-428942   -            572 1979at4891           -            411   2.5e-25   86.3   0.1   2   2   1.1e-08   2.7e-07   26.9   0.0   291   376   371   454   361   472 0.76 -
C0000000008_ptg000008l:940068-942725   -            886 1979at4891           -            411   3.2e-25   85.9   0.1   1   3   5.2e-07   1.3e-05   21.4   0.0   152   231    20   108     5   123 0.81 -
C0000000008_ptg000008l:940068-942725   -            886 1979at4891           -            411   3.2e-25   85.9   0.1   2   3   8.5e-05    0.0021   14.1   0.1   242   271   143   172   131   178 0.86 -
C0000000008_ptg000008l:940068-942725   -            886 1979at4891           -            411   3.2e-25   85.9   0.1   3   3   1.5e-14   3.6e-13   46.2   0.0   275   398   197   315   192   326 0.85 -
C0000000011_ptg000011l:79390-80259     -            290 1979at4891           -            411   3.8e-25   85.7   0.0   1   1   1.2e-25     3e-24   82.7   0.0   153   354     1   218     1   290 0.68 -
C0000000006_ptg000006l:603830-604747   -            306 1979at4891           -            411   8.6e-24   81.2   0.1   1   1   8.1e-25     2e-23   80.0   0.1   151   335     8   201     3   225 0.77 -
C0000000009_ptg000009l:418734-419729   -            332 1979at4891           -            411     1e-23   81.0   0.1   1   1   5.5e-23   1.4e-21   74.0   0.1   175   399    49   319     3   331 0.67 -
C0000000017_ptg000017l:523145-524230   -            362 1979at4891           -            411     2e-23   80.0   0.1   1   2   1.6e-23   4.1e-22   75.7   0.1   221   373   100   254    52   264 0.79 -
C0000000017_ptg000017l:523145-524230   -            362 1979at4891           -            411     2e-23   80.0   0.1   2   2      0.34       8.5    2.2   0.0   368   398   275   305   262   314 0.85 -
C0000000003_ptg000003l:465197-466843   -            549 1979at4891           -            411   2.6e-22   76.4   0.3   1   1     2e-23   4.9e-22   75.4   0.1   206   333   226   359   176   373 0.74 -
C0000000012_ptg000012l:103993-104784   -            264 1979at4891           -            411   1.3e-21   74.1   0.3   1   1   7.7e-23   1.9e-21   73.5   0.3   152   393    10   257     2   263 0.72 -
C0000000011_ptg000011l:240916-241785   -            290 1979at4891           -            411   2.7e-21   73.0   2.9   1   1   3.2e-22   7.9e-21   71.5   2.9   144   397    30   287    12   290 0.74 -
C0000000005_ptg000005l:568550-569548   -            333 1979at4891           -            411   5.1e-21   72.1   0.7   1   2    0.0027     0.066    9.1   0.0   152   202     6    54     1    69 0.78 -
C0000000005_ptg000005l:568550-569548   -            333 1979at4891           -            411   5.1e-21   72.1   0.7   2   2   7.6e-19   1.9e-17   60.3   0.1   193   396   102   318    70   326 0.79 -
C0000000006_ptg000006l:645205-646158   -            318 1979at4891           -            411   9.1e-19   64.7   0.0   1   1     5e-20   1.2e-18   64.2   0.0   242   397   148   315   134   318 0.79 -
C0000000003_ptg000003l:774622-775620   -            333 1979at4891           -            411     2e-18   63.6   0.0   1   1     1e-19   2.5e-18   63.2   0.0   150   387     9   260     5   294 0.79 -
C0000000007_ptg000007l:830568-831530   -            321 1979at4891           -            411   4.6e-18   62.3   3.9   1   2   8.9e-09   2.2e-07   27.2   1.4   152   270    12   156     5   161 0.59 -
C0000000007_ptg000007l:830568-831530   -            321 1979at4891           -            411   4.6e-18   62.3   3.9   2   2   7.9e-10     2e-08   30.6   0.0   260   398   172   318   166   321 0.80 -
C0000000006_ptg000006l:536057-537118   -            354 1979at4891           -            411   6.4e-18   61.9   0.9   1   2   7.1e-16   1.8e-14   50.6   0.1   234   353   132   266   121   282 0.76 -
C0000000006_ptg000006l:536057-537118   -            354 1979at4891           -            411   6.4e-18   61.9   0.9   2   2     0.013      0.32    6.9   0.0   373   398   327   352   304   354 0.86 -
C0000000017_ptg000017l:541482-542456   -            325 1979at4891           -            411   7.1e-18   61.7   0.0   1   1   4.1e-19     1e-17   61.2   0.0   239   396   152   321   117   325 0.82 -
C0000000005_ptg000005l:1079922-1081415 -            498 1979at4891           -            411   1.4e-17   60.7   0.2   1   4       2.5        61   -0.6   0.0   151   168    29    46    14    51 0.85 -
C0000000005_ptg000005l:1079922-1081415 -            498 1979at4891           -            411   1.4e-17   60.7   0.2   2   4     4e-08   9.9e-07   25.0   0.0   239   289   132   183   120   195 0.83 -
C0000000005_ptg000005l:1079922-1081415 -            498 1979at4891           -            411   1.4e-17   60.7   0.2   3   4   2.3e-05   0.00058   15.9   0.0   301   338   272   310   266   323 0.83 -
C0000000005_ptg000005l:1079922-1081415 -            498 1979at4891           -            411   1.4e-17   60.7   0.2   4   4   7.3e-05    0.0018   14.3   0.0   374   404   436   466   424   471 0.91 -
C0000000004_ptg000004l:91202-93373     -            724 1979at4891           -            411   1.8e-17   60.4   0.1   1   3     4e-10     1e-08   31.6   0.0   148   270   306   440   295   449 0.81 -
C0000000004_ptg000004l:91202-93373     -            724 1979at4891           -            411   1.8e-17   60.4   0.1   2   3   1.8e-07   4.5e-06   22.8   0.0   300   374   497   570   473   577 0.75 -
C0000000004_ptg000004l:91202-93373     -            724 1979at4891           -            411   1.8e-17   60.4   0.1   3   3       0.6        15    1.4   0.0   374   398   687   711   673   715 0.91 -
C0000000011_ptg000011l:442624-443481   -            286 1979at4891           -            411     1e-15   54.7   0.1   1   2   4.1e-16     1e-14   51.3   0.0   152   339     8   196     4   212 0.84 -
C0000000011_ptg000011l:442624-443481   -            286 1979at4891           -            411     1e-15   54.7   0.1   2   2      0.67        17    1.2   0.0   354   398   243   286   230   286 0.77 -
C0000000017_ptg000017l:451064-452446   -            461 1979at4891           -            411   1.4e-15   54.1   0.0   1   2      0.03      0.73    5.7   0.0   184   211   198   225   186   229 0.85 -
C0000000017_ptg000017l:451064-452446   -            461 1979at4891           -            411   1.4e-15   54.1   0.0   2   2   4.3e-14   1.1e-12   44.7   0.0   215   340   250   390   246   399 0.78 -
C0000000006_ptg000006l:675169-675801   -            211 1979at4891           -            411   1.6e-15   54.0   1.0   1   1   1.4e-16   3.5e-15   52.9   1.0   152   334     7   206     2   208 0.79 -
C0000000017_ptg000017l:324872-325915   -            348 1979at4891           -            411   2.6e-15   53.3   0.0   1   2      0.04      0.99    5.3   0.0   150   191    14    55     2    65 0.83 -
C0000000017_ptg000017l:324872-325915   -            348 1979at4891           -            411   2.6e-15   53.3   0.0   2   2   2.2e-14   5.4e-13   45.7   0.0   240   367   160   305   153   326 0.74 -
C0000000015_ptg000015l:259017-262049   -           1011 1979at4891           -            411     4e-15   52.7   0.0   1   2   8.4e-11   2.1e-09   33.8   0.0   148   313   574   762   537   770 0.75 -
C0000000015_ptg000015l:259017-262049   -           1011 1979at4891           -            411     4e-15   52.7   0.0   2   2   1.9e-05   0.00048   16.2   0.0   319   398   799   878   791   893 0.73 -
C0000000003_ptg000003l:437746-438777   -            344 1979at4891           -            411   9.5e-15   51.4   2.1   1   2      0.09       2.2    4.1   0.1   153   185     8    41     4    91 0.79 -
C0000000003_ptg000003l:437746-438777   -            344 1979at4891           -            411   9.5e-15   51.4   2.1   2   2   2.5e-14   6.3e-13   45.4   0.4   215   344   130   272    83   328 0.68 -
C0000000003_ptg000003l:837278-838270   -            331 1979at4891           -            411   2.1e-14   50.3   0.0   1   2      0.85        21    0.9   0.0   167   196    32    61     6   135 0.71 -
C0000000003_ptg000003l:837278-838270   -            331 1979at4891           -            411   2.1e-14   50.3   0.0   2   2   7.2e-15   1.8e-13   47.2   0.0   259   395   184   329   173   330 0.81 -
C0000000006_ptg000006l:199062-200114   -            351 1979at4891           -            411   5.1e-14   49.0   0.1   1   1     6e-15   1.5e-13   47.5   0.0   241   286   109   154   101   195 0.89 -
C0000000016_ptg000016l:163727-164524   -            266 1979at4891           -            411   6.5e-14   48.7   0.2   1   2   7.4e-15   1.8e-13   47.2   0.3   213   341    43   167    23   209 0.80 -
C0000000016_ptg000016l:163727-164524   -            266 1979at4891           -            411   6.5e-14   48.7   0.2   2   2       3.6        88   -1.2   0.0   371   405   229   263   213   266 0.78 -
C0000000017_ptg000017l:604470-604997   -            176 1979at4891           -            411   8.8e-14   48.3   0.0   1   1   4.9e-15   1.2e-13   47.8   0.0   242   285    10    53     6    66 0.94 -
C0000000008_ptg000008l:502527-503513   -            329 1979at4891           -            411     1e-13   48.1   0.0   1   1   6.5e-15   1.6e-13   47.4   0.0   153   287     4   154     2   217 0.80 -
C0000000014_ptg000014l:180469-181347   -            293 1979at4891           -            411   1.2e-13   47.9   0.0   1   1   6.7e-15   1.7e-13   47.3   0.0   171   394    29   271     4   279 0.69 -
C0000000017_ptg000017l:543561-546203   -            881 1979at4891           -            411   1.4e-13   47.6   0.2   1   2   1.2e-12   2.9e-11   40.0   0.1   150   294   418   585   406   591 0.78 -
C0000000017_ptg000017l:543561-546203   -            881 1979at4891           -            411   1.4e-13   47.6   0.2   2   2     0.038      0.93    5.4   0.0   321   353   794   828   785   876 0.72 -
C0000000001_ptg000001l:193167-194273   -            369 1979at4891           -            411   8.4e-13   45.0   0.1   1   1     5e-14   1.2e-12   44.5   0.1   243   348   139   253   130   264 0.74 -
C0000000016_ptg000016l:261677-262273   -            199 1979at4891           -            411   1.4e-12   44.2   0.0   1   1   6.9e-14   1.7e-12   44.0   0.0   228   367    19   170     2   192 0.77 -
C0000000002_ptg000002l:458137-459027   -            297 1979at4891           -            411   4.9e-12   42.5   0.0   1   1   3.2e-13     8e-12   41.8   0.0   168   345    37   241    31   286 0.73 -
C0000000002_ptg000002l:378772-383127   -           1452 1979at4891           -            411   6.9e-12   42.0   0.0   1   1   7.8e-13   1.9e-11   40.5   0.0   237   396   122   294   113   298 0.75 -
C0000000007_ptg000007l:678410-678901   -            164 1979at4891           -            411   6.6e-10   35.5   3.3   1   1   2.7e-10   6.7e-09   32.2   3.3   146   275     6   156     1   163 0.71 -
C0000000008_ptg000008l:219203-222211   -           1003 1979at4891           -            411   1.1e-06   24.9   0.1   1   1   8.6e-08   2.1e-06   23.9   0.1   144   271   690   829   659   834 0.67 -
C0000000009_ptg000009l:405907-406635   -            243 1979at4891           -            411   1.3e-05   21.3   0.2   1   2       1.4        35    0.1   0.1   150   167     8    25     3    35 0.84 -
C0000000009_ptg000009l:405907-406635   -            243 1979at4891           -            411   1.3e-05   21.3   0.2   2   2   2.1e-06   5.1e-05   19.4   0.0   204   272    83   151    42   240 0.88 -
C0000000006_ptg000006l:428478-430475   -            666 1979at4891           -            411   9.5e-05   18.5   0.1   1   3         2        50   -0.3   0.0   151   199   177   232   167   248 0.66 -
C0000000006_ptg000006l:428478-430475   -            666 1979at4891           -            411   9.5e-05   18.5   0.1   2   3     8e-05     0.002   14.1   0.0   236   270   325   358   318   362 0.83 -
C0000000006_ptg000006l:428478-430475   -            666 1979at4891           -            411   9.5e-05   18.5   0.1   3   3       2.4        60   -0.6   0.0   316   393   439   522   435   534 0.64 -
C0000000008_ptg000008l:747394-749760   -            789 1979at4891           -            411   0.00031   16.8   0.0   1   1   2.5e-05   0.00061   15.8   0.0   184   380    82   300    73   334 0.68 -
C0000000007_ptg000007l:677228-677737   -            170 1979at4891           -            411   0.00034   16.7   0.0   1   2   0.00026    0.0065   12.4   0.0   276   336     7    62     3    73 0.87 -
C0000000007_ptg000007l:677228-677737   -            170 1979at4891           -            411   0.00034   16.7   0.0   2   2      0.33       8.2    2.2   0.0   369   398   137   166   111   169 0.86 -
#
# Program:         hmmsearch
# Version:         3.1b2 (February 2015)
# Pipeline mode:   SEARCH
# Query file:      /home/deepseq/tool/BUSCO_v5/saccharomycetes_odb10/hmms/1979at4891.hmm
# Target file:     /var/www/gvolante/request/project/202302230949-GVF6W5EPF13MH478/202302230949-GVF6W5EPF13MH478_busco/run_saccharomycetes_odb10/metaeuk_output/initial_results/SRR13577846.fa.ca.modified.fas
# Option settings: hmmsearch --domtblout /var/www/gvolante/request/project/202302230949-GVF6W5EPF13MH478/202302230949-GVF6W5EPF13MH478_busco/run_saccharomycetes_odb10/hmmer_output/initial_run_results/1979at4891.out --cpu 1 /home/deepseq/tool/BUSCO_v5/saccharomycetes_odb10/hmms/1979at4891.hmm /var/www/gvolante/request/project/202302230949-GVF6W5EPF13MH478/202302230949-GVF6W5EPF13MH478_busco/run_saccharomycetes_odb10/metaeuk_output/initial_results/SRR13577846.fa.ca.modified.fas 
# Current dir:     /var/www/gvolante/request/project/202302230949-GVF6W5EPF13MH478
# Date:            Thu Feb 23 09:51:05 2023
# [ok]
