#                                                                                            --- full sequence --- -------------- this domain -------------   hmm coord   ali coord   env coord
# target name                        accession   tlen query name           accession   qlen   E-value  score  bias   #  of  c-Evalue  i-Evalue  score  bias  from    to  from    to  from    to  acc description of target
#                ------------------- ---------- ----- -------------------- ---------- ----- --------- ------ ----- --- --- --------- --------- ------ ----- ----- ----- ----- ----- ----- ----- ---- ---------------------
C0000000011_ptg000011l:322731-323864 -            378 20158at4891          -            272  9.2e-103  340.7  19.0   1   3   3.1e-97   1.7e-94  313.6   7.2     2   213     3   230     2   239 0.93 -
C0000000011_ptg000011l:322731-323864 -            378 20158at4891          -            272  9.2e-103  340.7  19.0   2   3   0.00072      0.38    7.5   0.7   222   253   278   322   242   329 0.74 -
C0000000011_ptg000011l:322731-323864 -            378 20158at4891          -            272  9.2e-103  340.7  19.0   3   3   8.3e-10   4.4e-07   26.9   0.2   223   272   325   378   321   378 0.82 -
C0000000014_ptg000014l:749544-750503 -            320 20158at4891          -            272   2.3e-26   90.2   8.8   1   2      0.37     2e+02   -1.4   0.1    42    63    40    61     6    64 0.58 -
C0000000014_ptg000014l:749544-750503 -            320 20158at4891          -            272   2.3e-26   90.2   8.8   2   2   4.4e-29   2.3e-26   90.2   8.8    72   192   100   226    92   283 0.82 -
C0000000005_ptg000005l:821588-822568 -            327 20158at4891          -            272   1.1e-22   78.2  10.5   1   2      0.48   2.5e+02   -1.8   0.3   125   164    48    87    38   105 0.60 -
C0000000005_ptg000005l:821588-822568 -            327 20158at4891          -            272   1.1e-22   78.2  10.5   2   2     2e-25   1.1e-22   78.2  10.5    73   207   127   260   121   269 0.82 -
C0000000013_ptg000013l:162101-162718 -            206 20158at4891          -            272   2.2e-21   73.8   6.3   1   1   4.9e-24   2.6e-21   73.6   6.3    53   136    36   119    19   167 0.81 -
C0000000005_ptg000005l:142488-143060 -            191 20158at4891          -            272   2.3e-14   50.8   6.1   1   2      0.64   3.4e+02   -2.2   0.1   153   171     3    21     1    25 0.76 -
C0000000005_ptg000005l:142488-143060 -            191 20158at4891          -            272   2.3e-14   50.8   6.1   2   2   4.3e-17   2.3e-14   50.8   6.1    66   184    66   190    11   191 0.74 -
#
# Program:         hmmsearch
# Version:         3.1b2 (February 2015)
# Pipeline mode:   SEARCH
# Query file:      /home/deepseq/tool/BUSCO_v5/saccharomycetes_odb10/hmms/20158at4891.hmm
# Target file:     /var/www/gvolante/request/project/202302230949-GVF6W5EPF13MH478/202302230949-GVF6W5EPF13MH478_busco/run_saccharomycetes_odb10/metaeuk_output/initial_results/SRR13577846.fa.ca.modified.fas
# Option settings: hmmsearch --domtblout /var/www/gvolante/request/project/202302230949-GVF6W5EPF13MH478/202302230949-GVF6W5EPF13MH478_busco/run_saccharomycetes_odb10/hmmer_output/initial_run_results/20158at4891.out --cpu 1 /home/deepseq/tool/BUSCO_v5/saccharomycetes_odb10/hmms/20158at4891.hmm /var/www/gvolante/request/project/202302230949-GVF6W5EPF13MH478/202302230949-GVF6W5EPF13MH478_busco/run_saccharomycetes_odb10/metaeuk_output/initial_results/SRR13577846.fa.ca.modified.fas 
# Current dir:     /var/www/gvolante/request/project/202302230949-GVF6W5EPF13MH478
# Date:            Thu Feb 23 09:51:07 2023
# [ok]
