#                                                                                            --- full sequence --- -------------- this domain -------------   hmm coord   ali coord   env coord
# target name                        accession   tlen query name           accession   qlen   E-value  score  bias   #  of  c-Evalue  i-Evalue  score  bias  from    to  from    to  from    to  acc description of target
#                ------------------- ---------- ----- -------------------- ---------- ----- --------- ------ ----- --- --- --------- --------- ------ ----- ----- ----- ----- ----- ----- ----- ---- ---------------------
C0000000005_ptg000005l:671625-673055 -            477 20167at4891          -            293   8.9e-67  222.4  28.9   1   4   2.3e-12   1.5e-09   34.5   0.1     3    60     4    72     2    82 0.85 -
C0000000005_ptg000005l:671625-673055 -            477 20167at4891          -            293   8.9e-67  222.4  28.9   2   4     2e-15   1.3e-12   44.6   4.8    57   141   104   211    71   225 0.80 -
C0000000005_ptg000005l:671625-673055 -            477 20167at4891          -            293   8.9e-67  222.4  28.9   3   4   7.2e-19   4.7e-16   55.9   0.8   143   183   236   278   213   284 0.87 -
C0000000005_ptg000005l:671625-673055 -            477 20167at4891          -            293   8.9e-67  222.4  28.9   4   4   5.8e-31   3.9e-28   95.6   5.9   190   291   315   436   303   438 0.83 -
C0000000005_ptg000005l:554120-555589 -            490 20167at4891          -            293   1.3e-08   31.5   2.4   1   2   1.3e-08   8.8e-06   22.2   0.1     5   118     9   137     5   161 0.71 -
C0000000005_ptg000005l:554120-555589 -            490 20167at4891          -            293   1.3e-08   31.5   2.4   2   2   0.00016      0.11    8.8   0.2   190   217   255   281   220   297 0.90 -
C0000000002_ptg000002l:518813-519835 -            341 20167at4891          -            293   2.4e-07   27.3   0.8   1   3      0.32   2.1e+02   -2.0   0.0    45   110    26    97    10   109 0.54 -
C0000000002_ptg000002l:518813-519835 -            341 20167at4891          -            293   2.4e-07   27.3   0.8   2   3      0.04        27    0.9   0.0   167   183   184   200   146   211 0.87 -
C0000000002_ptg000002l:518813-519835 -            341 20167at4891          -            293   2.4e-07   27.3   0.8   3   3   4.3e-09   2.9e-06   23.8   0.1   190   223   297   330   292   338 0.92 -
C0000000003_ptg000003l:781002-781766 -            255 20167at4891          -            293   9.6e-07   25.4   5.0   1   2      0.06        40    0.3   0.0    88   127     4    40     2    61 0.64 -
C0000000003_ptg000003l:781002-781766 -            255 20167at4891          -            293   9.6e-07   25.4   5.0   2   2   1.6e-08   1.1e-05   21.9   4.2    84   221    42   196    21   202 0.62 -
#
# Program:         hmmsearch
# Version:         3.1b2 (February 2015)
# Pipeline mode:   SEARCH
# Query file:      /home/deepseq/tool/BUSCO_v5/saccharomycetes_odb10/hmms/20167at4891.hmm
# Target file:     /var/www/gvolante/request/project/202302230949-GVF6W5EPF13MH478/202302230949-GVF6W5EPF13MH478_busco/run_saccharomycetes_odb10/metaeuk_output/initial_results/SRR13577846.fa.ca.modified.fas
# Option settings: hmmsearch --domtblout /var/www/gvolante/request/project/202302230949-GVF6W5EPF13MH478/202302230949-GVF6W5EPF13MH478_busco/run_saccharomycetes_odb10/hmmer_output/initial_run_results/20167at4891.out --cpu 1 /home/deepseq/tool/BUSCO_v5/saccharomycetes_odb10/hmms/20167at4891.hmm /var/www/gvolante/request/project/202302230949-GVF6W5EPF13MH478/202302230949-GVF6W5EPF13MH478_busco/run_saccharomycetes_odb10/metaeuk_output/initial_results/SRR13577846.fa.ca.modified.fas 
# Current dir:     /var/www/gvolante/request/project/202302230949-GVF6W5EPF13MH478
# Date:            Thu Feb 23 09:51:07 2023
# [ok]
