#                                                                                            --- full sequence --- -------------- this domain -------------   hmm coord   ali coord   env coord
# target name                        accession   tlen query name           accession   qlen   E-value  score  bias   #  of  c-Evalue  i-Evalue  score  bias  from    to  from    to  from    to  acc description of target
#                ------------------- ---------- ----- -------------------- ---------- ----- --------- ------ ----- --- --- --------- --------- ------ ----- ----- ----- ----- ----- ----- ----- ---- ---------------------
C0000000006_ptg000006l:171506-173468 -            540 20323at4891          -            242   7.7e-93  307.6  11.0   1   1   3.8e-93   5.1e-90  298.4  11.0     3   236   219   507   217   512 0.86 -
C0000000008_ptg000008l:676250-677422 -            391 20323at4891          -            242   7.4e-44  147.2  11.6   1   6   0.00015       0.2    8.3   0.2    38    61     1    27     1    34 0.84 -
C0000000008_ptg000008l:676250-677422 -            391 20323at4891          -            242   7.4e-44  147.2  11.6   2   6     7e-24   9.3e-21   71.6   0.2    61   136    48   125    32   134 0.89 -
C0000000008_ptg000008l:676250-677422 -            391 20323at4891          -            242   7.4e-44  147.2  11.6   3   6   1.8e-14   2.4e-11   40.8   0.0   140   184   156   211   132   216 0.80 -
C0000000008_ptg000008l:676250-677422 -            391 20323at4891          -            242   7.4e-44  147.2  11.6   4   6   9.4e-09   1.2e-05   22.1   0.0   182   213   256   287   247   293 0.86 -
C0000000008_ptg000008l:676250-677422 -            391 20323at4891          -            242   7.4e-44  147.2  11.6   5   6     0.017        23    1.5   0.0    71   105   312   346   309   348 0.84 -
C0000000008_ptg000008l:676250-677422 -            391 20323at4891          -            242   7.4e-44  147.2  11.6   6   6   0.00047      0.62    6.7   0.3   211   236   336   365   319   368 0.72 -
#
# Program:         hmmsearch
# Version:         3.1b2 (February 2015)
# Pipeline mode:   SEARCH
# Query file:      /home/deepseq/tool/BUSCO_v5/saccharomycetes_odb10/hmms/20323at4891.hmm
# Target file:     /var/www/gvolante/request/project/202302230949-GVF6W5EPF13MH478/202302230949-GVF6W5EPF13MH478_busco/run_saccharomycetes_odb10/metaeuk_output/initial_results/SRR13577846.fa.ca.modified.fas
# Option settings: hmmsearch --domtblout /var/www/gvolante/request/project/202302230949-GVF6W5EPF13MH478/202302230949-GVF6W5EPF13MH478_busco/run_saccharomycetes_odb10/hmmer_output/initial_run_results/20323at4891.out --cpu 1 /home/deepseq/tool/BUSCO_v5/saccharomycetes_odb10/hmms/20323at4891.hmm /var/www/gvolante/request/project/202302230949-GVF6W5EPF13MH478/202302230949-GVF6W5EPF13MH478_busco/run_saccharomycetes_odb10/metaeuk_output/initial_results/SRR13577846.fa.ca.modified.fas 
# Current dir:     /var/www/gvolante/request/project/202302230949-GVF6W5EPF13MH478
# Date:            Thu Feb 23 09:51:05 2023
# [ok]
