#                                                                                            --- full sequence --- -------------- this domain -------------   hmm coord   ali coord   env coord
# target name                        accession   tlen query name           accession   qlen   E-value  score  bias   #  of  c-Evalue  i-Evalue  score  bias  from    to  from    to  from    to  acc description of target
#                ------------------- ---------- ----- -------------------- ---------- ----- --------- ------ ----- --- --- --------- --------- ------ ----- ----- ----- ----- ----- ----- ----- ---- ---------------------
C0000000005_ptg000005l:237655-241521 -           1289 2040at4891           -            721  4.1e-160  531.5  53.7   1  10    0.0025       6.7    1.8   0.0     1    23    15    38    15    51 0.83 -
C0000000005_ptg000005l:237655-241521 -           1289 2040at4891           -            721  4.1e-160  531.5  53.7   2  10   5.8e-15   1.5e-11   40.3   0.1    19    73    63   131    49   149 0.80 -
C0000000005_ptg000005l:237655-241521 -           1289 2040at4891           -            721  4.1e-160  531.5  53.7   3  10   4.7e-20   1.2e-16   57.2   0.0    70   116   153   199   133   205 0.91 -
C0000000005_ptg000005l:237655-241521 -           1289 2040at4891           -            721  4.1e-160  531.5  53.7   4  10   6.6e-40   1.7e-36  122.8   0.3   108   196   258   346   234   353 0.90 -
C0000000005_ptg000005l:237655-241521 -           1289 2040at4891           -            721  4.1e-160  531.5  53.7   5  10   8.7e-17   2.3e-13   46.4   0.5   186   252   396   465   372   477 0.79 -
C0000000005_ptg000005l:237655-241521 -           1289 2040at4891           -            721  4.1e-160  531.5  53.7   6  10   4.9e-29   1.3e-25   86.9  10.4   247   389   493   672   484   677 0.80 -
C0000000005_ptg000005l:237655-241521 -           1289 2040at4891           -            721  4.1e-160  531.5  53.7   7  10   1.1e-09     3e-06   22.9   0.2   373   410   717   754   713   765 0.93 -
C0000000005_ptg000005l:237655-241521 -           1289 2040at4891           -            721  4.1e-160  531.5  53.7   8  10   2.4e-26   6.4e-23   78.0   1.5   433   568   836  1013   800  1035 0.80 -
C0000000005_ptg000005l:237655-241521 -           1289 2040at4891           -            721  4.1e-160  531.5  53.7   9  10   1.1e-27     3e-24   82.4   1.4   562   664  1033  1168  1010  1178 0.83 -
C0000000005_ptg000005l:237655-241521 -           1289 2040at4891           -            721  4.1e-160  531.5  53.7  10  10   2.7e-06    0.0073   11.7   0.0   680   715  1222  1264  1184  1267 0.72 -
#
# Program:         hmmsearch
# Version:         3.1b2 (February 2015)
# Pipeline mode:   SEARCH
# Query file:      /home/deepseq/tool/BUSCO_v5/saccharomycetes_odb10/hmms/2040at4891.hmm
# Target file:     /var/www/gvolante/request/project/202302230949-GVF6W5EPF13MH478/202302230949-GVF6W5EPF13MH478_busco/run_saccharomycetes_odb10/metaeuk_output/initial_results/SRR13577846.fa.ca.modified.fas
# Option settings: hmmsearch --domtblout /var/www/gvolante/request/project/202302230949-GVF6W5EPF13MH478/202302230949-GVF6W5EPF13MH478_busco/run_saccharomycetes_odb10/hmmer_output/initial_run_results/2040at4891.out --cpu 1 /home/deepseq/tool/BUSCO_v5/saccharomycetes_odb10/hmms/2040at4891.hmm /var/www/gvolante/request/project/202302230949-GVF6W5EPF13MH478/202302230949-GVF6W5EPF13MH478_busco/run_saccharomycetes_odb10/metaeuk_output/initial_results/SRR13577846.fa.ca.modified.fas 
# Current dir:     /var/www/gvolante/request/project/202302230949-GVF6W5EPF13MH478
# Date:            Thu Feb 23 09:51:06 2023
# [ok]
