#                                                                                            --- full sequence --- -------------- this domain -------------   hmm coord   ali coord   env coord
# target name                        accession   tlen query name           accession   qlen   E-value  score  bias   #  of  c-Evalue  i-Evalue  score  bias  from    to  from    to  from    to  acc description of target
#                ------------------- ---------- ----- -------------------- ---------- ----- --------- ------ ----- --- --- --------- --------- ------ ----- ----- ----- ----- ----- ----- ----- ---- ---------------------
C0000000007_ptg000007l:866799-870065 -           1089 2048at4891           -            886         0 1152.9  19.8   1   1         0         0 1145.9  19.8     1   880     1  1074     1  1077 0.85 -
C0000000009_ptg000009l:379842-383180 -           1113 2048at4891           -            886   1.7e-31  106.6  15.7   1   3     0.012         4    2.8   0.1    38   108    43   132     2   198 0.70 -
C0000000009_ptg000009l:379842-383180 -           1113 2048at4891           -            886   1.7e-31  106.6  15.7   2   3   1.5e-33   4.8e-31  105.1   8.4   158   550   212   627   203   716 0.82 -
C0000000009_ptg000009l:379842-383180 -           1113 2048at4891           -            886   1.7e-31  106.6  15.7   3   3     0.035        12    1.3   0.1   382   474   905   956   868  1070 0.57 -
C0000000013_ptg000013l:358231-360813 -            861 2048at4891           -            886   1.2e-14   50.9  12.4   1   5     0.069        23    0.3   0.2    49   106    76   143    41   154 0.71 -
C0000000013_ptg000013l:358231-360813 -            861 2048at4891           -            886   1.2e-14   50.9  12.4   2   5      0.33   1.1e+02   -2.0   0.1   315   428   153   270   132   276 0.70 -
C0000000013_ptg000013l:358231-360813 -            861 2048at4891           -            886   1.2e-14   50.9  12.4   3   5   2.6e-13   8.7e-11   38.1   0.1   263   414   337   486   331   504 0.82 -
C0000000013_ptg000013l:358231-360813 -            861 2048at4891           -            886   1.2e-14   50.9  12.4   4   5      0.28        93   -1.7   0.1   210   250   510   550   483   579 0.71 -
C0000000013_ptg000013l:358231-360813 -            861 2048at4891           -            886   1.2e-14   50.9  12.4   5   5   1.3e-06   0.00042   15.9   0.0   417   548   591   733   584   743 0.71 -
C0000000002_ptg000002l:544493-547240 -            916 2048at4891           -            886   3.9e-12   42.5   3.1   1   3     0.031        10    1.4   0.2   334   430   230   328   209   356 0.62 -
C0000000002_ptg000002l:544493-547240 -            916 2048at4891           -            886   3.9e-12   42.5   3.1   2   3     4e-14   1.3e-11   40.8   0.1   253   433   375   554   368   622 0.78 -
C0000000002_ptg000002l:544493-547240 -            916 2048at4891           -            886   3.9e-12   42.5   3.1   3   3      0.63   2.1e+02   -2.9   0.0   339   369   692   722   688   727 0.88 -
C0000000009_ptg000009l:130032-131765 -            578 2048at4891           -            886   1.1e-07   27.8  10.7   1   5   0.00013     0.043    9.3   0.4   302   407    52   152    48   156 0.68 -
C0000000009_ptg000009l:130032-131765 -            578 2048at4891           -            886   1.1e-07   27.8  10.7   2   5    0.0025      0.83    5.0   0.1   358   416   143   204   118   208 0.79 -
C0000000009_ptg000009l:130032-131765 -            578 2048at4891           -            886   1.1e-07   27.8  10.7   3   5   1.3e-06   0.00042   16.0   0.2   341   434   211   303   185   318 0.76 -
C0000000009_ptg000009l:130032-131765 -            578 2048at4891           -            886   1.1e-07   27.8  10.7   4   5      0.15        50   -0.8   0.0   382   420   335   373   329   413 0.73 -
C0000000009_ptg000009l:130032-131765 -            578 2048at4891           -            886   1.1e-07   27.8  10.7   5   5     0.012         4    2.8   0.1   378   414   415   450   406   459 0.81 -
C0000000013_ptg000013l:171409-174540 -           1044 2048at4891           -            886   1.9e-05   20.4   0.4   1   1   8.3e-08   2.8e-05   19.9   0.4   275   426   107   256    97   269 0.82 -
C0000000014_ptg000014l:168492-171623 -           1044 2048at4891           -            886    0.0001   18.0   0.3   1   1   4.8e-07   0.00016   17.4   0.3   270   423   102   253    96   270 0.87 -
C0000000014_ptg000014l:492014-493633 -            540 2048at4891           -            886   0.00012   17.8   1.4   1   2    0.0036       1.2    4.5   0.1   366   451   114   200    77   228 0.74 -
C0000000014_ptg000014l:492014-493633 -            540 2048at4891           -            886   0.00012   17.8   1.4   2   2   1.8e-05     0.006   12.1   0.1   301   438   259   396   250   412 0.88 -
#
# Program:         hmmsearch
# Version:         3.1b2 (February 2015)
# Pipeline mode:   SEARCH
# Query file:      /home/deepseq/tool/BUSCO_v5/saccharomycetes_odb10/hmms/2048at4891.hmm
# Target file:     /var/www/gvolante/request/project/202302230949-GVF6W5EPF13MH478/202302230949-GVF6W5EPF13MH478_busco/run_saccharomycetes_odb10/metaeuk_output/initial_results/SRR13577846.fa.ca.modified.fas
# Option settings: hmmsearch --domtblout /var/www/gvolante/request/project/202302230949-GVF6W5EPF13MH478/202302230949-GVF6W5EPF13MH478_busco/run_saccharomycetes_odb10/hmmer_output/initial_run_results/2048at4891.out --cpu 1 /home/deepseq/tool/BUSCO_v5/saccharomycetes_odb10/hmms/2048at4891.hmm /var/www/gvolante/request/project/202302230949-GVF6W5EPF13MH478/202302230949-GVF6W5EPF13MH478_busco/run_saccharomycetes_odb10/metaeuk_output/initial_results/SRR13577846.fa.ca.modified.fas 
# Current dir:     /var/www/gvolante/request/project/202302230949-GVF6W5EPF13MH478
# Date:            Thu Feb 23 09:51:07 2023
# [ok]
