#                                                                                            --- full sequence --- -------------- this domain -------------   hmm coord   ali coord   env coord
# target name                        accession   tlen query name           accession   qlen   E-value  score  bias   #  of  c-Evalue  i-Evalue  score  bias  from    to  from    to  from    to  acc description of target
#                ------------------- ---------- ----- -------------------- ---------- ----- --------- ------ ----- --- --- --------- --------- ------ ----- ----- ----- ----- ----- ----- ----- ---- ---------------------
C0000000001_ptg000001l:21040-21837   -            266 20748at4891          -            198   5.7e-91  300.9   6.4   1   2   1.2e-82   5.5e-80  265.0   0.5     1   165     1   193     1   196 0.91 -
C0000000001_ptg000001l:21040-21837   -            266 20748at4891          -            198   5.7e-91  300.9   6.4   2   2     1e-09   4.6e-07   27.0   0.9   163   197   210   262   203   263 0.82 -
C0000000011_ptg000011l:626433-627215 -            261 20748at4891          -            198   1.1e-08   32.3   0.0   1   1   3.8e-11   1.7e-08   31.7   0.0    20   103    12    95     5   116 0.86 -
C0000000006_ptg000006l:315866-316626 -            215 20748at4891          -            198     6e-07   26.6   0.1   1   1   1.9e-09   8.6e-07   26.1   0.1    33    96    16    79     4   121 0.88 -
C0000000003_ptg000003l:206661-207521 -            287 20748at4891          -            198   0.00061   16.8   0.0   1   1   2.5e-06    0.0011   16.0   0.0    32    95    71   134    57   219 0.83 -
C0000000009_ptg000009l:349885-350499 -            205 20748at4891          -            198    0.0064   13.5   0.0   1   1   2.5e-05     0.011   12.8   0.0    34   140     7   129     2   145 0.62 -
C0000000008_ptg000008l:334964-335734 -            257 20748at4891          -            198     0.012   12.6   0.1   1   1   4.5e-05      0.02   11.9   0.1    36   106    32    99    19   108 0.83 -
#
# Program:         hmmsearch
# Version:         3.1b2 (February 2015)
# Pipeline mode:   SEARCH
# Query file:      /home/deepseq/tool/BUSCO_v5/saccharomycetes_odb10/hmms/20748at4891.hmm
# Target file:     /var/www/gvolante/request/project/202302230949-GVF6W5EPF13MH478/202302230949-GVF6W5EPF13MH478_busco/run_saccharomycetes_odb10/metaeuk_output/initial_results/SRR13577846.fa.ca.modified.fas
# Option settings: hmmsearch --domtblout /var/www/gvolante/request/project/202302230949-GVF6W5EPF13MH478/202302230949-GVF6W5EPF13MH478_busco/run_saccharomycetes_odb10/hmmer_output/initial_run_results/20748at4891.out --cpu 1 /home/deepseq/tool/BUSCO_v5/saccharomycetes_odb10/hmms/20748at4891.hmm /var/www/gvolante/request/project/202302230949-GVF6W5EPF13MH478/202302230949-GVF6W5EPF13MH478_busco/run_saccharomycetes_odb10/metaeuk_output/initial_results/SRR13577846.fa.ca.modified.fas 
# Current dir:     /var/www/gvolante/request/project/202302230949-GVF6W5EPF13MH478
# Date:            Thu Feb 23 09:51:04 2023
# [ok]
