#                                                                                            --- full sequence --- -------------- this domain -------------   hmm coord   ali coord   env coord
# target name                        accession   tlen query name           accession   qlen   E-value  score  bias   #  of  c-Evalue  i-Evalue  score  bias  from    to  from    to  from    to  acc description of target
#                ------------------- ---------- ----- -------------------- ---------- ----- --------- ------ ----- --- --- --------- --------- ------ ----- ----- ----- ----- ----- ----- ----- ---- ---------------------
C0000000001_ptg000001l:192124-192981 -            286 21615at4891          -            179   2.6e-73  243.2   3.9   1   3     3e-18   2.9e-16   57.3   0.0     1    54     6    64     6    71 0.88 -
C0000000001_ptg000001l:192124-192981 -            286 21615at4891          -            179   2.6e-73  243.2   3.9   2   3   2.7e-56   2.6e-54  181.3   1.3    54   169    95   223    87   231 0.92 -
C0000000001_ptg000001l:192124-192981 -            286 21615at4891          -            179   2.6e-73  243.2   3.9   3   3     0.089       8.4    3.7   0.0   164   179   261   276   239   276 0.86 -
C0000000013_ptg000013l:171409-174540 -           1044 21615at4891          -            179     7e-22   75.6   0.0   1   3   4.7e-13   4.5e-11   40.4   0.0    13   165   446   607   435   618 0.79 -
C0000000013_ptg000013l:171409-174540 -           1044 21615at4891          -            179     7e-22   75.6   0.0   2   3   1.3e-08   1.2e-06   25.9   0.0     1    49   667   720   667   734 0.85 -
C0000000013_ptg000013l:171409-174540 -           1044 21615at4891          -            179     7e-22   75.6   0.0   3   3     0.033       3.1    5.1   0.0    93   154   890   951   872   967 0.84 -
C0000000009_ptg000009l:224544-226373 -            610 21615at4891          -            179   1.7e-21   74.4   0.3   1   4   3.2e-05     0.003   14.9   0.0    13    48    97   132    82   144 0.83 -
C0000000009_ptg000009l:224544-226373 -            610 21615at4891          -            179   1.7e-21   74.4   0.3   2   4   2.3e-05    0.0022   15.4   0.1    97   159   224   286   202   303 0.85 -
C0000000009_ptg000009l:224544-226373 -            610 21615at4891          -            179   1.7e-21   74.4   0.3   3   4   3.3e-07   3.2e-05   21.4   0.0    14    46   412   444   395   451 0.87 -
C0000000009_ptg000009l:224544-226373 -            610 21615at4891          -            179   1.7e-21   74.4   0.3   4   4   5.4e-06   0.00051   17.4   0.0    95   157   511   573   507   587 0.89 -
C0000000014_ptg000014l:168492-171623 -           1044 21615at4891          -            179   1.2e-20   71.5   0.2   1   3   7.3e-13   6.9e-11   39.8   0.0    13   168   446   614   435   620 0.72 -
C0000000014_ptg000014l:168492-171623 -           1044 21615at4891          -            179   1.2e-20   71.5   0.2   2   3   1.1e-08     1e-06   26.2   0.0     1    49   667   720   667   734 0.86 -
C0000000014_ptg000014l:168492-171623 -           1044 21615at4891          -            179   1.2e-20   71.5   0.2   3   3      0.51        48    1.2   0.0    95   154   892   951   872   968 0.82 -
C0000000001_ptg000001l:106431-108686 -            752 21615at4891          -            179   1.4e-20   71.4   0.1   1   4   4.2e-07     4e-05   21.0   0.0    13    60   215   262   210   285 0.90 -
C0000000001_ptg000001l:106431-108686 -            752 21615at4891          -            179   1.4e-20   71.4   0.1   2   4    0.0015      0.14    9.5   0.0    98   154   366   422   358   439 0.89 -
C0000000001_ptg000001l:106431-108686 -            752 21615at4891          -            179   1.4e-20   71.4   0.1   3   4   4.1e-08   3.9e-06   24.3   0.0    12    47   547   582   532   592 0.79 -
C0000000001_ptg000001l:106431-108686 -            752 21615at4891          -            179   1.4e-20   71.4   0.1   4   4   0.00056     0.053   10.8   0.0    96   154   647   705   642   719 0.88 -
C0000000003_ptg000003l:814542-818129 -           1196 21615at4891          -            179   8.9e-16   55.7   0.3   1   2   9.3e-10   8.8e-08   29.7   0.1    13   167   587   758   572   765 0.69 -
C0000000003_ptg000003l:814542-818129 -           1196 21615at4891          -            179   8.9e-16   55.7   0.3   2   2     2e-07   1.9e-05   22.1   0.0     4    47   815   863   812   870 0.79 -
C0000000005_ptg000005l:890826-892145 -            440 21615at4891          -            179   4.5e-14   50.2   7.1   1   4   2.5e-05    0.0024   15.2   0.3    28    47     6    25     1    32 0.89 -
C0000000005_ptg000005l:890826-892145 -            440 21615at4891          -            179   4.5e-14   50.2   7.1   2   4   0.00094     0.089   10.1   0.1    83   143   101   163    90   191 0.80 -
C0000000005_ptg000005l:890826-892145 -            440 21615at4891          -            179   4.5e-14   50.2   7.1   3   4   7.6e-05    0.0072   13.7   0.0    24    46   277   299   249   304 0.78 -
C0000000005_ptg000005l:890826-892145 -            440 21615at4891          -            179   4.5e-14   50.2   7.1   4   4   0.00017     0.017   12.5   0.1    93   165   359   437   343   440 0.73 -
C0000000005_ptg000005l:943290-944903 -            538 21615at4891          -            179   1.2e-11   42.3   0.1   1   3     2e-05    0.0019   15.5   0.0    87   144   149   205   133   238 0.82 -
C0000000005_ptg000005l:943290-944903 -            538 21615at4891          -            179   1.2e-11   42.3   0.1   2   3   3.4e-05    0.0032   14.8   0.0     7    47   312   355   306   360 0.80 -
C0000000005_ptg000005l:943290-944903 -            538 21615at4891          -            179   1.2e-11   42.3   0.1   3   3    0.0046      0.44    7.9   0.0    98   156   455   513   441   525 0.90 -
C0000000011_ptg000011l:185727-186458 -            244 21615at4891          -            179   2.7e-11   41.1   0.0   1   2   6.2e-06   0.00058   17.2   0.0    13    73    19    77    10   119 0.73 -
C0000000011_ptg000011l:185727-186458 -            244 21615at4891          -            179   2.7e-11   41.1   0.0   2   2     2e-07   1.9e-05   22.1   0.0    97   146   145   194   109   207 0.79 -
C0000000017_ptg000017l:628091-629305 -            405 21615at4891          -            179   8.2e-10   36.3   0.2   1   2   1.3e-05    0.0013   16.1   0.0    12    74   174   236   158   256 0.81 -
C0000000017_ptg000017l:628091-629305 -            405 21615at4891          -            179   8.2e-10   36.3   0.2   2   2   3.8e-06   0.00036   17.9   0.0    99   156   305   364   298   381 0.80 -
C0000000007_ptg000007l:845389-847455 -            689 21615at4891          -            179   1.2e-09   35.8   0.1   1   3       5.6   5.3e+02   -2.2   0.0    87   140   196   250   190   275 0.64 -
C0000000007_ptg000007l:845389-847455 -            689 21615at4891          -            179   1.2e-09   35.8   0.1   2   3   2.1e-05     0.002   15.5   0.0    11    43   449   481   435   484 0.81 -
C0000000007_ptg000007l:845389-847455 -            689 21615at4891          -            179   1.2e-09   35.8   0.1   3   3   9.1e-06   0.00086   16.7   0.0    98   158   570   634   554   646 0.80 -
C0000000003_ptg000003l:907363-908835 -            491 21615at4891          -            179   1.7e-07   28.7   0.0   1   2    0.0014      0.13    9.6   0.0     4    43   254   299   251   306 0.75 -
C0000000003_ptg000003l:907363-908835 -            491 21615at4891          -            179   1.7e-07   28.7   0.0   2   2   9.3e-06   0.00088   16.7   0.0   100   156   391   451   381   465 0.76 -
C0000000005_ptg000005l:801784-802794 -            337 21615at4891          -            179   2.5e-07   28.2   0.4   1   2   0.00056     0.053   10.9   0.0    13    40   121   148   111   159 0.90 -
C0000000005_ptg000005l:801784-802794 -            337 21615at4891          -            179   2.5e-07   28.2   0.4   2   2   2.8e-05    0.0026   15.1   0.2    89   141   231   283   219   315 0.74 -
C0000000008_ptg000008l:37062-37991   -            310 21615at4891          -            179   9.5e-07   26.3   0.2   1   2   0.00013     0.013   12.9   0.0    12    43    77   108    63   131 0.85 -
C0000000008_ptg000008l:37062-37991   -            310 21615at4891          -            179   9.5e-07   26.3   0.2   2   2   0.00036     0.034   11.5   0.0    96   167   211   285   192   292 0.80 -
C0000000011_ptg000011l:186690-188417 -            576 21615at4891          -            179   1.2e-06   25.9   0.4   1   2   6.2e-05    0.0059   14.0   0.1    14    47     8    41     3    56 0.86 -
C0000000011_ptg000011l:186690-188417 -            576 21615at4891          -            179   1.2e-06   25.9   0.4   2   2    0.0013      0.12    9.7   0.0    72   143   126   191   116   216 0.77 -
C0000000010_ptg000010l:206827-209937 -           1037 21615at4891          -            179   2.1e-06   25.2   0.2   1   2    0.0014      0.13    9.6   0.1    13    47   394   428   378   437 0.86 -
C0000000010_ptg000010l:206827-209937 -           1037 21615at4891          -            179   2.1e-06   25.2   0.2   2   2   0.00014     0.013   12.8   0.0    99   142   517   560   477   570 0.83 -
C0000000008_ptg000008l:39048-39641   -            198 21615at4891          -            179   2.7e-06   24.8   0.2   1   1   3.9e-07   3.7e-05   21.2   0.2    13   140     2   148     1   179 0.70 -
C0000000013_ptg000013l:63181-64929   -            583 21615at4891          -            179     5e-06   24.0   0.0   1   2    0.0016      0.15    9.4   0.0    11    43   365   397   349   406 0.82 -
C0000000013_ptg000013l:63181-64929   -            583 21615at4891          -            179     5e-06   24.0   0.0   2   2   0.00029     0.028   11.8   0.0    96   141   487   532   465   567 0.80 -
C0000000017_ptg000017l:584994-587345 -            784 21615at4891          -            179    0.0003   18.2   0.0   1   1   7.1e-06   0.00067   17.0   0.0    15    45   490   520   483   529 0.91 -
C0000000003_ptg000003l:664041-666623 -            861 21615at4891          -            179   0.00039   17.8   0.8   1   3         8   7.6e+02   -2.7   0.0     6    36   441   471   437   482 0.86 -
C0000000003_ptg000003l:664041-666623 -            861 21615at4891          -            179   0.00039   17.8   0.8   2   3    0.0029      0.27    8.5   0.0    22    44   628   650   607   653 0.80 -
C0000000003_ptg000003l:664041-666623 -            861 21615at4891          -            179   0.00039   17.8   0.8   3   3     0.014       1.4    6.3   0.1    81   144   722   784   705   794 0.76 -
C0000000003_ptg000003l:491999-493627 -            543 21615at4891          -            179   0.00056   17.3   0.0   1   2   0.00036     0.034   11.5   0.0    19    46    43    70    31   118 0.74 -
C0000000003_ptg000003l:491999-493627 -            543 21615at4891          -            179   0.00056   17.3   0.0   2   2      0.11        11    3.3   0.0   104   144   163   204   136   224 0.83 -
C0000000004_ptg000004l:328702-343431 -           4910 21615at4891          -            179   0.00058   17.2   5.4   1   4      0.15        14    3.0   0.0    11    46   296   331   290   346 0.81 -
C0000000004_ptg000004l:328702-343431 -           4910 21615at4891          -            179   0.00058   17.2   5.4   2   4    0.0043       0.4    8.0   0.1    12    44   635   667   626   679 0.84 -
C0000000004_ptg000004l:328702-343431 -           4910 21615at4891          -            179   0.00058   17.2   5.4   3   4     0.053         5    4.4   0.0    20    44  1358  1382  1347  1424 0.87 -
C0000000004_ptg000004l:328702-343431 -           4910 21615at4891          -            179   0.00058   17.2   5.4   4   4       3.4   3.3e+02   -1.5   0.1    14    45  1731  1762  1725  1770 0.80 -
C0000000006_ptg000006l:339019-341028 -            670 21615at4891          -            179    0.0018   15.6   0.2   1   1   4.1e-05    0.0039   14.5   0.2   127   161   542   579   491   591 0.78 -
C0000000013_ptg000013l:419668-422982 -           1105 21615at4891          -            179    0.0032   14.8   0.9   1   3    0.0084       0.8    7.0   0.0    17    43    89   114    76   124 0.74 -
C0000000013_ptg000013l:419668-422982 -           1105 21615at4891          -            179    0.0032   14.8   0.9   2   3      0.18        17    2.7   0.0   142   176   241   275   233   277 0.87 -
C0000000013_ptg000013l:419668-422982 -           1105 21615at4891          -            179    0.0032   14.8   0.9   3   3      0.47        45    1.3   0.1    96   136  1007  1051   985  1071 0.76 -
C0000000011_ptg000011l:617896-619518 -            541 21615at4891          -            179    0.0033   14.8   0.2   1   2    0.0008     0.076   10.4   0.0    13    46    23    56    12    65 0.87 -
C0000000011_ptg000011l:617896-619518 -            541 21615at4891          -            179    0.0033   14.8   0.2   2   2      0.29        27    2.0   0.0   103   149   148   198   112   219 0.62 -
C0000000005_ptg000005l:242142-243806 -            555 21615at4891          -            179    0.0064   13.9   0.5   1   2    0.0009     0.085   10.2   0.0    13    46    44    77    40    90 0.86 -
C0000000005_ptg000005l:242142-243806 -            555 21615at4891          -            179    0.0064   13.9   0.5   2   2       0.6        57    1.0   0.0   105   132   171   199   133   240 0.64 -
C0000000001_ptg000001l:141237-141881 -            215 21615at4891          -            179     0.012   13.0   0.0   1   1   0.00023     0.022   12.1   0.0    24    71    21    67    15    85 0.81 -
C0000000006_ptg000006l:170119-170961 -            281 21615at4891          -            179     0.018   12.4   0.0   1   2   0.00069     0.065   10.6   0.0    25    60     8    43     2    70 0.82 -
C0000000006_ptg000006l:170119-170961 -            281 21615at4891          -            179     0.018   12.4   0.0   2   2       3.6   3.4e+02   -1.6   0.0   113   139   230   256   225   275 0.70 -
#
# Program:         hmmsearch
# Version:         3.1b2 (February 2015)
# Pipeline mode:   SEARCH
# Query file:      /home/deepseq/tool/BUSCO_v5/saccharomycetes_odb10/hmms/21615at4891.hmm
# Target file:     /var/www/gvolante/request/project/202302230949-GVF6W5EPF13MH478/202302230949-GVF6W5EPF13MH478_busco/run_saccharomycetes_odb10/metaeuk_output/initial_results/SRR13577846.fa.ca.modified.fas
# Option settings: hmmsearch --domtblout /var/www/gvolante/request/project/202302230949-GVF6W5EPF13MH478/202302230949-GVF6W5EPF13MH478_busco/run_saccharomycetes_odb10/hmmer_output/initial_run_results/21615at4891.out --cpu 1 /home/deepseq/tool/BUSCO_v5/saccharomycetes_odb10/hmms/21615at4891.hmm /var/www/gvolante/request/project/202302230949-GVF6W5EPF13MH478/202302230949-GVF6W5EPF13MH478_busco/run_saccharomycetes_odb10/metaeuk_output/initial_results/SRR13577846.fa.ca.modified.fas 
# Current dir:     /var/www/gvolante/request/project/202302230949-GVF6W5EPF13MH478
# Date:            Thu Feb 23 09:51:07 2023
# [ok]
