#                                                                                              --- full sequence --- -------------- this domain -------------   hmm coord   ali coord   env coord
# target name                          accession   tlen query name           accession   qlen   E-value  score  bias   #  of  c-Evalue  i-Evalue  score  bias  from    to  from    to  from    to  acc description of target
#                  ------------------- ---------- ----- -------------------- ---------- ----- --------- ------ ----- --- --- --------- --------- ------ ----- ----- ----- ----- ----- ----- ----- ---- ---------------------
C0000000006_ptg000006l:168487-169395   -            303 22443at4891          -            266  9.9e-155  511.0  14.2   1   2  1.6e-111  1.3e-109  363.0   4.4     1   180     4   188     4   195 0.97 -
C0000000006_ptg000006l:168487-169395   -            303 22443at4891          -            266  9.9e-155  511.0  14.2   2   2   1.1e-47   8.9e-46  153.7   2.2   177   261   204   288   197   297 0.96 -
C0000000009_ptg000009l:259597-260451   -            285 22443at4891          -            266   2.3e-67  224.5   2.2   1   2   6.7e-52   5.6e-50  167.5   0.6     1   178     3   180     3   188 0.93 -
C0000000009_ptg000009l:259597-260451   -            285 22443at4891          -            266   2.3e-67  224.5   2.2   2   2   3.9e-18   3.2e-16   56.8   0.0   180   261   202   282   193   284 0.92 -
C0000000009_ptg000009l:145631-146521   -            297 22443at4891          -            266   4.3e-28   95.8   3.4   1   2   2.6e-12   2.1e-10   37.7   0.1     9    94     8   100     2   105 0.84 -
C0000000009_ptg000009l:145631-146521   -            297 22443at4891          -            266   4.3e-28   95.8   3.4   2   2   9.4e-19   7.8e-17   58.8   0.4    13   178   111   293   100   296 0.73 -
C0000000003_ptg000003l:336514-339216   -            901 22443at4891          -            266   5.5e-27   92.1   0.3   1   2     1e-18   8.3e-17   58.8   0.2    10   176   535   705   525   709 0.86 -
C0000000003_ptg000003l:336514-339216   -            901 22443at4891          -            266   5.5e-27   92.1   0.3   2   2     3e-10   2.5e-08   30.9   0.0    10    88   731   812   725   819 0.86 -
C0000000016_ptg000016l:101226-102230   -            335 22443at4891          -            266     2e-26   90.3   0.3   1   2   3.3e-12   2.8e-10   37.4   0.0    10    92    48   136    41   143 0.81 -
C0000000016_ptg000016l:101226-102230   -            335 22443at4891          -            266     2e-26   90.3   0.3   2   2   1.9e-16   1.6e-14   51.3   0.0    12   176   148   326   138   331 0.77 -
C0000000002_ptg000002l:211295-212425   -            377 22443at4891          -            266   1.2e-25   87.7   0.4   1   3     0.021       1.8    5.2   0.0    10    38    56    84    48   103 0.78 -
C0000000002_ptg000002l:211295-212425   -            377 22443at4891          -            266   1.2e-25   87.7   0.4   2   3   0.00036      0.03   11.0   0.0   216   261   117   162   101   167 0.84 -
C0000000002_ptg000002l:211295-212425   -            377 22443at4891          -            266   1.2e-25   87.7   0.4   3   3   3.1e-21   2.6e-19   67.0   0.0    11   177   180   371   172   376 0.77 -
C0000000007_ptg000007l:571692-572783   -            364 22443at4891          -            266     5e-22   75.9   3.3   1   2   2.4e-19     2e-17   60.8   0.1    10   181    54   237    47   246 0.85 -
C0000000007_ptg000007l:571692-572783   -            364 22443at4891          -            266     5e-22   75.9   3.3   2   2   0.00057     0.047   10.4   0.5    11    38   258   285   253   357 0.63 -
C0000000006_ptg000006l:591591-592481   -            297 22443at4891          -            266   7.8e-22   75.2   4.6   1   2   1.5e-22   1.2e-20   71.3   1.5    10   180    29   201    23   207 0.89 -
C0000000006_ptg000006l:591591-592481   -            297 22443at4891          -            266   7.8e-22   75.2   4.6   2   2     0.073         6    3.5   0.1    10    38   215   243   206   260 0.81 -
C0000000017_ptg000017l:140409-141215   -            269 22443at4891          -            266   8.4e-22   75.1   2.0   1   2   3.7e-22   3.1e-20   70.0   0.5    11   180     2   173     1   180 0.90 -
C0000000017_ptg000017l:140409-141215   -            269 22443at4891          -            266   8.4e-22   75.1   2.0   2   2     0.065       5.4    3.6   0.0    11    38   188   215   178   269 0.68 -
C0000000011_ptg000011l:753791-754669   -            293 22443at4891          -            266   8.6e-21   71.8   0.9   1   2   1.6e-16   1.3e-14   51.5   0.3    10   172    16   191    11   204 0.84 -
C0000000011_ptg000011l:753791-754669   -            293 22443at4891          -            266   8.6e-21   71.8   0.9   2   2   2.4e-06    0.0002   18.2   0.0    11    70   216   280   209   291 0.78 -
C0000000008_ptg000008l:419567-420493   -            309 22443at4891          -            266   1.1e-19   68.2   4.6   1   2   6.6e-14   5.5e-12   43.0   0.3     8   158    13   167     8   258 0.77 -
C0000000008_ptg000008l:419567-420493   -            309 22443at4891          -            266   1.1e-19   68.2   4.6   2   2   2.6e-11   2.1e-09   34.5   0.5    12   179   113   303   102   306 0.74 -
C0000000003_ptg000003l:640402-641292   -            297 22443at4891          -            266   2.1e-19   67.3   1.6   1   2   3.3e-14   2.7e-12   43.9   1.6    10   172    15   195    10   206 0.82 -
C0000000003_ptg000003l:640402-641292   -            297 22443at4891          -            266   2.1e-19   67.3   1.6   2   2   8.6e-07   7.2e-05   19.6   0.0    10    71   219   282   210   291 0.83 -
C0000000003_ptg000003l:355829-356806   -            326 22443at4891          -            266   2.1e-18   64.0   1.1   1   2   1.3e-10     1e-08   32.2   0.1     6    96    22   114    17   122 0.88 -
C0000000003_ptg000003l:355829-356806   -            326 22443at4891          -            266   2.1e-18   64.0   1.1   2   2   2.1e-09   1.7e-07   28.2   0.1    11   177   127   318   121   323 0.75 -
C0000000006_ptg000006l:135950-136909   -            320 22443at4891          -            266   3.1e-18   63.4   4.2   1   2   1.2e-13     1e-11   42.1   1.2    23   177    25   196    11   203 0.77 -
C0000000006_ptg000006l:135950-136909   -            320 22443at4891          -            266   3.1e-18   63.4   4.2   2   2   8.1e-07   6.7e-05   19.7   0.1    16    99   222   310   214   312 0.72 -
C0000000002_ptg000002l:369437-370294   -            286 22443at4891          -            266   1.1e-15   55.1   2.2   1   3   3.1e-08   2.6e-06   24.4   0.4   185   261     1    75     1    78 0.92 -
C0000000002_ptg000002l:369437-370294   -            286 22443at4891          -            266   1.1e-15   55.1   2.2   2   3     0.029       2.4    4.8   0.0   117   188   121   194   104   198 0.73 -
C0000000002_ptg000002l:369437-370294   -            286 22443at4891          -            266   1.1e-15   55.1   2.2   3   3   4.7e-08   3.9e-06   23.8   0.0     8    77   202   275   200   285 0.78 -
C0000000014_ptg000014l:152116-152928   -            271 22443at4891          -            266   1.4e-15   54.8   0.2   1   2   7.9e-07   6.6e-05   19.7   0.0    11   177     8   173     2   176 0.73 -
C0000000014_ptg000014l:152116-152928   -            271 22443at4891          -            266   1.4e-15   54.8   0.2   2   2   4.3e-10   3.6e-08   30.4   0.2     8    86   191   267   184   271 0.91 -
C0000000002_ptg000002l:29706-30533     -            276 22443at4891          -            266   7.1e-15   52.4   2.0   1   2   3.4e-09   2.8e-07   27.5   0.2    12   177     2   179     1   187 0.75 -
C0000000002_ptg000002l:29706-30533     -            276 22443at4891          -            266   7.1e-15   52.4   2.0   2   2     3e-08   2.5e-06   24.4   0.1    11    84   203   276   198   276 0.92 -
C0000000011_ptg000011l:514274-515254   -            327 22443at4891          -            266   2.6e-14   50.6   4.9   1   2   2.9e-10   2.4e-08   31.0   1.6     7   177    36   217    31   224 0.75 -
C0000000011_ptg000011l:514274-515254   -            327 22443at4891          -            266   2.6e-14   50.6   4.9   2   2   3.9e-07   3.3e-05   20.7   0.1     8    89   241   321   237   327 0.81 -
C0000000013_ptg000013l:361422-362216   -            265 22443at4891          -            266   5.4e-14   49.5   0.1   1   1   2.9e-08   2.4e-06   24.4   0.0    27   174   107   263    81   265 0.80 -
C0000000003_ptg000003l:265214-266029   -            272 22443at4891          -            266   5.9e-14   49.4   3.0   1   2   6.3e-07   5.2e-05   20.1   0.2   185   261     1    75     1    77 0.87 -
C0000000003_ptg000003l:265214-266029   -            272 22443at4891          -            266   5.9e-14   49.4   3.0   2   2   2.9e-09   2.4e-07   27.7   0.3    14   178    97   272    85   272 0.69 -
C0000000011_ptg000011l:570910-571749   -            280 22443at4891          -            266     1e-13   48.6   1.8   1   2     0.002      0.16    8.6   0.0    13    88     8    84     2    97 0.82 -
C0000000011_ptg000011l:570910-571749   -            280 22443at4891          -            266     1e-13   48.6   1.8   2   2   1.3e-12   1.1e-10   38.7   0.7    10   179    99   278    90   280 0.75 -
C0000000002_ptg000002l:401397-402242   -            282 22443at4891          -            266   1.7e-13   47.9   4.4   1   2   1.6e-08   1.3e-06   25.3   1.6     6   185    11   209     6   219 0.76 -
C0000000002_ptg000002l:401397-402242   -            282 22443at4891          -            266   1.7e-13   47.9   4.4   2   2   5.3e-07   4.4e-05   20.3   0.1     7    70   217   281   211   282 0.79 -
C0000000008_ptg000008l:86993-88045     -            351 22443at4891          -            266   2.1e-13   47.6   0.1   1   4     0.015       1.2    5.8   0.0   105   159     9    63     5    79 0.72 -
C0000000008_ptg000008l:86993-88045     -            351 22443at4891          -            266   2.1e-13   47.6   0.1   2   4   3.8e-05    0.0031   14.2   0.0   135   180    94   139    82   147 0.89 -
C0000000008_ptg000008l:86993-88045     -            351 22443at4891          -            266   2.1e-13   47.6   0.1   3   4     0.015       1.3    5.7   0.0    12    42   155   185   146   247 0.58 -
C0000000008_ptg000008l:86993-88045     -            351 22443at4891          -            266   2.1e-13   47.6   0.1   4   4   8.5e-06    0.0007   16.4   0.0    11    90   264   351   252   351 0.74 -
C0000000005_ptg000005l:1258080-1258979 -            300 22443at4891          -            266   2.3e-13   47.5   0.6   1   2   8.2e-06   0.00068   16.4   0.1    13   179     9   190     3   193 0.60 -
C0000000005_ptg000005l:1258080-1258979 -            300 22443at4891          -            266   2.3e-13   47.5   0.6   2   2   4.3e-08   3.6e-06   23.9   0.0    15    90   225   299   210   300 0.84 -
C0000000005_ptg000005l:1401102-1402001 -            300 22443at4891          -            266   5.9e-13   46.1   0.1   1   2   6.1e-08     5e-06   23.4   0.1    13   166    16   183     7   196 0.70 -
C0000000005_ptg000005l:1401102-1402001 -            300 22443at4891          -            266   5.9e-13   46.1   0.1   2   2   6.1e-07     5e-05   20.1   0.0     5    72   209   276   202   290 0.80 -
C0000000002_ptg000002l:643769-644647   -            293 22443at4891          -            266   7.3e-13   45.8   4.6   1   2   9.3e-09   7.7e-07   26.1   1.3    11   184     4   196     2   207 0.76 -
C0000000002_ptg000002l:643769-644647   -            293 22443at4891          -            266   7.3e-13   45.8   4.6   2   2   1.5e-06   0.00012   18.9   0.1     7    71   205   270   199   290 0.78 -
C0000000016_ptg000016l:348187-349101   -            305 22443at4891          -            266   9.5e-13   45.4   1.7   1   2   7.5e-05    0.0062   13.3   0.1    12    93     9    99     3   108 0.74 -
C0000000016_ptg000016l:348187-349101   -            305 22443at4891          -            266   9.5e-13   45.4   1.7   2   2   1.9e-09   1.6e-07   28.3   0.3    10   177   123   300   115   302 0.77 -
C0000000007_ptg000007l:359457-360305   -            283 22443at4891          -            266   5.4e-12   43.0   1.6   1   3    0.0031      0.25    8.0   0.0   133   172    40    79     6    91 0.83 -
C0000000007_ptg000007l:359457-360305   -            283 22443at4891          -            266   5.4e-12   43.0   1.6   2   3   2.9e-05    0.0024   14.6   0.1    41    89   144   192    97   202 0.71 -
C0000000007_ptg000007l:359457-360305   -            283 22443at4891          -            266   5.4e-12   43.0   1.6   3   3   3.3e-06   0.00028   17.7   0.0     7    70   204   268   198   279 0.80 -
C0000000017_ptg000017l:455481-456446   -            322 22443at4891          -            266   5.6e-12   42.9  13.0   1   2     1e-08   8.6e-07   25.9   4.6    10   210    24   258    14   261 0.72 -
C0000000017_ptg000017l:455481-456446   -            322 22443at4891          -            266   5.6e-12   42.9  13.0   2   2   7.8e-10   6.5e-08   29.6   1.2    25   179   145   308   121   316 0.84 -
C0000000015_ptg000015l:100027-101022   -            332 22443at4891          -            266   1.2e-10   38.6   1.4   1   2   2.2e-08   1.8e-06   24.8   0.1     8   173    10   198     3   245 0.76 -
C0000000015_ptg000015l:100027-101022   -            332 22443at4891          -            266   1.2e-10   38.6   1.4   2   2    0.0015      0.13    9.0   0.1   143   178   291   326   242   329 0.58 -
C0000000014_ptg000014l:304929-306545   -            539 22443at4891          -            266   2.1e-09   34.5   3.9   1   2   3.8e-06   0.00032   17.5   1.7    46   168   283   415   272   424 0.79 -
C0000000014_ptg000014l:304929-306545   -            539 22443at4891          -            266   2.1e-09   34.5   3.9   2   2   2.7e-05    0.0022   14.7   0.0    13    89   455   535   448   538 0.76 -
C0000000001_ptg000001l:27928-28815     -            296 22443at4891          -            266   1.2e-06   25.5   4.6   1   3      0.35        29    1.2   0.0    10    70     5    65     2    75 0.66 -
C0000000001_ptg000001l:27928-28815     -            296 22443at4891          -            266   1.2e-06   25.5   4.6   2   3       3.2   2.6e+02   -1.9   0.0   167   196    79   109    67   130 0.63 -
C0000000001_ptg000001l:27928-28815     -            296 22443at4891          -            266   1.2e-06   25.5   4.6   3   3   4.7e-08   3.9e-06   23.8   1.4   137   259   160   292   145   294 0.73 -
#
# Program:         hmmsearch
# Version:         3.1b2 (February 2015)
# Pipeline mode:   SEARCH
# Query file:      /home/deepseq/tool/BUSCO_v5/saccharomycetes_odb10/hmms/22443at4891.hmm
# Target file:     /var/www/gvolante/request/project/202302230949-GVF6W5EPF13MH478/202302230949-GVF6W5EPF13MH478_busco/run_saccharomycetes_odb10/metaeuk_output/initial_results/SRR13577846.fa.ca.modified.fas
# Option settings: hmmsearch --domtblout /var/www/gvolante/request/project/202302230949-GVF6W5EPF13MH478/202302230949-GVF6W5EPF13MH478_busco/run_saccharomycetes_odb10/hmmer_output/initial_run_results/22443at4891.out --cpu 1 /home/deepseq/tool/BUSCO_v5/saccharomycetes_odb10/hmms/22443at4891.hmm /var/www/gvolante/request/project/202302230949-GVF6W5EPF13MH478/202302230949-GVF6W5EPF13MH478_busco/run_saccharomycetes_odb10/metaeuk_output/initial_results/SRR13577846.fa.ca.modified.fas 
# Current dir:     /var/www/gvolante/request/project/202302230949-GVF6W5EPF13MH478
# Date:            Thu Feb 23 09:51:08 2023
# [ok]
