#                                                                                              --- full sequence --- -------------- this domain -------------   hmm coord   ali coord   env coord
# target name                          accession   tlen query name           accession   qlen   E-value  score  bias   #  of  c-Evalue  i-Evalue  score  bias  from    to  from    to  from    to  acc description of target
#                  ------------------- ---------- ----- -------------------- ---------- ----- --------- ------ ----- --- --- --------- --------- ------ ----- ----- ----- ----- ----- ----- ----- ---- ---------------------
C0000000014_ptg000014l:304929-306545   -            539 22538at4891          -            343  7.6e-157  519.0  10.7   1   3   4.2e-07   3.1e-05   20.5   0.1     7    43    59    98    50   108 0.76 -
C0000000014_ptg000014l:304929-306545   -            539 22538at4891          -            343  7.6e-157  519.0  10.7   2   3   5.1e-34   3.8e-32  109.0   0.1    33   123   155   260   125   270 0.82 -
C0000000014_ptg000014l:304929-306545   -            539 22538at4891          -            343  7.6e-157  519.0  10.7   3   3  2.1e-120  1.5e-118  393.1   2.9   118   343   279   534   274   534 0.91 -
C0000000003_ptg000003l:355829-356806   -            326 22538at4891          -            343   2.1e-53  178.8   2.2   1   1   4.9e-54   3.6e-52  174.8   2.2    85   340    23   318    10   321 0.81 -
C0000000009_ptg000009l:145631-146521   -            297 22538at4891          -            343     1e-37  127.3   4.0   1   3   3.6e-17   2.7e-15   53.5   0.1   263   341    11    92     4    94 0.89 -
C0000000009_ptg000009l:145631-146521   -            297 22538at4891          -            343     1e-37  127.3   4.0   2   3   2.6e-13   1.9e-11   40.9   0.1   266   342   114   190   105   191 0.89 -
C0000000009_ptg000009l:145631-146521   -            297 22538at4891          -            343     1e-37  127.3   4.0   3   3   6.2e-11   4.6e-09   33.1   0.1   251   342   203   294   193   295 0.84 -
C0000000016_ptg000016l:101226-102230   -            335 22538at4891          -            343   1.9e-37  126.3   0.5   1   3   3.7e-15   2.7e-13   47.0   0.0   254   342    40   131    30   132 0.83 -
C0000000016_ptg000016l:101226-102230   -            335 22538at4891          -            343   1.9e-37  126.3   0.5   2   3   1.1e-13   8.2e-12   42.1   0.0   266   342   152   228   141   229 0.90 -
C0000000016_ptg000016l:101226-102230   -            335 22538at4891          -            343   1.9e-37  126.3   0.5   3   3   2.8e-11   2.1e-09   34.2   0.0   257   341   244   328   230   331 0.82 -
C0000000015_ptg000015l:100027-101022   -            332 22538at4891          -            343   8.5e-37  124.2   0.5   1   2   9.1e-24   6.7e-22   75.2   0.6    89   244    13   200     2   211 0.75 -
C0000000015_ptg000015l:100027-101022   -            332 22538at4891          -            343   8.5e-37  124.2   0.5   2   2   1.7e-14   1.3e-12   44.7   0.0   235   342   214   327   209   328 0.85 -
C0000000003_ptg000003l:336514-339216   -            901 22538at4891          -            343   4.2e-35  118.7   0.1   1   2   6.5e-20   4.8e-18   62.6   0.0   260   336   533   606   527   613 0.91 -
C0000000003_ptg000003l:336514-339216   -            901 22538at4891          -            343   4.2e-35  118.7   0.1   2   2   7.1e-19   5.2e-17   59.2   0.0   148   342   597   811   595   812 0.83 -
C0000000006_ptg000006l:591591-592481   -            297 22538at4891          -            343   4.4e-33  112.0   0.3   1   2   1.3e-09   9.8e-08   28.7   0.0   174   249    28   109    19   110 0.83 -
C0000000006_ptg000006l:591591-592481   -            297 22538at4891          -            343   4.4e-33  112.0   0.3   2   2   6.4e-28   4.7e-26   88.9   0.1   120   339    65   297    60   297 0.83 -
C0000000016_ptg000016l:348187-349101   -            305 22538at4891          -            343   1.3e-32  110.5   2.7   1   3   3.1e-07   2.3e-05   20.9   0.1   264   334    10    85     5    94 0.73 -
C0000000016_ptg000016l:348187-349101   -            305 22538at4891          -            343   1.3e-32  110.5   2.7   2   3   1.1e-13   7.9e-12   42.1   0.4   251   342   113   202    83   204 0.84 -
C0000000016_ptg000016l:348187-349101   -            305 22538at4891          -            343   1.3e-32  110.5   2.7   3   3   3.2e-15   2.4e-13   47.1   0.1   251   343   214   303   190   303 0.85 -
C0000000008_ptg000008l:419567-420493   -            309 22538at4891          -            343   4.1e-32  108.8   1.1   1   1   5.9e-33   4.3e-31  105.5   1.1    85   341    12   302     5   304 0.79 -
C0000000017_ptg000017l:140409-141215   -            269 22538at4891          -            343   1.6e-31  106.9   0.1   1   2   3.9e-09   2.9e-07   27.1   0.1   263   342     3    80     1    81 0.83 -
C0000000017_ptg000017l:140409-141215   -            269 22538at4891          -            343   1.6e-31  106.9   0.1   2   2   2.4e-26   1.8e-24   83.7   0.0   150   339    67   269    62   269 0.83 -
C0000000002_ptg000002l:211295-212425   -            377 22538at4891          -            343   1.4e-30  103.8   0.2   1   4   0.00011    0.0078   12.6   0.0   173   203    54    84    41   101 0.79 -
C0000000002_ptg000002l:211295-212425   -            377 22538at4891          -            343   1.4e-30  103.8   0.2   2   4   2.4e-08   1.8e-06   24.6   0.0   303   342   122   161   109   162 0.87 -
C0000000002_ptg000002l:211295-212425   -            377 22538at4891          -            343   1.4e-30  103.8   0.2   3   4   6.5e-11   4.8e-09   33.0   0.0   255   342   173   260   163   261 0.83 -
C0000000002_ptg000002l:211295-212425   -            377 22538at4891          -            343   1.4e-30  103.8   0.2   4   4   1.2e-09   8.7e-08   28.8   0.0   270   338   301   369   285   374 0.88 -
C0000000011_ptg000011l:514274-515254   -            327 22538at4891          -            343   1.6e-30  103.6   3.3   1   3   1.3e-06   9.6e-05   18.8   0.1   171   216    35    81    28    91 0.79 -
C0000000011_ptg000011l:514274-515254   -            327 22538at4891          -            343   1.6e-30  103.6   3.3   2   3   7.7e-05    0.0057   13.0   0.1   305   340    87   122    79   125 0.88 -
C0000000011_ptg000011l:514274-515254   -            327 22538at4891          -            343   1.6e-30  103.6   3.3   3   3   2.2e-22   1.6e-20   70.7   0.2    89   242   146   314   127   326 0.79 -
C0000000006_ptg000006l:135950-136909   -            320 22538at4891          -            343   4.4e-30  102.2   2.5   1   1   3.1e-31   2.3e-29   99.8   2.5    88   342    12   299     3   300 0.80 -
C0000000002_ptg000002l:401397-402242   -            282 22538at4891          -            343   5.1e-29   98.7   3.6   1   1   5.7e-29   4.2e-27   92.4   3.6    83   324    10   280     1   282 0.76 -
C0000000011_ptg000011l:753791-754669   -            293 22538at4891          -            343   2.4e-28   96.4   0.6   1   3   1.2e-11   9.2e-10   35.3   0.0   258   336    13    98     4   105 0.76 -
C0000000011_ptg000011l:753791-754669   -            293 22538at4891          -            343   2.4e-28   96.4   0.6   2   3     3e-10   2.2e-08   30.8   0.0   254   324   115   180   101   185 0.85 -
C0000000011_ptg000011l:753791-754669   -            293 22538at4891          -            343   2.4e-28   96.4   0.6   3   3   3.1e-09   2.3e-07   27.5   0.0   261   335   215   290   200   293 0.87 -
C0000000007_ptg000007l:571692-572783   -            364 22538at4891          -            343   4.9e-28   95.4   0.1   1   2   9.3e-25   6.9e-23   78.5   0.0   174   342    53   235    43   236 0.86 -
C0000000007_ptg000007l:571692-572783   -            364 22538at4891          -            343   4.9e-28   95.4   0.1   2   2   2.1e-05    0.0015   14.9   0.0   254   339   250   352   239   356 0.74 -
C0000000002_ptg000002l:643769-644647   -            293 22538at4891          -            343   9.9e-28   94.4   2.9   1   3   1.2e-09   9.2e-08   28.8   0.0    88   179     3   106     2   109 0.67 -
C0000000002_ptg000002l:643769-644647   -            293 22538at4891          -            343   9.9e-28   94.4   2.9   2   3   3.7e-12   2.7e-10   37.1   0.1   261   342   107   191   100   192 0.87 -
C0000000002_ptg000002l:643769-644647   -            293 22538at4891          -            343   9.9e-28   94.4   2.9   3   3   2.9e-10   2.1e-08   30.8   0.2   230   334   173   279   172   286 0.81 -
C0000000007_ptg000007l:359457-360305   -            283 22538at4891          -            343   4.7e-27   92.2   2.4   1   3   6.3e-11   4.6e-09   33.0   0.0    88   193     1   124     1   124 0.73 -
C0000000007_ptg000007l:359457-360305   -            283 22538at4891          -            343   4.7e-27   92.2   2.4   2   3   2.6e-11   1.9e-09   34.3   0.1   264   329   109   177   103   191 0.79 -
C0000000007_ptg000007l:359457-360305   -            283 22538at4891          -            343   4.7e-27   92.2   2.4   3   3   1.4e-09     1e-07   28.6   0.2   230   333   172   277   171   282 0.72 -
C0000000002_ptg000002l:369437-370294   -            286 22538at4891          -            343   1.4e-26   90.6   0.5   1   2   1.4e-17     1e-15   54.9   0.3   177   341     1   184     1   186 0.82 -
C0000000002_ptg000002l:369437-370294   -            286 22538at4891          -            343   1.4e-26   90.6   0.5   2   2     2e-10   1.5e-08   31.4   0.0   255   340   198   282   192   285 0.84 -
C0000000011_ptg000011l:570910-571749   -            280 22538at4891          -            343     4e-25   85.9   1.5   1   2   3.1e-13   2.3e-11   40.6   0.3    89   208     6   132     2   136 0.87 -
C0000000011_ptg000011l:570910-571749   -            280 22538at4891          -            343     4e-25   85.9   1.5   2   2   1.3e-14   9.7e-13   45.1   0.1   114   247   133   277   130   280 0.84 -
C0000000003_ptg000003l:265214-266029   -            272 22538at4891          -            343     8e-25   84.9   0.7   1   2   2.8e-18   2.1e-16   57.2   0.1   179   341     2   171     1   173 0.84 -
C0000000003_ptg000003l:265214-266029   -            272 22538at4891          -            343     8e-25   84.9   0.7   2   2   1.2e-08   8.9e-07   25.5   0.1   251   339   183   270   174   272 0.84 -
C0000000017_ptg000017l:455481-456446   -            322 22538at4891          -            343   9.2e-24   81.4   3.9   1   2   2.1e-18   1.6e-16   57.6   1.3   161   342    10   214     7   215 0.73 -
C0000000017_ptg000017l:455481-456446   -            322 22538at4891          -            343   9.2e-24   81.4   3.9   2   2   3.9e-08   2.9e-06   23.9   0.1   259   334   229   300   206   309 0.83 -
C0000000003_ptg000003l:640402-641292   -            297 22538at4891          -            343   1.2e-23   81.0   1.3   1   2   3.8e-13   2.8e-11   40.3   0.1   249   334     3    98     1   107 0.82 -
C0000000003_ptg000003l:640402-641292   -            297 22538at4891          -            343   1.2e-23   81.0   1.3   2   2   2.9e-13   2.2e-11   40.7   0.1   168   339   119   295    90   297 0.74 -
C0000000008_ptg000008l:86993-88045     -            351 22538at4891          -            343   2.6e-21   73.3   0.1   1   4     0.053       3.9    3.7   0.0   177   289     9    35     3    48 0.61 -
C0000000008_ptg000008l:86993-88045     -            351 22538at4891          -            343   2.6e-21   73.3   0.1   2   4    0.0025      0.19    8.0   0.0   295   341    91   137    80   139 0.89 -
C0000000008_ptg000008l:86993-88045     -            351 22538at4891          -            343   2.6e-21   73.3   0.1   3   4   5.5e-08   4.1e-06   23.3   0.0   218   342   108   239   107   240 0.84 -
C0000000008_ptg000008l:86993-88045     -            351 22538at4891          -            343   2.6e-21   73.3   0.1   4   4     2e-12   1.5e-10   38.0   0.0    77   166   252   351   246   351 0.84 -
C0000000014_ptg000014l:152116-152928   -            271 22538at4891          -            343   2.6e-19   66.7   0.9   1   3   2.5e-06   0.00018   17.9   0.3   261   302     7    48     1    75 0.56 -
C0000000014_ptg000014l:152116-152928   -            271 22538at4891          -            343   2.6e-19   66.7   0.9   2   3   1.8e-08   1.3e-06   24.9   0.0   129   270    38   198    37   199 0.74 -
C0000000014_ptg000014l:152116-152928   -            271 22538at4891          -            343   2.6e-19   66.7   0.9   3   3   5.5e-09     4e-07   26.7   0.1    89   165   194   270   179   271 0.93 -
C0000000013_ptg000013l:361422-362216   -            265 22538at4891          -            343   1.9e-18   63.9   0.5   1   2   8.8e-16   6.5e-14   49.0   0.3   178   338     1   170     1   178 0.86 -
C0000000013_ptg000013l:361422-362216   -            265 22538at4891          -            343   1.9e-18   63.9   0.5   2   2   3.8e-05    0.0028   14.0   0.0   253   335   184   261   159   265 0.76 -
C0000000002_ptg000002l:29706-30533     -            276 22538at4891          -            343   1.1e-16   58.2   1.1   1   1     3e-17   2.2e-15   53.8   1.1    89   339     1   276     1   276 0.78 -
C0000000001_ptg000001l:27928-28815     -            296 22538at4891          -            343   4.1e-15   52.9   5.2   1   3     0.023       1.7    4.9   0.1   261   288     5    32     2    53 0.82 -
C0000000001_ptg000001l:27928-28815     -            296 22538at4891          -            343   4.1e-15   52.9   5.2   2   3   0.00016     0.012   12.0   0.0    62   116    70   124    53   147 0.81 -
C0000000001_ptg000001l:27928-28815     -            296 22538at4891          -            343   4.1e-15   52.9   5.2   3   3   1.5e-11   1.1e-09   35.1   0.6   117   227   156   272   137   287 0.77 -
C0000000009_ptg000009l:259597-260451   -            285 22538at4891          -            343   1.7e-14   50.9   2.7   1   1   3.6e-16   2.7e-14   50.3   2.7    92   342    12   281     3   282 0.78 -
C0000000005_ptg000005l:1258080-1258979 -            300 22538at4891          -            343     7e-14   48.9   0.1   1   3   0.00046     0.034   10.4   0.0   174   213     5    46     2    59 0.78 -
C0000000005_ptg000005l:1258080-1258979 -            300 22538at4891          -            343     7e-14   48.9   0.1   2   3   7.4e-06   0.00055   16.3   0.2   255   342   108   190    95   191 0.84 -
C0000000005_ptg000005l:1258080-1258979 -            300 22538at4891          -            343     7e-14   48.9   0.1   3   3   2.3e-06   0.00017   18.1   0.0   263   341   222   295   209   297 0.89 -
C0000000003_ptg000003l:147851-148522   -            224 22538at4891          -            343   6.2e-10   35.9   1.0   1   2      0.44        32    0.7   0.2   213   234     2    23     1    48 0.76 -
C0000000003_ptg000003l:147851-148522   -            224 22538at4891          -            343   6.2e-10   35.9   1.0   2   2   3.2e-11   2.4e-09   34.0   0.0   170   326    61   224    57   224 0.80 -
C0000000005_ptg000005l:1401102-1402001 -            300 22538at4891          -            343   9.7e-10   35.3   0.0   1   2      0.19        14    1.9   0.0   170   207     9    46     4    71 0.79 -
C0000000005_ptg000005l:1401102-1402001 -            300 22538at4891          -            343   9.7e-10   35.3   0.0   2   2   2.5e-10   1.8e-08   31.1   0.0   176   336   124   285   111   291 0.75 -
C0000000006_ptg000006l:168487-169395   -            303 22538at4891          -            343   7.1e-09   32.4   4.6   1   2   1.4e-09     1e-07   28.6   1.5   175   341    13   186     3   188 0.80 -
C0000000006_ptg000006l:168487-169395   -            303 22538at4891          -            343   7.1e-09   32.4   4.6   2   2     0.055         4    3.6   0.1   165   248   200   287   187   290 0.67 -
C0000000007_ptg000007l:730278-731201   -            308 22538at4891          -            343   8.6e-08   28.9   0.7   1   1      0.01      0.75    6.0   0.1   209   251    91   133    79   142 0.84 -
C0000000005_ptg000005l:124561-126045   -            495 22538at4891          -            343     0.013   11.8   0.0   1   3      0.69        51    0.0   0.0   122   319   225   243   214   261 0.60 -
C0000000005_ptg000005l:124561-126045   -            495 22538at4891          -            343     0.013   11.8   0.0   2   3    0.0035      0.26    7.5   0.0   250   287   280   315   269   335 0.85 -
C0000000005_ptg000005l:124561-126045   -            495 22538at4891          -            343     0.013   11.8   0.0   3   3       1.6   1.2e+02   -1.2   0.0   289   307   439   457   421   474 0.73 -
C0000000011_ptg000011l:806476-806952   -            159 22538at4891          -            343     0.051    9.9   1.2   1   3      0.16        12    2.1   0.0    20    45    19    43     5    69 0.83 -
C0000000011_ptg000011l:806476-806952   -            159 22538at4891          -            343     0.051    9.9   1.2   2   3     0.058       4.3    3.5   0.1    22    44    94   116    72   123 0.85 -
C0000000011_ptg000011l:806476-806952   -            159 22538at4891          -            343     0.051    9.9   1.2   3   3      0.15        11    2.2   0.0    17    50   125   158   115   159 0.87 -
#
# Program:         hmmsearch
# Version:         3.1b2 (February 2015)
# Pipeline mode:   SEARCH
# Query file:      /home/deepseq/tool/BUSCO_v5/saccharomycetes_odb10/hmms/22538at4891.hmm
# Target file:     /var/www/gvolante/request/project/202302230949-GVF6W5EPF13MH478/202302230949-GVF6W5EPF13MH478_busco/run_saccharomycetes_odb10/metaeuk_output/initial_results/SRR13577846.fa.ca.modified.fas
# Option settings: hmmsearch --domtblout /var/www/gvolante/request/project/202302230949-GVF6W5EPF13MH478/202302230949-GVF6W5EPF13MH478_busco/run_saccharomycetes_odb10/hmmer_output/initial_run_results/22538at4891.out --cpu 1 /home/deepseq/tool/BUSCO_v5/saccharomycetes_odb10/hmms/22538at4891.hmm /var/www/gvolante/request/project/202302230949-GVF6W5EPF13MH478/202302230949-GVF6W5EPF13MH478_busco/run_saccharomycetes_odb10/metaeuk_output/initial_results/SRR13577846.fa.ca.modified.fas 
# Current dir:     /var/www/gvolante/request/project/202302230949-GVF6W5EPF13MH478
# Date:            Thu Feb 23 09:51:05 2023
# [ok]
