#                                                                                              --- full sequence --- -------------- this domain -------------   hmm coord   ali coord   env coord
# target name                          accession   tlen query name           accession   qlen   E-value  score  bias   #  of  c-Evalue  i-Evalue  score  bias  from    to  from    to  from    to  acc description of target
#                  ------------------- ---------- ----- -------------------- ---------- ----- --------- ------ ----- --- --- --------- --------- ------ ----- ----- ----- ----- ----- ----- ----- ---- ---------------------
C0000000002_ptg000002l:101479-102618   -            380 22775at4891          -            264   5.2e-98  324.6   0.9   1   1     4e-98   4.8e-96  318.1   0.9     2   262     9   380     8   380 0.84 -
C0000000017_ptg000017l:164206-165084   -            293 22775at4891          -            264   2.9e-10   36.9   0.1   1   4     0.002      0.24    7.7   0.0   157   187    16    47    11    63 0.77 -
C0000000017_ptg000017l:164206-165084   -            293 22775at4891          -            264   2.9e-10   36.9   0.1   2   4      0.15        18    1.5   0.0   166   191    85   110    64   121 0.77 -
C0000000017_ptg000017l:164206-165084   -            293 22775at4891          -            264   2.9e-10   36.9   0.1   3   4   5.8e-08   6.9e-06   22.6   0.0   124   193   151   217   141   251 0.86 -
C0000000017_ptg000017l:164206-165084   -            293 22775at4891          -            264   2.9e-10   36.9   0.1   4   4      0.78        93   -0.8   0.0    45    67   271   293   259   293 0.83 -
C0000000006_ptg000006l:551155-551790   -            212 22775at4891          -            264   5.6e-10   36.0   0.8   1   3    0.0037      0.44    6.8   0.0   166   192    11    37     4    45 0.83 -
C0000000006_ptg000006l:551155-551790   -            212 22775at4891          -            264   5.6e-10   36.0   0.8   2   3   8.5e-09     1e-06   25.3   0.2   118   189    72   138    36   149 0.75 -
C0000000006_ptg000006l:551155-551790   -            212 22775at4891          -            264   5.6e-10   36.0   0.8   3   3      0.16        19    1.5   0.0    40    67   185   212   145   212 0.79 -
C0000000001_ptg000001l:154091-154987   -            299 22775at4891          -            264   2.3e-08   30.7   6.8   1   5   6.7e-07   8.1e-05   19.1   0.3   124   186    33    93    20   101 0.85 -
C0000000001_ptg000001l:154091-154987   -            299 22775at4891          -            264   2.3e-08   30.7   6.8   2   5   0.00061     0.074    9.4   0.1   127   187    77   138    76   151 0.82 -
C0000000001_ptg000001l:154091-154987   -            299 22775at4891          -            264   2.3e-08   30.7   6.8   3   5     0.003      0.36    7.1   0.0   161   190   177   204   162   213 0.77 -
C0000000001_ptg000001l:154091-154987   -            299 22775at4891          -            264   2.3e-08   30.7   6.8   4   5    0.0024      0.29    7.4   0.2   125   185   182   241   176   256 0.60 -
C0000000001_ptg000001l:154091-154987   -            299 22775at4891          -            264   2.3e-08   30.7   6.8   5   5      0.49        59   -0.2   0.0    39    67   269   298   256   299 0.77 -
C0000000016_ptg000016l:181896-182717   -            274 22775at4891          -            264   4.6e-08   29.7   3.9   1   3    0.0058       0.7    6.2   0.2   129   187     1    56     1    68 0.64 -
C0000000016_ptg000016l:181896-182717   -            274 22775at4891          -            264   4.6e-08   29.7   3.9   2   3   0.00078     0.095    9.0   0.1   122   191    74   141    68   152 0.80 -
C0000000016_ptg000016l:181896-182717   -            274 22775at4891          -            264   4.6e-08   29.7   3.9   3   3   8.1e-05    0.0097   12.2   0.0   125   190   207   269   197   273 0.85 -
C0000000011_ptg000011l:828275-829651   -            459 22775at4891          -            264   5.1e-08   29.6   4.6   1   4    0.0088       1.1    5.6   0.0   166   185   114   133   105   144 0.83 -
C0000000011_ptg000011l:828275-829651   -            459 22775at4891          -            264   5.1e-08   29.6   4.6   2   4       0.2        24    1.1   0.0    47    80   149   183   133   187 0.81 -
C0000000011_ptg000011l:828275-829651   -            459 22775at4891          -            264   5.1e-08   29.6   4.6   3   4   0.00061     0.074    9.4   0.3   109   183   165   235   146   252 0.76 -
C0000000011_ptg000011l:828275-829651   -            459 22775at4891          -            264   5.1e-08   29.6   4.6   4   4   3.1e-05    0.0038   13.6   0.1   119   202   336   424   289   429 0.74 -
C0000000004_ptg000004l:379350-382178   -            943 22775at4891          -            264     8e-08   28.9  12.5   1   4    0.0044      0.52    6.6   3.6   130   204    97   170    79   230 0.41 -
C0000000004_ptg000004l:379350-382178   -            943 22775at4891          -            264     8e-08   28.9  12.5   2   4     0.059       7.1    2.9   0.4    94   139   179   229   175   267 0.58 -
C0000000004_ptg000004l:379350-382178   -            943 22775at4891          -            264     8e-08   28.9  12.5   3   4   2.6e-07   3.1e-05   20.4   0.0    82   193   392   512   379   517 0.70 -
C0000000004_ptg000004l:379350-382178   -            943 22775at4891          -            264     8e-08   28.9  12.5   4   4     0.073       8.8    2.5   0.4   156   216   577   633   554   686 0.47 -
C0000000009_ptg000009l:290638-291492   -            285 22775at4891          -            264   1.1e-07   28.5   5.5   1   4    0.0006     0.072    9.4   0.5   108   184     3    77     1    92 0.84 -
C0000000009_ptg000009l:290638-291492   -            285 22775at4891          -            264   1.1e-07   28.5   5.5   2   4    0.0019      0.23    7.8   0.1   163   190   119   146    88   154 0.77 -
C0000000009_ptg000009l:290638-291492   -            285 22775at4891          -            264   1.1e-07   28.5   5.5   3   4     0.001      0.12    8.6   0.3   124   184   123   182   109   196 0.53 -
C0000000009_ptg000009l:290638-291492   -            285 22775at4891          -            264   1.1e-07   28.5   5.5   4   4   0.00025      0.03   10.7   0.0    48   107   221   283   202   284 0.78 -
C0000000002_ptg000002l:236728-237624   -            299 22775at4891          -            264   1.6e-07   28.0   1.1   1   4   0.00046     0.055    9.8   0.0   124   194    52   120    30   123 0.81 -
C0000000002_ptg000002l:236728-237624   -            299 22775at4891          -            264   1.6e-07   28.0   1.1   2   4   7.2e-07   8.7e-05   19.0   0.1   123   192    92   161    84   169 0.85 -
C0000000002_ptg000002l:236728-237624   -            299 22775at4891          -            264   1.6e-07   28.0   1.1   3   4     0.017       2.1    4.6   0.0   148   190   167   209   156   225 0.80 -
C0000000002_ptg000002l:236728-237624   -            299 22775at4891          -            264   1.6e-07   28.0   1.1   4   4       1.2   1.5e+02   -1.5   0.0    38    68   268   298   262   299 0.84 -
C0000000014_ptg000014l:156967-157878   -            304 22775at4891          -            264   2.7e-07   27.2   2.4   1   2    0.0019      0.23    7.7   0.0   134   193    54   114    38   122 0.71 -
C0000000014_ptg000014l:156967-157878   -            304 22775at4891          -            264   2.7e-07   27.2   2.4   2   2   7.4e-06   0.00089   15.6   0.9    51   154   128   295   113   303 0.61 -
C0000000003_ptg000003l:672388-673722   -            445 22775at4891          -            264     6e-07   26.1   1.9   1   3    0.0035      0.43    6.9   0.1   125   192   147   213   133   222 0.78 -
C0000000003_ptg000003l:672388-673722   -            445 22775at4891          -            264     6e-07   26.1   1.9   2   3    0.0098       1.2    5.4   0.0   124   192   230   297   223   305 0.80 -
C0000000003_ptg000003l:672388-673722   -            445 22775at4891          -            264     6e-07   26.1   1.9   3   3   0.00016     0.019   11.3   0.0   121   183   352   421   338   434 0.79 -
C0000000009_ptg000009l:374554-375648   -            365 22775at4891          -            264   1.1e-06   25.2   0.0   1   2      0.27        33    0.7   0.0    45    70    39    67    12    88 0.68 -
C0000000009_ptg000009l:374554-375648   -            365 22775at4891          -            264   1.1e-06   25.2   0.0   2   2   1.1e-07   1.4e-05   21.6   0.0   127   192    95   162    86   174 0.86 -
C0000000004_ptg000004l:113013-114467   -            485 22775at4891          -            264   1.8e-06   24.5   6.1   1   4     0.051       6.1    3.1   0.0   151   192    66   105    58   122 0.77 -
C0000000004_ptg000004l:113013-114467   -            485 22775at4891          -            264   1.8e-06   24.5   6.1   2   4     0.018       2.2    4.5   0.3    53   145   134   253   128   273 0.54 -
C0000000004_ptg000004l:113013-114467   -            485 22775at4891          -            264   1.8e-06   24.5   6.1   3   4   2.6e-06   0.00031   17.1   1.1    31   183   168   333   162   350 0.73 -
C0000000004_ptg000004l:113013-114467   -            485 22775at4891          -            264   1.8e-06   24.5   6.1   4   4      0.09        11    2.2   0.1    42    71   348   379   333   394 0.63 -
C0000000005_ptg000005l:784230-785345   -            372 22775at4891          -            264   2.2e-06   24.2   1.8   1   3   4.4e-07   5.2e-05   19.7   0.0    55   197   120   263    40   271 0.70 -
C0000000005_ptg000005l:784230-785345   -            372 22775at4891          -            264   2.2e-06   24.2   1.8   2   3      0.51        61   -0.2   0.0   157   182   285   311   268   328 0.72 -
C0000000005_ptg000005l:784230-785345   -            372 22775at4891          -            264   2.2e-06   24.2   1.8   3   3      0.44        53    0.0   0.2   233   262   339   371   330   372 0.66 -
C0000000013_ptg000013l:78600-80321     -            574 22775at4891          -            264   3.9e-06   23.4   1.5   1   2   5.4e-05    0.0066   12.8   1.0    98   188   273   365   236   378 0.77 -
C0000000013_ptg000013l:78600-80321     -            574 22775at4891          -            264   3.9e-06   23.4   1.5   2   2   2.1e-05    0.0026   14.1   1.4    27   173   272   441   271   453 0.57 -
C0000000005_ptg000005l:1329188-1330753 -            522 22775at4891          -            264   5.3e-06   23.0   0.0   1   2   0.00012     0.015   11.6   0.0    89   187   254   366   196   377 0.81 -
C0000000005_ptg000005l:1329188-1330753 -            522 22775at4891          -            264   5.3e-06   23.0   0.0   2   2    0.0016      0.19    8.0   0.0   161   204   396   444   388   476 0.71 -
C0000000010_ptg000010l:74467-75246     -            260 22775at4891          -            264   1.3e-05   21.7   1.0   1   4   5.4e-05    0.0065   12.8   0.1   126   189    12    74     5    86 0.86 -
C0000000010_ptg000010l:74467-75246     -            260 22775at4891          -            264   1.3e-05   21.7   1.0   2   4   0.00022     0.027   10.8   0.0   125   200    53   127    49   131 0.84 -
C0000000010_ptg000010l:74467-75246     -            260 22775at4891          -            264   1.3e-05   21.7   1.0   3   4      0.15        18    1.5   0.0   159   187   135   163   126   175 0.78 -
C0000000010_ptg000010l:74467-75246     -            260 22775at4891          -            264   1.3e-05   21.7   1.0   4   4       0.3        36    0.6   0.0   120   143   193   216   169   260 0.58 -
C0000000002_ptg000002l:208636-209430   -            265 22775at4891          -            264   3.7e-05   20.2   1.1   1   2   0.00021     0.025   10.9   0.4    33    73    48    87    27   192 0.68 -
C0000000002_ptg000002l:208636-209430   -            265 22775at4891          -            264   3.7e-05   20.2   1.1   2   2    0.0029      0.35    7.1   0.0    53    91   163   203   157   238 0.65 -
C0000000002_ptg000002l:201554-203944   -            797 22775at4891          -            264     4e-05   20.1   2.4   1   3       6.1   7.4e+02   -3.7   0.1   243   263   473   494   467   494 0.82 -
C0000000002_ptg000002l:201554-203944   -            797 22775at4891          -            264     4e-05   20.1   2.4   2   3    0.0067      0.81    6.0   0.1    92   186   549   640   523   653 0.84 -
C0000000002_ptg000002l:201554-203944   -            797 22775at4891          -            264     4e-05   20.1   2.4   3   3   3.6e-05    0.0044   13.4   0.0   127   197   666   736   656   747 0.91 -
C0000000005_ptg000005l:321518-322747   -            410 22775at4891          -            264   0.00018   18.0   0.0   1   2   0.00012     0.015   11.7   0.0   124   189   130   195   120   204 0.89 -
C0000000005_ptg000005l:321518-322747   -            410 22775at4891          -            264   0.00018   18.0   0.0   2   2      0.03       3.6    3.8   0.0    28    72   233   280   221   308 0.75 -
C0000000007_ptg000007l:426109-427647   -            513 22775at4891          -            264    0.0005   16.5   0.1   1   1   9.1e-06    0.0011   15.3   0.0    75   192    75   206    21   244 0.68 -
C0000000008_ptg000008l:192003-194357   -            785 22775at4891          -            264    0.0012   15.2   0.4   1   3       1.9   2.3e+02   -2.1   0.0   145   184    52    88    46    99 0.56 -
C0000000008_ptg000008l:192003-194357   -            785 22775at4891          -            264    0.0012   15.2   0.4   2   3    0.0035      0.42    6.9   0.1    41   118   103   182    64   252 0.71 -
C0000000008_ptg000008l:192003-194357   -            785 22775at4891          -            264    0.0012   15.2   0.4   3   3      0.11        13    2.0   0.0   107   162   650   711   612   735 0.72 -
#
# Program:         hmmsearch
# Version:         3.1b2 (February 2015)
# Pipeline mode:   SEARCH
# Query file:      /home/deepseq/tool/BUSCO_v5/saccharomycetes_odb10/hmms/22775at4891.hmm
# Target file:     /var/www/gvolante/request/project/202302230949-GVF6W5EPF13MH478/202302230949-GVF6W5EPF13MH478_busco/run_saccharomycetes_odb10/metaeuk_output/initial_results/SRR13577846.fa.ca.modified.fas
# Option settings: hmmsearch --domtblout /var/www/gvolante/request/project/202302230949-GVF6W5EPF13MH478/202302230949-GVF6W5EPF13MH478_busco/run_saccharomycetes_odb10/hmmer_output/initial_run_results/22775at4891.out --cpu 1 /home/deepseq/tool/BUSCO_v5/saccharomycetes_odb10/hmms/22775at4891.hmm /var/www/gvolante/request/project/202302230949-GVF6W5EPF13MH478/202302230949-GVF6W5EPF13MH478_busco/run_saccharomycetes_odb10/metaeuk_output/initial_results/SRR13577846.fa.ca.modified.fas 
# Current dir:     /var/www/gvolante/request/project/202302230949-GVF6W5EPF13MH478
# Date:            Thu Feb 23 09:51:05 2023
# [ok]
