#                                                                                            --- full sequence --- -------------- this domain -------------   hmm coord   ali coord   env coord
# target name                        accession   tlen query name           accession   qlen   E-value  score  bias   #  of  c-Evalue  i-Evalue  score  bias  from    to  from    to  from    to  acc description of target
#                ------------------- ---------- ----- -------------------- ---------- ----- --------- ------ ----- --- --- --------- --------- ------ ----- ----- ----- ----- ----- ----- ----- ---- ---------------------
C0000000013_ptg000013l:269621-271945 -            775 2307at4891           -            665         0 1362.6   1.1   1   1         0         0 1361.0   1.1     1   665    38   770    38   770 0.94 -
C0000000006_ptg000006l:694294-696660 -            789 2307at4891           -            665  5.4e-269  891.0   0.1   1   1  1.8e-270  1.2e-267  886.6   0.1    12   665    49   780    40   780 0.87 -
C0000000005_ptg000005l:592387-594444 -            686 2307at4891           -            665   1.9e-48  162.2   0.8   1   2   7.5e-47     5e-44  147.6   0.5    20   446    17   453    11   458 0.85 -
C0000000005_ptg000005l:592387-594444 -            686 2307at4891           -            665   1.9e-48  162.2   0.8   2   2   7.8e-06    0.0051   12.1   0.0   572   624   558   610   529   619 0.85 -
C0000000008_ptg000008l:624189-626453 -            755 2307at4891           -            665   9.1e-45  150.1   2.3   1   3   2.3e-28   1.5e-25   86.5   1.2   116   307   109   311    84   322 0.89 -
C0000000008_ptg000008l:624189-626453 -            755 2307at4891           -            665   9.1e-45  150.1   2.3   2   3   2.4e-12   1.6e-09   33.6   0.0   317   446   348   470   336   482 0.84 -
C0000000008_ptg000008l:624189-626453 -            755 2307at4891           -            665   9.1e-45  150.1   2.3   3   3   2.1e-10   1.4e-07   27.2   0.0   571   636   613   678   599   690 0.91 -
#
# Program:         hmmsearch
# Version:         3.1b2 (February 2015)
# Pipeline mode:   SEARCH
# Query file:      /home/deepseq/tool/BUSCO_v5/saccharomycetes_odb10/hmms/2307at4891.hmm
# Target file:     /var/www/gvolante/request/project/202302230949-GVF6W5EPF13MH478/202302230949-GVF6W5EPF13MH478_busco/run_saccharomycetes_odb10/metaeuk_output/initial_results/SRR13577846.fa.ca.modified.fas
# Option settings: hmmsearch --domtblout /var/www/gvolante/request/project/202302230949-GVF6W5EPF13MH478/202302230949-GVF6W5EPF13MH478_busco/run_saccharomycetes_odb10/hmmer_output/initial_run_results/2307at4891.out --cpu 1 /home/deepseq/tool/BUSCO_v5/saccharomycetes_odb10/hmms/2307at4891.hmm /var/www/gvolante/request/project/202302230949-GVF6W5EPF13MH478/202302230949-GVF6W5EPF13MH478_busco/run_saccharomycetes_odb10/metaeuk_output/initial_results/SRR13577846.fa.ca.modified.fas 
# Current dir:     /var/www/gvolante/request/project/202302230949-GVF6W5EPF13MH478
# Date:            Thu Feb 23 09:51:07 2023
# [ok]
