#                                                                                            --- full sequence --- -------------- this domain -------------   hmm coord   ali coord   env coord
# target name                        accession   tlen query name           accession   qlen   E-value  score  bias   #  of  c-Evalue  i-Evalue  score  bias  from    to  from    to  from    to  acc description of target
#                ------------------- ---------- ----- -------------------- ---------- ----- --------- ------ ----- --- --- --------- --------- ------ ----- ----- ----- ----- ----- ----- ----- ---- ---------------------
C0000000003_ptg000003l:230081-231370 -            430 23340at4891          -            223   2.1e-35  119.3  13.8   1   3   2.6e-10   4.1e-08   30.1   0.3     8    59    25    89     7    97 0.81 -
C0000000003_ptg000003l:230081-231370 -            430 23340at4891          -            223   2.1e-35  119.3  13.8   2   3   5.1e-24   7.9e-22   74.9   4.4    11   168    73   274    70   283 0.75 -
C0000000003_ptg000003l:230081-231370 -            430 23340at4891          -            223   2.1e-35  119.3  13.8   3   3   2.9e-05    0.0045   13.6   0.3   101   222   306   429   302   430 0.63 -
C0000000017_ptg000017l:164206-165084 -            293 23340at4891          -            223   3.1e-06   23.9   0.6   1   3     0.029       4.6    3.8   0.0    43    62    28    47    18    52 0.78 -
C0000000017_ptg000017l:164206-165084 -            293 23340at4891          -            223   3.1e-06   23.9   0.6   2   3   0.00058      0.09    9.3   0.0     5    38    75   112    73   122 0.81 -
C0000000017_ptg000017l:164206-165084 -            293 23340at4891          -            223   3.1e-06   23.9   0.6   3   3    0.0059      0.92    6.0   0.0    14    61   153   210   148   230 0.69 -
C0000000014_ptg000014l:156967-157878 -            304 23340at4891          -            223   4.2e-06   23.5   2.8   1   5      0.23        36    0.8   0.0    44    63     5    24     1    64 0.80 -
C0000000014_ptg000014l:156967-157878 -            304 23340at4891          -            223   4.2e-06   23.5   2.8   2   5     0.054       8.5    2.9   0.1   200   220    82   102    70   105 0.75 -
C0000000014_ptg000014l:156967-157878 -            304 23340at4891          -            223   4.2e-06   23.5   2.8   3   5    0.0023      0.36    7.4   0.0    14    37   131   154   115   170 0.83 -
C0000000014_ptg000014l:156967-157878 -            304 23340at4891          -            223   4.2e-06   23.5   2.8   4   5    0.0092       1.4    5.4   0.0    13    82   173   237   164   243 0.82 -
C0000000014_ptg000014l:156967-157878 -            304 23340at4891          -            223   4.2e-06   23.5   2.8   5   5     0.072        11    2.5   0.0    44    61   265   282   256   290 0.63 -
C0000000004_ptg000004l:379350-382178 -            943 23340at4891          -            223   5.9e-06   23.0   9.1   1   8       0.1        16    2.0   0.0   201   220    86   105    76   112 0.77 -
C0000000004_ptg000004l:379350-382178 -            943 23340at4891          -            223   5.9e-06   23.0   9.1   2   8     0.081        13    2.3   0.0    13    30   134   151   117   154 0.78 -
C0000000004_ptg000004l:379350-382178 -            943 23340at4891          -            223   5.9e-06   23.0   9.1   3   8   3.1e-06   0.00048   16.8   0.2     2    60   159   232   158   236 0.75 -
C0000000004_ptg000004l:379350-382178 -            943 23340at4891          -            223   5.9e-06   23.0   9.1   4   8       2.1   3.2e+02   -2.3   0.1   174   204   331   361   315   370 0.72 -
C0000000004_ptg000004l:379350-382178 -            943 23340at4891          -            223   5.9e-06   23.0   9.1   5   8       0.2        32    1.0   0.0     9    36   399   426   394   435 0.84 -
C0000000004_ptg000004l:379350-382178 -            943 23340at4891          -            223   5.9e-06   23.0   9.1   6   8         4   6.3e+02   -3.2   0.0    45    60   488   503   484   507 0.68 -
C0000000004_ptg000004l:379350-382178 -            943 23340at4891          -            223   5.9e-06   23.0   9.1   7   8       2.5     4e+02   -2.6   0.0    42    58   585   601   573   604 0.71 -
C0000000004_ptg000004l:379350-382178 -            943 23340at4891          -            223   5.9e-06   23.0   9.1   8   8       1.3     2e+02   -1.6   0.0    43    59   670   686   662   689 0.80 -
C0000000017_ptg000017l:275223-276446 -            408 23340at4891          -            223   1.9e-05   21.4   2.1   1   4    0.0021      0.33    7.5   0.0     5    47    45    91    42    96 0.79 -
C0000000017_ptg000017l:275223-276446 -            408 23340at4891          -            223   1.9e-05   21.4   2.1   2   4     0.087        14    2.2   0.5    31    61   143   174   111   183 0.65 -
C0000000017_ptg000017l:275223-276446 -            408 23340at4891          -            223   1.9e-05   21.4   2.1   3   4      0.38        60    0.1   0.0   198   221   237   260   220   262 0.79 -
C0000000017_ptg000017l:275223-276446 -            408 23340at4891          -            223   1.9e-05   21.4   2.1   4   4    0.0055      0.86    6.1   0.0    14    35   310   331   304   361 0.84 -
C0000000009_ptg000009l:290638-291492 -            285 23340at4891          -            223     8e-05   19.3   2.1   1   4       1.3     2e+02   -1.6   0.0    44    59    18    33    12    42 0.69 -
C0000000009_ptg000009l:290638-291492 -            285 23340at4891          -            223     8e-05   19.3   2.1   2   4     0.014       2.2    4.8   0.0    43    65    61    83    44    84 0.80 -
C0000000009_ptg000009l:290638-291492 -            285 23340at4891          -            223     8e-05   19.3   2.1   3   4    0.0053      0.83    6.2   0.2     2    36   109   147   108   186 0.71 -
C0000000009_ptg000009l:290638-291492 -            285 23340at4891          -            223     8e-05   19.3   2.1   4   4     0.012       1.9    5.0   0.0     1    51   210   266   210   282 0.68 -
C0000000007_ptg000007l:423728-425572 -            615 23340at4891          -            223   0.00013   18.7   2.2   1   5     0.002      0.31    7.6   0.0     9    33    75    99    71   115 0.79 -
C0000000007_ptg000007l:423728-425572 -            615 23340at4891          -            223   0.00013   18.7   2.2   2   5         1   1.6e+02   -1.3   0.0    45    62   267   284   262   296 0.67 -
C0000000007_ptg000007l:423728-425572 -            615 23340at4891          -            223   0.00013   18.7   2.2   3   5     0.034       5.3    3.5   0.1     3    31   336   366   334   400 0.78 -
C0000000007_ptg000007l:423728-425572 -            615 23340at4891          -            223   0.00013   18.7   2.2   4   5      0.48        74   -0.2   0.0   106   217   446   467   420   474 0.58 -
C0000000007_ptg000007l:423728-425572 -            615 23340at4891          -            223   0.00013   18.7   2.2   5   5      0.22        34    0.9   0.0    13    34   501   522   486   540 0.77 -
C0000000013_ptg000013l:113953-116400 -            816 23340at4891          -            223   0.00013   18.6   2.8   1   6      0.42        66   -0.0   0.0   203   222   111   130    94   131 0.80 -
C0000000013_ptg000013l:113953-116400 -            816 23340at4891          -            223   0.00013   18.6   2.8   2   6   0.00011     0.018   11.7   0.0    12    38   160   186   156   196 0.86 -
C0000000013_ptg000013l:113953-116400 -            816 23340at4891          -            223   0.00013   18.6   2.8   3   6         2     3e+02   -2.2   0.0    14    36   210   232   208   242 0.73 -
C0000000013_ptg000013l:113953-116400 -            816 23340at4891          -            223   0.00013   18.6   2.8   4   6      0.69   1.1e+02   -0.7   0.0    39    59   542   562   530   572 0.78 -
C0000000013_ptg000013l:113953-116400 -            816 23340at4891          -            223   0.00013   18.6   2.8   5   6      0.25        40    0.7   0.0     9    31   584   606   570   627 0.81 -
C0000000013_ptg000013l:113953-116400 -            816 23340at4891          -            223   0.00013   18.6   2.8   6   6         1   1.6e+02   -1.3   0.0    13    35   630   652   623   664 0.80 -
C0000000003_ptg000003l:672388-673722 -            445 23340at4891          -            223   0.00086   15.9   1.1   1   3      0.43        67   -0.0   0.0    19    33   153   167   145   206 0.46 -
C0000000003_ptg000003l:672388-673722 -            445 23340at4891          -            223   0.00086   15.9   1.1   2   3    0.0003     0.047   10.3   0.1    13    68   189   256   182   257 0.66 -
C0000000003_ptg000003l:672388-673722 -            445 23340at4891          -            223   0.00086   15.9   1.1   3   3      0.15        23    1.5   0.0    44    69   274   299   259   391 0.64 -
C0000000006_ptg000006l:551155-551790 -            212 23340at4891          -            223    0.0014   15.3   1.0   1   4    0.0084       1.3    5.5   0.0     5    47     1    48     1    60 0.73 -
C0000000006_ptg000006l:551155-551790 -            212 23340at4891          -            223    0.0014   15.3   1.0   2   4     0.057         9    2.8   0.0    36    60    70    94    49   103 0.67 -
C0000000006_ptg000006l:551155-551790 -            212 23340at4891          -            223    0.0014   15.3   1.0   3   4      0.04       6.2    3.3   0.0     1    31   101   135   101   143 0.81 -
C0000000006_ptg000006l:551155-551790 -            212 23340at4891          -            223    0.0014   15.3   1.0   4   4       0.7   1.1e+02   -0.7   0.0   143   155   143   155   135   211 0.57 -
C0000000005_ptg000005l:321518-322747 -            410 23340at4891          -            223    0.0022   14.6   0.2   1   3      0.16        24    1.4   0.0    43    62   131   150   124   154 0.82 -
C0000000005_ptg000005l:321518-322747 -            410 23340at4891          -            223    0.0022   14.6   0.2   2   3     0.056       8.7    2.9   0.0    45    67   263   285   235   326 0.81 -
C0000000005_ptg000005l:321518-322747 -            410 23340at4891          -            223    0.0022   14.6   0.2   3   3    0.0055      0.86    6.1   0.0    14    38   352   376   349   388 0.88 -
C0000000011_ptg000011l:380611-381618 -            336 23340at4891          -            223    0.0023   14.5   2.3   1   4      0.08        13    2.3   0.2    37    90    17    72     9    88 0.62 -
C0000000011_ptg000011l:380611-381618 -            336 23340at4891          -            223    0.0023   14.5   2.3   2   4       2.7   4.2e+02   -2.7   0.0   110   129   153   172   137   178 0.50 -
C0000000011_ptg000011l:380611-381618 -            336 23340at4891          -            223    0.0023   14.5   2.3   3   4       1.6   2.5e+02   -1.9   0.0    50    71   238   259   235   263 0.86 -
C0000000011_ptg000011l:380611-381618 -            336 23340at4891          -            223    0.0023   14.5   2.3   4   4   0.00034     0.053   10.1   0.0    13    54   263   306   255   319 0.78 -
C0000000011_ptg000011l:828275-829651 -            459 23340at4891          -            223    0.0035   14.0   0.9   1   4      0.15        23    1.4   0.0    14    58   117   171   113   174 0.63 -
C0000000011_ptg000011l:828275-829651 -            459 23340at4891          -            223    0.0035   14.0   0.9   2   4       2.4   3.7e+02   -2.5   0.0    44    61   221   238   207   245 0.67 -
C0000000011_ptg000011l:828275-829651 -            459 23340at4891          -            223    0.0035   14.0   0.9   3   4      0.06       9.4    2.7   0.0    17    39   305   327   289   355 0.73 -
C0000000011_ptg000011l:828275-829651 -            459 23340at4891          -            223    0.0035   14.0   0.9   4   4    0.0081       1.3    5.6   0.0    14    41   390   417   373   433 0.84 -
C0000000004_ptg000004l:113013-114467 -            485 23340at4891          -            223     0.005   13.4   0.6   1   4     0.027       4.2    3.9   0.0    11    34    79   102    74   120 0.87 -
C0000000004_ptg000004l:113013-114467 -            485 23340at4891          -            223     0.005   13.4   0.6   2   4       1.8   2.8e+02   -2.1   0.0    41    60   132   151   123   154 0.75 -
C0000000004_ptg000004l:113013-114467 -            485 23340at4891          -            223     0.005   13.4   0.6   3   4     0.018       2.8    4.5   0.0    12    42   232   262   224   270 0.86 -
C0000000004_ptg000004l:113013-114467 -            485 23340at4891          -            223     0.005   13.4   0.6   4   4      0.63        98   -0.6   0.0   199   219   353   373   318   379 0.69 -
C0000000009_ptg000009l:408673-410127 -            485 23340at4891          -            223    0.0056   13.3   0.0   1   3       0.1        16    2.0   0.0   154   220   110   172    96   175 0.85 -
C0000000009_ptg000009l:408673-410127 -            485 23340at4891          -            223    0.0056   13.3   0.0   2   3      0.53        83   -0.4   0.0    29    59   310   341   307   344 0.88 -
C0000000009_ptg000009l:408673-410127 -            485 23340at4891          -            223    0.0056   13.3   0.0   3   3    0.0033      0.52    6.8   0.0    14    36   370   392   366   421 0.77 -
C0000000010_ptg000010l:93758-94756   -            333 23340at4891          -            223     0.008   12.8   3.0   1   4     0.013         2    5.0   0.1    13    34    67    88    61   127 0.59 -
C0000000010_ptg000010l:93758-94756   -            333 23340at4891          -            223     0.008   12.8   3.0   2   4     0.035       5.5    3.5   0.1     4    48    94   143    91   157 0.66 -
C0000000010_ptg000010l:93758-94756   -            333 23340at4891          -            223     0.008   12.8   3.0   3   4       6.8   1.1e+03   -4.0   0.0    15    37   192   215   189   224 0.59 -
C0000000010_ptg000010l:93758-94756   -            333 23340at4891          -            223     0.008   12.8   3.0   4   4      0.03       4.7    3.7   0.1    13    33   275   295   257   332 0.76 -
C0000000002_ptg000002l:208636-209430 -            265 23340at4891          -            223     0.018   11.6   0.7   1   3     0.065        10    2.6   0.1    14    31    68    85    62   105 0.75 -
C0000000002_ptg000002l:208636-209430 -            265 23340at4891          -            223     0.018   11.6   0.7   2   3      0.15        23    1.5   0.1   135   164    79   108    74   122 0.76 -
C0000000002_ptg000002l:208636-209430 -            265 23340at4891          -            223     0.018   11.6   0.7   3   3    0.0075       1.2    5.7   0.0    13    31   163   181   157   201 0.79 -
#
# Program:         hmmsearch
# Version:         3.1b2 (February 2015)
# Pipeline mode:   SEARCH
# Query file:      /home/deepseq/tool/BUSCO_v5/saccharomycetes_odb10/hmms/23340at4891.hmm
# Target file:     /var/www/gvolante/request/project/202302230949-GVF6W5EPF13MH478/202302230949-GVF6W5EPF13MH478_busco/run_saccharomycetes_odb10/metaeuk_output/initial_results/SRR13577846.fa.ca.modified.fas
# Option settings: hmmsearch --domtblout /var/www/gvolante/request/project/202302230949-GVF6W5EPF13MH478/202302230949-GVF6W5EPF13MH478_busco/run_saccharomycetes_odb10/hmmer_output/initial_run_results/23340at4891.out --cpu 1 /home/deepseq/tool/BUSCO_v5/saccharomycetes_odb10/hmms/23340at4891.hmm /var/www/gvolante/request/project/202302230949-GVF6W5EPF13MH478/202302230949-GVF6W5EPF13MH478_busco/run_saccharomycetes_odb10/metaeuk_output/initial_results/SRR13577846.fa.ca.modified.fas 
# Current dir:     /var/www/gvolante/request/project/202302230949-GVF6W5EPF13MH478
# Date:            Thu Feb 23 09:51:05 2023
# [ok]
