#                                                                                              --- full sequence --- -------------- this domain -------------   hmm coord   ali coord   env coord
# target name                          accession   tlen query name           accession   qlen   E-value  score  bias   #  of  c-Evalue  i-Evalue  score  bias  from    to  from    to  from    to  acc description of target
#                  ------------------- ---------- ----- -------------------- ---------- ----- --------- ------ ----- --- --- --------- --------- ------ ----- ----- ----- ----- ----- ----- ----- ---- ---------------------
C0000000013_ptg000013l:468770-471571   -            934 2368at4891           -            707  1.4e-301  999.3  15.7   1   3  2.1e-282  9.2e-281  930.5   5.9     1   624    16   767    16   776 0.87 -
C0000000013_ptg000013l:468770-471571   -            934 2368at4891           -            707  1.4e-301  999.3  15.7   2   3   3.3e-21   1.5e-19   67.1   0.8   599   694   785   894   778   898 0.81 -
C0000000013_ptg000013l:468770-471571   -            934 2368at4891           -            707  1.4e-301  999.3  15.7   3   3     0.062       2.8    3.4   0.0   669   707   894   931   893   931 0.83 -
C0000000010_ptg000010l:112406-115159   -            918 2368at4891           -            707   8.5e-31  104.2   4.0   1   6   2.6e-08   1.2e-06   24.4   0.1   381   495    51   175    29   180 0.82 -
C0000000010_ptg000010l:112406-115159   -            918 2368at4891           -            707   8.5e-31  104.2   4.0   2   6      0.44        20    0.6   0.0   379   415   186   222   178   227 0.86 -
C0000000010_ptg000010l:112406-115159   -            918 2368at4891           -            707   8.5e-31  104.2   4.0   3   6   3.5e-12   1.5e-10   37.3   0.0   376   503   251   382   240   384 0.84 -
C0000000010_ptg000010l:112406-115159   -            918 2368at4891           -            707   8.5e-31  104.2   4.0   4   6   2.7e-12   1.2e-10   37.6   0.1   380   507   383   515   381   542 0.83 -
C0000000010_ptg000010l:112406-115159   -            918 2368at4891           -            707   8.5e-31  104.2   4.0   5   6      0.44        19    0.6   0.0   166   202   518   553   508   567 0.82 -
C0000000010_ptg000010l:112406-115159   -            918 2368at4891           -            707   8.5e-31  104.2   4.0   6   6       7.2   3.2e+02   -3.4   0.0   470   513   581   623   577   639 0.54 -
C0000000010_ptg000010l:93758-94756     -            333 2368at4891           -            707     3e-26   89.2  15.9   1   6   2.6e-07   1.1e-05   21.2   0.6   464   501     2    39     1    59 0.93 -
C0000000010_ptg000010l:93758-94756     -            333 2368at4891           -            707     3e-26   89.2  15.9   2   6      0.17       7.4    2.0   0.2   464   500    45    88    43    93 0.66 -
C0000000010_ptg000010l:93758-94756     -            333 2368at4891           -            707     3e-26   89.2  15.9   3   6   6.3e-05    0.0028   13.3   1.9   448   507    77   137    69   161 0.77 -
C0000000010_ptg000010l:93758-94756     -            333 2368at4891           -            707     3e-26   89.2  15.9   4   6   4.6e-13     2e-11   40.2   0.0   435   504   187   258   141   259 0.86 -
C0000000010_ptg000010l:93758-94756     -            333 2368at4891           -            707     3e-26   89.2  15.9   5   6   8.2e-06   0.00036   16.2   0.2   464   497   260   293   253   300 0.92 -
C0000000010_ptg000010l:93758-94756     -            333 2368at4891           -            707     3e-26   89.2  15.9   6   6     0.033       1.5    4.3   0.0   464   493   302   331   294   332 0.93 -
C0000000004_ptg000004l:379350-382178   -            943 2368at4891           -            707   3.3e-26   89.1  22.9   1   6   4.9e-09   2.2e-07   26.9   0.2   426   496    80   151    77   156 0.94 -
C0000000004_ptg000004l:379350-382178   -            943 2368at4891           -            707   3.3e-26   89.1  22.9   2   6   3.7e-06   0.00016   17.4   2.8   465   533   162   229   157   234 0.79 -
C0000000004_ptg000004l:379350-382178   -            943 2368at4891           -            707   3.3e-26   89.1  22.9   3   6     0.013       0.6    5.6   0.1   464   504   389   428   381   438 0.84 -
C0000000004_ptg000004l:379350-382178   -            943 2368at4891           -            707   3.3e-26   89.1  22.9   4   6   2.1e-13   9.1e-12   41.3   2.0   317   501   402   608   397   612 0.81 -
C0000000004_ptg000004l:379350-382178   -            943 2368at4891           -            707   3.3e-26   89.1  22.9   5   6     0.019      0.85    5.1   0.0   463   502   612   651   609   655 0.90 -
C0000000004_ptg000004l:379350-382178   -            943 2368at4891           -            707   3.3e-26   89.1  22.9   6   6    0.0028      0.12    7.9   0.2   464   494   655   685   649   688 0.91 -
C0000000014_ptg000014l:156967-157878   -            304 2368at4891           -            707   9.8e-24   80.9   4.5   1   3   1.6e-13   6.9e-12   41.7   0.1   396   496     3   106     1   111 0.87 -
C0000000014_ptg000014l:156967-157878   -            304 2368at4891           -            707   9.8e-24   80.9   4.5   2   3   3.1e-08   1.4e-06   24.2   0.0   378   496   112   238   105   246 0.79 -
C0000000014_ptg000014l:156967-157878   -            304 2368at4891           -            707   9.8e-24   80.9   4.5   3   3     1e-05   0.00045   15.9   0.3   464   498   249   283   244   288 0.93 -
C0000000010_ptg000010l:74467-75246     -            260 2368at4891           -            707   3.4e-23   79.1   4.5   1   4   7.9e-13   3.5e-11   39.4   0.2   437   506    10    80     3    91 0.84 -
C0000000010_ptg000010l:74467-75246     -            260 2368at4891           -            707   3.4e-23   79.1   4.5   2   4   1.4e-05   0.00062   15.5   0.0   469   502    84   118    77   121 0.86 -
C0000000010_ptg000010l:74467-75246     -            260 2368at4891           -            707   3.4e-23   79.1   4.5   3   4   2.7e-05    0.0012   14.5   0.1   464   496   129   161   126   165 0.94 -
C0000000010_ptg000010l:74467-75246     -            260 2368at4891           -            707   3.4e-23   79.1   4.5   4   4     0.011      0.48    5.9   0.0   460   499   179   218   174   235 0.91 -
C0000000013_ptg000013l:113953-116400   -            816 2368at4891           -            707   1.2e-22   77.3  13.5   1   7   0.00025     0.011   11.3   0.0   441   506    34   101    23   109 0.84 -
C0000000013_ptg000013l:113953-116400   -            816 2368at4891           -            707   1.2e-22   77.3  13.5   2   7   9.7e-06   0.00043   16.0   0.2   420   504    97   186    94   194 0.81 -
C0000000013_ptg000013l:113953-116400   -            816 2368at4891           -            707   1.2e-22   77.3  13.5   3   7   0.00095     0.042    9.4   0.1   360   436   166   251   165   281 0.75 -
C0000000013_ptg000013l:113953-116400   -            816 2368at4891           -            707   1.2e-22   77.3  13.5   4   7    0.0015     0.066    8.7   0.1   464   500   386   422   384   427 0.91 -
C0000000013_ptg000013l:113953-116400   -            816 2368at4891           -            707   1.2e-22   77.3  13.5   5   7       1.9        82   -1.5   0.0   463   499   431   472   427   485 0.67 -
C0000000013_ptg000013l:113953-116400   -            816 2368at4891           -            707   1.2e-22   77.3  13.5   6   7   6.4e-12   2.8e-10   36.4   0.3   382   502   489   611   475   614 0.91 -
C0000000013_ptg000013l:113953-116400   -            816 2368at4891           -            707   1.2e-22   77.3  13.5   7   7     0.007      0.31    6.5   0.2   464   495   615   646   611   655 0.90 -
C0000000002_ptg000002l:201554-203944   -            797 2368at4891           -            707   1.4e-22   77.1  10.9   1   5       1.5        68   -1.2   0.0   468   496   468   496   446   501 0.84 -
C0000000002_ptg000002l:201554-203944   -            797 2368at4891           -            707   1.4e-22   77.1  10.9   2   5   3.7e-08   1.7e-06   24.0   0.2   463   534   522   595   517   603 0.85 -
C0000000002_ptg000002l:201554-203944   -            797 2368at4891           -            707   1.4e-22   77.1  10.9   3   5   1.5e-07   6.7e-06   21.9   0.1   464   501   607   644   602   647 0.93 -
C0000000002_ptg000002l:201554-203944   -            797 2368at4891           -            707   1.4e-22   77.1  10.9   4   5   2.4e-07   1.1e-05   21.3   0.2   462   500   647   685   643   690 0.91 -
C0000000002_ptg000002l:201554-203944   -            797 2368at4891           -            707   1.4e-22   77.1  10.9   5   5   5.2e-05    0.0023   13.6   0.0   464   496   691   724   684   728 0.86 -
C0000000016_ptg000016l:181896-182717   -            274 2368at4891           -            707   1.1e-20   70.8  19.1   1   5   3.8e-10   1.7e-08   30.6   0.7   447   503     6    61     2    63 0.91 -
C0000000016_ptg000016l:181896-182717   -            274 2368at4891           -            707   1.1e-20   70.8  19.1   2   5     0.017      0.75    5.2   0.1   464   500    64    98    62   101 0.82 -
C0000000016_ptg000016l:181896-182717   -            274 2368at4891           -            707   1.1e-20   70.8  19.1   3   5   6.7e-06    0.0003   16.5   0.3   464   505   103   144   100   154 0.91 -
C0000000016_ptg000016l:181896-182717   -            274 2368at4891           -            707   1.1e-20   70.8  19.1   4   5   1.6e-05   0.00072   15.2   0.1   480   501   208   229   200   233 0.90 -
C0000000016_ptg000016l:181896-182717   -            274 2368at4891           -            707   1.1e-20   70.8  19.1   5   5   3.2e-05    0.0014   14.3   0.2   462   504   232   272   230   273 0.83 -
C0000000005_ptg000005l:1307495-1311091 -           1199 2368at4891           -            707   2.3e-19   66.5   4.9   1   4   1.7e-10   7.6e-09   31.7   0.0   385   494    12   123     1   134 0.86 -
C0000000005_ptg000005l:1307495-1311091 -           1199 2368at4891           -            707   2.3e-19   66.5   4.9   2   4   3.7e-06   0.00016   17.4   0.1   463   496   134   167   125   169 0.89 -
C0000000005_ptg000005l:1307495-1311091 -           1199 2368at4891           -            707   2.3e-19   66.5   4.9   3   4       2.1        94   -1.7   0.0   464   497   207   240   200   250 0.83 -
C0000000005_ptg000005l:1307495-1311091 -           1199 2368at4891           -            707   2.3e-19   66.5   4.9   4   4   3.6e-06   0.00016   17.4   0.4   463   496   250   283   212   292 0.87 -
C0000000003_ptg000003l:52077-53465     -            463 2368at4891           -            707   7.2e-19   64.8   8.3   1   2   2.7e-14   1.2e-12   44.2   0.7   344   501   176   341   136   365 0.81 -
C0000000003_ptg000003l:52077-53465     -            463 2368at4891           -            707   7.2e-19   64.8   8.3   2   2   1.3e-07   5.7e-06   22.2   1.4   398   493   362   463   343   463 0.80 -
C0000000003_ptg000003l:672388-673722   -            445 2368at4891           -            707   9.7e-19   64.4   1.8   1   3   8.5e-19   3.8e-17   59.1   0.5   331   504   122   298    93   311 0.89 -
C0000000003_ptg000003l:672388-673722   -            445 2368at4891           -            707   9.7e-19   64.4   1.8   2   3     0.042       1.8    4.0   0.0   361   424   320   383   296   397 0.63 -
C0000000003_ptg000003l:672388-673722   -            445 2368at4891           -            707   9.7e-19   64.4   1.8   3   3      0.06       2.6    3.4   0.0   163   204   344   383   329   428 0.68 -
C0000000011_ptg000011l:738372-739637   -            422 2368at4891           -            707   6.5e-18   61.6   1.2   1   4   5.2e-08   2.3e-06   23.5   0.1   462   529    88   158    39   175 0.80 -
C0000000011_ptg000011l:738372-739637   -            422 2368at4891           -            707   6.5e-18   61.6   1.2   2   4   0.00069      0.03    9.9   0.0   464   497   179   211   163   216 0.86 -
C0000000011_ptg000011l:738372-739637   -            422 2368at4891           -            707   6.5e-18   61.6   1.2   3   4     0.018       0.8    5.2   0.0   467   505   271   309   234   325 0.72 -
C0000000011_ptg000011l:738372-739637   -            422 2368at4891           -            707   6.5e-18   61.6   1.2   4   4   1.2e-06   5.2e-05   19.0   0.0   427   493   351   418   337   420 0.91 -
C0000000002_ptg000002l:236728-237624   -            299 2368at4891           -            707   1.8e-17   60.2   1.2   1   4   1.6e-10   7.2e-09   31.8   0.1   408   502    21   117     9   121 0.89 -
C0000000002_ptg000002l:236728-237624   -            299 2368at4891           -            707   1.8e-17   60.2   1.2   2   4    0.0073      0.32    6.5   0.0   465   503   122   161   117   165 0.77 -
C0000000002_ptg000002l:236728-237624   -            299 2368at4891           -            707   1.8e-17   60.2   1.2   3   4   3.8e-06   0.00017   17.3   0.0   469   505   177   213   173   221 0.88 -
C0000000002_ptg000002l:236728-237624   -            299 2368at4891           -            707   1.8e-17   60.2   1.2   4   4      0.78        35   -0.2   0.0   173   203   234   265   224   280 0.82 -
C0000000001_ptg000001l:154091-154987   -            299 2368at4891           -            707   2.7e-17   59.6  10.3   1   5     2e-08     9e-07   24.8   0.2   429   503    27    99     5   101 0.80 -
C0000000001_ptg000001l:154091-154987   -            299 2368at4891           -            707   2.7e-17   59.6  10.3   2   5    0.0014      0.06    8.9   0.0   464   497   102   137    99   142 0.85 -
C0000000001_ptg000001l:154091-154987   -            299 2368at4891           -            707   2.7e-17   59.6  10.3   3   5    0.0046       0.2    7.1   0.1   474   501   177   204   166   208 0.83 -
C0000000001_ptg000001l:154091-154987   -            299 2368at4891           -            707   2.7e-17   59.6  10.3   4   5   4.2e-08   1.8e-06   23.8   1.3   446   496   190   241   182   250 0.89 -
C0000000001_ptg000001l:154091-154987   -            299 2368at4891           -            707   2.7e-17   59.6  10.3   5   5     0.054       2.4    3.6   0.0   464   494   271   299   266   299 0.85 -
C0000000009_ptg000009l:290638-291492   -            285 2368at4891           -            707   4.5e-16   55.6  11.1   1   5   1.1e-05   0.00049   15.8   0.2   464   503     3    41     1    43 0.86 -
C0000000009_ptg000009l:290638-291492   -            285 2368at4891           -            707   4.5e-16   55.6  11.1   2   5    0.0011     0.051    9.1   0.0   464   498    44    80    41    85 0.85 -
C0000000009_ptg000009l:290638-291492   -            285 2368at4891           -            707   4.5e-16   55.6  11.1   3   5    0.0032      0.14    7.6   0.2   464   501   111   146   106   150 0.83 -
C0000000009_ptg000009l:290638-291492   -            285 2368at4891           -            707   4.5e-16   55.6  11.1   4   5   5.1e-08   2.3e-06   23.5   0.9   448   496   134   183   132   196 0.91 -
C0000000009_ptg000009l:290638-291492   -            285 2368at4891           -            707   4.5e-16   55.6  11.1   5   5    0.0017     0.075    8.6   0.0   478   498   225   245   209   284 0.81 -
C0000000017_ptg000017l:164206-165084   -            293 2368at4891           -            707   4.7e-16   55.5   3.8   1   3     0.029       1.3    4.5   0.0   464   496    12    45     6    51 0.83 -
C0000000017_ptg000017l:164206-165084   -            293 2368at4891           -            707   4.7e-16   55.5   3.8   2   3     2e-07     9e-06   21.5   0.1   465   509    75   117    67   137 0.89 -
C0000000017_ptg000017l:164206-165084   -            293 2368at4891           -            707   4.7e-16   55.5   3.8   3   3   1.7e-09   7.6e-08   28.4   0.9   441   532   155   244   137   249 0.77 -
C0000000006_ptg000006l:551155-551790   -            212 2368at4891           -            707     6e-16   55.1   4.4   1   2   1.4e-08   6.2e-07   25.4   0.1   465   520     1    55     1    66 0.80 -
C0000000006_ptg000006l:551155-551790   -            212 2368at4891           -            707     6e-16   55.1   4.4   2   2   2.1e-10   9.2e-09   31.4   0.7   441   499    80   137    71   170 0.89 -
C0000000005_ptg000005l:321518-322747   -            410 2368at4891           -            707   6.2e-16   55.1   0.8   1   4   0.00016    0.0069   12.0   0.0   457   495   107   147   103   154 0.89 -
C0000000005_ptg000005l:321518-322747   -            410 2368at4891           -            707   6.2e-16   55.1   0.8   2   4   2.5e-06   0.00011   17.9   0.0   464   500   159   195   150   211 0.88 -
C0000000005_ptg000005l:321518-322747   -            410 2368at4891           -            707   6.2e-16   55.1   0.8   3   4   0.00037     0.017   10.7   0.0   465   494   247   276   218   290 0.87 -
C0000000005_ptg000005l:321518-322747   -            410 2368at4891           -            707   6.2e-16   55.1   0.8   4   4    0.0012     0.053    9.1   0.0   471   506   343   378   330   396 0.88 -
C0000000017_ptg000017l:275223-276446   -            408 2368at4891           -            707   3.5e-14   49.3   4.6   1   3   2.9e-08   1.3e-06   24.3   2.5   381   497    43   174    40   184 0.76 -
C0000000017_ptg000017l:275223-276446   -            408 2368at4891           -            707   3.5e-14   49.3   4.6   2   3      0.23        10    1.5   0.0   160   193   229   262   209   276 0.85 -
C0000000017_ptg000017l:275223-276446   -            408 2368at4891           -            707   3.5e-14   49.3   4.6   3   3   5.3e-07   2.3e-05   20.1   0.0   463   498   291   328   287   334 0.91 -
C0000000011_ptg000011l:828275-829651   -            459 2368at4891           -            707   3.8e-14   49.2  10.8   1   5   0.00025     0.011   11.3   0.2   467   496   104   133    97   137 0.89 -
C0000000011_ptg000011l:828275-829651   -            459 2368at4891           -            707   3.8e-14   49.2  10.8   2   5     0.073       3.2    3.2   0.0   464   494   142   171   134   177 0.90 -
C0000000011_ptg000011l:828275-829651   -            459 2368at4891           -            707   3.8e-14   49.2  10.8   3   5    0.0098      0.43    6.0   0.0   245   282   196   235   182   250 0.75 -
C0000000011_ptg000011l:828275-829651   -            459 2368at4891           -            707   3.8e-14   49.2  10.8   4   5   5.4e-05    0.0024   13.5   0.7   479   505   301   327   283   357 0.77 -
C0000000011_ptg000011l:828275-829651   -            459 2368at4891           -            707   3.8e-14   49.2  10.8   5   5   1.8e-06   7.8e-05   18.4   0.1   462   530   371   440   337   449 0.79 -
C0000000008_ptg000008l:611274-611873   -            200 2368at4891           -            707   5.7e-13   45.3   3.9   1   3   4.3e-05    0.0019   13.8   0.0   465   498     3    36     1    38 0.94 -
C0000000008_ptg000008l:611274-611873   -            200 2368at4891           -            707   5.7e-13   45.3   3.9   2   3   3.6e-09   1.6e-07   27.3   0.5   463   504    43    84    40    86 0.94 -
C0000000008_ptg000008l:611274-611873   -            200 2368at4891           -            707   5.7e-13   45.3   3.9   3   3     0.038       1.7    4.1   0.1   351   414   121   186    91   191 0.79 -
C0000000014_ptg000014l:735866-737215   -            450 2368at4891           -            707   1.2e-12   44.3   1.6   1   2   1.1e-12   4.7e-11   39.0   0.4   354   505    90   243    71   278 0.84 -
C0000000014_ptg000014l:735866-737215   -            450 2368at4891           -            707   1.2e-12   44.3   1.6   2   2     0.029       1.3    4.5   0.0   464   493   333   362   261   366 0.85 -
C0000000007_ptg000007l:535847-536884   -            346 2368at4891           -            707   1.8e-11   40.3   1.2   1   3   6.9e-10     3e-08   29.7   0.0   425   520    10   108     1   118 0.86 -
C0000000007_ptg000007l:535847-536884   -            346 2368at4891           -            707   1.8e-11   40.3   1.2   2   3   0.00021    0.0091   11.6   0.1   345   462    96   233    94   253 0.71 -
C0000000007_ptg000007l:535847-536884   -            346 2368at4891           -            707   1.8e-11   40.3   1.2   3   3         2        88   -1.6   0.0   342   381   293   332   272   339 0.51 -
C0000000007_ptg000007l:472642-473127   -            162 2368at4891           -            707   3.2e-11   39.5   5.6   1   3      0.12       5.3    2.4   0.1   464   496    16    49     8    53 0.74 -
C0000000007_ptg000007l:472642-473127   -            162 2368at4891           -            707   3.2e-11   39.5   5.6   2   3   3.9e-08   1.7e-06   23.9   0.1   460   499    59    99    52   102 0.91 -
C0000000007_ptg000007l:472642-473127   -            162 2368at4891           -            707   3.2e-11   39.5   5.6   3   3   1.6e-05   0.00072   15.2   0.1   461   501   103   142    99   160 0.91 -
C0000000003_ptg000003l:737369-740404   -           1012 2368at4891           -            707     7e-11   38.4  10.0   1   5   9.1e-09     4e-07   26.0   0.0   449   499   161   212   158   216 0.86 -
C0000000003_ptg000003l:737369-740404   -           1012 2368at4891           -            707     7e-11   38.4  10.0   2   5    0.0032      0.14    7.6   0.3   464   495   219   250   213   254 0.92 -
C0000000003_ptg000003l:737369-740404   -           1012 2368at4891           -            707     7e-11   38.4  10.0   3   5       3.8   1.7e+02   -2.5   0.0   344   371   469   496   457   549 0.78 -
C0000000003_ptg000003l:737369-740404   -           1012 2368at4891           -            707     7e-11   38.4  10.0   4   5       1.1        50   -0.8   0.0   511   536   771   797   756   808 0.78 -
C0000000003_ptg000003l:737369-740404   -           1012 2368at4891           -            707     7e-11   38.4  10.0   5   5    0.0038      0.17    7.4   0.4   468   499   938   969   931  1012 0.72 -
C0000000008_ptg000008l:192003-194357   -            785 2368at4891           -            707   4.2e-10   35.8   9.4   1   7   9.8e-06   0.00043   16.0   0.1   464   535    57   131    46   137 0.80 -
C0000000008_ptg000008l:192003-194357   -            785 2368at4891           -            707   4.2e-10   35.8   9.4   2   7      0.92        41   -0.5   0.0   457   502   192   242   177   257 0.81 -
C0000000008_ptg000008l:192003-194357   -            785 2368at4891           -            707   4.2e-10   35.8   9.4   3   7         1        45   -0.6   0.7   463   501   278   316   275   354 0.71 -
C0000000008_ptg000008l:192003-194357   -            785 2368at4891           -            707   4.2e-10   35.8   9.4   4   7      0.01      0.45    6.0   0.0   464   492   383   411   375   415 0.91 -
C0000000008_ptg000008l:192003-194357   -            785 2368at4891           -            707   4.2e-10   35.8   9.4   5   7      0.34        15    0.9   0.0   462   485   554   577   550   585 0.86 -
C0000000008_ptg000008l:192003-194357   -            785 2368at4891           -            707   4.2e-10   35.8   9.4   6   7      0.01      0.46    6.0   0.0   465   494   605   634   601   637 0.91 -
C0000000008_ptg000008l:192003-194357   -            785 2368at4891           -            707   4.2e-10   35.8   9.4   7   7     0.024       1.1    4.7   0.0   382   429   699   750   665   763 0.84 -
C0000000002_ptg000002l:594852-597371   -            840 2368at4891           -            707   2.3e-09   33.4   7.5   1   5     0.037       1.6    4.1   0.0   468   496    19    47    10    54 0.89 -
C0000000002_ptg000002l:594852-597371   -            840 2368at4891           -            707   2.3e-09   33.4   7.5   2   5   0.00045      0.02   10.5   0.0   465   495    78   108    73   112 0.94 -
C0000000002_ptg000002l:594852-597371   -            840 2368at4891           -            707   2.3e-09   33.4   7.5   3   5   0.00049     0.022   10.3   0.7   461   523   132   197   126   198 0.81 -
C0000000002_ptg000002l:594852-597371   -            840 2368at4891           -            707   2.3e-09   33.4   7.5   4   5     0.005      0.22    7.0   0.1   378   416   173   211   166   224 0.91 -
C0000000002_ptg000002l:594852-597371   -            840 2368at4891           -            707   2.3e-09   33.4   7.5   5   5      0.06       2.6    3.4   0.1   467   492   357   382   319   390 0.82 -
C0000000008_ptg000008l:609668-610297   -            210 2368at4891           -            707   6.4e-08   28.6   3.4   1   3       2.9   1.3e+02   -2.1   0.1   251   277     2    29     1    36 0.77 -
C0000000008_ptg000008l:609668-610297   -            210 2368at4891           -            707   6.4e-08   28.6   3.4   2   3     0.048       2.1    3.8   0.0   381   415    46    80    42   104 0.81 -
C0000000008_ptg000008l:609668-610297   -            210 2368at4891           -            707   6.4e-08   28.6   3.4   3   3   1.9e-09   8.4e-08   28.2   0.5   366   495    73   208    64   210 0.87 -
C0000000013_ptg000013l:519519-521471   -            651 2368at4891           -            707   9.4e-08   28.1   0.4   1   2     0.022      0.97    4.9   0.0   464   496    79   112    70   117 0.89 -
C0000000013_ptg000013l:519519-521471   -            651 2368at4891           -            707   9.4e-08   28.1   0.4   2   2   4.1e-07   1.8e-05   20.5   0.1   429   496   144   212   135   256 0.89 -
C0000000011_ptg000011l:821901-823202   -            434 2368at4891           -            707   1.4e-07   27.5  12.2   1   4   7.6e-05    0.0034   13.0   0.8   439   501   203   272   160   277 0.74 -
C0000000011_ptg000011l:821901-823202   -            434 2368at4891           -            707   1.4e-07   27.5  12.2   2   4      0.61        27    0.1   0.1   469   499   282   310   275   316 0.77 -
C0000000011_ptg000011l:821901-823202   -            434 2368at4891           -            707   1.4e-07   27.5  12.2   3   4     0.049       2.2    3.7   0.0   479   496   353   370   346   375 0.90 -
C0000000011_ptg000011l:821901-823202   -            434 2368at4891           -            707   1.4e-07   27.5  12.2   4   4   1.5e-05   0.00065   15.4   0.2   470   501   403   432   386   434 0.81 -
C0000000012_ptg000012l:72001-73275     -            425 2368at4891           -            707   2.4e-07   26.7   0.5   1   2   1.1e-07     5e-06   22.3   0.0   430   496    31   102    15   105 0.84 -
C0000000012_ptg000012l:72001-73275     -            425 2368at4891           -            707   2.4e-07   26.7   0.5   2   2      0.18         8    1.9   0.1   170   233   175   241   136   276 0.59 -
C0000000004_ptg000004l:113013-114467   -            485 2368at4891           -            707   4.4e-07   25.8   4.7   1   3      0.02      0.89    5.0   0.1   359   422    85   159    71   172 0.78 -
C0000000004_ptg000004l:113013-114467   -            485 2368at4891           -            707   4.4e-07   25.8   4.7   2   3   0.00043     0.019   10.5   0.2   399   498   235   337   230   339 0.83 -
C0000000004_ptg000004l:113013-114467   -            485 2368at4891           -            707   4.4e-07   25.8   4.7   3   3    0.0035      0.15    7.5   0.1   461   493   340   375   335   379 0.82 -
C0000000005_ptg000005l:408903-411158   -            752 2368at4891           -            707   5.1e-07   25.6   2.2   1   3    0.0011     0.049    9.2   0.0   359   493    45   189    41   199 0.79 -
C0000000005_ptg000005l:408903-411158   -            752 2368at4891           -            707   5.1e-07   25.6   2.2   2   3   1.8e-05   0.00078   15.1   0.1   360   419   232   291   226   316 0.88 -
C0000000005_ptg000005l:408903-411158   -            752 2368at4891           -            707   5.1e-07   25.6   2.2   3   3       5.1   2.2e+02   -2.9   0.1   103   230   540   567   514   578 0.49 -
C0000000007_ptg000007l:345809-348142   -            778 2368at4891           -            707   6.2e-07   25.4   1.3   1   2   9.5e-06   0.00042   16.0   0.1   464   499   406   441   402   450 0.93 -
C0000000007_ptg000007l:345809-348142   -            778 2368at4891           -            707   6.2e-07   25.4   1.3   2   2     0.002     0.087    8.3   0.1   362   493   629   776   540   778 0.76 -
C0000000007_ptg000007l:423728-425572   -            615 2368at4891           -            707   8.5e-07   24.9   1.3   1   5       3.3   1.5e+02   -2.3   0.0   469   499   209   240   201   246 0.83 -
C0000000007_ptg000007l:423728-425572   -            615 2368at4891           -            707   8.5e-07   24.9   1.3   2   5    0.0021     0.094    8.2   0.3   481   503   267   289   253   298 0.82 -
C0000000007_ptg000007l:423728-425572   -            615 2368at4891           -            707   8.5e-07   24.9   1.3   3   5     0.049       2.2    3.7   0.0   393   423   306   336   288   349 0.74 -
C0000000007_ptg000007l:423728-425572   -            615 2368at4891           -            707   8.5e-07   24.9   1.3   4   5      0.25        11    1.4   0.0   348   388   494   535   450   542 0.77 -
C0000000007_ptg000007l:423728-425572   -            615 2368at4891           -            707   8.5e-07   24.9   1.3   5   5     0.016       0.7    5.3   0.0   178   233   555   610   548   613 0.74 -
C0000000017_ptg000017l:268705-269682   -            326 2368at4891           -            707   1.1e-06   24.5   0.7   1   3   3.6e-07   1.6e-05   20.7   0.1   386   496    26   140     2   148 0.83 -
C0000000017_ptg000017l:268705-269682   -            326 2368at4891           -            707   1.1e-06   24.5   0.7   2   3       1.3        56   -0.9   0.0   470   495   202   227   197   234 0.63 -
C0000000017_ptg000017l:268705-269682   -            326 2368at4891           -            707   1.1e-06   24.5   0.7   3   3      0.46        20    0.5   0.0   473   494   254   275   250   281 0.90 -
C0000000008_ptg000008l:850268-852322   -            685 2368at4891           -            707   1.9e-06   23.7   0.1   1   2   1.8e-07   7.9e-06   21.7   0.0   400   497    14   116    10   125 0.86 -
C0000000008_ptg000008l:850268-852322   -            685 2368at4891           -            707   1.9e-06   23.7   0.1   2   2       1.3        58   -1.0   0.0   398   439   300   339   272   347 0.74 -
C0000000009_ptg000009l:374554-375648   -            365 2368at4891           -            707   2.3e-06   23.5   0.3   1   3    0.0032      0.14    7.7   0.1   467   498    37    69    28    74 0.88 -
C0000000009_ptg000009l:374554-375648   -            365 2368at4891           -            707   2.3e-06   23.5   0.3   2   3   5.6e-05    0.0025   13.4   0.8   402   541    55   202    54   211 0.80 -
C0000000009_ptg000009l:374554-375648   -            365 2368at4891           -            707   2.3e-06   23.5   0.3   3   3       0.2       8.9    1.7   0.0   392   444   277   330   270   334 0.81 -
C0000000003_ptg000003l:856309-857265   -            319 2368at4891           -            707   1.2e-05   21.1   1.6   1   2   0.00024     0.011   11.4   0.7   461   498    35    73    32    82 0.86 -
C0000000003_ptg000003l:856309-857265   -            319 2368at4891           -            707   1.2e-05   21.1   1.6   2   2    0.0056      0.25    6.9   0.0   439   497   162   223   157   229 0.82 -
C0000000002_ptg000002l:370765-372369   -            535 2368at4891           -            707   1.3e-05   20.9   9.2   1   2   8.2e-05    0.0036   12.9   3.5   345   498   223   391   220   398 0.73 -
C0000000002_ptg000002l:370765-372369   -            535 2368at4891           -            707   1.3e-05   20.9   9.2   2   2    0.0081      0.36    6.3   0.2   464   508   399   447   396   466 0.66 -
C0000000014_ptg000014l:606876-607679   -            268 2368at4891           -            707   1.9e-05   20.4   1.7   1   2      0.39        17    0.7   0.1   446   494    71   123    13   132 0.65 -
C0000000014_ptg000014l:606876-607679   -            268 2368at4891           -            707   1.9e-05   20.4   1.7   2   2   1.5e-06   6.6e-05   18.7   0.4   340   456   142   261   121   267 0.79 -
C0000000008_ptg000008l:811332-812174   -            281 2368at4891           -            707     2e-05   20.3   0.3   1   3      0.14       6.1    2.2   0.0   164   204    23    62    18    77 0.80 -
C0000000008_ptg000008l:811332-812174   -            281 2368at4891           -            707     2e-05   20.3   0.3   2   3    0.0019     0.084    8.4   0.1   437   497    75   137    42   140 0.70 -
C0000000008_ptg000008l:811332-812174   -            281 2368at4891           -            707     2e-05   20.3   0.3   3   3    0.0046       0.2    7.1   0.0   186   238   225   279   212   281 0.83 -
C0000000007_ptg000007l:63625-65004     -            460 2368at4891           -            707     3e-05   19.8   0.2   1   4      0.27        12    1.3   0.0   418   482    63   132    21   138 0.76 -
C0000000007_ptg000007l:63625-65004     -            460 2368at4891           -            707     3e-05   19.8   0.2   2   4   0.00046      0.02   10.4   0.1   468   501   147   180   143   184 0.90 -
C0000000007_ptg000007l:63625-65004     -            460 2368at4891           -            707     3e-05   19.8   0.2   3   4     0.052       2.3    3.7   0.0   383   430   186   235   183   246 0.79 -
C0000000007_ptg000007l:63625-65004     -            460 2368at4891           -            707     3e-05   19.8   0.2   4   4       4.5     2e+02   -2.8   0.0   448   488   353   395   343   404 0.72 -
C0000000007_ptg000007l:426109-427647   -            513 2368at4891           -            707   6.9e-05   18.6   0.0   1   2     0.014       0.6    5.6   0.1   162   229    80   147    38   162 0.74 -
C0000000007_ptg000007l:426109-427647   -            513 2368at4891           -            707   6.9e-05   18.6   0.0   2   2   0.00047     0.021   10.4   0.0   399   494   184   285   176   289 0.83 -
C0000000008_ptg000008l:1017853-1019040 -            396 2368at4891           -            707   0.00013   17.7   1.5   1   4      0.46        20    0.5   0.1   392   414    22    44    13    89 0.70 -
C0000000008_ptg000008l:1017853-1019040 -            396 2368at4891           -            707   0.00013   17.7   1.5   2   4       3.3   1.5e+02   -2.3   0.0   179   199    84   104    58   108 0.72 -
C0000000008_ptg000008l:1017853-1019040 -            396 2368at4891           -            707   0.00013   17.7   1.5   3   4         1        44   -0.6   0.0   508   527   236   255   197   268 0.79 -
C0000000008_ptg000008l:1017853-1019040 -            396 2368at4891           -            707   0.00013   17.7   1.5   4   4   3.7e-05    0.0016   14.1   0.1   459   513   284   338   273   352 0.85 -
C0000000003_ptg000003l:135792-137510   -            573 2368at4891           -            707   0.00023   16.8   0.0   1   3    0.0071      0.32    6.5   0.0   464   494   234   264   231   269 0.94 -
C0000000003_ptg000003l:135792-137510   -            573 2368at4891           -            707   0.00023   16.8   0.0   2   3      0.04       1.8    4.0   0.0   152   222   269   338   265   349 0.84 -
C0000000003_ptg000003l:135792-137510   -            573 2368at4891           -            707   0.00023   16.8   0.0   3   3      0.13       5.7    2.3   0.0   177   209   411   443   401   452 0.86 -
C0000000009_ptg000009l:325431-327065   -            545 2368at4891           -            707   0.00036   16.2   0.0   1   2   0.00024     0.011   11.4   0.0   401   534   119   252   113   256 0.84 -
C0000000009_ptg000009l:325431-327065   -            545 2368at4891           -            707   0.00036   16.2   0.0   2   2      0.11       4.8    2.6   0.0   468   503   268   303   254   334 0.63 -
C0000000008_ptg000008l:313239-315359   -            707 2368at4891           -            707   0.00084   15.0   0.0   1   3    0.0025      0.11    8.0   0.0   359   429   155   225   133   231 0.92 -
C0000000008_ptg000008l:313239-315359   -            707 2368at4891           -            707   0.00084   15.0   0.0   2   3     0.024         1    4.8   0.0   164   197   229   261   223   293 0.77 -
C0000000008_ptg000008l:313239-315359   -            707 2368at4891           -            707   0.00084   15.0   0.0   3   3       4.5     2e+02   -2.8   0.0   167   215   604   652   598   656 0.86 -
C0000000002_ptg000002l:46657-49257     -            867 2368at4891           -            707     0.001   14.8   0.4   1   2     0.056       2.5    3.5   0.0   463   506     6    49     1    67 0.87 -
C0000000002_ptg000002l:46657-49257     -            867 2368at4891           -            707     0.001   14.8   0.4   2   2    0.0044      0.19    7.2   0.0   168   208   278   318   261   336 0.82 -
C0000000005_ptg000005l:812839-816264   -           1142 2368at4891           -            707    0.0012   14.5   0.4   1   1    0.0001    0.0046   12.6   0.4   358   497    81   229    78   244 0.68 -
C0000000014_ptg000014l:208254-209417   -            388 2368at4891           -            707    0.0014   14.3   0.5   1   2   0.00011    0.0051   12.4   0.3   358   508    29   190    25   203 0.85 -
C0000000014_ptg000014l:208254-209417   -            388 2368at4891           -            707    0.0014   14.3   0.5   2   2       1.2        52   -0.8   0.0   397   415   305   323   291   327 0.82 -
C0000000007_ptg000007l:443065-443637   -            191 2368at4891           -            707    0.0015   14.2   1.9   1   3     0.084       3.7    3.0   0.3   467   493     9    34     5    37 0.75 -
C0000000007_ptg000007l:443065-443637   -            191 2368at4891           -            707    0.0015   14.2   1.9   2   3   0.00089     0.039    9.5   0.0   461   551    43   141    37   159 0.63 -
C0000000007_ptg000007l:443065-443637   -            191 2368at4891           -            707    0.0015   14.2   1.9   3   3      0.77        34   -0.2   0.0   174   495   169   188   140   191 0.53 -
C0000000017_ptg000017l:458260-458820   -            187 2368at4891           -            707    0.0025   13.5   1.0   1   3      0.89        39   -0.4   0.1   473   493     9    28     1    31 0.77 -
C0000000017_ptg000017l:458260-458820   -            187 2368at4891           -            707    0.0025   13.5   1.0   2   3   0.00052     0.023   10.2   0.1   463   517    39    96    31   138 0.71 -
C0000000017_ptg000017l:458260-458820   -            187 2368at4891           -            707    0.0025   13.5   1.0   3   3      0.45        20    0.6   0.0   172   196   162   186   148   187 0.82 -
C0000000006_ptg000006l:445926-447674   -            583 2368at4891           -            707    0.0071   11.9   0.8   1   2     0.003      0.13    7.7   0.3   198   289   229   323   221   367 0.62 -
C0000000006_ptg000006l:445926-447674   -            583 2368at4891           -            707    0.0071   11.9   0.8   2   2      0.14         6    2.3   0.0   467   533   505   578   497   582 0.67 -
C0000000005_ptg000005l:1002954-1003748 -            265 2368at4891           -            707    0.0072   11.9   0.1   1   1   0.00032     0.014   11.0   0.1   396   495    15   124     1   131 0.78 -
C0000000007_ptg000007l:511519-513051   -            511 2368at4891           -            707     0.011   11.3   0.1   1   2      0.33        15    1.0   0.0   176   198   225   248   208   254 0.75 -
C0000000007_ptg000007l:511519-513051   -            511 2368at4891           -            707     0.011   11.3   0.1   2   2    0.0062      0.27    6.7   0.1   400   496   338   448   312   452 0.66 -
C0000000016_ptg000016l:66613-67905     -            431 2368at4891           -            707     0.018   10.6   0.1   1   2     0.027       1.2    4.6   0.0   481   499   221   239   200   250 0.86 -
C0000000016_ptg000016l:66613-67905     -            431 2368at4891           -            707     0.018   10.6   0.1   2   2     0.057       2.5    3.5   0.0   431   477   317   363   275   389 0.63 -
C0000000005_ptg000005l:522101-523066   -            322 2368at4891           -            707      0.03    9.9   9.9   1   4     0.098       4.3    2.7   0.2   446   493    42    82    12    86 0.79 -
C0000000005_ptg000005l:522101-523066   -            322 2368at4891           -            707      0.03    9.9   9.9   2   4    0.0012     0.054    9.0   0.0   464   495   102   133    97   148 0.88 -
C0000000005_ptg000005l:522101-523066   -            322 2368at4891           -            707      0.03    9.9   9.9   3   4      0.26        12    1.3   0.1   465   493   149   177   137   181 0.90 -
C0000000005_ptg000005l:522101-523066   -            322 2368at4891           -            707      0.03    9.9   9.9   4   4       2.2        99   -1.8   0.0   208   228   296   316   256   321 0.58 -
C0000000014_ptg000014l:480272-481933   -            554 2368at4891           -            707     0.038    9.5   4.5   1   4       1.2        55   -0.9   0.3   319   377     6    66     2    72 0.75 -
C0000000014_ptg000014l:480272-481933   -            554 2368at4891           -            707     0.038    9.5   4.5   2   4    0.0018     0.078    8.5   0.1   460   494   133   167   121   216 0.87 -
C0000000014_ptg000014l:480272-481933   -            554 2368at4891           -            707     0.038    9.5   4.5   3   4       2.5   1.1e+02   -1.9   0.0   481   496   212   227   167   231 0.80 -
C0000000014_ptg000014l:480272-481933   -            554 2368at4891           -            707     0.038    9.5   4.5   4   4      0.72        32   -0.1   0.0   343   379   345   381   318   408 0.63 -
#
# Program:         hmmsearch
# Version:         3.1b2 (February 2015)
# Pipeline mode:   SEARCH
# Query file:      /home/deepseq/tool/BUSCO_v5/saccharomycetes_odb10/hmms/2368at4891.hmm
# Target file:     /var/www/gvolante/request/project/202302230949-GVF6W5EPF13MH478/202302230949-GVF6W5EPF13MH478_busco/run_saccharomycetes_odb10/metaeuk_output/initial_results/SRR13577846.fa.ca.modified.fas
# Option settings: hmmsearch --domtblout /var/www/gvolante/request/project/202302230949-GVF6W5EPF13MH478/202302230949-GVF6W5EPF13MH478_busco/run_saccharomycetes_odb10/hmmer_output/initial_run_results/2368at4891.out --cpu 1 /home/deepseq/tool/BUSCO_v5/saccharomycetes_odb10/hmms/2368at4891.hmm /var/www/gvolante/request/project/202302230949-GVF6W5EPF13MH478/202302230949-GVF6W5EPF13MH478_busco/run_saccharomycetes_odb10/metaeuk_output/initial_results/SRR13577846.fa.ca.modified.fas 
# Current dir:     /var/www/gvolante/request/project/202302230949-GVF6W5EPF13MH478
# Date:            Thu Feb 23 09:51:08 2023
# [ok]
