#                                                                                            --- full sequence --- -------------- this domain -------------   hmm coord   ali coord   env coord
# target name                        accession   tlen query name           accession   qlen   E-value  score  bias   #  of  c-Evalue  i-Evalue  score  bias  from    to  from    to  from    to  acc description of target
#                ------------------- ---------- ----- -------------------- ---------- ----- --------- ------ ----- --- --- --------- --------- ------ ----- ----- ----- ----- ----- ----- ----- ---- ---------------------
C0000000003_ptg000003l:647481-648527 -            349 24998at4891          -            204   3.1e-48  161.6  31.5   1   4   6.5e-32   2.5e-29   99.9   3.1     4    63    17    76    14    82 0.92 -
C0000000003_ptg000003l:647481-648527 -            349 24998at4891          -            204   3.1e-48  161.6  31.5   2   4   6.9e-17   2.6e-14   50.9   2.6    57   127    88   173    84   213 0.60 -
C0000000003_ptg000003l:647481-648527 -            349 24998at4891          -            204   3.1e-48  161.6  31.5   3   4   7.1e-07   0.00027   18.2   9.3   151   196   279   324   216   333 0.68 -
C0000000003_ptg000003l:647481-648527 -            349 24998at4891          -            204   3.1e-48  161.6  31.5   4   4      0.99   3.8e+02   -1.9   0.0   183   203   325   345   322   346 0.75 -
C0000000015_ptg000015l:284545-285387 -            281 24998at4891          -            204   3.8e-07   27.5   6.8   1   2      0.42   1.6e+02   -0.7   0.2    92   129    11    48     5   106 0.62 -
C0000000015_ptg000015l:284545-285387 -            281 24998at4891          -            204   3.8e-07   27.5   6.8   2   2     1e-09   3.8e-07   27.5   6.8     5    60   219   273   214   280 0.82 -
C0000000011_ptg000011l:447079-447657 -            193 24998at4891          -            204   2.1e-06   25.1   5.1   1   2     0.057        22    2.1   0.5    86   132    52    97    43   125 0.59 -
C0000000011_ptg000011l:447079-447657 -            193 24998at4891          -            204   2.1e-06   25.1   5.1   2   2   5.5e-09   2.1e-06   25.1   5.1     4    44   141   183   138   193 0.82 -
C0000000014_ptg000014l:335576-336565 -            330 24998at4891          -            204   1.3e-05   22.5   5.3   1   3      0.14        54    0.9   0.7    88   133    43    88    26   157 0.68 -
C0000000014_ptg000014l:335576-336565 -            330 24998at4891          -            204   1.3e-05   22.5   5.3   2   3       1.5   5.8e+02   -2.5   0.0   134   134   151   151   122   195 0.54 -
C0000000014_ptg000014l:335576-336565 -            330 24998at4891          -            204   1.3e-05   22.5   5.3   3   3   3.4e-08   1.3e-05   22.5   5.3     6    58   278   329   273   330 0.85 -
C0000000006_ptg000006l:100199-102382 -            728 24998at4891          -            204    0.0015   15.7   3.4   1   1     1e-05    0.0039   14.4   3.4     6    38   234   266   230   285 0.84 -
C0000000007_ptg000007l:386191-388098 -            636 24998at4891          -            204    0.0018   15.4  18.5   1   3   0.00019     0.071   10.2   3.2    18    62   229   273   215   320 0.73 -
C0000000007_ptg000007l:386191-388098 -            636 24998at4891          -            204    0.0018   15.4  18.5   2   3   4.2e-05     0.016   12.4   4.6    15    72   390   443   385   535 0.86 -
C0000000007_ptg000007l:386191-388098 -            636 24998at4891          -            204    0.0018   15.4  18.5   3   3      0.71   2.7e+02   -1.4   0.1    95   148   526   579   504   591 0.70 -
C0000000017_ptg000017l:312963-313634 -            224 24998at4891          -            204      0.13    9.4   8.6   1   2     0.026        10    3.2   1.9    90   159    22    91    14   112 0.74 -
C0000000017_ptg000017l:312963-313634 -            224 24998at4891          -            204      0.13    9.4   8.6   2   2   0.00018     0.068   10.3   0.6    95   141   141   187   128   219 0.82 -
#
# Program:         hmmsearch
# Version:         3.1b2 (February 2015)
# Pipeline mode:   SEARCH
# Query file:      /home/deepseq/tool/BUSCO_v5/saccharomycetes_odb10/hmms/24998at4891.hmm
# Target file:     /var/www/gvolante/request/project/202302230949-GVF6W5EPF13MH478/202302230949-GVF6W5EPF13MH478_busco/run_saccharomycetes_odb10/metaeuk_output/initial_results/SRR13577846.fa.ca.modified.fas
# Option settings: hmmsearch --domtblout /var/www/gvolante/request/project/202302230949-GVF6W5EPF13MH478/202302230949-GVF6W5EPF13MH478_busco/run_saccharomycetes_odb10/hmmer_output/initial_run_results/24998at4891.out --cpu 1 /home/deepseq/tool/BUSCO_v5/saccharomycetes_odb10/hmms/24998at4891.hmm /var/www/gvolante/request/project/202302230949-GVF6W5EPF13MH478/202302230949-GVF6W5EPF13MH478_busco/run_saccharomycetes_odb10/metaeuk_output/initial_results/SRR13577846.fa.ca.modified.fas 
# Current dir:     /var/www/gvolante/request/project/202302230949-GVF6W5EPF13MH478
# Date:            Thu Feb 23 09:51:09 2023
# [ok]
