#                                                                                            --- full sequence --- -------------- this domain -------------   hmm coord   ali coord   env coord
# target name                        accession   tlen query name           accession   qlen   E-value  score  bias   #  of  c-Evalue  i-Evalue  score  bias  from    to  from    to  from    to  acc description of target
#                ------------------- ---------- ----- -------------------- ---------- ----- --------- ------ ----- --- --- --------- --------- ------ ----- ----- ----- ----- ----- ----- ----- ---- ---------------------
C0000000010_ptg000010l:130259-134455 -           1399 2548at4891           -            788  4.9e-245  812.8  41.2   1   8   1.4e-08   3.8e-05   19.5   2.5     1    39    29    71    29   166 0.83 -
C0000000010_ptg000010l:130259-134455 -           1399 2548at4891           -            788  4.9e-245  812.8  41.2   2   8   6.9e-20   1.8e-16   56.9   0.1    74   141   170   252   153   254 0.86 -
C0000000010_ptg000010l:130259-134455 -           1399 2548at4891           -            788  4.9e-245  812.8  41.2   3   8   3.4e-07    0.0009   14.9   0.0   134   162   360   388   350   395 0.81 -
C0000000010_ptg000010l:130259-134455 -           1399 2548at4891           -            788  4.9e-245  812.8  41.2   4   8  1.1e-119  2.8e-116  387.0   0.1   161   391   448   703   397   712 0.91 -
C0000000010_ptg000010l:130259-134455 -           1399 2548at4891           -            788  4.9e-245  812.8  41.2   5   8   3.4e-28     9e-25   84.4   0.3   397   444   733   780   723   794 0.93 -
C0000000010_ptg000010l:130259-134455 -           1399 2548at4891           -            788  4.9e-245  812.8  41.2   6   8   5.7e-70   1.5e-66  222.5   6.6   458   661   831  1070   800  1089 0.81 -
C0000000010_ptg000010l:130259-134455 -           1399 2548at4891           -            788  4.9e-245  812.8  41.2   7   8   4.7e-06     0.012   11.1   0.0   663   729  1106  1179  1079  1185 0.82 -
C0000000010_ptg000010l:130259-134455 -           1399 2548at4891           -            788  4.9e-245  812.8  41.2   8   8   4.2e-11   1.1e-07   27.8   0.2   708   785  1202  1289  1181  1301 0.81 -
#
# Program:         hmmsearch
# Version:         3.1b2 (February 2015)
# Pipeline mode:   SEARCH
# Query file:      /home/deepseq/tool/BUSCO_v5/saccharomycetes_odb10/hmms/2548at4891.hmm
# Target file:     /var/www/gvolante/request/project/202302230949-GVF6W5EPF13MH478/202302230949-GVF6W5EPF13MH478_busco/run_saccharomycetes_odb10/metaeuk_output/initial_results/SRR13577846.fa.ca.modified.fas
# Option settings: hmmsearch --domtblout /var/www/gvolante/request/project/202302230949-GVF6W5EPF13MH478/202302230949-GVF6W5EPF13MH478_busco/run_saccharomycetes_odb10/hmmer_output/initial_run_results/2548at4891.out --cpu 1 /home/deepseq/tool/BUSCO_v5/saccharomycetes_odb10/hmms/2548at4891.hmm /var/www/gvolante/request/project/202302230949-GVF6W5EPF13MH478/202302230949-GVF6W5EPF13MH478_busco/run_saccharomycetes_odb10/metaeuk_output/initial_results/SRR13577846.fa.ca.modified.fas 
# Current dir:     /var/www/gvolante/request/project/202302230949-GVF6W5EPF13MH478
# Date:            Thu Feb 23 09:51:06 2023
# [ok]
