#                                                                                            --- full sequence --- -------------- this domain -------------   hmm coord   ali coord   env coord
# target name                        accession   tlen query name           accession   qlen   E-value  score  bias   #  of  c-Evalue  i-Evalue  score  bias  from    to  from    to  from    to  acc description of target
#                ------------------- ---------- ----- -------------------- ---------- ----- --------- ------ ----- --- --- --------- --------- ------ ----- ----- ----- ----- ----- ----- ----- ---- ---------------------
C0000000008_ptg000008l:181474-182382 -            303 25783at4891          -            234  1.3e-107  355.9   0.7   1   1    5e-110  1.9e-107  355.4   0.4     3   230    66   303    63   303 0.92 -
C0000000007_ptg000007l:557297-562264 -           1656 25783at4891          -            234   0.00048   17.0   0.1   1   1   2.4e-06   0.00091   16.1   0.1   145   206  1190  1255  1127  1276 0.72 -
C0000000005_ptg000005l:516914-519919 -           1002 25783at4891          -            234    0.0022   14.9   0.2   1   1   1.4e-05    0.0051   13.6   0.2   155   208   813   866   791   891 0.82 -
C0000000005_ptg000005l:883504-887310 -           1269 25783at4891          -            234     0.005   13.7   0.3   1   1   2.6e-05    0.0098   12.7   0.3   156   197   951   991   943  1003 0.80 -
C0000000009_ptg000009l:507975-511766 -           1264 25783at4891          -            234    0.0054   13.6   0.2   1   1   2.8e-05      0.01   12.6   0.2   156   197   947   987   940   999 0.81 -
C0000000016_ptg000016l:187433-190882 -           1150 25783at4891          -            234     0.006   13.4   0.0   1   1     3e-05     0.011   12.5   0.0   158   205   861   907   851   927 0.80 -
C0000000012_ptg000012l:128632-132612 -           1327 25783at4891          -            234     0.012   12.4   0.3   1   2       2.6   9.8e+02   -3.6   0.0    37    57    39    59    36    72 0.78 -
C0000000012_ptg000012l:128632-132612 -           1327 25783at4891          -            234     0.012   12.4   0.3   2   2   7.6e-05     0.029   11.2   0.1   162   206   921   965   913   985 0.79 -
#
# Program:         hmmsearch
# Version:         3.1b2 (February 2015)
# Pipeline mode:   SEARCH
# Query file:      /home/deepseq/tool/BUSCO_v5/saccharomycetes_odb10/hmms/25783at4891.hmm
# Target file:     /var/www/gvolante/request/project/202302230949-GVF6W5EPF13MH478/202302230949-GVF6W5EPF13MH478_busco/run_saccharomycetes_odb10/metaeuk_output/initial_results/SRR13577846.fa.ca.modified.fas
# Option settings: hmmsearch --domtblout /var/www/gvolante/request/project/202302230949-GVF6W5EPF13MH478/202302230949-GVF6W5EPF13MH478_busco/run_saccharomycetes_odb10/hmmer_output/initial_run_results/25783at4891.out --cpu 1 /home/deepseq/tool/BUSCO_v5/saccharomycetes_odb10/hmms/25783at4891.hmm /var/www/gvolante/request/project/202302230949-GVF6W5EPF13MH478/202302230949-GVF6W5EPF13MH478_busco/run_saccharomycetes_odb10/metaeuk_output/initial_results/SRR13577846.fa.ca.modified.fas 
# Current dir:     /var/www/gvolante/request/project/202302230949-GVF6W5EPF13MH478
# Date:            Thu Feb 23 09:51:05 2023
# [ok]
