#                                                                                            --- full sequence --- -------------- this domain -------------   hmm coord   ali coord   env coord
# target name                        accession   tlen query name           accession   qlen   E-value  score  bias   #  of  c-Evalue  i-Evalue  score  bias  from    to  from    to  from    to  acc description of target
#                ------------------- ---------- ----- -------------------- ---------- ----- --------- ------ ----- --- --- --------- --------- ------ ----- ----- ----- ----- ----- ----- ----- ---- ---------------------
C0000000015_ptg000015l:277525-278520 -            332 26555at4891          -            237   1.9e-67  224.5  11.1   1   3     5e-61   6.6e-58  193.2   5.7     1   160     4   188     4   199 0.89 -
C0000000015_ptg000015l:277525-278520 -            332 26555at4891          -            237   1.9e-67  224.5  11.1   2   3     0.034        45    0.7   0.0   158   176   207   225   203   228 0.88 -
C0000000015_ptg000015l:277525-278520 -            332 26555at4891          -            237   1.9e-67  224.5  11.1   3   3   3.6e-10   4.7e-07   26.8   0.2   174   236   244   329   241   330 0.80 -
C0000000012_ptg000012l:101505-103298 -            598 26555at4891          -            237      0.29    7.8  11.4   1   6       0.3   3.9e+02   -2.4   0.0    60    82   102   124    95   128 0.86 -
C0000000012_ptg000012l:101505-103298 -            598 26555at4891          -            237      0.29    7.8  11.4   2   6     0.031        41    0.8   0.2    59   134   144   223   141   237 0.63 -
C0000000012_ptg000012l:101505-103298 -            598 26555at4891          -            237      0.29    7.8  11.4   3   6     0.018        24    1.6   0.0    70    96   242   268   229   283 0.83 -
C0000000012_ptg000012l:101505-103298 -            598 26555at4891          -            237      0.29    7.8  11.4   4   6     0.085   1.1e+02   -0.6   0.0    71    95   283   307   271   323 0.83 -
C0000000012_ptg000012l:101505-103298 -            598 26555at4891          -            237      0.29    7.8  11.4   5   6   0.00031      0.41    7.4   0.4    72   110   324   362   311   394 0.84 -
C0000000012_ptg000012l:101505-103298 -            598 26555at4891          -            237      0.29    7.8  11.4   6   6     0.064        85   -0.2   0.1    71   159   401   490   389   522 0.63 -
#
# Program:         hmmsearch
# Version:         3.1b2 (February 2015)
# Pipeline mode:   SEARCH
# Query file:      /home/deepseq/tool/BUSCO_v5/saccharomycetes_odb10/hmms/26555at4891.hmm
# Target file:     /var/www/gvolante/request/project/202302230949-GVF6W5EPF13MH478/202302230949-GVF6W5EPF13MH478_busco/run_saccharomycetes_odb10/metaeuk_output/initial_results/SRR13577846.fa.ca.modified.fas
# Option settings: hmmsearch --domtblout /var/www/gvolante/request/project/202302230949-GVF6W5EPF13MH478/202302230949-GVF6W5EPF13MH478_busco/run_saccharomycetes_odb10/hmmer_output/initial_run_results/26555at4891.out --cpu 1 /home/deepseq/tool/BUSCO_v5/saccharomycetes_odb10/hmms/26555at4891.hmm /var/www/gvolante/request/project/202302230949-GVF6W5EPF13MH478/202302230949-GVF6W5EPF13MH478_busco/run_saccharomycetes_odb10/metaeuk_output/initial_results/SRR13577846.fa.ca.modified.fas 
# Current dir:     /var/www/gvolante/request/project/202302230949-GVF6W5EPF13MH478
# Date:            Thu Feb 23 09:51:09 2023
# [ok]
