#                                                                                            --- full sequence --- -------------- this domain -------------   hmm coord   ali coord   env coord
# target name                        accession   tlen query name           accession   qlen   E-value  score  bias   #  of  c-Evalue  i-Evalue  score  bias  from    to  from    to  from    to  acc description of target
#                ------------------- ---------- ----- -------------------- ---------- ----- --------- ------ ----- --- --- --------- --------- ------ ----- ----- ----- ----- ----- ----- ----- ---- ---------------------
C0000000005_ptg000005l:417493-419496 -            668 26866at4891          -            262   1.1e-77  258.1  17.4   1   5   8.8e-08   4.7e-05   20.1   0.1     1    43   140   182   140   203 0.79 -
C0000000005_ptg000005l:417493-419496 -            668 26866at4891          -            262   1.1e-77  258.1  17.4   2   5    0.0076         4    3.9   0.1    25    45   209   229   193   252 0.88 -
C0000000005_ptg000005l:417493-419496 -            668 26866at4891          -            262   1.1e-77  258.1  17.4   3   5   6.2e-21   3.3e-18   63.2   0.1    51   113   378   442   372   452 0.90 -
C0000000005_ptg000005l:417493-419496 -            668 26866at4891          -            262   1.1e-77  258.1  17.4   4   5   3.4e-18   1.8e-15   54.2   0.0   104   168   456   524   442   546 0.83 -
C0000000005_ptg000005l:417493-419496 -            668 26866at4891          -            262   1.1e-77  258.1  17.4   5   5   4.3e-39   2.3e-36  122.7   4.7   165   262   561   666   536   666 0.87 -
C0000000014_ptg000014l:377343-379211 -            623 26866at4891          -            262   1.8e-11   41.1   2.4   1   2   5.8e-12   3.1e-09   33.8   0.2    30   145    90   202    83   236 0.79 -
C0000000014_ptg000014l:377343-379211 -            623 26866at4891          -            262   1.8e-11   41.1   2.4   2   2    0.0014      0.75    6.3   0.1    49   146   405   502   370   507 0.86 -
C0000000015_ptg000015l:343095-345008 -            638 26866at4891          -            262   3.1e-11   40.3   0.2   1   2   3.1e-10   1.7e-07   28.1   0.1    50   141   129   220   115   244 0.87 -
C0000000015_ptg000015l:343095-345008 -            638 26866at4891          -            262   3.1e-11   40.3   0.2   2   2   0.00012     0.065    9.8   0.0    52   143   416   507   392   542 0.89 -
C0000000006_ptg000006l:259536-260699 -            388 26866at4891          -            262     0.002   14.7   1.3   1   2   7.3e-06    0.0039   13.8   0.2    46    80   235   269   228   288 0.87 -
C0000000006_ptg000006l:259536-260699 -            388 26866at4891          -            262     0.002   14.7   1.3   2   2      0.21   1.1e+02   -0.8   0.1    52    52   331   331   267   385 0.59 -
C0000000008_ptg000008l:358938-360461 -            508 26866at4891          -            262    0.0028   14.2   0.2   1   1   9.1e-06    0.0048   13.5   0.2    50   140    10   100     6   145 0.80 -
#
# Program:         hmmsearch
# Version:         3.1b2 (February 2015)
# Pipeline mode:   SEARCH
# Query file:      /home/deepseq/tool/BUSCO_v5/saccharomycetes_odb10/hmms/26866at4891.hmm
# Target file:     /var/www/gvolante/request/project/202302230949-GVF6W5EPF13MH478/202302230949-GVF6W5EPF13MH478_busco/run_saccharomycetes_odb10/metaeuk_output/initial_results/SRR13577846.fa.ca.modified.fas
# Option settings: hmmsearch --domtblout /var/www/gvolante/request/project/202302230949-GVF6W5EPF13MH478/202302230949-GVF6W5EPF13MH478_busco/run_saccharomycetes_odb10/hmmer_output/initial_run_results/26866at4891.out --cpu 1 /home/deepseq/tool/BUSCO_v5/saccharomycetes_odb10/hmms/26866at4891.hmm /var/www/gvolante/request/project/202302230949-GVF6W5EPF13MH478/202302230949-GVF6W5EPF13MH478_busco/run_saccharomycetes_odb10/metaeuk_output/initial_results/SRR13577846.fa.ca.modified.fas 
# Current dir:     /var/www/gvolante/request/project/202302230949-GVF6W5EPF13MH478
# Date:            Thu Feb 23 09:51:07 2023
# [ok]
