#                                                                                            --- full sequence --- -------------- this domain -------------   hmm coord   ali coord   env coord
# target name                        accession   tlen query name           accession   qlen   E-value  score  bias   #  of  c-Evalue  i-Evalue  score  bias  from    to  from    to  from    to  acc description of target
#                ------------------- ---------- ----- -------------------- ---------- ----- --------- ------ ----- --- --- --------- --------- ------ ----- ----- ----- ----- ----- ----- ----- ---- ---------------------
C0000000015_ptg000015l:284545-285387 -            281 26931at4891          -            170   2.3e-72  239.6  19.8   1   3   2.2e-41   1.2e-38  130.0   1.6     1   118     1   126     1   130 0.92 -
C0000000015_ptg000015l:284545-285387 -            281 26931at4891          -            170   2.3e-72  239.6  19.8   2   3      0.36   1.9e+02   -0.9   0.0    84   114   159   189   125   197 0.66 -
C0000000015_ptg000015l:284545-285387 -            281 26931at4891          -            170   2.3e-72  239.6  19.8   3   3   1.7e-36   9.2e-34  114.0  11.0   110   170   213   274   161   274 0.88 -
C0000000011_ptg000011l:447079-447657 -            193 26931at4891          -            170   9.4e-24   81.5  13.3   1   1   5.3e-26   2.8e-23   79.9  13.3   109   164   136   192    49   193 0.65 -
C0000000014_ptg000014l:335576-336565 -            330 26931at4891          -            170   9.8e-24   81.4  11.4   1   2     0.001      0.54    7.4   0.3     7    97    11   105     9   119 0.77 -
C0000000014_ptg000014l:335576-336565 -            330 26931at4891          -            170   9.8e-24   81.4  11.4   2   2     2e-25   1.1e-22   78.1   4.6   105   167   266   329   201   330 0.83 -
C0000000003_ptg000003l:647481-648527 -            349 26931at4891          -            170   3.7e-09   34.0   4.5   1   3   6.9e-12   3.7e-09   34.0   4.5   117   166    19    70    10    73 0.86 -
C0000000003_ptg000003l:647481-648527 -            349 26931at4891          -            170   3.7e-09   34.0   4.5   2   3      0.48   2.6e+02   -1.3   0.2    47    73   138   163   122   231 0.54 -
C0000000003_ptg000003l:647481-648527 -            349 26931at4891          -            170   3.7e-09   34.0   4.5   3   3      0.21   1.1e+02   -0.2   0.5    54    54   263   263   207   341 0.58 -
C0000000009_ptg000009l:224544-226373 -            610 26931at4891          -            170     0.041   11.1   6.9   1   2    0.0074       3.9    4.6   0.7    37    89    20    72     7    90 0.77 -
C0000000009_ptg000009l:224544-226373 -            610 26931at4891          -            170     0.041   11.1   6.9   2   2    0.0003      0.16    9.1   0.8    25    73   315   363   295   371 0.90 -
#
# Program:         hmmsearch
# Version:         3.1b2 (February 2015)
# Pipeline mode:   SEARCH
# Query file:      /home/deepseq/tool/BUSCO_v5/saccharomycetes_odb10/hmms/26931at4891.hmm
# Target file:     /var/www/gvolante/request/project/202302230949-GVF6W5EPF13MH478/202302230949-GVF6W5EPF13MH478_busco/run_saccharomycetes_odb10/metaeuk_output/initial_results/SRR13577846.fa.ca.modified.fas
# Option settings: hmmsearch --domtblout /var/www/gvolante/request/project/202302230949-GVF6W5EPF13MH478/202302230949-GVF6W5EPF13MH478_busco/run_saccharomycetes_odb10/hmmer_output/initial_run_results/26931at4891.out --cpu 1 /home/deepseq/tool/BUSCO_v5/saccharomycetes_odb10/hmms/26931at4891.hmm /var/www/gvolante/request/project/202302230949-GVF6W5EPF13MH478/202302230949-GVF6W5EPF13MH478_busco/run_saccharomycetes_odb10/metaeuk_output/initial_results/SRR13577846.fa.ca.modified.fas 
# Current dir:     /var/www/gvolante/request/project/202302230949-GVF6W5EPF13MH478
# Date:            Thu Feb 23 09:51:07 2023
# [ok]
