#                                                                                              --- full sequence --- -------------- this domain -------------   hmm coord   ali coord   env coord
# target name                          accession   tlen query name           accession   qlen   E-value  score  bias   #  of  c-Evalue  i-Evalue  score  bias  from    to  from    to  from    to  acc description of target
#                  ------------------- ---------- ----- -------------------- ---------- ----- --------- ------ ----- --- --- --------- --------- ------ ----- ----- ----- ----- ----- ----- ----- ---- ---------------------
C0000000005_ptg000005l:713996-715039   -            348 27141at4891          -            204     4e-66  219.9   7.5   1   5   0.00031      0.41    7.6   0.0     6    25    20    39    16    42 0.89 -
C0000000005_ptg000005l:713996-715039   -            348 27141at4891          -            204     4e-66  219.9   7.5   2   5    0.0033       4.4    4.3   0.0    25    39    57    71    54    75 0.84 -
C0000000005_ptg000005l:713996-715039   -            348 27141at4891          -            204     4e-66  219.9   7.5   3   5   2.4e-31   3.1e-28   96.2   0.1    36    98   104   167   100   175 0.94 -
C0000000005_ptg000005l:713996-715039   -            348 27141at4891          -            204     4e-66  219.9   7.5   4   5   1.3e-22   1.7e-19   67.6   1.4    98   185   188   290   184   298 0.85 -
C0000000005_ptg000005l:713996-715039   -            348 27141at4891          -            204     4e-66  219.9   7.5   5   5   1.6e-13   2.1e-10   38.0   0.0   161   201   307   348   295   348 0.89 -
C0000000005_ptg000005l:1023456-1026530 -           1025 27141at4891          -            204   2.1e-18   64.1   0.1   1   2     0.041        54    0.7   0.0    21    39   343   361   320   365 0.69 -
C0000000005_ptg000005l:1023456-1026530 -           1025 27141at4891          -            204   2.1e-18   64.1   0.1   2   2   1.2e-19   1.6e-16   57.9   0.1    38   184   732   899   725   904 0.77 -
#
# Program:         hmmsearch
# Version:         3.1b2 (February 2015)
# Pipeline mode:   SEARCH
# Query file:      /home/deepseq/tool/BUSCO_v5/saccharomycetes_odb10/hmms/27141at4891.hmm
# Target file:     /var/www/gvolante/request/project/202302230949-GVF6W5EPF13MH478/202302230949-GVF6W5EPF13MH478_busco/run_saccharomycetes_odb10/metaeuk_output/initial_results/SRR13577846.fa.ca.modified.fas
# Option settings: hmmsearch --domtblout /var/www/gvolante/request/project/202302230949-GVF6W5EPF13MH478/202302230949-GVF6W5EPF13MH478_busco/run_saccharomycetes_odb10/hmmer_output/initial_run_results/27141at4891.out --cpu 1 /home/deepseq/tool/BUSCO_v5/saccharomycetes_odb10/hmms/27141at4891.hmm /var/www/gvolante/request/project/202302230949-GVF6W5EPF13MH478/202302230949-GVF6W5EPF13MH478_busco/run_saccharomycetes_odb10/metaeuk_output/initial_results/SRR13577846.fa.ca.modified.fas 
# Current dir:     /var/www/gvolante/request/project/202302230949-GVF6W5EPF13MH478
# Date:            Thu Feb 23 09:51:06 2023
# [ok]
