#                                                                                              --- full sequence --- -------------- this domain -------------   hmm coord   ali coord   env coord
# target name                          accession   tlen query name           accession   qlen   E-value  score  bias   #  of  c-Evalue  i-Evalue  score  bias  from    to  from    to  from    to  acc description of target
#                  ------------------- ---------- ----- -------------------- ---------- ----- --------- ------ ----- --- --- --------- --------- ------ ----- ----- ----- ----- ----- ----- ----- ---- ---------------------
C0000000013_ptg000013l:78600-80321     -            574 27209at4891          -            456  6.9e-195  645.3  13.9   1   2   3.4e-20   1.9e-18   63.7   0.1     1    49     1    49     1    59 0.95 -
C0000000013_ptg000013l:78600-80321     -            574 27209at4891          -            456  6.9e-195  645.3  13.9   2   2  1.2e-177  6.9e-176  582.7  10.6    44   455    67   563    57   565 0.84 -
C0000000010_ptg000010l:93758-94756     -            333 27209at4891          -            456   7.2e-16   55.2  13.8   1   4   9.3e-05    0.0052   12.8   0.0   223   274     7    63     1    68 0.73 -
C0000000010_ptg000010l:93758-94756     -            333 27209at4891          -            456   7.2e-16   55.2  13.8   2   4   3.3e-08   1.8e-06   24.2   3.5   236   290    69   129    65   205 0.66 -
C0000000010_ptg000010l:93758-94756     -            333 27209at4891          -            456   7.2e-16   55.2  13.8   3   4   5.8e-07   3.3e-05   20.1   1.3   235   363   109   250   106   274 0.67 -
C0000000010_ptg000010l:93758-94756     -            333 27209at4891          -            456   7.2e-16   55.2  13.8   4   4   1.8e-05     0.001   15.1   0.4   219   282   261   330   253   332 0.76 -
C0000000004_ptg000004l:379350-382178   -            943 27209at4891          -            456   1.9e-15   53.8  19.8   1   6   4.1e-08   2.3e-06   23.9   4.9   233   361    91   230    83   231 0.78 -
C0000000004_ptg000004l:379350-382178   -            943 27209at4891          -            456   1.9e-15   53.8  19.8   2   6   6.6e-06   0.00037   16.6   1.2   235   293   176   239   157   289 0.78 -
C0000000004_ptg000004l:379350-382178   -            943 27209at4891          -            456   1.9e-15   53.8  19.8   3   6   0.00071      0.04    9.9   0.0   328   408   388   462   339   467 0.77 -
C0000000004_ptg000004l:379350-382178   -            943 27209at4891          -            456   1.9e-15   53.8  19.8   4   6   7.4e-06   0.00042   16.4   0.1   305   361   446   501   442   509 0.86 -
C0000000004_ptg000004l:379350-382178   -            943 27209at4891          -            456   1.9e-15   53.8  19.8   5   6   0.00037     0.021   10.8   1.8   215   360   468   600   463   603 0.66 -
C0000000004_ptg000004l:379350-382178   -            943 27209at4891          -            456   1.9e-15   53.8  19.8   6   6    0.0048      0.27    7.2   0.3   218   282   613   683   605   707 0.64 -
C0000000006_ptg000006l:551155-551790   -            212 27209at4891          -            456   2.4e-14   50.2   1.0   1   2    0.0001    0.0059   12.6   0.0   219   257     1    36     1    62 0.83 -
C0000000006_ptg000006l:551155-551790   -            212 27209at4891          -            456   2.4e-14   50.2   1.0   2   2   3.9e-12   2.2e-10   37.1   0.4   225   340    68   196    34   212 0.70 -
C0000000002_ptg000002l:201554-203944   -            797 27209at4891          -            456   6.4e-14   48.8  10.9   1   5       4.3   2.4e+02   -2.6   2.9    73   147   324   402   312   407 0.72 -
C0000000002_ptg000002l:201554-203944   -            797 27209at4891          -            456   6.4e-14   48.8  10.9   2   5   5.5e-09   3.1e-07   26.7   0.1   175   254   480   558   470   581 0.87 -
C0000000002_ptg000002l:201554-203944   -            797 27209at4891          -            456   6.4e-14   48.8  10.9   3   5     0.061       3.5    3.5   0.1   236   289   582   642   564   647 0.70 -
C0000000002_ptg000002l:201554-203944   -            797 27209at4891          -            456   6.4e-14   48.8  10.9   4   5       1.1        62   -0.6   0.0   219   253   650   683   644   690 0.79 -
C0000000002_ptg000002l:201554-203944   -            797 27209at4891          -            456   6.4e-14   48.8  10.9   5   5   1.8e-07     1e-05   21.7   0.0   212   253   686   726   681   731 0.86 -
C0000000016_ptg000016l:181896-182717   -            274 27209at4891          -            456   3.3e-13   46.4   9.0   1   5    0.0024      0.13    8.2   0.1   239   283     2    51     1    59 0.81 -
C0000000016_ptg000016l:181896-182717   -            274 27209at4891          -            456   3.3e-13   46.4   9.0   2   5   1.3e-06   7.3e-05   18.9   0.4   217   253    63    96    53   113 0.84 -
C0000000016_ptg000016l:181896-182717   -            274 27209at4891          -            456   3.3e-13   46.4   9.0   3   5      0.02       1.1    5.1   0.1   237   261   121   147    99   156 0.72 -
C0000000016_ptg000016l:181896-182717   -            274 27209at4891          -            456   3.3e-13   46.4   9.0   4   5    0.0037      0.21    7.5   0.0   231   411   204   229   188   241 0.65 -
C0000000016_ptg000016l:181896-182717   -            274 27209at4891          -            456   3.3e-13   46.4   9.0   5   5    0.0013     0.076    9.0   0.1   236   258   249   271   230   273 0.80 -
C0000000017_ptg000017l:164206-165084   -            293 27209at4891          -            456     4e-13   46.1   1.9   1   3   3.1e-05    0.0018   14.4   0.1   219   256    13    50     9    57 0.87 -
C0000000017_ptg000017l:164206-165084   -            293 27209at4891          -            456     4e-13   46.1   1.9   2   3     0.017      0.94    5.4   0.1   214   254    70   107    56   115 0.75 -
C0000000017_ptg000017l:164206-165084   -            293 27209at4891          -            456     4e-13   46.1   1.9   3   3   3.3e-08   1.9e-06   24.2   0.0   230   291   148   214   143   257 0.73 -
C0000000004_ptg000004l:113013-114467   -            485 27209at4891          -            456   2.5e-12   43.5   8.0   1   3   0.00049     0.028   10.4   0.0   218   253    65   100    56   109 0.90 -
C0000000004_ptg000004l:113013-114467   -            485 27209at4891          -            456   2.5e-12   43.5   8.0   2   3     0.011      0.59    6.0   0.3   233   252   133   152   127   168 0.81 -
C0000000004_ptg000004l:113013-114467   -            485 27209at4891          -            456   2.5e-12   43.5   8.0   3   3   1.6e-08     9e-07   25.2   4.4   243   423   199   396   186   431 0.70 -
C0000000010_ptg000010l:74467-75246     -            260 27209at4891          -            456   7.3e-12   42.0   1.6   1   4   4.7e-05    0.0027   13.8   0.0   236   301    13    83     9    95 0.52 -
C0000000010_ptg000010l:74467-75246     -            260 27209at4891          -            456   7.3e-12   42.0   1.6   2   4   0.00018    0.0099   11.9   0.0   235   284    54   110    30   114 0.63 -
C0000000010_ptg000010l:74467-75246     -            260 27209at4891          -            456   7.3e-12   42.0   1.6   3   4   3.5e-05     0.002   14.2   0.1   212   257   123   167   114   180 0.84 -
C0000000010_ptg000010l:74467-75246     -            260 27209at4891          -            456   7.3e-12   42.0   1.6   4   4     0.002      0.11    8.4   0.0   217   254   182   218   166   250 0.76 -
C0000000009_ptg000009l:290638-291492   -            285 27209at4891          -            456   2.9e-11   40.0   7.0   1   5   0.00038     0.022   10.8   0.1   231   252    14    35     3    43 0.82 -
C0000000009_ptg000009l:290638-291492   -            285 27209at4891          -            456   2.9e-11   40.0   7.0   2   5      0.11         6    2.7   0.0   327   364    42    79    35    87 0.75 -
C0000000009_ptg000009l:290638-291492   -            285 27209at4891          -            456   2.9e-11   40.0   7.0   3   5    0.0069      0.39    6.6   0.1   231   254   121   144   107   150 0.63 -
C0000000009_ptg000009l:290638-291492   -            285 27209at4891          -            456   2.9e-11   40.0   7.0   4   5   6.6e-05    0.0037   13.3   0.0   217   255   150   187   142   212 0.80 -
C0000000009_ptg000009l:290638-291492   -            285 27209at4891          -            456   2.9e-11   40.0   7.0   5   5    0.0063      0.36    6.8   0.1   234   254   226   246   221   282 0.70 -
C0000000001_ptg000001l:154091-154987   -            299 27209at4891          -            456   5.3e-11   39.2   6.1   1   6   4.7e-05    0.0026   13.8   0.1   305   361    37    90    25    93 0.72 -
C0000000001_ptg000001l:154091-154987   -            299 27209at4891          -            456   5.3e-11   39.2   6.1   2   6   0.00011    0.0063   12.5   0.1   231   253    72    94    59   107 0.80 -
C0000000001_ptg000001l:154091-154987   -            299 27209at4891          -            456   5.3e-11   39.2   6.1   3   6     0.068       3.9    3.4   0.0   324   364    97   137    90   145 0.71 -
C0000000001_ptg000001l:154091-154987   -            299 27209at4891          -            456   5.3e-11   39.2   6.1   4   6    0.0043      0.24    7.3   0.0   226   255   174   203   166   208 0.78 -
C0000000001_ptg000001l:154091-154987   -            299 27209at4891          -            456   5.3e-11   39.2   6.1   5   6   0.00011     0.006   12.6   0.1   217   254   208   244   200   284 0.80 -
C0000000001_ptg000001l:154091-154987   -            299 27209at4891          -            456   5.3e-11   39.2   6.1   6   6       2.9   1.7e+02   -2.0   0.0   234   249   284   299   277   299 0.88 -
C0000000008_ptg000008l:609668-610297   -            210 27209at4891          -            456   6.2e-11   38.9   1.8   1   2     2e-12   1.1e-10   38.1   1.0   257   407     7   168     2   175 0.77 -
C0000000008_ptg000008l:609668-610297   -            210 27209at4891          -            456   6.2e-11   38.9   1.8   2   2       1.9   1.1e+02   -1.4   0.0   222   250   181   208   167   209 0.68 -
C0000000014_ptg000014l:735866-737215   -            450 27209at4891          -            456   1.3e-10   37.9   3.4   1   3     0.002      0.11    8.4   1.6   326   405   115   191    87   200 0.59 -
C0000000014_ptg000014l:735866-737215   -            450 27209at4891          -            456   1.3e-10   37.9   3.4   2   3     0.073       4.1    3.3   0.4   213   266   155   212   149   218 0.70 -
C0000000014_ptg000014l:735866-737215   -            450 27209at4891          -            456   1.3e-10   37.9   3.4   3   3   2.4e-09   1.4e-07   27.9   0.1   233   363   216   365   183   371 0.69 -
C0000000011_ptg000011l:828275-829651   -            459 27209at4891          -            456   7.8e-10   35.3  11.1   1   3   0.00063     0.036   10.1   1.6   236   335   118   212    99   241 0.72 -
C0000000011_ptg000011l:828275-829651   -            459 27209at4891          -            456   7.8e-10   35.3  11.1   2   3   0.00097     0.055    9.4   0.7   217   286   284   359   267   370 0.69 -
C0000000011_ptg000011l:828275-829651   -            459 27209at4891          -            456   7.8e-10   35.3  11.1   3   3   3.1e-07   1.7e-05   21.0   0.1   210   282   365   451   352   454 0.68 -
C0000000014_ptg000014l:156967-157878   -            304 27209at4891          -            456     2e-09   33.9   7.2   1   3   6.8e-07   3.8e-05   19.8   0.1   269   364     4   107     2   116 0.77 -
C0000000014_ptg000014l:156967-157878   -            304 27209at4891          -            456     2e-09   33.9   7.2   2   3      0.19        11    1.9   0.0   236   258   132   154   125   157 0.87 -
C0000000014_ptg000014l:156967-157878   -            304 27209at4891          -            456     2e-09   33.9   7.2   3   3    0.0045      0.25    7.3   0.1   234   253   264   283   257   290 0.84 -
C0000000013_ptg000013l:113953-116400   -            816 27209at4891          -            456   2.6e-09   33.6   8.8   1   6       1.4        80   -1.0   0.0   378   411   103   136    83   151 0.65 -
C0000000013_ptg000013l:113953-116400   -            816 27209at4891          -            456   2.6e-09   33.6   8.8   2   6   0.00015    0.0085   12.1   0.0   234   306   161   247   132   294 0.59 -
C0000000013_ptg000013l:113953-116400   -            816 27209at4891          -            456   2.6e-09   33.6   8.8   3   6       1.3        71   -0.8   0.0   341   376   448   482   430   495 0.69 -
C0000000013_ptg000013l:113953-116400   -            816 27209at4891          -            456   2.6e-09   33.6   8.8   4   6      0.01      0.56    6.1   0.1   325   361   485   519   473   525 0.57 -
C0000000013_ptg000013l:113953-116400   -            816 27209at4891          -            456   2.6e-09   33.6   8.8   5   6     0.002      0.11    8.4   0.2   231   255   543   567   524   572 0.84 -
C0000000013_ptg000013l:113953-116400   -            816 27209at4891          -            456   2.6e-09   33.6   8.8   6   6    0.0046      0.26    7.2   0.1   217   254   572   608   566   670 0.72 -
C0000000005_ptg000005l:784230-785345   -            372 27209at4891          -            456     6e-09   32.4   0.3   1   3    0.0019      0.11    8.5   0.0   220   282    60   131    42   144 0.60 -
C0000000005_ptg000005l:784230-785345   -            372 27209at4891          -            456     6e-09   32.4   0.3   2   3       1.8     1e+02   -1.3   0.0   267   305   186   224   177   230 0.85 -
C0000000005_ptg000005l:784230-785345   -            372 27209at4891          -            456     6e-09   32.4   0.3   3   3   3.3e-07   1.9e-05   20.9   0.1   175   251   235   315   220   336 0.81 -
C0000000011_ptg000011l:821901-823202   -            434 27209at4891          -            456   6.2e-09   32.4   6.3   1   4   0.00033     0.018   11.0   0.0   306   339   154   188   142   219 0.83 -
C0000000011_ptg000011l:821901-823202   -            434 27209at4891          -            456   6.2e-09   32.4   6.3   2   4   2.2e-05    0.0012   14.9   1.4   233   283   249   304   219   310 0.74 -
C0000000011_ptg000011l:821901-823202   -            434 27209at4891          -            456   6.2e-09   32.4   6.3   3   4       0.3        17    1.2   0.0   237   250   356   369   348   383 0.79 -
C0000000011_ptg000011l:821901-823202   -            434 27209at4891          -            456   6.2e-09   32.4   6.3   4   4     0.034       1.9    4.4   0.0   234   257   410   433   392   434 0.86 -
C0000000010_ptg000010l:112406-115159   -            918 27209at4891          -            456   1.3e-08   31.3   2.2   1   3       3.1   1.8e+02   -2.1   0.0   400   424    37    61     4   123 0.58 -
C0000000010_ptg000010l:112406-115159   -            918 27209at4891          -            456   1.3e-08   31.3   2.2   2   3      0.44        25    0.7   0.1   214   254   140   179   125   208 0.79 -
C0000000010_ptg000010l:112406-115159   -            918 27209at4891          -            456   1.3e-08   31.3   2.2   3   3   2.4e-09   1.3e-07   27.9   0.3   216   407   341   546   327   586 0.68 -
C0000000005_ptg000005l:812839-816264   -           1142 27209at4891          -            456   1.6e-08   31.0   2.0   1   2   9.8e-06   0.00055   16.0   0.4   204   286    94   184    82   187 0.71 -
C0000000005_ptg000005l:812839-816264   -           1142 27209at4891          -            456   1.6e-08   31.0   2.0   2   2   1.8e-05     0.001   15.2   0.3   305   363   169   228   155   243 0.78 -
C0000000003_ptg000003l:672388-673722   -            445 27209at4891          -            456   2.2e-08   30.5   6.9   1   4    0.0082      0.46    6.4   0.1   217   252   130   165   120   180 0.81 -
C0000000003_ptg000003l:672388-673722   -            445 27209at4891          -            456   2.2e-08   30.5   6.9   2   4    0.0003     0.017   11.1   0.2   234   287   189   249   166   251 0.65 -
C0000000003_ptg000003l:672388-673722   -            445 27209at4891          -            456   2.2e-08   30.5   6.9   3   4       0.2        11    1.8   0.0   234   251   231   248   214   267 0.76 -
C0000000003_ptg000003l:672388-673722   -            445 27209at4891          -            456   2.2e-08   30.5   6.9   4   4   3.9e-05    0.0022   14.0   0.4   236   363   275   423   259   430 0.67 -
C0000000002_ptg000002l:208636-209430   -            265 27209at4891          -            456   3.1e-08   30.0   4.8   1   3    0.0052       0.3    7.0   0.1   221   254    54    87    25    96 0.84 -
C0000000002_ptg000002l:208636-209430   -            265 27209at4891          -            456   3.1e-08   30.0   4.8   2   3   2.3e-07   1.3e-05   21.4   0.3   204   284   133   223   127   229 0.75 -
C0000000002_ptg000002l:208636-209430   -            265 27209at4891          -            456   3.1e-08   30.0   4.8   3   3     0.022       1.2    5.0   0.1   304   360   210   265   205   265 0.86 -
C0000000005_ptg000005l:321518-322747   -            410 27209at4891          -            456   8.6e-08   28.6   2.6   1   2      0.64        36    0.2   1.6    43    98    39    99    30   102 0.70 -
C0000000005_ptg000005l:321518-322747   -            410 27209at4891          -            456   8.6e-08   28.6   2.6   2   2   5.4e-09   3.1e-07   26.8   0.0   233   363   130   278   107   289 0.76 -
C0000000008_ptg000008l:811332-812174   -            281 27209at4891          -            456   8.8e-08   28.6   5.7   1   2   2.9e-08   1.6e-06   24.4   0.9   242   361    43   179    34   180 0.76 -
C0000000008_ptg000008l:811332-812174   -            281 27209at4891          -            456   8.8e-08   28.6   5.7   2   2   4.2e-05    0.0024   13.9   0.3   213   308   141   244   135   264 0.69 -
C0000000005_ptg000005l:1394636-1398445 -           1270 27209at4891          -            456   1.1e-07   28.2   9.6   1   4      0.19        10    1.9   0.0   305   346    24    68     8    89 0.84 -
C0000000005_ptg000005l:1394636-1398445 -           1270 27209at4891          -            456   1.1e-07   28.2   9.6   2   4    0.0015     0.087    8.8   0.1   210   254    98   142    80   148 0.86 -
C0000000005_ptg000005l:1394636-1398445 -           1270 27209at4891          -            456   1.1e-07   28.2   9.6   3   4    0.0011     0.064    9.2   0.8   219   258   159   199   154   212 0.86 -
C0000000005_ptg000005l:1394636-1398445 -           1270 27209at4891          -            456   1.1e-07   28.2   9.6   4   4   0.00042     0.024   10.6   0.1   198   256   235   293   215   302 0.82 -
C0000000017_ptg000017l:639682-641826   -            715 27209at4891          -            456   2.7e-07   27.0   7.2   1   3   0.00028     0.016   11.2   0.1   313   367    81   131    14   132 0.75 -
C0000000017_ptg000017l:639682-641826   -            715 27209at4891          -            456   2.7e-07   27.0   7.2   2   3   5.1e-05    0.0029   13.7   0.3   324   367   130   172   126   175 0.91 -
C0000000017_ptg000017l:639682-641826   -            715 27209at4891          -            456   2.7e-07   27.0   7.2   3   3    0.0096      0.54    6.2   0.1   292   423   181   308   176   331 0.75 -
C0000000002_ptg000002l:236728-237624   -            299 27209at4891          -            456   2.8e-07   26.9   1.4   1   3   3.7e-08   2.1e-06   24.0   0.2   218   287    79   155    73   175 0.77 -
C0000000002_ptg000002l:236728-237624   -            299 27209at4891          -            456   2.8e-07   26.9   1.4   2   3      0.54        30    0.4   0.0   386   412   184   210   168   219 0.65 -
C0000000002_ptg000002l:236728-237624   -            299 27209at4891          -            456   2.8e-07   26.9   1.4   3   3       2.1   1.2e+02   -1.6   0.0   305   325   242   262   240   289 0.66 -
C0000000003_ptg000003l:856309-857265   -            319 27209at4891          -            456   4.3e-07   26.3   4.3   1   4    0.0012      0.07    9.1   1.0   223   259    43    79    39    85 0.85 -
C0000000003_ptg000003l:856309-857265   -            319 27209at4891          -            456   4.3e-07   26.3   4.3   2   4    0.0017     0.097    8.6   0.0   222   338    86   198    76   202 0.72 -
C0000000003_ptg000003l:856309-857265   -            319 27209at4891          -            456   4.3e-07   26.3   4.3   3   4   0.00093     0.053    9.5   0.0   218   253   189   224   185   243 0.84 -
C0000000003_ptg000003l:856309-857265   -            319 27209at4891          -            456   4.3e-07   26.3   4.3   4   4       8.5   4.8e+02   -3.6   0.1    90   111   270   291   262   294 0.80 -
C0000000013_ptg000013l:519519-521471   -            651 27209at4891          -            456   5.4e-07   26.0   0.3   1   2     0.021       1.2    5.1   0.0   218   258    79   119    65   124 0.87 -
C0000000013_ptg000013l:519519-521471   -            651 27209at4891          -            456   5.4e-07   26.0   0.3   2   2   2.2e-07   1.2e-05   21.5   0.2   179   289   100   215    98   223 0.81 -
C0000000005_ptg000005l:1002954-1003748 -            265 27209at4891          -            456   5.7e-07   25.9   0.2   1   3   2.8e-05    0.0016   14.5   0.0   330   377     1    47     1    81 0.76 -
C0000000005_ptg000005l:1002954-1003748 -            265 27209at4891          -            456   5.7e-07   25.9   0.2   2   3    0.0019      0.11    8.5   0.0   216   296    90   166    65   194 0.74 -
C0000000005_ptg000005l:1002954-1003748 -            265 27209at4891          -            456   5.7e-07   25.9   0.2   3   3       2.2   1.2e+02   -1.6   0.0   306   325   238   256   234   259 0.82 -
C0000000007_ptg000007l:511519-513051   -            511 27209at4891          -            456   1.3e-06   24.6   7.0   1   4      0.41        23    0.8   0.0   299   323   224   249   209   253 0.83 -
C0000000007_ptg000007l:511519-513051   -            511 27209at4891          -            456   1.3e-06   24.6   7.0   2   4     0.029       1.6    4.6   0.4   228   332   329   367   310   398 0.51 -
C0000000007_ptg000007l:511519-513051   -            511 27209at4891          -            456   1.3e-06   24.6   7.0   3   4      0.42        24    0.8   0.1   214   254   361   400   351   413 0.65 -
C0000000007_ptg000007l:511519-513051   -            511 27209at4891          -            456   1.3e-06   24.6   7.0   4   4   7.9e-07   4.4e-05   19.6   0.0   215   251   412   448   400   464 0.88 -
C0000000005_ptg000005l:1307495-1311091 -           1199 27209at4891          -            456   2.3e-06   23.9  10.2   1   6      0.38        21    0.9   0.0   233   253    65    85    46    92 0.80 -
C0000000005_ptg000005l:1307495-1311091 -           1199 27209at4891          -            456   2.3e-06   23.9  10.2   2   6      0.13       7.4    2.4   0.2   308   361    72   123    66   127 0.69 -
C0000000005_ptg000005l:1307495-1311091 -           1199 27209at4891          -            456   2.3e-06   23.9  10.2   3   6   0.00058     0.033   10.2   0.1   232   261   148   177   123   201 0.76 -
C0000000005_ptg000005l:1307495-1311091 -           1199 27209at4891          -            456   2.3e-06   23.9  10.2   4   6      0.42        24    0.8   0.1   235   253   223   241   203   259 0.77 -
C0000000005_ptg000005l:1307495-1311091 -           1199 27209at4891          -            456   2.3e-06   23.9  10.2   5   6    0.0037      0.21    7.5   0.1   218   254   251   286   239   303 0.80 -
C0000000005_ptg000005l:1307495-1311091 -           1199 27209at4891          -            456   2.3e-06   23.9  10.2   6   6     0.044       2.5    4.0   0.1   276   319   431   474   428   529 0.77 -
C0000000008_ptg000008l:788546-789586   -            347 27209at4891          -            456   7.7e-06   22.2   0.7   1   2   5.8e-06   0.00033   16.8   0.0   311   362    31    86    20   156 0.73 -
C0000000008_ptg000008l:788546-789586   -            347 27209at4891          -            456   7.7e-06   22.2   0.7   2   2     0.055       3.1    3.7   0.1   216   251   300   334   267   346 0.76 -
C0000000007_ptg000007l:426109-427647   -            513 27209at4891          -            456   8.5e-06   22.0   0.0   1   1   3.1e-07   1.7e-05   21.0   0.0   231   440   135   367   119   383 0.65 -
C0000000014_ptg000014l:208254-209417   -            388 27209at4891          -            456   1.3e-05   21.4   0.2   1   3      0.37        21    0.9   0.0   309   359    33    84    26   110 0.61 -
C0000000014_ptg000014l:208254-209417   -            388 27209at4891          -            456   1.3e-05   21.4   0.2   2   3    0.0029      0.16    7.9   0.1   215   253   142   180   117   224 0.74 -
C0000000014_ptg000014l:208254-209417   -            388 27209at4891          -            456   1.3e-05   21.4   0.2   3   3    0.0044      0.25    7.3   0.0   186   249   240   320   234   325 0.61 -
C0000000005_ptg000005l:1329188-1330753 -            522 27209at4891          -            456   2.2e-05   20.7   0.0   1   1   2.3e-06   0.00013   18.1   0.0   258   442   268   455   252   467 0.69 -
C0000000007_ptg000007l:472642-473127   -            162 27209at4891          -            456     9e-05   18.6   5.7   1   3    0.0017     0.094    8.7   1.2   217   285    15    95     8   100 0.65 -
C0000000007_ptg000007l:472642-473127   -            162 27209at4891          -            456     9e-05   18.6   5.7   2   3    0.0011     0.063    9.2   1.9   238   283    83   135    75   139 0.58 -
C0000000007_ptg000007l:472642-473127   -            162 27209at4891          -            456     9e-05   18.6   5.7   3   3   0.00074     0.042    9.8   0.2   219   251   107   138    98   156 0.77 -
C0000000007_ptg000007l:443065-443637   -            191 27209at4891          -            456   0.00015   17.9   0.2   1   2     1e-05   0.00058   16.0   0.1   217   305     5    96     2   148 0.70 -
C0000000007_ptg000007l:443065-443637   -            191 27209at4891          -            456   0.00015   17.9   0.2   2   2      0.88        50   -0.3   0.0   236   251   174   189   150   191 0.83 -
C0000000003_ptg000003l:52077-53465     -            463 27209at4891          -            456   0.00031   16.8  11.4   1   4       6.1   3.5e+02   -3.1   1.1    23    48    82   107    76   110 0.76 -
C0000000003_ptg000003l:52077-53465     -            463 27209at4891          -            456   0.00031   16.8  11.4   2   4       5.5   3.1e+02   -2.9   0.0   306   351   191   237   182   254 0.66 -
C0000000003_ptg000003l:52077-53465     -            463 27209at4891          -            456   0.00031   16.8  11.4   3   4   0.00013    0.0071   12.4   0.2   235   290   278   340   266   344 0.80 -
C0000000003_ptg000003l:52077-53465     -            463 27209at4891          -            456   0.00031   16.8  11.4   4   4      0.03       1.7    4.5   0.1   218   248   434   463   423   463 0.84 -
C0000000013_ptg000013l:94204-95049     -            282 27209at4891          -            456   0.00079   15.5   7.5   1   5     0.031       1.7    4.5   0.0   234   281    15    73     6    74 0.71 -
C0000000013_ptg000013l:94204-95049     -            282 27209at4891          -            456   0.00079   15.5   7.5   2   5   0.00019     0.011   11.8   0.2   230   287    57   125    34   135 0.76 -
C0000000013_ptg000013l:94204-95049     -            282 27209at4891          -            456   0.00079   15.5   7.5   3   5     0.056       3.2    3.6   0.7   237   273   167   212   157   233 0.64 -
C0000000013_ptg000013l:94204-95049     -            282 27209at4891          -            456   0.00079   15.5   7.5   4   5      0.29        16    1.3   0.4   219   251   196   230   189   262 0.71 -
C0000000013_ptg000013l:94204-95049     -            282 27209at4891          -            456   0.00079   15.5   7.5   5   5       1.3        72   -0.8   0.1   222   248   248   274   214   278 0.63 -
C0000000008_ptg000008l:850268-852322   -            685 27209at4891          -            456   0.00093   15.3   0.0   1   2      0.13       7.4    2.4   0.0   227   252     4    29     1    38 0.83 -
C0000000008_ptg000008l:850268-852322   -            685 27209at4891          -            456   0.00093   15.3   0.0   2   2   0.00044     0.025   10.6   0.0   304   375    58   127    43   160 0.83 -
C0000000002_ptg000002l:370765-372369   -            535 27209at4891          -            456   0.00097   15.2   4.5   1   2      0.33        18    1.1   0.1   243   298   146   200    93   207 0.80 -
C0000000002_ptg000002l:370765-372369   -            535 27209at4891          -            456   0.00097   15.2   4.5   2   2   0.00044     0.025   10.6   1.8   305   365   333   391   214   440 0.81 -
C0000000007_ptg000007l:535847-536884   -            346 27209at4891          -            456    0.0024   13.9   0.3   1   2    0.0031      0.18    7.8   0.0   218   252    50    83    17    93 0.81 -
C0000000007_ptg000007l:535847-536884   -            346 27209at4891          -            456    0.0024   13.9   0.3   2   2     0.036         2    4.3   0.1   305   351   169   215   156   238 0.80 -
C0000000005_ptg000005l:522101-523066   -            322 27209at4891          -            456    0.0039   13.2  17.6   1   4      0.11       5.9    2.7   0.0   252   289     6    42     2    50 0.86 -
C0000000005_ptg000005l:522101-523066   -            322 27209at4891          -            456    0.0039   13.2  17.6   2   4    0.0019      0.11    8.5   3.4   216   284    51   132    45   157 0.75 -
C0000000005_ptg000005l:522101-523066   -            322 27209at4891          -            456    0.0039   13.2  17.6   3   4     0.013      0.76    5.7   4.2   233   299   162   239   144   245 0.77 -
C0000000005_ptg000005l:522101-523066   -            322 27209at4891          -            456    0.0039   13.2  17.6   4   4      0.04       2.3    4.1   0.6   219   250   193   225   184   274 0.71 -
C0000000007_ptg000007l:423728-425572   -            615 27209at4891          -            456    0.0047   13.0   6.1   1   3    0.0059      0.33    6.9   0.1   271   345   267   353   258   361 0.59 -
C0000000007_ptg000007l:423728-425572   -            615 27209at4891          -            456    0.0047   13.0   6.1   2   3         2   1.1e+02   -1.4   0.2   212   268   364   418   354   433 0.73 -
C0000000007_ptg000007l:423728-425572   -            615 27209at4891          -            456    0.0047   13.0   6.1   3   3     0.017      0.94    5.4   0.1   300   361   549   611   514   613 0.77 -
C0000000003_ptg000003l:737369-740404   -           1012 27209at4891          -            456    0.0081   12.2   9.8   1   4   0.00016    0.0091   12.0   3.1   219   338   178   288   165   294 0.71 -
C0000000003_ptg000003l:737369-740404   -           1012 27209at4891          -            456    0.0081   12.2   9.8   2   4      0.28        16    1.3   0.0   289   361   667   738   603   758 0.74 -
C0000000003_ptg000003l:737369-740404   -           1012 27209at4891          -            456    0.0081   12.2   9.8   3   4       5.5   3.1e+02   -2.9   0.0   235   251   781   797   775   805 0.77 -
C0000000003_ptg000003l:737369-740404   -           1012 27209at4891          -            456    0.0081   12.2   9.8   4   4       1.3        74   -0.9   0.0   261   292   891   922   880   939 0.81 -
C0000000001_ptg000001l:75048-76022     -            325 27209at4891          -            456     0.016   11.2   0.2   1   2       5.5   3.1e+02   -2.9   0.0   222   258    91   123    77   137 0.66 -
C0000000001_ptg000001l:75048-76022     -            325 27209at4891          -            456     0.016   11.2   0.2   2   2   0.00066     0.037   10.0   0.1   309   405   220   316   214   324 0.78 -
#
# Program:         hmmsearch
# Version:         3.1b2 (February 2015)
# Pipeline mode:   SEARCH
# Query file:      /home/deepseq/tool/BUSCO_v5/saccharomycetes_odb10/hmms/27209at4891.hmm
# Target file:     /var/www/gvolante/request/project/202302230949-GVF6W5EPF13MH478/202302230949-GVF6W5EPF13MH478_busco/run_saccharomycetes_odb10/metaeuk_output/initial_results/SRR13577846.fa.ca.modified.fas
# Option settings: hmmsearch --domtblout /var/www/gvolante/request/project/202302230949-GVF6W5EPF13MH478/202302230949-GVF6W5EPF13MH478_busco/run_saccharomycetes_odb10/hmmer_output/initial_run_results/27209at4891.out --cpu 1 /home/deepseq/tool/BUSCO_v5/saccharomycetes_odb10/hmms/27209at4891.hmm /var/www/gvolante/request/project/202302230949-GVF6W5EPF13MH478/202302230949-GVF6W5EPF13MH478_busco/run_saccharomycetes_odb10/metaeuk_output/initial_results/SRR13577846.fa.ca.modified.fas 
# Current dir:     /var/www/gvolante/request/project/202302230949-GVF6W5EPF13MH478
# Date:            Thu Feb 23 09:51:07 2023
# [ok]
