#                                                                                            --- full sequence --- -------------- this domain -------------   hmm coord   ali coord   env coord
# target name                        accession   tlen query name           accession   qlen   E-value  score  bias   #  of  c-Evalue  i-Evalue  score  bias  from    to  from    to  from    to  acc description of target
#                ------------------- ---------- ----- -------------------- ---------- ----- --------- ------ ----- --- --- --------- --------- ------ ----- ----- ----- ----- ----- ----- ----- ---- ---------------------
C0000000014_ptg000014l:202594-203391 -            266 27851at4891          -            152   7.8e-82  269.8   0.3   1   1   2.7e-84   1.2e-81  269.2   0.3     5   147   100   250    96   254 0.95 -
C0000000014_ptg000014l:260127-260693 -            189 27851at4891          -            152     8e-29   97.7   0.0   1   1   2.4e-31   1.1e-28   97.3   0.0     7   150     4   157     1   159 0.86 -
C0000000014_ptg000014l:338711-339343 -            211 27851at4891          -            152   4.6e-27   92.0   0.0   1   1     2e-29   8.7e-27   91.1   0.0     7   148    41   194    36   197 0.86 -
C0000000005_ptg000005l:935610-936278 -            223 27851at4891          -            152     8e-19   65.3   1.3   1   1   5.6e-20   2.5e-17   60.4   1.3     8   150     4   166     2   168 0.82 -
C0000000010_ptg000010l:45586-46209   -            208 27851at4891          -            152   1.6e-13   48.0   0.6   1   2   1.5e-06   0.00067   16.8   0.0     8    45     3    40     1    91 0.79 -
C0000000010_ptg000010l:45586-46209   -            208 27851at4891          -            152   1.6e-13   48.0   0.6   2   2   1.4e-10   6.4e-08   29.9   0.1    68   147   129   203   120   207 0.86 -
C0000000001_ptg000001l:60838-62490   -            551 27851at4891          -            152     0.011   12.9   0.1   1   1   5.4e-05     0.024   11.8   0.1    32   109   217   296   201   303 0.69 -
#
# Program:         hmmsearch
# Version:         3.1b2 (February 2015)
# Pipeline mode:   SEARCH
# Query file:      /home/deepseq/tool/BUSCO_v5/saccharomycetes_odb10/hmms/27851at4891.hmm
# Target file:     /var/www/gvolante/request/project/202302230949-GVF6W5EPF13MH478/202302230949-GVF6W5EPF13MH478_busco/run_saccharomycetes_odb10/metaeuk_output/initial_results/SRR13577846.fa.ca.modified.fas
# Option settings: hmmsearch --domtblout /var/www/gvolante/request/project/202302230949-GVF6W5EPF13MH478/202302230949-GVF6W5EPF13MH478_busco/run_saccharomycetes_odb10/hmmer_output/initial_run_results/27851at4891.out --cpu 1 /home/deepseq/tool/BUSCO_v5/saccharomycetes_odb10/hmms/27851at4891.hmm /var/www/gvolante/request/project/202302230949-GVF6W5EPF13MH478/202302230949-GVF6W5EPF13MH478_busco/run_saccharomycetes_odb10/metaeuk_output/initial_results/SRR13577846.fa.ca.modified.fas 
# Current dir:     /var/www/gvolante/request/project/202302230949-GVF6W5EPF13MH478
# Date:            Thu Feb 23 09:51:08 2023
# [ok]
