#                                                                                              --- full sequence --- -------------- this domain -------------   hmm coord   ali coord   env coord
# target name                          accession   tlen query name           accession   qlen   E-value  score  bias   #  of  c-Evalue  i-Evalue  score  bias  from    to  from    to  from    to  acc description of target
#                  ------------------- ---------- ----- -------------------- ---------- ----- --------- ------ ----- --- --- --------- --------- ------ ----- ----- ----- ----- ----- ----- ----- ---- ---------------------
C0000000008_ptg000008l:289470-290711   -            414 28029at4891          -            157   2.8e-74  245.5   0.0   1   1   3.8e-76   5.3e-74  244.6   0.0     1   157   166   346   166   346 0.92 -
C0000000009_ptg000009l:505124-506842   -            573 28029at4891          -            157   1.7e-35  119.5   1.7   1   3   2.9e-07   4.1e-05   20.7   0.0    81   151    31   108     7   115 0.76 -
C0000000009_ptg000009l:505124-506842   -            573 28029at4891          -            157   1.7e-35  119.5   1.7   2   3   5.5e-18   7.7e-16   55.6   0.2     4   147   127   284   124   291 0.81 -
C0000000009_ptg000009l:505124-506842   -            573 28029at4891          -            157   1.7e-35  119.5   1.7   3   3   2.1e-13     3e-11   40.7   0.0     4    84   323   411   320   419 0.87 -
C0000000014_ptg000014l:469341-470492   -            384 28029at4891          -            157   8.7e-21   71.7   1.9   1   4    0.0044      0.62    7.2   0.1    83   107   102   126    62   140 0.70 -
C0000000014_ptg000014l:469341-470492   -            384 28029at4891          -            157   8.7e-21   71.7   1.9   2   4    0.0013      0.18    9.0   0.0   109   141   151   184   136   203 0.73 -
C0000000014_ptg000014l:469341-470492   -            384 28029at4891          -            157   8.7e-21   71.7   1.9   3   4   2.8e-13   3.9e-11   40.3   0.1    39   148   163   288   160   300 0.74 -
C0000000014_ptg000014l:469341-470492   -            384 28029at4891          -            157   8.7e-21   71.7   1.9   4   4   8.4e-12   1.2e-09   35.5   0.1     4    86   222   315   219   333 0.76 -
C0000000003_ptg000003l:187951-190611   -            887 28029at4891          -            157   5.3e-19   65.9   4.7   1   6     0.024       3.4    4.8   0.0   117   149    53    84    38    97 0.74 -
C0000000003_ptg000003l:187951-190611   -            887 28029at4891          -            157   5.3e-19   65.9   4.7   2   6       9.5   1.3e+03   -3.7   0.0    12    29   174   191   171   198 0.77 -
C0000000003_ptg000003l:187951-190611   -            887 28029at4891          -            157   5.3e-19   65.9   4.7   3   6   6.9e-05    0.0096   13.1   0.0   103   151   367   415   329   420 0.79 -
C0000000003_ptg000003l:187951-190611   -            887 28029at4891          -            157   5.3e-19   65.9   4.7   4   6      0.46        65    0.6   0.0    88   143   532   588   514   596 0.70 -
C0000000003_ptg000003l:187951-190611   -            887 28029at4891          -            157   5.3e-19   65.9   4.7   5   6   1.7e-05    0.0023   15.0   0.2    83   148   658   735   618   735 0.66 -
C0000000003_ptg000003l:187951-190611   -            887 28029at4891          -            157   5.3e-19   65.9   4.7   6   6   4.8e-14   6.7e-12   42.8   0.3     4   147   664   828   661   837 0.77 -
C0000000014_ptg000014l:173680-175008   -            443 28029at4891          -            157   3.5e-16   56.7   0.5   1   3   1.5e-05    0.0021   15.2   0.0     4    68    67   134    62   153 0.69 -
C0000000014_ptg000014l:173680-175008   -            443 28029at4891          -            157   3.5e-16   56.7   0.5   2   3   1.4e-12     2e-10   38.0   0.1     4    78   154   237   150   275 0.82 -
C0000000014_ptg000014l:173680-175008   -            443 28029at4891          -            157   3.5e-16   56.7   0.5   3   3       1.6   2.2e+02   -1.1   0.0    88   142   332   387   322   395 0.77 -
C0000000003_ptg000003l:467911-469917   -            669 28029at4891          -            157   8.3e-16   55.5   7.1   1   4   4.9e-10   6.8e-08   29.8   0.3     2    87     9   101     8   117 0.82 -
C0000000003_ptg000003l:467911-469917   -            669 28029at4891          -            157   8.3e-16   55.5   7.1   2   4   0.00013     0.018   12.1   0.0     6    77   134   213   130   225 0.72 -
C0000000003_ptg000003l:467911-469917   -            669 28029at4891          -            157   8.3e-16   55.5   7.1   3   4      0.32        45    1.1   0.1    78   106   264   292   225   334 0.52 -
C0000000003_ptg000003l:467911-469917   -            669 28029at4891          -            157   8.3e-16   55.5   7.1   4   4   6.5e-05     0.009   13.1   0.0    16    51   508   547   503   564 0.77 -
C0000000011_ptg000011l:89242-89874     -            211 28029at4891          -            157   2.5e-13   47.4   1.6   1   2   8.2e-12   1.1e-09   35.6   0.2     5   134     1   136     1   138 0.73 -
C0000000011_ptg000011l:89242-89874     -            211 28029at4891          -            157   2.5e-13   47.4   1.6   2   2     2e-06   0.00028   18.1   0.1     4    76    84   162    80   174 0.71 -
C0000000015_ptg000015l:278923-280143   -            407 28029at4891          -            157   5.1e-12   43.2   0.1   1   3   3.8e-07   5.4e-05   20.4   0.0    40   148   102   228    93   232 0.65 -
C0000000015_ptg000015l:278923-280143   -            407 28029at4891          -            157   5.1e-12   43.2   0.1   2   3   9.7e-08   1.4e-05   22.3   0.0     3    91   160   258   158   268 0.78 -
C0000000015_ptg000015l:278923-280143   -            407 28029at4891          -            157   5.1e-12   43.2   0.1   3   3   0.00013     0.018   12.2   0.0    86   148   308   371   295   382 0.73 -
C0000000001_ptg000001l:69617-70723     -            369 28029at4891          -            157   4.1e-11   40.2   1.1   1   3   6.5e-08   9.1e-06   22.9   0.0     5   114     1   123     1   158 0.72 -
C0000000001_ptg000001l:69617-70723     -            369 28029at4891          -            157   4.1e-11   40.2   1.1   2   3     0.023       3.2    4.8   0.1    81   143   204   271   174   276 0.66 -
C0000000001_ptg000001l:69617-70723     -            369 28029at4891          -            157   4.1e-11   40.2   1.1   3   3   0.00023     0.033   11.3   0.1    50   144   264   364   256   368 0.71 -
C0000000002_ptg000002l:165019-165951   -            311 28029at4891          -            157   1.4e-09   35.3   0.0   1   2   4.1e-09   5.8e-07   26.8   0.0    84   157    59   143    51   143 0.79 -
C0000000002_ptg000002l:165019-165951   -            311 28029at4891          -            157   1.4e-09   35.3   0.0   2   2    0.0094       1.3    6.1   0.0    87   147   230   291   211   304 0.68 -
C0000000008_ptg000008l:101332-102666   -            445 28029at4891          -            157   1.5e-08   31.9   0.1   1   4   3.6e-06   0.00051   17.2   0.0     5    99     3   112     1   180 0.80 -
C0000000008_ptg000008l:101332-102666   -            445 28029at4891          -            157   1.5e-08   31.9   0.1   2   4     0.006      0.84    6.7   0.0   116   145   181   210   130   217 0.81 -
C0000000008_ptg000008l:101332-102666   -            445 28029at4891          -            157   1.5e-08   31.9   0.1   3   4       3.5   4.9e+02   -2.2   0.0    11    36   356   381   346   388 0.54 -
C0000000008_ptg000008l:101332-102666   -            445 28029at4891          -            157   1.5e-08   31.9   0.1   4   4     0.061       8.5    3.5   0.0    40   142   405   426   398   440 0.58 -
C0000000010_ptg000010l:240612-241187   -            192 28029at4891          -            157   1.7e-08   31.8   0.1   1   1   2.6e-10   3.6e-08   30.7   0.1     3   150    20   185    18   189 0.80 -
C0000000015_ptg000015l:131641-132774   -            378 28029at4891          -            157   8.3e-08   29.5   0.8   1   3     3e-06   0.00042   17.5   0.0     4    57     2    58     1    78 0.86 -
C0000000015_ptg000015l:131641-132774   -            378 28029at4891          -            157   8.3e-08   29.5   0.8   2   3      0.01       1.4    6.0   0.1    84   146   199   266   133   276 0.78 -
C0000000015_ptg000015l:131641-132774   -            378 28029at4891          -            157   8.3e-08   29.5   0.8   3   3       0.1        15    2.7   0.0    88   107   292   311   280   356 0.85 -
C0000000011_ptg000011l:246259-247635   -            459 28029at4891          -            157   2.6e-06   24.6   0.0   1   2       1.6   2.2e+02   -1.1   0.0     3    22   148   168   124   184 0.67 -
C0000000011_ptg000011l:246259-247635   -            459 28029at4891          -            157   2.6e-06   24.6   0.0   2   2   1.1e-07   1.6e-05   22.1   0.0    88   139   279   337   262   346 0.84 -
C0000000008_ptg000008l:685781-686662   -            294 28029at4891          -            157   3.7e-06   24.1   0.0   1   1   4.8e-08   6.7e-06   23.3   0.0    84   150    14    87     4   114 0.86 -
C0000000011_ptg000011l:1010833-1012974 -            714 28029at4891          -            157     8e-05   19.8   0.0   1   1   1.1e-06   0.00015   18.9   0.0   103   150    58   105    41   110 0.92 -
C0000000016_ptg000016l:81110-81493     -            128 28029at4891          -            157   0.00031   17.9   0.0   1   1   5.3e-06   0.00074   16.7   0.0     3    77    28   111    26   122 0.65 -
C0000000005_ptg000005l:200464-201279   -            272 28029at4891          -            157    0.0021   15.2   0.0   1   1   2.5e-05    0.0035   14.5   0.0   109   157   219   270   178   270 0.81 -
C0000000014_ptg000014l:359564-360085   -            174 28029at4891          -            157    0.0036   14.4   0.0   1   1   4.2e-05    0.0058   13.8   0.0   103   144    67   108    25   122 0.78 -
#
# Program:         hmmsearch
# Version:         3.1b2 (February 2015)
# Pipeline mode:   SEARCH
# Query file:      /home/deepseq/tool/BUSCO_v5/saccharomycetes_odb10/hmms/28029at4891.hmm
# Target file:     /var/www/gvolante/request/project/202302230949-GVF6W5EPF13MH478/202302230949-GVF6W5EPF13MH478_busco/run_saccharomycetes_odb10/metaeuk_output/initial_results/SRR13577846.fa.ca.modified.fas
# Option settings: hmmsearch --domtblout /var/www/gvolante/request/project/202302230949-GVF6W5EPF13MH478/202302230949-GVF6W5EPF13MH478_busco/run_saccharomycetes_odb10/hmmer_output/initial_run_results/28029at4891.out --cpu 1 /home/deepseq/tool/BUSCO_v5/saccharomycetes_odb10/hmms/28029at4891.hmm /var/www/gvolante/request/project/202302230949-GVF6W5EPF13MH478/202302230949-GVF6W5EPF13MH478_busco/run_saccharomycetes_odb10/metaeuk_output/initial_results/SRR13577846.fa.ca.modified.fas 
# Current dir:     /var/www/gvolante/request/project/202302230949-GVF6W5EPF13MH478
# Date:            Thu Feb 23 09:51:10 2023
# [ok]
