#                                                                                            --- full sequence --- -------------- this domain -------------   hmm coord   ali coord   env coord
# target name                        accession   tlen query name           accession   qlen   E-value  score  bias   #  of  c-Evalue  i-Evalue  score  bias  from    to  from    to  from    to  acc description of target
#                ------------------- ---------- ----- -------------------- ---------- ----- --------- ------ ----- --- --- --------- --------- ------ ----- ----- ----- ----- ----- ----- ----- ---- ---------------------
C0000000005_ptg000005l:743599-744729 -            377 28849at4891          -            297   3.7e-99  328.8   6.7   1   1  5.9e-101   3.9e-98  325.5   6.7     4   266    12   300     7   330 0.83 -
C0000000002_ptg000002l:738302-740518 -            739 28849at4891          -            297    0.0025   14.2   0.4   1   4     0.034        22    1.2   0.0   190   222   455   487   434   511 0.80 -
C0000000002_ptg000002l:738302-740518 -            739 28849at4891          -            297    0.0025   14.2   0.4   2   4     0.003         2    4.7   0.0   128   170   507   549   491   553 0.87 -
C0000000002_ptg000002l:738302-740518 -            739 28849at4891          -            297    0.0025   14.2   0.4   3   4      0.14        93   -0.8   0.0    11    74   604   665   594   671 0.60 -
C0000000002_ptg000002l:738302-740518 -            739 28849at4891          -            297    0.0025   14.2   0.4   4   4      0.02        13    2.0   0.0    11    63   672   725   667   728 0.91 -
C0000000015_ptg000015l:343095-345008 -            638 28849at4891          -            297    0.0036   13.7   2.0   1   5      0.01       6.7    3.0   0.0    10    61   140   192   134   197 0.81 -
C0000000015_ptg000015l:343095-345008 -            638 28849at4891          -            297    0.0036   13.7   2.0   2   5      0.26   1.7e+02   -1.7   0.0    34    61   382   409   358   425 0.74 -
C0000000015_ptg000015l:343095-345008 -            638 28849at4891          -            297    0.0036   13.7   2.0   3   5      0.23   1.5e+02   -1.5   0.0   130   169   399   438   388   463 0.67 -
C0000000015_ptg000015l:343095-345008 -            638 28849at4891          -            297    0.0036   13.7   2.0   4   5   0.00055      0.37    7.1   0.0    38    63   538   563   521   572 0.88 -
C0000000015_ptg000015l:343095-345008 -            638 28849at4891          -            297    0.0036   13.7   2.0   5   5    0.0011      0.71    6.2   0.1    41   143   541   564   540   616 0.66 -
C0000000014_ptg000014l:377343-379211 -            623 28849at4891          -            297     0.019   11.3  12.1   1   5      0.11        75   -0.5   0.1     9    61   118   170   113   173 0.89 -
C0000000014_ptg000014l:377343-379211 -            623 28849at4891          -            297     0.019   11.3  12.1   2   5     0.035        23    1.2   0.1   154   184   300   330   285   339 0.85 -
C0000000014_ptg000014l:377343-379211 -            623 28849at4891          -            297     0.019   11.3  12.1   3   5    0.0073       4.9    3.4   0.0    40   151   380   412   349   435 0.58 -
C0000000014_ptg000014l:377343-379211 -            623 28849at4891          -            297     0.019   11.3  12.1   4   5     0.022        15    1.9   0.1     8    61   449   503   442   508 0.86 -
C0000000014_ptg000014l:377343-379211 -            623 28849at4891          -            297     0.019   11.3  12.1   5   5   0.00028      0.18    8.1   0.4   128   187   534   593   525   601 0.89 -
#
# Program:         hmmsearch
# Version:         3.1b2 (February 2015)
# Pipeline mode:   SEARCH
# Query file:      /home/deepseq/tool/BUSCO_v5/saccharomycetes_odb10/hmms/28849at4891.hmm
# Target file:     /var/www/gvolante/request/project/202302230949-GVF6W5EPF13MH478/202302230949-GVF6W5EPF13MH478_busco/run_saccharomycetes_odb10/metaeuk_output/initial_results/SRR13577846.fa.ca.modified.fas
# Option settings: hmmsearch --domtblout /var/www/gvolante/request/project/202302230949-GVF6W5EPF13MH478/202302230949-GVF6W5EPF13MH478_busco/run_saccharomycetes_odb10/hmmer_output/initial_run_results/28849at4891.out --cpu 1 /home/deepseq/tool/BUSCO_v5/saccharomycetes_odb10/hmms/28849at4891.hmm /var/www/gvolante/request/project/202302230949-GVF6W5EPF13MH478/202302230949-GVF6W5EPF13MH478_busco/run_saccharomycetes_odb10/metaeuk_output/initial_results/SRR13577846.fa.ca.modified.fas 
# Current dir:     /var/www/gvolante/request/project/202302230949-GVF6W5EPF13MH478
# Date:            Thu Feb 23 09:51:08 2023
# [ok]
