#                                                                                              --- full sequence --- -------------- this domain -------------   hmm coord   ali coord   env coord
# target name                          accession   tlen query name           accession   qlen   E-value  score  bias   #  of  c-Evalue  i-Evalue  score  bias  from    to  from    to  from    to  acc description of target
#                  ------------------- ---------- ----- -------------------- ---------- ----- --------- ------ ----- --- --- --------- --------- ------ ----- ----- ----- ----- ----- ----- ----- ---- ---------------------
C0000000016_ptg000016l:348187-349101   -            305 28982at4891          -            197   1.8e-73  243.9  11.9   1   5   4.8e-13   3.6e-11   40.5   0.1     1    32     4    35     4    42 0.93 -
C0000000016_ptg000016l:348187-349101   -            305 28982at4891          -            197   1.8e-73  243.9  11.9   2   5   8.9e-12   6.7e-10   36.4   0.1    30    63    63    96    61   104 0.91 -
C0000000016_ptg000016l:348187-349101   -            305 28982at4891          -            197   1.8e-73  243.9  11.9   3   5   8.8e-32   6.6e-30  101.7   0.2    61   139   118   202   113   210 0.92 -
C0000000016_ptg000016l:348187-349101   -            305 28982at4891          -            197   1.8e-73  243.9  11.9   4   5   1.5e-08   1.2e-06   25.9   0.0   136   169   220   253   206   259 0.85 -
C0000000016_ptg000016l:348187-349101   -            305 28982at4891          -            197   1.8e-73  243.9  11.9   5   5   3.5e-14   2.7e-12   44.2   0.0   160   197   266   303   256   303 0.84 -
C0000000016_ptg000016l:101226-102230   -            335 28982at4891          -            197   2.4e-44  148.8   3.2   1   5   0.00013    0.0097   13.0   0.0     3    31    47    75    45    94 0.73 -
C0000000016_ptg000016l:101226-102230   -            335 28982at4891          -            197   2.4e-44  148.8   3.2   2   5   1.5e-06   0.00012   19.3   0.0    86   139    77   131    74   137 0.84 -
C0000000016_ptg000016l:101226-102230   -            335 28982at4891          -            197   2.4e-44  148.8   3.2   3   5   7.5e-28   5.7e-26   88.9   0.0    33   148   104   237    97   246 0.84 -
C0000000016_ptg000016l:101226-102230   -            335 28982at4891          -            197   2.4e-44  148.8   3.2   4   5   2.2e-06   0.00017   18.8   0.2   140   185   249   294   242   297 0.84 -
C0000000016_ptg000016l:101226-102230   -            335 28982at4891          -            197   2.4e-44  148.8   3.2   5   5   2.9e-08   2.2e-06   24.9   0.0   164   196   297   329   286   330 0.85 -
C0000000009_ptg000009l:145631-146521   -            297 28982at4891          -            197   1.6e-41  139.6   8.1   1   4     4e-09   3.1e-07   27.7   0.1    68   139    11    93     9   103 0.80 -
C0000000009_ptg000009l:145631-146521   -            297 28982at4891          -            197   1.6e-41  139.6   8.1   2   4   3.5e-22   2.6e-20   70.4   0.2    67   143   110   194   102   213 0.88 -
C0000000009_ptg000009l:145631-146521   -            297 28982at4891          -            197   1.6e-41  139.6   8.1   3   4   3.7e-06   0.00028   18.1   0.3   140   179   214   253   201   261 0.83 -
C0000000009_ptg000009l:145631-146521   -            297 28982at4891          -            197   1.6e-41  139.6   8.1   4   4   3.3e-08   2.5e-06   24.8   0.1   155   196   253   294   246   295 0.88 -
C0000000002_ptg000002l:211295-212425   -            377 28982at4891          -            197   3.2e-34  115.8   2.3   1   4   5.6e-05    0.0042   14.2   0.0     4    43    56    97    54   118 0.85 -
C0000000002_ptg000002l:211295-212425   -            377 28982at4891          -            197   3.2e-34  115.8   2.3   2   4   2.2e-06   0.00016   18.8   0.0    98   139   119   161   101   170 0.64 -
C0000000002_ptg000002l:211295-212425   -            377 28982at4891          -            197   3.2e-34  115.8   2.3   3   4   3.9e-18   2.9e-16   57.2   0.1    61   143   174   264   161   271 0.82 -
C0000000002_ptg000002l:211295-212425   -            377 28982at4891          -            197   3.2e-34  115.8   2.3   4   4     0.007      0.53    7.4   0.0   144   167   296   319   289   339 0.80 -
C0000000008_ptg000008l:419567-420493   -            309 28982at4891          -            197   7.4e-32  108.1   6.5   1   5   4.1e-05    0.0031   14.6   0.1     3    31    14    42    12    49 0.91 -
C0000000008_ptg000008l:419567-420493   -            309 28982at4891          -            197   7.4e-32  108.1   6.5   2   5   8.4e-08   6.4e-06   23.4   0.0    97   139    53    96    47   104 0.88 -
C0000000008_ptg000008l:419567-420493   -            309 28982at4891          -            197   7.4e-32  108.1   6.5   3   5   1.2e-14   9.2e-13   45.7   0.1    64   151   109   200   103   210 0.86 -
C0000000008_ptg000008l:419567-420493   -            309 28982at4891          -            197   7.4e-32  108.1   6.5   4   5     0.004      0.31    8.1   0.0     6    33   213   240   208   260 0.89 -
C0000000008_ptg000008l:419567-420493   -            309 28982at4891          -            197   7.4e-32  108.1   6.5   5   5   1.4e-05     0.001   16.2   0.0   158   195   267   302   245   304 0.89 -
C0000000003_ptg000003l:336514-339216   -            901 28982at4891          -            197   5.8e-31  105.1   0.1   1   4   1.8e-11   1.4e-09   35.4   0.0    52   139   521   612   507   623 0.82 -
C0000000003_ptg000003l:336514-339216   -            901 28982at4891          -            197   5.8e-31  105.1   0.1   2   4   5.6e-07   4.3e-05   20.7   0.0     3    34   627   658   625   664 0.91 -
C0000000003_ptg000003l:336514-339216   -            901 28982at4891          -            197   5.8e-31  105.1   0.1   3   4    0.0002     0.015   12.4   0.0   165   196   677   708   669   709 0.85 -
C0000000003_ptg000003l:336514-339216   -            901 28982at4891          -            197   5.8e-31  105.1   0.1   4   4   6.3e-10   4.8e-08   30.4   0.0    62   139   727   811   720   820 0.81 -
C0000000003_ptg000003l:355829-356806   -            326 28982at4891          -            197   6.2e-27   92.0   0.5   1   5     0.014       1.1    6.4   0.0     4    33    26    55    23    66 0.80 -
C0000000003_ptg000003l:355829-356806   -            326 28982at4891          -            197   6.2e-27   92.0   0.5   2   5   0.00042     0.031   11.4   0.0     4    31   126   153   123   161 0.86 -
C0000000003_ptg000003l:355829-356806   -            326 28982at4891          -            197   6.2e-27   92.0   0.5   3   5   9.3e-05    0.0071   13.5   0.0   166   196   187   217   175   218 0.87 -
C0000000003_ptg000003l:355829-356806   -            326 28982at4891          -            197   6.2e-27   92.0   0.5   4   5    0.0031      0.23    8.5   0.0   138   167   235   264   219   268 0.85 -
C0000000003_ptg000003l:355829-356806   -            326 28982at4891          -            197   6.2e-27   92.0   0.5   5   5   2.5e-09   1.9e-07   28.4   0.0   159   195   283   319   272   321 0.87 -
C0000000006_ptg000006l:135950-136909   -            320 28982at4891          -            197   1.1e-26   91.2   5.6   1   6   8.4e-07   6.3e-05   20.2   0.0     3    33    11    41     9    49 0.91 -
C0000000006_ptg000006l:135950-136909   -            320 28982at4891          -            197   1.1e-26   91.2   5.6   2   6   9.3e-05     0.007   13.5   0.0   102   140    57    96    40   112 0.68 -
C0000000006_ptg000006l:135950-136909   -            320 28982at4891          -            197   1.1e-26   91.2   5.6   3   6   0.00047     0.036   11.2   0.1     4    30   112   139   109   143 0.84 -
C0000000006_ptg000006l:135950-136909   -            320 28982at4891          -            197   1.1e-26   91.2   5.6   4   6   4.2e-05    0.0032   14.6   0.0    94   143   152   202   149   210 0.80 -
C0000000006_ptg000006l:135950-136909   -            320 28982at4891          -            197   1.1e-26   91.2   5.6   5   6     0.012      0.93    6.6   0.0     6    30   218   242   214   249 0.88 -
C0000000006_ptg000006l:135950-136909   -            320 28982at4891          -            197   1.1e-26   91.2   5.6   6   6   1.1e-07   8.4e-06   23.0   0.0   157   196   262   299   244   300 0.82 -
C0000000014_ptg000014l:152116-152928   -            271 28982at4891          -            197   4.3e-26   89.3   2.4   1   4   3.6e-09   2.7e-07   27.9   0.0     4    64     7    76     5    91 0.81 -
C0000000014_ptg000014l:152116-152928   -            271 28982at4891          -            197   4.3e-26   89.3   2.4   2   4   0.00035     0.027   11.6   0.0    57   116    88   147    80   149 0.88 -
C0000000014_ptg000014l:152116-152928   -            271 28982at4891          -            197   4.3e-26   89.3   2.4   3   4   3.9e-06   0.00029   18.0   0.0   168   196   147   175   142   176 0.92 -
C0000000014_ptg000014l:152116-152928   -            271 28982at4891          -            197   4.3e-26   89.3   2.4   4   4   6.1e-10   4.6e-08   30.4   0.1    68   139   195   268   189   271 0.86 -
C0000000017_ptg000017l:455481-456446   -            322 28982at4891          -            197   5.4e-26   88.9   4.8   1   4   3.2e-05    0.0025   15.0   0.0     4    33    24    53    22    58 0.88 -
C0000000017_ptg000017l:455481-456446   -            322 28982at4891          -            197   5.4e-26   88.9   4.8   2   4    0.0047      0.36    7.9   0.0    92   136    59   104    53   113 0.77 -
C0000000017_ptg000017l:455481-456446   -            322 28982at4891          -            197   5.4e-26   88.9   4.8   3   4   1.4e-11   1.1e-09   35.7   0.1    65   140   129   215   120   225 0.84 -
C0000000017_ptg000017l:455481-456446   -            322 28982at4891          -            197   5.4e-26   88.9   4.8   4   4   1.2e-09   9.1e-08   29.4   0.1    64   149   229   319   220   321 0.86 -
C0000000011_ptg000011l:753791-754669   -            293 28982at4891          -            197   4.4e-24   82.7   0.5   1   4   2.2e-05    0.0017   15.5   0.0     4    31    16    43    14    49 0.92 -
C0000000011_ptg000011l:753791-754669   -            293 28982at4891          -            197   4.4e-24   82.7   0.5   2   4   3.3e-05    0.0025   15.0   0.0    94   139    58   104    53   117 0.87 -
C0000000011_ptg000011l:753791-754669   -            293 28982at4891          -            197   4.4e-24   82.7   0.5   3   4   1.7e-05    0.0013   15.9   0.0     3    37   121   155   118   157 0.93 -
C0000000011_ptg000011l:753791-754669   -            293 28982at4891          -            197   4.4e-24   82.7   0.5   4   4     3e-09   2.3e-07   28.1   0.1    29   128   167   285   156   293 0.69 -
C0000000002_ptg000002l:29706-30533     -            276 28982at4891          -            197   7.1e-24   82.0   0.2   1   3    0.0016      0.12    9.4   0.0     6    35     2    31     1    39 0.89 -
C0000000002_ptg000002l:29706-30533     -            276 28982at4891          -            197   7.1e-24   82.0   0.2   2   3   2.1e-07   1.6e-05   22.1   0.0    27   143    46   185    32   190 0.71 -
C0000000002_ptg000002l:29706-30533     -            276 28982at4891          -            197   7.1e-24   82.0   0.2   3   3   2.9e-14   2.2e-12   44.5   0.1    66   136   202   276   195   276 0.89 -
C0000000013_ptg000013l:361422-362216   -            265 28982at4891          -            197   1.2e-23   81.3   0.6   1   4   1.8e-06   0.00013   19.1   0.0     9    30     3    24     1    29 0.91 -
C0000000013_ptg000013l:361422-362216   -            265 28982at4891          -            197   1.2e-23   81.3   0.6   2   4   9.7e-06   0.00073   16.7   0.0    99   171    33   106    26   116 0.87 -
C0000000013_ptg000013l:361422-362216   -            265 28982at4891          -            197   1.2e-23   81.3   0.6   3   4     3e-05    0.0023   15.1   0.0    94   142   127   177   122   183 0.88 -
C0000000013_ptg000013l:361422-362216   -            265 28982at4891          -            197   1.2e-23   81.3   0.6   4   4   1.4e-08   1.1e-06   26.0   0.0    62   124   188   252   181   263 0.86 -
C0000000006_ptg000006l:591591-592481   -            297 28982at4891          -            197   1.8e-23   80.7   3.9   1   4   2.9e-10   2.2e-08   31.5   0.1    63   141    26   110    16   121 0.83 -
C0000000006_ptg000006l:591591-592481   -            297 28982at4891          -            197   1.8e-23   80.7   3.9   2   4   1.2e-10   8.8e-09   32.8   0.2    43   137    91   198    90   207 0.75 -
C0000000006_ptg000006l:591591-592481   -            297 28982at4891          -            197   1.8e-23   80.7   3.9   3   4    0.0052       0.4    7.8   0.0     4    31   215   242   212   252 0.82 -
C0000000006_ptg000006l:591591-592481   -            297 28982at4891          -            197   1.8e-23   80.7   3.9   4   4   0.00038     0.029   11.5   0.0   164   193   268   297   262   297 0.92 -
C0000000003_ptg000003l:640402-641292   -            297 28982at4891          -            197   1.1e-22   78.1   0.3   1   4   1.6e-05    0.0012   16.0   0.1     5    31    16    42    13    50 0.90 -
C0000000003_ptg000003l:640402-641292   -            297 28982at4891          -            197   1.1e-22   78.1   0.3   2   4   5.1e-06   0.00038   17.6   0.0    88   140    54   107    47   114 0.85 -
C0000000003_ptg000003l:640402-641292   -            297 28982at4891          -            197   1.1e-22   78.1   0.3   3   4   7.7e-06   0.00058   17.0   0.0     4    50   126   171   123   201 0.79 -
C0000000003_ptg000003l:640402-641292   -            297 28982at4891          -            197   1.1e-22   78.1   0.3   4   4   2.3e-07   1.7e-05   22.0   0.0    61   128   214   286   184   297 0.83 -
C0000000017_ptg000017l:140409-141215   -            269 28982at4891          -            197   2.4e-22   77.0   1.3   1   3   1.1e-08   8.1e-07   26.4   0.1    66   143     1    84     1    98 0.82 -
C0000000017_ptg000017l:140409-141215   -            269 28982at4891          -            197   2.4e-22   77.0   1.3   2   3   7.7e-08   5.9e-06   23.5   0.1    64   137    96   170    87   176 0.89 -
C0000000017_ptg000017l:140409-141215   -            269 28982at4891          -            197   2.4e-22   77.0   1.3   3   3   1.5e-05    0.0011   16.1   0.0   164   193   240   269   234   269 0.94 -
C0000000011_ptg000011l:514274-515254   -            327 28982at4891          -            197   2.7e-22   76.8   0.9   1   4   0.00024     0.019   12.1   0.0     3    29    38    64    36    79 0.90 -
C0000000011_ptg000011l:514274-515254   -            327 28982at4891          -            197   2.7e-22   76.8   0.9   2   4   0.00027     0.021   12.0   0.0    99   143    83   128    71   134 0.73 -
C0000000011_ptg000011l:514274-515254   -            327 28982at4891          -            197   2.7e-22   76.8   0.9   3   4   5.7e-09   4.3e-07   27.2   0.1    66   142   145   222   136   226 0.89 -
C0000000011_ptg000011l:514274-515254   -            327 28982at4891          -            197   2.7e-22   76.8   0.9   4   4   5.3e-07     4e-05   20.8   0.0    62   126   239   305   234   320 0.83 -
C0000000005_ptg000005l:1258080-1258979 -            300 28982at4891          -            197   5.2e-22   75.9   1.9   1   3   1.2e-07   9.4e-06   22.9   0.0    64   139     5    78     2    92 0.84 -
C0000000005_ptg000005l:1258080-1258979 -            300 28982at4891          -            197   5.2e-22   75.9   1.9   2   3   1.2e-10     9e-09   32.7   0.0    65   141   113   192    96   205 0.81 -
C0000000005_ptg000005l:1258080-1258979 -            300 28982at4891          -            197   5.2e-22   75.9   1.9   3   3   3.2e-06   0.00024   18.3   0.3    61   138   215   295   208   299 0.82 -
C0000000007_ptg000007l:359457-360305   -            283 28982at4891          -            197   4.3e-21   72.9   0.4   1   3   4.2e-07   3.1e-05   21.2   0.0    85   142    31    89     6    93 0.88 -
C0000000007_ptg000007l:359457-360305   -            283 28982at4891          -            197   4.3e-21   72.9   0.4   2   3   2.5e-07   1.9e-05   21.9   0.0    94   139   144   190   104   201 0.87 -
C0000000007_ptg000007l:359457-360305   -            283 28982at4891          -            197   4.3e-21   72.9   0.4   3   3   4.3e-13   3.3e-11   40.7   0.1    32   138   162   283   149   283 0.78 -
C0000000002_ptg000002l:643769-644647   -            293 28982at4891          -            197   1.8e-20   70.9   0.1   1   3   1.3e-06   9.8e-05   19.6   0.0    85   141    33    90    16    97 0.88 -
C0000000002_ptg000002l:643769-644647   -            293 28982at4891          -            197   1.8e-20   70.9   0.1   2   3   4.7e-08   3.5e-06   24.3   0.0    94   140   145   192    97   204 0.72 -
C0000000002_ptg000002l:643769-644647   -            293 28982at4891          -            197   1.8e-20   70.9   0.1   3   3   1.8e-07   1.3e-05   22.4   0.0    72   141   213   287   195   291 0.79 -
C0000000001_ptg000001l:27928-28815     -            296 28982at4891          -            197     2e-20   70.8   7.2   1   4      0.02       1.5    5.9   0.0     3    31     4    32     2    41 0.78 -
C0000000001_ptg000001l:27928-28815     -            296 28982at4891          -            197     2e-20   70.8   7.2   2   4     0.086       6.6    3.8   0.1    64    94    94   124    85   151 0.83 -
C0000000001_ptg000001l:27928-28815     -            296 28982at4891          -            197     2e-20   70.8   7.2   3   4   7.5e-06   0.00057   17.1   0.1    96   146   158   209   147   217 0.83 -
C0000000001_ptg000001l:27928-28815     -            296 28982at4891          -            197     2e-20   70.8   7.2   4   4   7.9e-15     6e-13   46.4   0.7    68   140   213   294   201   296 0.80 -
C0000000008_ptg000008l:86993-88045     -            351 28982at4891          -            197   2.3e-19   67.3   1.0   1   5    0.0029      0.22    8.6   0.0     9    31    12    34     4    38 0.79 -
C0000000008_ptg000008l:86993-88045     -            351 28982at4891          -            197   2.3e-19   67.3   1.0   2   5   1.7e-06   0.00013   19.2   0.1    92   167    90   180    84   193 0.75 -
C0000000008_ptg000008l:86993-88045     -            351 28982at4891          -            197   2.3e-19   67.3   1.0   3   5     0.013      0.99    6.5   0.0   168   196   211   239   200   240 0.89 -
C0000000008_ptg000008l:86993-88045     -            351 28982at4891          -            197   2.3e-19   67.3   1.0   4   5   0.00071     0.054   10.6   0.0     4    31   263   290   260   295 0.88 -
C0000000008_ptg000008l:86993-88045     -            351 28982at4891          -            197   2.3e-19   67.3   1.0   5   5   0.00011    0.0085   13.2   0.0   164   196   316   348   307   349 0.91 -
C0000000015_ptg000015l:100027-101022   -            332 28982at4891          -            197   2.6e-19   67.1   3.9   1   6    0.0051      0.39    7.8   0.0     6    46    14    54     9    62 0.80 -
C0000000015_ptg000015l:100027-101022   -            332 28982at4891          -            197   2.6e-19   67.1   3.9   2   6   1.4e-05    0.0011   16.2   0.0   166   196    65    95    61    96 0.94 -
C0000000015_ptg000015l:100027-101022   -            332 28982at4891          -            197   2.6e-19   67.1   3.9   3   6   2.2e-05    0.0017   15.5   0.0     4    33   111   140   108   153 0.88 -
C0000000015_ptg000015l:100027-101022   -            332 28982at4891          -            197   2.6e-19   67.1   3.9   4   6      0.23        17    2.4   0.0   167   192   175   200   166   205 0.75 -
C0000000015_ptg000015l:100027-101022   -            332 28982at4891          -            197   2.6e-19   67.1   3.9   5   6    0.0061      0.46    7.6   0.0     3    31   242   270   240   279 0.78 -
C0000000015_ptg000015l:100027-101022   -            332 28982at4891          -            197   2.6e-19   67.1   3.9   6   6   0.00016     0.012   12.7   0.1   165   196   296   327   282   328 0.92 -
C0000000011_ptg000011l:570910-571749   -            280 28982at4891          -            197   6.1e-19   65.9   3.3   1   5   0.00014      0.01   13.0   0.0     3    31     4    32     2    38 0.92 -
C0000000011_ptg000011l:570910-571749   -            280 28982at4891          -            197   6.1e-19   65.9   3.3   2   5     0.022       1.7    5.7   0.0    97   137    39    81    31    93 0.68 -
C0000000011_ptg000011l:570910-571749   -            280 28982at4891          -            197   6.1e-19   65.9   3.3   3   5    0.0003     0.023   11.8   0.0     4    31    99   126    96   131 0.92 -
C0000000011_ptg000011l:570910-571749   -            280 28982at4891          -            197   6.1e-19   65.9   3.3   4   5   0.00073     0.055   10.6   0.0    93   139   135   182   127   188 0.84 -
C0000000011_ptg000011l:570910-571749   -            280 28982at4891          -            197   6.1e-19   65.9   3.3   5   5   2.7e-06   0.00021   18.5   0.0   166   195   248   277   245   279 0.94 -
C0000000007_ptg000007l:571692-572783   -            364 28982at4891          -            197   8.6e-19   65.4   0.9   1   5      0.19        15    2.7   0.0     4    31    54    81    52    92 0.84 -
C0000000007_ptg000007l:571692-572783   -            364 28982at4891          -            197   8.6e-19   65.4   0.9   2   5   0.00014      0.01   13.0   0.1    96   142    88   136    83   179 0.43 -
C0000000007_ptg000007l:571692-572783   -            364 28982at4891          -            197   8.6e-19   65.4   0.9   3   5   6.5e-09   4.9e-07   27.1   0.1    34   140   107   236   105   244 0.79 -
C0000000007_ptg000007l:571692-572783   -            364 28982at4891          -            197   8.6e-19   65.4   0.9   4   5   0.00011    0.0083   13.3   0.0     3    31   256   284   254   294 0.86 -
C0000000007_ptg000007l:571692-572783   -            364 28982at4891          -            197   8.6e-19   65.4   0.9   5   5    0.0004      0.03   11.4   0.0    95   137   310   353   301   361 0.86 -
C0000000003_ptg000003l:265214-266029   -            272 28982at4891          -            197     2e-18   64.2   0.3   1   4     1e-08   7.9e-07   26.4   0.0    69   144     2    79     1    93 0.80 -
C0000000003_ptg000003l:265214-266029   -            272 28982at4891          -            197     2e-18   64.2   0.3   2   4    0.0034      0.26    8.4   0.0    19    58   132   170   121   178 0.85 -
C0000000003_ptg000003l:265214-266029   -            272 28982at4891          -            197     2e-18   64.2   0.3   3   4     0.023       1.7    5.7   0.1     7    29   196   218   190   239 0.66 -
C0000000003_ptg000003l:265214-266029   -            272 28982at4891          -            197     2e-18   64.2   0.3   4   4    0.0014      0.11    9.6   0.0   166   193   243   270   235   272 0.91 -
C0000000006_ptg000006l:168487-169395   -            303 28982at4891          -            197   2.2e-18   64.1   0.2   1   3   3.5e-08   2.7e-06   24.7   0.0    61   139     8    90     3    97 0.80 -
C0000000006_ptg000006l:168487-169395   -            303 28982at4891          -            197   2.2e-18   64.1   0.2   2   3     4e-07     3e-05   21.2   0.0    62   125   107   172    96   189 0.84 -
C0000000006_ptg000006l:168487-169395   -            303 28982at4891          -            197   2.2e-18   64.1   0.2   3   3   4.9e-05    0.0037   14.4   0.1    62   141   206   289   199   295 0.85 -
C0000000002_ptg000002l:401397-402242   -            282 28982at4891          -            197   7.3e-18   62.4   0.5   1   3   9.9e-08   7.5e-06   23.2   0.0    85   142    45   103    12   108 0.88 -
C0000000002_ptg000002l:401397-402242   -            282 28982at4891          -            197   7.3e-18   62.4   0.5   2   3   3.1e-07   2.3e-05   21.6   0.0    94   141   157   205   119   220 0.82 -
C0000000002_ptg000002l:401397-402242   -            282 28982at4891          -            197   7.3e-18   62.4   0.5   3   3   0.00024     0.018   12.2   0.0    73   122   226   280   212   282 0.73 -
C0000000002_ptg000002l:369437-370294   -            286 28982at4891          -            197   9.5e-18   62.0   2.5   1   4   3.6e-08   2.8e-06   24.6   0.1    69   141     2    76     1    90 0.85 -
C0000000002_ptg000002l:369437-370294   -            286 28982at4891          -            197   9.5e-18   62.0   2.5   2   4    0.0017      0.13    9.4   0.0     4    31   107   134   104   140 0.89 -
C0000000002_ptg000002l:369437-370294   -            286 28982at4891          -            197   9.5e-18   62.0   2.5   3   4     0.023       1.8    5.7   0.0    20    58   146   183   142   195 0.73 -
C0000000002_ptg000002l:369437-370294   -            286 28982at4891          -            197   9.5e-18   62.0   2.5   4   4   8.7e-06   0.00066   16.9   0.1    69   125   207   269   201   285 0.74 -
C0000000009_ptg000009l:259597-260451   -            285 28982at4891          -            197   2.1e-17   60.9   6.6   1   4   0.00055     0.042   11.0   0.0     6    35    14    43    10    47 0.87 -
C0000000009_ptg000009l:259597-260451   -            285 28982at4891          -            197   2.1e-17   60.9   6.6   2   4   0.00062     0.047   10.8   0.1    95   144    43    93    40   101 0.87 -
C0000000009_ptg000009l:259597-260451   -            285 28982at4891          -            197   2.1e-17   60.9   6.6   3   4   2.9e-06   0.00022   18.4   0.1    62   137    99   179    86   191 0.73 -
C0000000009_ptg000009l:259597-260451   -            285 28982at4891          -            197   2.1e-17   60.9   6.6   4   4   4.2e-08   3.2e-06   24.4   0.2    60   141   199   283   193   285 0.85 -
C0000000014_ptg000014l:304929-306545   -            539 28982at4891          -            197   3.3e-17   60.3   1.1   1   5       0.4        31    1.6   0.0    65    94   224   253   213   277 0.72 -
C0000000014_ptg000014l:304929-306545   -            539 28982at4891          -            197   3.3e-17   60.3   1.1   2   5    0.0014       0.1    9.7   0.0   164   196   292   324   277   325 0.81 -
C0000000014_ptg000014l:304929-306545   -            539 28982at4891          -            197   3.3e-17   60.3   1.1   3   5   0.00012    0.0088   13.2   0.0    66   140   345   427   334   449 0.74 -
C0000000014_ptg000014l:304929-306545   -            539 28982at4891          -            197   3.3e-17   60.3   1.1   4   5   0.00096     0.073   10.2   0.0   136   180   448   497   436   501 0.72 -
C0000000014_ptg000014l:304929-306545   -            539 28982at4891          -            197   3.3e-17   60.3   1.1   5   5   3.9e-06    0.0003   18.0   0.0   165   197   502   534   493   534 0.87 -
C0000000003_ptg000003l:147851-148522   -            224 28982at4891          -            197   2.3e-15   54.2   6.3   1   3     0.014       1.1    6.4   0.3   106   139     3    37     1    48 0.55 -
C0000000003_ptg000003l:147851-148522   -            224 28982at4891          -            197   2.3e-15   54.2   6.3   2   3   5.3e-08     4e-06   24.1   0.1    63   139    63   144    58   154 0.86 -
C0000000003_ptg000003l:147851-148522   -            224 28982at4891          -            197   2.3e-15   54.2   6.3   3   3   1.2e-08   8.8e-07   26.2   0.2    63   123   161   223   155   224 0.87 -
C0000000007_ptg000007l:730278-731201   -            308 28982at4891          -            197   3.3e-12   43.9   1.2   1   3   4.4e-07   3.3e-05   21.1   0.1    66   121    18    73     8    95 0.82 -
C0000000007_ptg000007l:730278-731201   -            308 28982at4891          -            197   3.3e-12   43.9   1.2   2   3    0.0028      0.21    8.7   0.1    72   120   123   171   102   184 0.79 -
C0000000007_ptg000007l:730278-731201   -            308 28982at4891          -            197   3.3e-12   43.9   1.2   3   3   0.00039     0.029   11.5   0.0    78   139   224   293   209   303 0.71 -
C0000000005_ptg000005l:1401102-1402001 -            300 28982at4891          -            197   4.4e-12   43.5   0.1   1   3      0.14        11    3.1   0.0     8    28    18    38     7    58 0.73 -
C0000000005_ptg000005l:1401102-1402001 -            300 28982at4891          -            197   4.4e-12   43.5   0.1   2   3     0.019       1.4    5.9   0.0    14    38   132   156   120   172 0.80 -
C0000000005_ptg000005l:1401102-1402001 -            300 28982at4891          -            197   4.4e-12   43.5   0.1   3   3     1e-09   7.7e-08   29.7   0.0    55   125   202   276   184   287 0.73 -
C0000000005_ptg000005l:124561-126045   -            495 28982at4891          -            197   5.4e-05   20.4   0.1   1   2      0.08         6    3.9   0.0    94   121   220   247   214   257 0.83 -
C0000000005_ptg000005l:124561-126045   -            495 28982at4891          -            197   5.4e-05   20.4   0.1   2   2     9e-05    0.0068   13.5   0.0    52    99   275   322   257   346 0.81 -
#
# Program:         hmmsearch
# Version:         3.1b2 (February 2015)
# Pipeline mode:   SEARCH
# Query file:      /home/deepseq/tool/BUSCO_v5/saccharomycetes_odb10/hmms/28982at4891.hmm
# Target file:     /var/www/gvolante/request/project/202302230949-GVF6W5EPF13MH478/202302230949-GVF6W5EPF13MH478_busco/run_saccharomycetes_odb10/metaeuk_output/initial_results/SRR13577846.fa.ca.modified.fas
# Option settings: hmmsearch --domtblout /var/www/gvolante/request/project/202302230949-GVF6W5EPF13MH478/202302230949-GVF6W5EPF13MH478_busco/run_saccharomycetes_odb10/hmmer_output/initial_run_results/28982at4891.out --cpu 1 /home/deepseq/tool/BUSCO_v5/saccharomycetes_odb10/hmms/28982at4891.hmm /var/www/gvolante/request/project/202302230949-GVF6W5EPF13MH478/202302230949-GVF6W5EPF13MH478_busco/run_saccharomycetes_odb10/metaeuk_output/initial_results/SRR13577846.fa.ca.modified.fas 
# Current dir:     /var/www/gvolante/request/project/202302230949-GVF6W5EPF13MH478
# Date:            Thu Feb 23 09:51:09 2023
# [ok]
