#                                                                                              --- full sequence --- -------------- this domain -------------   hmm coord   ali coord   env coord
# target name                          accession   tlen query name           accession   qlen   E-value  score  bias   #  of  c-Evalue  i-Evalue  score  bias  from    to  from    to  from    to  acc description of target
#                  ------------------- ---------- ----- -------------------- ---------- ----- --------- ------ ----- --- --- --------- --------- ------ ----- ----- ----- ----- ----- ----- ----- ---- ---------------------
C0000000011_ptg000011l:738372-739637   -            422 29122at4891          -            292  7.8e-118  390.1  16.0   1   3    0.0063      0.23    7.8   1.2     1    29    37    66    37    77 0.86 -
C0000000011_ptg000011l:738372-739637   -            422 29122at4891          -            292  7.8e-118  390.1  16.0   2   3   6.2e-86   2.3e-84  280.2   1.8    25   221    83   310    66   314 0.86 -
C0000000011_ptg000011l:738372-739637   -            422 29122at4891          -            292  7.8e-118  390.1  16.0   3   3   1.8e-34   6.5e-33  111.3   0.5   220   292   346   419   339   419 0.95 -
C0000000010_ptg000010l:112406-115159   -            918 29122at4891          -            292   4.3e-37  125.1   8.9   1   8   2.8e-05     0.001   15.5   0.0   187   283    20   115    14   123 0.84 -
C0000000010_ptg000010l:112406-115159   -            918 29122at4891          -            292   4.3e-37  125.1   8.9   2   8     0.055         2    4.7   0.2   262   292   144   174   139   174 0.91 -
C0000000010_ptg000010l:112406-115159   -            918 29122at4891          -            292   4.3e-37  125.1   8.9   3   8     0.068       2.5    4.4   0.0    29   135   186   221   175   227 0.53 -
C0000000010_ptg000010l:112406-115159   -            918 29122at4891          -            292   4.3e-37  125.1   8.9   4   8   4.7e-13   1.7e-11   41.0   0.0   176   291   255   372   242   373 0.88 -
C0000000010_ptg000010l:112406-115159   -            918 29122at4891          -            292   4.3e-37  125.1   8.9   5   8   1.5e-12   5.4e-11   39.4   0.1   200   292   364   459   364   459 0.94 -
C0000000010_ptg000010l:112406-115159   -            918 29122at4891          -            292   4.3e-37  125.1   8.9   6   8   2.1e-06   7.8e-05   19.2   0.1   244   292   452   501   451   501 0.94 -
C0000000010_ptg000010l:112406-115159   -            918 29122at4891          -            292   4.3e-37  125.1   8.9   7   8      0.39        14    1.9   0.0    73   100   518   545   504   555 0.80 -
C0000000010_ptg000010l:112406-115159   -            918 29122at4891          -            292   4.3e-37  125.1   8.9   8   8    0.0085      0.31    7.3   0.0   184   227   580   623   565   642 0.78 -
C0000000004_ptg000004l:379350-382178   -            943 29122at4891          -            292     2e-35  119.6  17.5   1   5       4.5   1.7e+02   -1.6   0.0   128   144    48    64    36    67 0.50 -
C0000000004_ptg000004l:379350-382178   -            943 29122at4891          -            292     2e-35  119.6  17.5   2   5     2e-09   7.5e-08   29.1   0.1   183   267    81   166    76   171 0.90 -
C0000000004_ptg000004l:379350-382178   -            943 29122at4891          -            292     2e-35  119.6  17.5   3   5   1.2e-07   4.5e-06   23.2   1.3   106   179   161   237   153   293 0.74 -
C0000000004_ptg000004l:379350-382178   -            943 29122at4891          -            292     2e-35  119.6  17.5   4   5     1e-10   3.7e-09   33.4   0.0   141   252   385   502   379   515 0.84 -
C0000000004_ptg000004l:379350-382178   -            943 29122at4891          -            292     2e-35  119.6  17.5   5   5   1.2e-12   4.3e-11   39.7   3.5    73   209   534   685   519   692 0.80 -
C0000000014_ptg000014l:156967-157878   -            304 29122at4891          -            292   2.7e-31  106.0   2.6   1   3     2e-06   7.3e-05   19.3   0.0    42   100     5    62     2    67 0.90 -
C0000000014_ptg000014l:156967-157878   -            304 29122at4891          -            292   2.7e-31  106.0   2.6   2   3   7.7e-21   2.8e-19   66.6   0.1   131   292    58   236    55   236 0.83 -
C0000000014_ptg000014l:156967-157878   -            304 29122at4891          -            292   2.7e-31  106.0   2.6   3   3   8.4e-07   3.1e-05   20.5   0.1   102   155   245   301   241   304 0.86 -
C0000000010_ptg000010l:93758-94756     -            333 29122at4891          -            292   1.1e-30  104.0  11.4   1   4   1.6e-05    0.0006   16.3   0.0   262   291     2    31     1    32 0.87 -
C0000000010_ptg000010l:93758-94756     -            333 29122at4891          -            292   1.1e-30  104.0  11.4   2   4   2.9e-07   1.1e-05   22.0   0.6   157   229    67   144    59   161 0.55 -
C0000000010_ptg000010l:93758-94756     -            333 29122at4891          -            292   1.1e-30  104.0  11.4   3   4     0.014      0.51    6.7   0.0    39    62   188   211   172   216 0.86 -
C0000000010_ptg000010l:93758-94756     -            333 29122at4891          -            292   1.1e-30  104.0  11.4   4   4   3.7e-19   1.3e-17   61.1   0.9   179   292   218   332   214   332 0.94 -
C0000000013_ptg000013l:113953-116400   -            816 29122at4891          -            292   4.3e-28   95.5  10.5   1   5    0.0093      0.34    7.2   0.0   180   252    60   131    49   138 0.87 -
C0000000013_ptg000013l:113953-116400   -            816 29122at4891          -            292   4.3e-28   95.5  10.5   2   5     2e-10   7.5e-09   32.3   0.1    42   215    75   277    71   291 0.68 -
C0000000013_ptg000013l:113953-116400   -            816 29122at4891          -            292   4.3e-28   95.5  10.5   3   5    0.0059      0.22    7.8   0.0   262   291   386   415   381   416 0.93 -
C0000000013_ptg000013l:113953-116400   -            816 29122at4891          -            292   4.3e-28   95.5  10.5   4   5   2.8e-05     0.001   15.5   0.1   119   172   453   519   441   522 0.60 -
C0000000013_ptg000013l:113953-116400   -            816 29122at4891          -            292   4.3e-28   95.5  10.5   5   5   2.3e-15   8.5e-14   48.6   3.5    75   217   496   653   491   668 0.80 -
C0000000002_ptg000002l:201554-203944   -            797 29122at4891          -            292   5.6e-28   95.1   1.5   1   3     0.072       2.6    4.3   0.0   176   209   461   494   454   503 0.65 -
C0000000002_ptg000002l:201554-203944   -            797 29122at4891          -            292   5.6e-28   95.1   1.5   2   3   1.7e-27   6.1e-26   88.4   0.5   102   291   519   721   507   722 0.89 -
C0000000002_ptg000002l:201554-203944   -            797 29122at4891          -            292   5.6e-28   95.1   1.5   3   3       8.6   3.2e+02   -2.5   0.0   143   199   738   794   732   795 0.64 -
C0000000016_ptg000016l:181896-182717   -            274 29122at4891          -            292   2.3e-27   93.1   7.6   1   3     0.019      0.68    6.2   0.0   122   153     1    32     1    37 0.88 -
C0000000016_ptg000016l:181896-182717   -            274 29122at4891          -            292   2.3e-27   93.1   7.6   2   3   6.2e-19   2.3e-17   60.3   2.6   105   223    23   147    22   154 0.85 -
C0000000016_ptg000016l:181896-182717   -            274 29122at4891          -            292   2.3e-27   93.1   7.6   3   3   7.5e-10   2.8e-08   30.5   0.1   116   175   205   265   195   272 0.89 -
C0000000003_ptg000003l:672388-673722   -            445 29122at4891          -            292   3.2e-24   82.8   5.9   1   4   0.00025     0.009   12.4   0.2   120   155   149   184   125   188 0.72 -
C0000000003_ptg000003l:672388-673722   -            445 29122at4891          -            292   3.2e-24   82.8   5.9   2   4   6.1e-13   2.3e-11   40.6   0.1   105   179   173   253   166   256 0.80 -
C0000000003_ptg000003l:672388-673722   -            445 29122at4891          -            292   3.2e-24   82.8   5.9   3   4     1e-08   3.8e-07   26.7   0.0   102   215   254   377   250   384 0.74 -
C0000000003_ptg000003l:672388-673722   -            445 29122at4891          -            292   3.2e-24   82.8   5.9   4   4     0.031       1.1    5.5   0.0   254   292   383   421   375   421 0.92 -
C0000000010_ptg000010l:74467-75246     -            260 29122at4891          -            292   2.3e-22   76.7   1.8   1   2   7.7e-19   2.8e-17   60.0   0.9   158   291    12   158    11   159 0.85 -
C0000000010_ptg000010l:74467-75246     -            260 29122at4891          -            292   2.3e-22   76.7   1.8   2   2    0.0002    0.0075   12.7   0.0    38    80   195   237   161   260 0.67 -
C0000000003_ptg000003l:52077-53465     -            463 29122at4891          -            292     1e-21   74.6   6.2   1   3     0.011      0.39    7.0   0.1   260   290   170   200   166   202 0.86 -
C0000000003_ptg000003l:52077-53465     -            463 29122at4891          -            292     1e-21   74.6   6.2   2   3       6.7   2.5e+02   -2.2   0.0   146   169   216   243   209   249 0.50 -
C0000000003_ptg000003l:52077-53465     -            463 29122at4891          -            292     1e-21   74.6   6.2   3   3   1.1e-21   4.2e-20   69.3   1.5   105   291   261   463   256   463 0.85 -
C0000000014_ptg000014l:735866-737215   -            450 29122at4891          -            292   2.2e-21   73.5   3.2   1   1   7.7e-23   2.8e-21   73.1   3.2    41   292    91   363    87   363 0.85 -
C0000000009_ptg000009l:290638-291492   -            285 29122at4891          -            292   3.4e-21   72.9   5.1   1   3   8.3e-10     3e-08   30.4   0.0   106   181     3    85     1    96 0.82 -
C0000000009_ptg000009l:290638-291492   -            285 29122at4891          -            292   3.4e-21   72.9   5.1   2   3   7.8e-08   2.9e-06   23.9   0.5   101   174   106   183   103   192 0.84 -
C0000000009_ptg000009l:290638-291492   -            285 29122at4891          -            292   3.4e-21   72.9   5.1   3   3   1.7e-06   6.3e-05   19.5   0.1   103   173   210   282   202   284 0.80 -
C0000000005_ptg000005l:1307495-1311091 -           1199 29122at4891          -            292   4.4e-19   65.9   4.8   1   4   2.4e-06   8.9e-05   19.0   0.0   127   173    33    82    25    90 0.86 -
C0000000005_ptg000005l:1307495-1311091 -           1199 29122at4891          -            292   4.4e-19   65.9   4.8   2   4   1.1e-07   4.1e-06   23.4   0.3   103   173    90   166    82   187 0.85 -
C0000000005_ptg000005l:1307495-1311091 -           1199 29122at4891          -            292   4.4e-19   65.9   4.8   3   4   1.1e-06   4.2e-05   20.0   0.1    99   181   200   290   178   335 0.70 -
C0000000005_ptg000005l:1307495-1311091 -           1199 29122at4891          -            292   4.4e-19   65.9   4.8   4   4      0.29        11    2.3   0.0   246   285   475   513   460   519 0.87 -
C0000000017_ptg000017l:164206-165084   -            293 29122at4891          -            292     9e-19   64.9   0.5   1   3   0.00056     0.021   11.2   0.0   136   175     3    46     1    61 0.74 -
C0000000017_ptg000017l:164206-165084   -            293 29122at4891          -            292     9e-19   64.9   0.5   2   3   0.00056     0.021   11.2   0.1   102   142    70   111    59   123 0.80 -
C0000000017_ptg000017l:164206-165084   -            293 29122at4891          -            292     9e-19   64.9   0.5   3   3   1.8e-12   6.5e-11   39.1   0.0   116   214   150   251   138   279 0.85 -
C0000000001_ptg000001l:154091-154987   -            299 29122at4891          -            292   2.8e-18   63.3   7.1   1   3     1e-12   3.8e-11   39.9   0.5   102   214    16   139    11   148 0.77 -
C0000000001_ptg000001l:154091-154987   -            299 29122at4891          -            292   2.8e-18   63.3   7.1   2   3   1.9e-07   7.1e-06   22.6   0.6   101   177   164   244   161   258 0.82 -
C0000000001_ptg000001l:154091-154987   -            299 29122at4891          -            292   2.8e-18   63.3   7.1   3   3      0.63        23    1.2   0.0   105   172   270   299   263   299 0.45 -
C0000000013_ptg000013l:468770-471571   -            934 29122at4891          -            292     4e-17   59.5   5.3   1   3     0.044       1.6    5.0   0.0   194   262   214   283   179   318 0.63 -
C0000000013_ptg000013l:468770-471571   -            934 29122at4891          -            292     4e-17   59.5   5.3   2   3   2.6e-16   9.7e-15   51.7   2.4   118   291   423   607   415   608 0.85 -
C0000000013_ptg000013l:468770-471571   -            934 29122at4891          -            292     4e-17   59.5   5.3   3   3      0.66        24    1.1   0.0   250   284   607   641   606   677 0.59 -
C0000000006_ptg000006l:551155-551790   -            212 29122at4891          -            292   5.7e-17   59.0   0.6   1   2   8.9e-05    0.0033   13.8   0.0   146   191     1    47     1    57 0.74 -
C0000000006_ptg000006l:551155-551790   -            212 29122at4891          -            292   5.7e-17   59.0   0.6   2   2   6.2e-14   2.3e-12   43.9   0.1   115   218    74   181    49   212 0.83 -
C0000000004_ptg000004l:113013-114467   -            485 29122at4891          -            292   6.1e-17   58.9   9.8   1   2   4.9e-05    0.0018   14.7   0.6   117   175    80   152    65   188 0.74 -
C0000000004_ptg000004l:113013-114467   -            485 29122at4891          -            292   6.1e-17   58.9   9.8   2   2   1.5e-14   5.5e-13   45.9   3.3   121   291   193   375   171   377 0.85 -
C0000000002_ptg000002l:236728-237624   -            299 29122at4891          -            292     1e-16   58.2   1.4   1   3   1.5e-14   5.5e-13   45.9   0.3   180   291    39   151     3   152 0.86 -
C0000000002_ptg000002l:236728-237624   -            299 29122at4891          -            292     1e-16   58.2   1.4   2   3     2e-06   7.5e-05   19.2   0.1   190   262   133   213   124   229 0.77 -
C0000000002_ptg000002l:236728-237624   -            299 29122at4891          -            292     1e-16   58.2   1.4   3   3    0.0068      0.25    7.7   0.0   184   222   177   215   166   272 0.64 -
C0000000011_ptg000011l:828275-829651   -            459 29122at4891          -            292   1.5e-16   57.7   4.3   1   2   3.7e-08   1.4e-06   24.9   0.6   118   257   116   241   102   262 0.77 -
C0000000011_ptg000011l:828275-829651   -            459 29122at4891          -            292   1.5e-16   57.7   4.3   2   2   4.7e-12   1.7e-10   37.7   1.2    36   226   215   421   198   427 0.79 -
C0000000002_ptg000002l:370765-372369   -            535 29122at4891          -            292   5.3e-16   55.8   0.4   1   2   4.1e-07   1.5e-05   21.5   0.1   180   265   219   303   201   331 0.86 -
C0000000002_ptg000002l:370765-372369   -            535 29122at4891          -            292   5.3e-16   55.8   0.4   2   2   2.2e-10   8.2e-09   32.2   0.1    93   211   340   472   328   486 0.84 -
C0000000017_ptg000017l:639682-641826   -            715 29122at4891          -            292   7.7e-15   52.0  10.1   1   1   1.4e-15   5.1e-14   49.3   9.8    28   292     7   288     3   288 0.79 -
C0000000007_ptg000007l:472642-473127   -            162 29122at4891          -            292   1.1e-14   51.5   2.1   1   1   3.2e-15   1.2e-13   48.1   2.1    90   191    48   159    11   162 0.72 -
C0000000005_ptg000005l:321518-322747   -            410 29122at4891          -            292   2.2e-14   50.5   0.0   1   2   5.3e-08   1.9e-06   24.4   0.0   101   211   110   233    99   238 0.57 -
C0000000005_ptg000005l:321518-322747   -            410 29122at4891          -            292   2.2e-14   50.5   0.0   2   2   7.3e-08   2.7e-06   24.0   0.0   139   273   240   390   234   403 0.76 -
C0000000009_ptg000009l:374554-375648   -            365 29122at4891          -            292   3.7e-14   49.8   0.3   1   3   1.7e-11   6.1e-10   35.9   0.1    45   141    54   161    47   165 0.81 -
C0000000009_ptg000009l:374554-375648   -            365 29122at4891          -            292   3.7e-14   49.8   0.3   2   3      0.19       6.9    2.9   0.0    78   124   181   227   165   246 0.78 -
C0000000009_ptg000009l:374554-375648   -            365 29122at4891          -            292   3.7e-14   49.8   0.3   3   3     0.019      0.71    6.2   0.0   118   143   282   307   270   331 0.69 -
C0000000007_ptg000007l:426109-427647   -            513 29122at4891          -            292   6.6e-14   48.9   0.3   1   3    0.0026     0.097    9.0   0.1   180   254    38   112    27   132 0.84 -
C0000000007_ptg000007l:426109-427647   -            513 29122at4891          -            292   6.6e-14   48.9   0.3   2   3   1.5e-10   5.6e-09   32.8   0.0   155   266   136   253   119   284 0.73 -
C0000000007_ptg000007l:426109-427647   -            513 29122at4891          -            292   6.6e-14   48.9   0.3   3   3      0.21       7.8    2.8   0.0    41    81   270   310   267   326 0.70 -
C0000000002_ptg000002l:594852-597371   -            840 29122at4891          -            292   8.8e-14   48.5   0.4   1   4     0.004      0.15    8.4   0.0   265   292    18    45     9    45 0.90 -
C0000000002_ptg000002l:594852-597371   -            840 29122at4891          -            292   8.8e-14   48.5   0.4   2   4    0.0019     0.071    9.4   0.0   262   291    77   106    68   107 0.83 -
C0000000002_ptg000002l:594852-597371   -            840 29122at4891          -            292   8.8e-14   48.5   0.4   3   4     5e-05    0.0018   14.7   0.0    30   101   133   210   120   221 0.80 -
C0000000002_ptg000002l:594852-597371   -            840 29122at4891          -            292   8.8e-14   48.5   0.4   4   4    0.0011     0.042   10.2   0.0    33   100   319   386   298   392 0.76 -
C0000000008_ptg000008l:609668-610297   -            210 29122at4891          -            292   2.3e-13   47.1   0.5   1   2   3.9e-09   1.4e-07   28.1   0.1   141   282     2   153     1   155 0.86 -
C0000000008_ptg000008l:609668-610297   -            210 29122at4891          -            292   2.3e-13   47.1   0.5   2   2     5e-06   0.00019   17.9   0.0   241   292   155   207   153   207 0.95 -
C0000000008_ptg000008l:811332-812174   -            281 29122at4891          -            292   3.3e-13   46.6   4.4   1   1   1.5e-12   5.5e-11   39.4   4.4    49   291     1   273     1   274 0.74 -
C0000000007_ptg000007l:535847-536884   -            346 29122at4891          -            292   9.5e-13   45.1   3.9   1   2   2.2e-07   8.1e-06   22.4   0.2   224   291    11    79     4    80 0.92 -
C0000000007_ptg000007l:535847-536884   -            346 29122at4891          -            292   9.5e-13   45.1   3.9   2   2     0.014       0.5    6.7   0.0   143   185   289   334   261   343 0.66 -
C0000000002_ptg000002l:208636-209430   -            265 29122at4891          -            292   1.1e-12   44.9   1.5   1   2   3.2e-10   1.2e-08   31.7   0.1   150   291    60   222    39   222 0.71 -
C0000000002_ptg000002l:208636-209430   -            265 29122at4891          -            292   1.1e-12   44.9   1.5   2   2   1.5e-06   5.4e-05   19.7   0.1   158   250   164   265   158   265 0.75 -
C0000000008_ptg000008l:192003-194357   -            785 29122at4891          -            292   6.9e-12   42.3  14.9   1   7   4.4e-06   0.00016   18.1   0.3   101   172    52   130    46   140 0.77 -
C0000000008_ptg000008l:192003-194357   -            785 29122at4891          -            292   6.9e-12   42.3  14.9   2   7     0.064       2.4    4.4   0.2   158   192   220   256   188   310 0.69 -
C0000000008_ptg000008l:192003-194357   -            785 29122at4891          -            292   6.9e-12   42.3  14.9   3   7      0.26       9.7    2.4   0.4   102   155   275   331   260   378 0.68 -
C0000000008_ptg000008l:192003-194357   -            785 29122at4891          -            292   6.9e-12   42.3  14.9   4   7      0.14       5.1    3.3   0.0   172   290   376   411   357   415 0.64 -
C0000000008_ptg000008l:192003-194357   -            785 29122at4891          -            292   6.9e-12   42.3  14.9   5   7     0.061       2.3    4.5   0.0   162   210   420   467   411   478 0.84 -
C0000000008_ptg000008l:192003-194357   -            785 29122at4891          -            292   6.9e-12   42.3  14.9   6   7    0.0008     0.029   10.7   0.0   182   291   559   682   545   683 0.56 -
C0000000008_ptg000008l:192003-194357   -            785 29122at4891          -            292   6.9e-12   42.3  14.9   7   7     0.023      0.85    5.9   0.0   114   157   664   711   641   717 0.62 -
C0000000005_ptg000005l:522101-523066   -            322 29122at4891          -            292   2.5e-11   40.5   6.5   1   5    0.0003     0.011   12.1   0.1   224   291    12    82     3    83 0.68 -
C0000000005_ptg000005l:522101-523066   -            322 29122at4891          -            292   2.5e-11   40.5   6.5   2   5   1.3e-05    0.0005   16.5   0.0   262   291   102   131    91   132 0.92 -
C0000000005_ptg000005l:522101-523066   -            322 29122at4891          -            292   2.5e-11   40.5   6.5   3   5     0.011       0.4    7.0   0.1   262   292   148   178   139   178 0.86 -
C0000000005_ptg000005l:522101-523066   -            322 29122at4891          -            292   2.5e-11   40.5   6.5   4   5      0.61        22    1.3   0.0   277   292   209   224   187   225 0.79 -
C0000000005_ptg000005l:522101-523066   -            322 29122at4891          -            292   2.5e-11   40.5   6.5   5   5      0.19       7.1    2.9   0.0   165   207   277   320   239   322 0.65 -
C0000000005_ptg000005l:1394636-1398445 -           1270 29122at4891          -            292   2.9e-11   40.3   0.1   1   2   1.9e-07   7.1e-06   22.6   0.3    78   232    70   266    37   269 0.67 -
C0000000005_ptg000005l:1394636-1398445 -           1270 29122at4891          -            292   2.9e-11   40.3   0.1   2   2   3.9e-05    0.0014   15.0   0.0    38   100   268   331   266   359 0.86 -
C0000000007_ptg000007l:511519-513051   -            511 29122at4891          -            292   7.2e-11   39.0   0.4   1   3      0.72        27    1.0   0.0    48    84   202   238   163   244 0.83 -
C0000000007_ptg000007l:511519-513051   -            511 29122at4891          -            292   7.2e-11   39.0   0.4   2   3   9.9e-11   3.7e-09   33.4   0.3   145   252   322   447   303   452 0.75 -
C0000000007_ptg000007l:511519-513051   -            511 29122at4891          -            292   7.2e-11   39.0   0.4   3   3    0.0066      0.24    7.7   0.0   177   214   413   451   408   470 0.68 -
C0000000017_ptg000017l:275223-276446   -            408 29122at4891          -            292   9.7e-11   38.5   2.9   1   3   3.8e-07   1.4e-05   21.6   1.6   194   291    57   170    38   171 0.80 -
C0000000017_ptg000017l:275223-276446   -            408 29122at4891          -            292   9.7e-11   38.5   2.9   2   3     2e-05   0.00073   16.0   0.9   119   173   115   172    99   213 0.80 -
C0000000017_ptg000017l:275223-276446   -            408 29122at4891          -            292   9.7e-11   38.5   2.9   3   3    0.0052      0.19    8.0   0.0    30   140   290   331   268   343 0.59 -
C0000000003_ptg000003l:856309-857265   -            319 29122at4891          -            292   1.8e-10   37.7   0.2   1   2   8.2e-10     3e-08   30.4   0.1   119   175    55   116    49   149 0.81 -
C0000000003_ptg000003l:856309-857265   -            319 29122at4891          -            292   1.8e-10   37.7   0.2   2   2     0.033       1.2    5.4   0.0   140   179   184   227   157   238 0.66 -
C0000000013_ptg000013l:519519-521471   -            651 29122at4891          -            292   4.8e-10   36.3   1.1   1   3   0.00092     0.034   10.5   0.0   103   152    76   129    72   147 0.77 -
C0000000013_ptg000013l:519519-521471   -            651 29122at4891          -            292   4.8e-10   36.3   1.1   2   3   4.9e-07   1.8e-05   21.2   0.1   121   177   157   215   132   241 0.60 -
C0000000013_ptg000013l:519519-521471   -            651 29122at4891          -            292   4.8e-10   36.3   1.1   3   3       0.5        18    1.5   0.0   177   220   270   317   231   323 0.66 -
C0000000014_ptg000014l:208254-209417   -            388 29122at4891          -            292   5.1e-10   36.2   0.8   1   3     0.013      0.46    6.8   0.1   195   262    27    97    13   100 0.61 -
C0000000014_ptg000014l:208254-209417   -            388 29122at4891          -            292   5.1e-10   36.2   0.8   2   3   6.8e-08   2.5e-06   24.1   0.4   121   215    74   182    68   210 0.77 -
C0000000014_ptg000014l:208254-209417   -            388 29122at4891          -            292   5.1e-10   36.2   0.8   3   3       0.1       3.8    3.8   0.0   156   175   304   323   292   328 0.83 -
C0000000008_ptg000008l:611274-611873   -            200 29122at4891          -            292   5.6e-10   36.0   0.1   1   2   2.5e-08   9.2e-07   25.5   0.0   106   173     2    75     1    88 0.68 -
C0000000008_ptg000008l:611274-611873   -            200 29122at4891          -            292   5.6e-10   36.0   0.1   2   2   6.1e-05    0.0022   14.4   0.1   106   252    44   185    44   190 0.79 -
C0000000005_ptg000005l:784230-785345   -            372 29122at4891          -            292   9.7e-10   35.3   0.4   1   3   0.00021    0.0078   12.6   0.0   118   173    74   134    68   152 0.82 -
C0000000005_ptg000005l:784230-785345   -            372 29122at4891          -            292   9.7e-10   35.3   0.4   2   3   0.00021    0.0077   12.6   0.0   119   178   189   255   157   275 0.76 -
C0000000005_ptg000005l:784230-785345   -            372 29122at4891          -            292   9.7e-10   35.3   0.4   3   3     0.016       0.6    6.4   0.2   117   149   296   329   258   349 0.67 -
C0000000008_ptg000008l:850268-852322   -            685 29122at4891          -            292   3.5e-09   33.4   1.2   1   1   2.8e-10     1e-08   31.9   0.2    83   203    11   151     1   156 0.65 -
C0000000003_ptg000003l:737369-740404   -           1012 29122at4891          -            292   8.7e-09   32.1  15.6   1   4       0.3        11    2.3   0.0   198   262    22    87     8   110 0.66 -
C0000000003_ptg000003l:737369-740404   -           1012 29122at4891          -            292   8.7e-09   32.1  15.6   2   4   6.5e-08   2.4e-06   24.1   2.5    50   137   159   253   148   306 0.62 -
C0000000003_ptg000003l:737369-740404   -           1012 29122at4891          -            292   8.7e-09   32.1  15.6   3   4     0.032       1.2    5.4   0.6   183   251   667   738   650   795 0.74 -
C0000000003_ptg000003l:737369-740404   -           1012 29122at4891          -            292   8.7e-09   32.1  15.6   4   4      0.46        17    1.6   0.1   118   136   949   967   919   989 0.72 -
C0000000011_ptg000011l:821901-823202   -            434 29122at4891          -            292   9.6e-09   32.0   5.3   1   5   1.2e-06   4.3e-05   20.0   0.4   140   291    92   264    78   265 0.71 -
C0000000011_ptg000011l:821901-823202   -            434 29122at4891          -            292   9.6e-09   32.0   5.3   2   5     2e-05   0.00074   16.0   1.4   105   169   232   302   194   310 0.51 -
C0000000011_ptg000011l:821901-823202   -            434 29122at4891          -            292   9.6e-09   32.0   5.3   3   5   2.4e-05   0.00089   15.7   0.4    40   168   249   301   230   331 0.55 -
C0000000011_ptg000011l:821901-823202   -            434 29122at4891          -            292   9.6e-09   32.0   5.3   4   5      0.62        23    1.2   0.0   280   291   356   367   348   373 0.59 -
C0000000011_ptg000011l:821901-823202   -            434 29122at4891          -            292   9.6e-09   32.0   5.3   5   5     0.016      0.59    6.4   0.0   142   173   394   426   386   433 0.55 -
C0000000013_ptg000013l:78600-80321     -            574 29122at4891          -            292   1.6e-08   31.3   3.4   1   2   4.5e-08   1.6e-06   24.7   1.2   113   213   294   409   276   413 0.67 -
C0000000013_ptg000013l:78600-80321     -            574 29122at4891          -            292   1.6e-08   31.3   3.4   2   2     0.029       1.1    5.6   0.0   103   200   417   536   411   546 0.60 -
C0000000014_ptg000014l:606876-607679   -            268 29122at4891          -            292   1.7e-08   31.2   1.7   1   2    0.0078      0.29    7.5   0.3   173   245    87   166     1   176 0.78 -
C0000000014_ptg000014l:606876-607679   -            268 29122at4891          -            292   1.7e-08   31.2   1.7   2   2   1.7e-07   6.4e-06   22.7   0.0   175   258   182   265   172   267 0.86 -
C0000000003_ptg000003l:135792-137510   -            573 29122at4891          -            292   2.4e-08   30.7   0.5   1   4   0.00096     0.035   10.4   0.0   262   292   234   264   223   264 0.93 -
C0000000003_ptg000003l:135792-137510   -            573 29122at4891          -            292   2.4e-08   30.7   0.5   2   4     4e-07   1.5e-05   21.5   0.0    73   173   239   351   235   387 0.77 -
C0000000003_ptg000003l:135792-137510   -            573 29122at4891          -            292   2.4e-08   30.7   0.5   3   4      0.19       6.9    2.9   0.0   149   176   403   430   388   459 0.70 -
C0000000003_ptg000003l:135792-137510   -            573 29122at4891          -            292   2.4e-08   30.7   0.5   4   4      0.69        26    1.1   0.0   152   174   480   502   467   513 0.82 -
C0000000008_ptg000008l:313239-315359   -            707 29122at4891          -            292   5.4e-08   29.5   0.0   1   2      0.51        19    1.5   0.0   256   291    48    84    45    86 0.77 -
C0000000008_ptg000008l:313239-315359   -            707 29122at4891          -            292   5.4e-08   29.5   0.0   2   2   4.9e-08   1.8e-06   24.5   0.0   147   274   183   324   152   338 0.74 -
C0000000013_ptg000013l:94204-95049     -            282 29122at4891          -            292   5.7e-08   29.5   5.0   1   4   0.00016    0.0058   13.0   0.0   118   213    15   126     5   143 0.70 -
C0000000013_ptg000013l:94204-95049     -            282 29122at4891          -            292   5.7e-08   29.5   5.0   2   4     0.051       1.9    4.8   0.0   154   173   161   180   111   193 0.72 -
C0000000013_ptg000013l:94204-95049     -            282 29122at4891          -            292   5.7e-08   29.5   5.0   3   4     0.024       0.9    5.8   0.2    29    80   152   207   133   211 0.65 -
C0000000013_ptg000013l:94204-95049     -            282 29122at4891          -            292   5.7e-08   29.5   5.0   4   4   0.00048     0.018   11.4   1.5    40    98   212   275   184   279 0.71 -
C0000000007_ptg000007l:423728-425572   -            615 29122at4891          -            292   8.5e-08   28.9   6.0   1   4       5.3     2e+02   -1.8   0.0    38    64    76   102    57   118 0.75 -
C0000000007_ptg000007l:423728-425572   -            615 29122at4891          -            292   8.5e-08   28.9   6.0   2   4   0.00015    0.0055   13.1   1.5   120   232   222   348   193   399 0.63 -
C0000000007_ptg000007l:423728-425572   -            615 29122at4891          -            292   8.5e-08   28.9   6.0   3   4      0.17       6.1    3.1   0.0   187   229   494   537   470   544 0.69 -
C0000000007_ptg000007l:423728-425572   -            615 29122at4891          -            292   8.5e-08   28.9   6.0   4   4     0.003      0.11    8.8   0.0    82   134   553   612   546   614 0.75 -
C0000000005_ptg000005l:812839-816264   -           1142 29122at4891          -            292   1.5e-07   28.1   3.3   1   2    0.0021     0.077    9.3   0.1   121   176    82   143    79   156 0.71 -
C0000000005_ptg000005l:812839-816264   -           1142 29122at4891          -            292   1.5e-07   28.1   3.3   2   2   3.1e-06   0.00011   18.6   0.6   119   185   168   239   152   244 0.85 -
C0000000007_ptg000007l:443065-443637   -            191 29122at4891          -            292   1.7e-07   27.9   2.1   1   2   1.3e-08   4.7e-07   26.4   0.7   142   232     3    99     1   117 0.78 -
C0000000007_ptg000007l:443065-443637   -            191 29122at4891          -            292   1.7e-07   27.9   2.1   2   2      0.85        31    0.8   0.0   191   210   169   188   138   191 0.79 -
C0000000017_ptg000017l:268705-269682   -            326 29122at4891          -            292     2e-07   27.6   0.0   1   2      0.31        11    2.2   0.0   225   251    26    52     8    67 0.57 -
C0000000017_ptg000017l:268705-269682   -            326 29122at4891          -            292     2e-07   27.6   0.0   2   2   7.1e-08   2.6e-06   24.0   0.0   119   261    80   236    27   275 0.69 -
C0000000005_ptg000005l:256197-258119   -            641 29122at4891          -            292   2.8e-07   27.2   1.6   1   2      0.65        24    1.2   0.1   182   279    57   159    29   162 0.68 -
C0000000005_ptg000005l:256197-258119   -            641 29122at4891          -            292   2.8e-07   27.2   1.6   2   2   4.8e-08   1.8e-06   24.6   0.1   124   208   166   255   139   257 0.83 -
C0000000010_ptg000010l:294377-296545   -            723 29122at4891          -            292   3.6e-07   26.8   4.5   1   3     0.017      0.63    6.3   0.1   181   252   303   379   287   385 0.78 -
C0000000010_ptg000010l:294377-296545   -            723 29122at4891          -            292   3.6e-07   26.8   4.5   2   3   6.7e-06   0.00025   17.5   0.3   193   272   606   687   590   704 0.64 -
C0000000010_ptg000010l:294377-296545   -            723 29122at4891          -            292   3.6e-07   26.8   4.5   3   3      0.23       8.5    2.6   0.0   156   173   704   721   697   723 0.83 -
C0000000008_ptg000008l:1017853-1019040 -            396 29122at4891          -            292   4.2e-07   26.6   1.5   1   3   0.00036     0.013   11.9   0.0   145   174    14    44     8    63 0.83 -
C0000000008_ptg000008l:1017853-1019040 -            396 29122at4891          -            292   4.2e-07   26.6   1.5   2   3      0.12       4.6    3.5   0.0   196   243   200   253   183   285 0.58 -
C0000000008_ptg000008l:1017853-1019040 -            396 29122at4891          -            292   4.2e-07   26.6   1.5   3   3    0.0051      0.19    8.1   0.1    71   143   292   329   286   347 0.47 -
C0000000015_ptg000015l:476752-481413   -           1554 29122at4891          -            292   5.4e-07   26.2   0.6   1   2    0.0039      0.14    8.5   0.1   114   172  1218  1284  1185  1295 0.78 -
C0000000015_ptg000015l:476752-481413   -           1554 29122at4891          -            292   5.4e-07   26.2   0.6   2   2    0.0003     0.011   12.1   0.1   156   265  1321  1445  1315  1450 0.50 -
C0000000004_ptg000004l:230996-232786   -            597 29122at4891          -            292   9.9e-07   25.4   0.0   1   5       6.2   2.3e+02   -2.1   0.0   183   210   173   200   166   210 0.72 -
C0000000004_ptg000004l:230996-232786   -            597 29122at4891          -            292   9.9e-07   25.4   0.0   2   5       6.1   2.2e+02   -2.0   0.0   177   225   252   301   242   310 0.77 -
C0000000004_ptg000004l:230996-232786   -            597 29122at4891          -            292   9.9e-07   25.4   0.0   3   5    0.0007     0.026   10.9   0.0   118   164   316   362   295   368 0.85 -
C0000000004_ptg000004l:230996-232786   -            597 29122at4891          -            292   9.9e-07   25.4   0.0   4   5     0.014      0.51    6.6   0.0   156   177   425   446   415   500 0.71 -
C0000000004_ptg000004l:230996-232786   -            597 29122at4891          -            292   9.9e-07   25.4   0.0   5   5       0.4        15    1.8   0.0   182   218   505   540   496   553 0.80 -
C0000000005_ptg000005l:1002954-1003748 -            265 29122at4891          -            292   1.5e-06   24.8   1.1   1   3   2.1e-05   0.00076   15.9   0.2   157   212    16    77    10    85 0.79 -
C0000000005_ptg000005l:1002954-1003748 -            265 29122at4891          -            292   1.5e-06   24.8   1.1   2   3     0.031       1.1    5.5   0.0   182   216    95   130    88   147 0.68 -
C0000000005_ptg000005l:1002954-1003748 -            265 29122at4891          -            292   1.5e-06   24.8   1.1   3   3       1.6        58   -0.1   0.0    40    56   178   194   152   201 0.57 -
C0000000007_ptg000007l:345809-348142   -            778 29122at4891          -            292   1.7e-06   24.6   0.1   1   2   0.00091     0.034   10.5   0.0   262   291   406   435   399   436 0.92 -
C0000000007_ptg000007l:345809-348142   -            778 29122at4891          -            292   1.7e-06   24.6   0.1   2   2   0.00045     0.016   11.5   0.0   120   250   583   721   566   753 0.79 -
C0000000002_ptg000002l:46657-49257     -            867 29122at4891          -            292   4.2e-06   23.3   3.6   1   3     0.011      0.41    6.9   0.0   226   291    12    86     4    87 0.58 -
C0000000002_ptg000002l:46657-49257     -            867 29122at4891          -            292   4.2e-06   23.3   3.6   2   3   0.00096     0.036   10.4   2.2   117   192   238   328   215   386 0.62 -
C0000000002_ptg000002l:46657-49257     -            867 29122at4891          -            292   4.2e-06   23.3   3.6   3   3      0.34        13    2.1   0.0   159   174   372   387   342   415 0.74 -
C0000000007_ptg000007l:63625-65004     -            460 29122at4891          -            292   4.4e-06   23.2   0.9   1   3      0.18       6.7    3.0   0.1   187   187    58    58    18    99 0.50 -
C0000000007_ptg000007l:63625-65004     -            460 29122at4891          -            292   4.4e-06   23.2   0.9   2   3    0.0082       0.3    7.4   0.0   183   253   147   217   129   248 0.67 -
C0000000007_ptg000007l:63625-65004     -            460 29122at4891          -            292   4.4e-06   23.2   0.9   3   3     0.011      0.42    6.9   0.0   236   287   343   396   330   401 0.82 -
C0000000012_ptg000012l:72001-73275     -            425 29122at4891          -            292   8.6e-06   22.3   0.0   1   2   1.1e-05    0.0004   16.8   0.0   185   253    30   102    21   112 0.77 -
C0000000012_ptg000012l:72001-73275     -            425 29122at4891          -            292   8.6e-06   22.3   0.0   2   2      0.28        10    2.3   0.0   256   290   205   240   192   254 0.75 -
C0000000009_ptg000009l:325431-327065   -            545 29122at4891          -            292   2.2e-05   21.0   0.0   1   1     1e-06   3.7e-05   20.2   0.0   156   291   154   293   117   294 0.83 -
C0000000005_ptg000005l:1329188-1330753 -            522 29122at4891          -            292    0.0001   18.8   0.8   1   3      0.01      0.38    7.1   0.0   181   291   241   361   146   362 0.79 -
C0000000005_ptg000005l:1329188-1330753 -            522 29122at4891          -            292    0.0001   18.8   0.8   2   3    0.0013     0.047   10.0   0.1   158   217   348   426   285   445 0.60 -
C0000000005_ptg000005l:1329188-1330753 -            522 29122at4891          -            292    0.0001   18.8   0.8   3   3       1.6        58   -0.1   0.0    73    99   447   473   434   481 0.87 -
C0000000017_ptg000017l:458260-458820   -            187 29122at4891          -            292   0.00011   18.7   0.1   1   2   1.3e-05    0.0005   16.5   0.0   155   232    12    93     1    97 0.62 -
C0000000017_ptg000017l:458260-458820   -            187 29122at4891          -            292   0.00011   18.7   0.1   2   2       4.3   1.6e+02   -1.5   0.0   196   210   169   183   154   186 0.60 -
C0000000002_ptg000002l:127651-128790   -            380 29122at4891          -            292   0.00062   16.2   2.3   1   2   0.00059     0.022   11.1   0.9   102   286    53   125     5   177 0.45 -
C0000000002_ptg000002l:127651-128790   -            380 29122at4891          -            292   0.00062   16.2   2.3   2   2       5.9   2.2e+02   -2.0   0.0    84    99   365   380   357   380 0.80 -
C0000000011_ptg000011l:380611-381618   -            336 29122at4891          -            292    0.0014   15.0   0.5   1   3       1.7        62   -0.2   0.0   145   171    11    37     2    62 0.59 -
C0000000011_ptg000011l:380611-381618   -            336 29122at4891          -            292    0.0014   15.0   0.5   2   3       5.2   1.9e+02   -1.8   0.0   160   175   115   130    99   176 0.54 -
C0000000011_ptg000011l:380611-381618   -            336 29122at4891          -            292    0.0014   15.0   0.5   3   3   0.00029     0.011   12.2   0.1   201   289   228   316   211   319 0.70 -
C0000000002_ptg000002l:101479-102618   -            380 29122at4891          -            292    0.0016   14.8   0.7   1   3       2.3        86   -0.7   0.0   158   187    74   107    47   122 0.60 -
C0000000002_ptg000002l:101479-102618   -            380 29122at4891          -            292    0.0016   14.8   0.7   2   3    0.0024     0.088    9.1   0.0   186   233   202   248   191   251 0.82 -
C0000000002_ptg000002l:101479-102618   -            380 29122at4891          -            292    0.0016   14.8   0.7   3   3      0.38        14    1.9   0.0   194   212   257   275   250   280 0.84 -
C0000000001_ptg000001l:75048-76022     -            325 29122at4891          -            292    0.0021   14.5   0.5   1   2     0.003      0.11    8.8   0.0   250   288   229   266   217   271 0.80 -
C0000000001_ptg000001l:75048-76022     -            325 29122at4891          -            292    0.0021   14.5   0.5   2   2   0.00047     0.017   11.5   0.1   179   249   240   313   233   323 0.77 -
C0000000014_ptg000014l:480272-481933   -            554 29122at4891          -            292    0.0084   12.5   1.7   1   2     0.012      0.45    6.8   0.1   246   292   119   167   109   168 0.74 -
C0000000014_ptg000014l:480272-481933   -            554 29122at4891          -            292    0.0084   12.5   1.7   2   2      0.15       5.5    3.2   0.1   178   218   341   381   294   396 0.63 -
#
# Program:         hmmsearch
# Version:         3.1b2 (February 2015)
# Pipeline mode:   SEARCH
# Query file:      /home/deepseq/tool/BUSCO_v5/saccharomycetes_odb10/hmms/29122at4891.hmm
# Target file:     /var/www/gvolante/request/project/202302230949-GVF6W5EPF13MH478/202302230949-GVF6W5EPF13MH478_busco/run_saccharomycetes_odb10/metaeuk_output/initial_results/SRR13577846.fa.ca.modified.fas
# Option settings: hmmsearch --domtblout /var/www/gvolante/request/project/202302230949-GVF6W5EPF13MH478/202302230949-GVF6W5EPF13MH478_busco/run_saccharomycetes_odb10/hmmer_output/initial_run_results/29122at4891.out --cpu 1 /home/deepseq/tool/BUSCO_v5/saccharomycetes_odb10/hmms/29122at4891.hmm /var/www/gvolante/request/project/202302230949-GVF6W5EPF13MH478/202302230949-GVF6W5EPF13MH478_busco/run_saccharomycetes_odb10/metaeuk_output/initial_results/SRR13577846.fa.ca.modified.fas 
# Current dir:     /var/www/gvolante/request/project/202302230949-GVF6W5EPF13MH478
# Date:            Thu Feb 23 09:51:11 2023
# [ok]
