#                                                                                              --- full sequence --- -------------- this domain -------------   hmm coord   ali coord   env coord
# target name                          accession   tlen query name           accession   qlen   E-value  score  bias   #  of  c-Evalue  i-Evalue  score  bias  from    to  from    to  from    to  acc description of target
#                  ------------------- ---------- ----- -------------------- ---------- ----- --------- ------ ----- --- --- --------- --------- ------ ----- ----- ----- ----- ----- ----- ----- ---- ---------------------
C0000000015_ptg000015l:251862-252983   -            374 30108at4891          -            214   9.6e-83  274.1   3.3   1   2   7.1e-21   4.7e-18   62.7   0.1     7    60   111   170    94   176 0.82 -
C0000000015_ptg000015l:251862-252983   -            374 30108at4891          -            214   9.6e-83  274.1   3.3   2   2   2.2e-66   1.5e-63  211.4   0.4    47   214   177   373   170   373 0.86 -
C0000000002_ptg000002l:331821-332801   -            327 30108at4891          -            214   0.00011   19.0   0.2   1   2   9.6e-06    0.0064   13.2   0.1    58    95   125   163    91   177 0.80 -
C0000000002_ptg000002l:331821-332801   -            327 30108at4891          -            214   0.00011   19.0   0.2   2   2    0.0099       6.6    3.4   0.0   125   159   245   278   216   300 0.72 -
C0000000005_ptg000005l:1064897-1065715 -            273 30108at4891          -            214     0.014   12.1   1.3   1   2   0.00031       0.2    8.3   0.0    75    97   128   150   120   164 0.86 -
C0000000005_ptg000005l:1064897-1065715 -            273 30108at4891          -            214     0.014   12.1   1.3   2   2     0.052        34    1.0   0.3   142   159   217   234   207   272 0.70 -
C0000000014_ptg000014l:123500-124555   -            352 30108at4891          -            214     0.018   11.8   0.0   1   1   4.5e-05      0.03   11.1   0.0    83   139   264   324   236   330 0.74 -
#
# Program:         hmmsearch
# Version:         3.1b2 (February 2015)
# Pipeline mode:   SEARCH
# Query file:      /home/deepseq/tool/BUSCO_v5/saccharomycetes_odb10/hmms/30108at4891.hmm
# Target file:     /var/www/gvolante/request/project/202302230949-GVF6W5EPF13MH478/202302230949-GVF6W5EPF13MH478_busco/run_saccharomycetes_odb10/metaeuk_output/initial_results/SRR13577846.fa.ca.modified.fas
# Option settings: hmmsearch --domtblout /var/www/gvolante/request/project/202302230949-GVF6W5EPF13MH478/202302230949-GVF6W5EPF13MH478_busco/run_saccharomycetes_odb10/hmmer_output/initial_run_results/30108at4891.out --cpu 1 /home/deepseq/tool/BUSCO_v5/saccharomycetes_odb10/hmms/30108at4891.hmm /var/www/gvolante/request/project/202302230949-GVF6W5EPF13MH478/202302230949-GVF6W5EPF13MH478_busco/run_saccharomycetes_odb10/metaeuk_output/initial_results/SRR13577846.fa.ca.modified.fas 
# Current dir:     /var/www/gvolante/request/project/202302230949-GVF6W5EPF13MH478
# Date:            Thu Feb 23 09:51:09 2023
# [ok]
