#                                                                                              --- full sequence --- -------------- this domain -------------   hmm coord   ali coord   env coord
# target name                          accession   tlen query name           accession   qlen   E-value  score  bias   #  of  c-Evalue  i-Evalue  score  bias  from    to  from    to  from    to  acc description of target
#                  ------------------- ---------- ----- -------------------- ---------- ----- --------- ------ ----- --- --- --------- --------- ------ ----- ----- ----- ----- ----- ----- ----- ---- ---------------------
C0000000008_ptg000008l:685781-686662   -            294 30348at4891          -            169   1.9e-56  187.9   4.6   1   4   4.4e-45   6.2e-43  144.0   0.0     1    83    16    98    16   120 0.91 -
C0000000008_ptg000008l:685781-686662   -            294 30348at4891          -            169   1.9e-56  187.9   4.6   2   4      0.83   1.2e+02   -0.1   0.0    70    93   136   159   132   180 0.78 -
C0000000008_ptg000008l:685781-686662   -            294 30348at4891          -            169   1.9e-56  187.9   4.6   3   4   5.1e-05    0.0071   13.6   0.1   103   129   194   220   169   225 0.79 -
C0000000008_ptg000008l:685781-686662   -            294 30348at4891          -            169   1.9e-56  187.9   4.6   4   4   7.1e-10   9.9e-08   29.4   0.3   124   168   244   290   227   291 0.81 -
C0000000009_ptg000009l:505124-506842   -            573 30348at4891          -            169   6.5e-40  134.1   0.1   1   4   7.5e-15     1e-12   45.6   0.0     3    83    38   118    36   121 0.92 -
C0000000009_ptg000009l:505124-506842   -            573 30348at4891          -            169   6.5e-40  134.1   0.1   2   4   1.7e-08   2.4e-06   24.9   0.0     5    74   128   196   124   205 0.86 -
C0000000009_ptg000009l:505124-506842   -            573 30348at4891          -            169   6.5e-40  134.1   0.1   3   4   1.3e-12   1.8e-10   38.3   0.0     3    90   219   305   217   328 0.89 -
C0000000009_ptg000009l:505124-506842   -            573 30348at4891          -            169   6.5e-40  134.1   0.1   4   4   4.8e-07   6.7e-05   20.2   0.0    16    81   335   399   322   416 0.85 -
C0000000003_ptg000003l:467911-469917   -            669 30348at4891          -            169   4.9e-30  102.0   1.3   1   5   5.2e-11   7.3e-09   33.1   0.0     3    93    10    99     8   108 0.88 -
C0000000003_ptg000003l:467911-469917   -            669 30348at4891          -            169   4.9e-30  102.0   1.3   2   5   0.00087      0.12    9.6   0.0    18    81   147   209   131   218 0.84 -
C0000000003_ptg000003l:467911-469917   -            669 30348at4891          -            169   4.9e-30  102.0   1.3   3   5   1.2e-11   1.7e-09   35.1   0.0     4    63   275   334   272   343 0.94 -
C0000000003_ptg000003l:467911-469917   -            669 30348at4891          -            169   4.9e-30  102.0   1.3   4   5       1.9   2.7e+02   -1.3   0.1   106   138   433   465   406   491 0.75 -
C0000000003_ptg000003l:467911-469917   -            669 30348at4891          -            169   4.9e-30  102.0   1.3   5   5   1.3e-06   0.00019   18.7   0.0    29    71   519   564   509   573 0.79 -
C0000000003_ptg000003l:187951-190611   -            887 30348at4891          -            169   7.4e-29   98.1   0.3   1   5   0.00037     0.051   10.8   0.0    29    81    43    94    33   159 0.79 -
C0000000003_ptg000003l:187951-190611   -            887 30348at4891          -            169   7.4e-29   98.1   0.3   2   5   3.4e-11   4.7e-09   33.7   0.0     6    75   348   417   343   425 0.93 -
C0000000003_ptg000003l:187951-190611   -            887 30348at4891          -            169   7.4e-29   98.1   0.3   3   5    0.0043       0.6    7.3   0.0     2    67   531   590   530   603 0.84 -
C0000000003_ptg000003l:187951-190611   -            887 30348at4891          -            169   7.4e-29   98.1   0.3   4   5   0.00081      0.11    9.7   0.0     4    79   664   744   661   758 0.75 -
C0000000003_ptg000003l:187951-190611   -            887 30348at4891          -            169   7.4e-29   98.1   0.3   5   5   8.2e-10   1.1e-07   29.2   0.0     4   102   764   859   761   868 0.84 -
C0000000014_ptg000014l:173680-175008   -            443 30348at4891          -            169   2.3e-27   93.3   0.0   1   3   1.5e-11   2.1e-09   34.8   0.1     2    79    65   141    64   149 0.93 -
C0000000014_ptg000014l:173680-175008   -            443 30348at4891          -            169   2.3e-27   93.3   0.0   2   3   2.4e-09   3.3e-07   27.7   0.0    15    80   165   230   152   236 0.83 -
C0000000014_ptg000014l:173680-175008   -            443 30348at4891          -            169   2.3e-27   93.3   0.0   3   3   4.6e-09   6.4e-07   26.8   0.0     3    78   332   401   330   413 0.89 -
C0000000008_ptg000008l:289470-290711   -            414 30348at4891          -            169   8.4e-24   81.7   0.0   1   2   8.6e-13   1.2e-10   38.9   0.0     4    86   169   251   166   255 0.96 -
C0000000008_ptg000008l:289470-290711   -            414 30348at4891          -            169   8.4e-24   81.7   0.0   2   2   2.3e-13   3.2e-11   40.7   0.0     2    83   266   347   265   351 0.96 -
C0000000001_ptg000001l:69617-70723     -            369 30348at4891          -            169   1.1e-20   71.6   1.2   1   4   2.7e-12   3.8e-10   37.2   0.0     7    76     3    72     1    80 0.92 -
C0000000001_ptg000001l:69617-70723     -            369 30348at4891          -            169   1.1e-20   71.6   1.2   2   4      0.01       1.4    6.1   0.0    44    78   125   159   107   168 0.87 -
C0000000001_ptg000001l:69617-70723     -            369 30348at4891          -            169   1.1e-20   71.6   1.2   3   4   3.4e-08   4.7e-06   23.9   0.0     2    82   210   288   209   323 0.79 -
C0000000001_ptg000001l:69617-70723     -            369 30348at4891          -            169   1.1e-20   71.6   1.2   4   4      0.85   1.2e+02   -0.2   0.0    43    70   341   368   323   369 0.76 -
C0000000015_ptg000015l:131641-132774   -            378 30348at4891          -            169   3.1e-20   70.1   0.9   1   3     1e-11   1.4e-09   35.4   0.0     5    76     3    74     1    90 0.91 -
C0000000015_ptg000015l:131641-132774   -            378 30348at4891          -            169   3.1e-20   70.1   0.9   2   3       1.9   2.6e+02   -1.3   0.0    43    76   126   159   122   166 0.79 -
C0000000015_ptg000015l:131641-132774   -            378 30348at4891          -            169   3.1e-20   70.1   0.9   3   3     1e-10   1.4e-08   32.1   0.0     2    87   202   285   201   318 0.83 -
C0000000008_ptg000008l:101332-102666   -            445 30348at4891          -            169   2.2e-19   67.3   0.1   1   5   3.3e-11   4.6e-09   33.7   0.0    18    79    16    77     2    83 0.87 -
C0000000008_ptg000008l:101332-102666   -            445 30348at4891          -            169   2.2e-19   67.3   0.1   2   5       2.9     4e+02   -1.9   0.0     3    17   101   115    99   130 0.78 -
C0000000008_ptg000008l:101332-102666   -            445 30348at4891          -            169   2.2e-19   67.3   0.1   3   5     0.019       2.7    5.2   0.0    44    72   187   216   181   227 0.81 -
C0000000008_ptg000008l:101332-102666   -            445 30348at4891          -            169   2.2e-19   67.3   0.1   4   5    0.0045      0.63    7.2   0.0     3    35   346   378   344   384 0.91 -
C0000000008_ptg000008l:101332-102666   -            445 30348at4891          -            169   2.2e-19   67.3   0.1   5   5     2e-05    0.0028   14.9   0.0    40    80   402   443   398   445 0.89 -
C0000000011_ptg000011l:89242-89874     -            211 30348at4891          -            169   2.9e-19   66.9   0.0   1   2   1.3e-11   1.8e-09   35.1   0.0     6    56     2    52     1    62 0.90 -
C0000000011_ptg000011l:89242-89874     -            211 30348at4891          -            169   2.9e-19   66.9   0.0   2   2   4.3e-10     6e-08   30.1   0.0     5    63    85   143    81   165 0.86 -
C0000000015_ptg000015l:278923-280143   -            407 30348at4891          -            169   1.1e-17   61.8   0.1   1   3     0.026       3.6    4.8   0.0    43    78   102   139    57   150 0.78 -
C0000000015_ptg000015l:278923-280143   -            407 30348at4891          -            169   1.1e-17   61.8   0.1   2   3   1.1e-11   1.5e-09   35.3   0.0     4    80   161   238   158   266 0.90 -
C0000000015_ptg000015l:278923-280143   -            407 30348at4891          -            169   1.1e-17   61.8   0.1   3   3   2.1e-06    0.0003   18.1   0.0     2    83   309   384   308   405 0.85 -
C0000000016_ptg000016l:81110-81493     -            128 30348at4891          -            169   4.6e-17   59.8   0.0   1   1   4.1e-19   5.7e-17   59.5   0.0     3    81    28   106    26   118 0.94 -
C0000000002_ptg000002l:165019-165951   -            311 30348at4891          -            169   2.1e-14   51.1   0.1   1   3         3   4.2e+02   -1.9   0.0    46    70     1    24     1    27 0.77 -
C0000000002_ptg000002l:165019-165951   -            311 30348at4891          -            169   2.1e-14   51.1   0.1   2   3   9.3e-11   1.3e-08   32.3   0.2     7    88    67   149    62   191 0.81 -
C0000000002_ptg000002l:165019-165951   -            311 30348at4891          -            169   2.1e-14   51.1   0.1   3   3   1.6e-05    0.0022   15.2   0.0     2    78   230   300   229   308 0.88 -
C0000000014_ptg000014l:469341-470492   -            384 30348at4891          -            169   8.8e-14   49.1   0.0   1   3       4.7   6.5e+02   -2.6   0.0     5    20   109   124   106   128 0.85 -
C0000000014_ptg000014l:469341-470492   -            384 30348at4891          -            169   8.8e-14   49.1   0.0   2   3     0.013       1.8    5.8   0.0    38    76   159   196   142   203 0.85 -
C0000000014_ptg000014l:469341-470492   -            384 30348at4891          -            169   8.8e-14   49.1   0.0   3   3   3.2e-13   4.5e-11   40.3   0.0     2    81   220   299   219   320 0.92 -
C0000000010_ptg000010l:240612-241187   -            192 30348at4891          -            169   8.9e-12   42.6   0.0   1   2   2.6e-08   3.6e-06   24.3   0.0     3    82    20    97    18   107 0.90 -
C0000000010_ptg000010l:240612-241187   -            192 30348at4891          -            169   8.9e-12   42.6   0.0   2   2     7e-06   0.00098   16.4   0.0     5    76   119   189   116   191 0.94 -
C0000000014_ptg000014l:359564-360085   -            174 30348at4891          -            169   5.5e-11   40.0   0.0   1   1   8.6e-13   1.2e-10   38.9   0.0     3    86    45   125    43   152 0.91 -
C0000000011_ptg000011l:246259-247635   -            459 30348at4891          -            169   3.8e-09   34.0   0.1   1   2      0.31        43    1.3   0.0    47    80   237   270   222   275 0.85 -
C0000000011_ptg000011l:246259-247635   -            459 30348at4891          -            169   3.8e-09   34.0   0.1   2   2   5.9e-10   8.2e-08   29.7   0.0     2    61   278   337   277   348 0.93 -
C0000000005_ptg000005l:200464-201279   -            272 30348at4891          -            169   3.8e-09   34.0   0.0   1   1   5.2e-11   7.3e-09   33.1   0.0    22    80   210   268   192   271 0.89 -
C0000000011_ptg000011l:1010833-1012974 -            714 30348at4891          -            169   3.5e-05   21.1   0.0   1   1   5.1e-07   7.1e-05   20.1   0.0    19    69    52   102    47   112 0.90 -
#
# Program:         hmmsearch
# Version:         3.1b2 (February 2015)
# Pipeline mode:   SEARCH
# Query file:      /home/deepseq/tool/BUSCO_v5/saccharomycetes_odb10/hmms/30348at4891.hmm
# Target file:     /var/www/gvolante/request/project/202302230949-GVF6W5EPF13MH478/202302230949-GVF6W5EPF13MH478_busco/run_saccharomycetes_odb10/metaeuk_output/initial_results/SRR13577846.fa.ca.modified.fas
# Option settings: hmmsearch --domtblout /var/www/gvolante/request/project/202302230949-GVF6W5EPF13MH478/202302230949-GVF6W5EPF13MH478_busco/run_saccharomycetes_odb10/hmmer_output/initial_run_results/30348at4891.out --cpu 1 /home/deepseq/tool/BUSCO_v5/saccharomycetes_odb10/hmms/30348at4891.hmm /var/www/gvolante/request/project/202302230949-GVF6W5EPF13MH478/202302230949-GVF6W5EPF13MH478_busco/run_saccharomycetes_odb10/metaeuk_output/initial_results/SRR13577846.fa.ca.modified.fas 
# Current dir:     /var/www/gvolante/request/project/202302230949-GVF6W5EPF13MH478
# Date:            Thu Feb 23 09:51:09 2023
# [ok]
