#                                                                                            --- full sequence --- -------------- this domain -------------   hmm coord   ali coord   env coord
# target name                        accession   tlen query name           accession   qlen   E-value  score  bias   #  of  c-Evalue  i-Evalue  score  bias  from    to  from    to  from    to  acc description of target
#                ------------------- ---------- ----- -------------------- ---------- ----- --------- ------ ----- --- --- --------- --------- ------ ----- ----- ----- ----- ----- ----- ----- ---- ---------------------
C0000000007_ptg000007l:176836-178671 -            612 30558at4891          -            451  3.1e-113  376.2  44.6   1   3   2.5e-90   3.3e-87  290.4  18.0     3   293     3   331     1   349 0.85 -
C0000000007_ptg000007l:176836-178671 -            612 30558at4891          -            451  3.1e-113  376.2  44.6   2   3     4e-24   5.3e-21   72.2  15.4   276   440   354   543   329   549 0.74 -
C0000000007_ptg000007l:176836-178671 -            612 30558at4891          -            451  3.1e-113  376.2  44.6   3   3     7e-09   9.3e-06   21.9   0.2   406   446   547   597   533   601 0.78 -
C0000000004_ptg000004l:362173-364227 -            685 30558at4891          -            451   2.7e-07   27.0  31.2   1   5   2.4e-06    0.0031   13.6   0.1    29    96    40   107    16   108 0.85 -
C0000000004_ptg000004l:362173-364227 -            685 30558at4891          -            451   2.7e-07   27.0  31.2   2   5   1.4e-08   1.9e-05   21.0   1.0    55   150   100   191    96   197 0.85 -
C0000000004_ptg000004l:362173-364227 -            685 30558at4891          -            451   2.7e-07   27.0  31.2   3   5   0.00099       1.3    5.0   3.7    22   117   166   264   157   268 0.85 -
C0000000004_ptg000004l:362173-364227 -            685 30558at4891          -            451   2.7e-07   27.0  31.2   4   5      0.14   1.9e+02   -2.1   2.8   247   247   367   367   298   420 0.53 -
C0000000004_ptg000004l:362173-364227 -            685 30558at4891          -            451   2.7e-07   27.0  31.2   5   5   1.5e-06     0.002   14.2   2.8    57   179   440   564   436   584 0.79 -
#
# Program:         hmmsearch
# Version:         3.1b2 (February 2015)
# Pipeline mode:   SEARCH
# Query file:      /home/deepseq/tool/BUSCO_v5/saccharomycetes_odb10/hmms/30558at4891.hmm
# Target file:     /var/www/gvolante/request/project/202302230949-GVF6W5EPF13MH478/202302230949-GVF6W5EPF13MH478_busco/run_saccharomycetes_odb10/metaeuk_output/initial_results/SRR13577846.fa.ca.modified.fas
# Option settings: hmmsearch --domtblout /var/www/gvolante/request/project/202302230949-GVF6W5EPF13MH478/202302230949-GVF6W5EPF13MH478_busco/run_saccharomycetes_odb10/hmmer_output/initial_run_results/30558at4891.out --cpu 1 /home/deepseq/tool/BUSCO_v5/saccharomycetes_odb10/hmms/30558at4891.hmm /var/www/gvolante/request/project/202302230949-GVF6W5EPF13MH478/202302230949-GVF6W5EPF13MH478_busco/run_saccharomycetes_odb10/metaeuk_output/initial_results/SRR13577846.fa.ca.modified.fas 
# Current dir:     /var/www/gvolante/request/project/202302230949-GVF6W5EPF13MH478
# Date:            Thu Feb 23 09:51:10 2023
# [ok]
