#                                                                                              --- full sequence --- -------------- this domain -------------   hmm coord   ali coord   env coord
# target name                          accession   tlen query name           accession   qlen   E-value  score  bias   #  of  c-Evalue  i-Evalue  score  bias  from    to  from    to  from    to  acc description of target
#                  ------------------- ---------- ----- -------------------- ---------- ----- --------- ------ ----- --- --- --------- --------- ------ ----- ----- ----- ----- ----- ----- ----- ---- ---------------------
C0000000008_ptg000008l:1014643-1015308 -            222 32172at4891          -            187  2.7e-106  350.4   2.4   1   2  4.4e-108  3.7e-106  350.0   1.7     1   178     5   183     5   189 0.98 -
C0000000008_ptg000008l:1014643-1015308 -            222 32172at4891          -            187  2.7e-106  350.4   2.4   2   2       4.5   3.7e+02   -2.2   0.0   177   187   200   210   195   210 0.85 -
C0000000009_ptg000009l:215251-215919   -            223 32172at4891          -            187  6.9e-105  345.8   1.9   1   2  1.2e-106  9.8e-105  345.3   1.2     1   178     5   183     5   188 0.98 -
C0000000009_ptg000009l:215251-215919   -            223 32172at4891          -            187  6.9e-105  345.8   1.9   2   2       3.9   3.2e+02   -1.9   0.0   174   187   198   211   195   211 0.83 -
C0000000001_ptg000001l:216348-216965   -            206 32172at4891          -            187   4.5e-64  212.7   1.3   1   1   6.5e-66   5.4e-64  212.5   1.3     3   177     2   177     1   186 0.96 -
C0000000001_ptg000001l:141237-141881   -            215 32172at4891          -            187   1.1e-56  188.7   0.5   1   1   1.6e-58   1.3e-56  188.4   0.5     4   176    15   187    12   194 0.96 -
C0000000011_ptg000011l:491256-491801   -            182 32172at4891          -            187   1.6e-47  158.8   0.2   1   1   2.4e-49     2e-47  158.5   0.2    10   170     7   171     4   181 0.92 -
C0000000017_ptg000017l:207733-208374   -            214 32172at4891          -            187   8.8e-45  149.9   0.6   1   2   1.2e-36   9.5e-35  117.1   0.2    10   127     1   128     1   142 0.87 -
C0000000017_ptg000017l:207733-208374   -            214 32172at4891          -            187   8.8e-45  149.9   0.6   2   2   2.2e-10   1.8e-08   31.4   0.0   126   174   147   195   139   204 0.91 -
C0000000013_ptg000013l:202287-203702   -            279 32172at4891          -            187   1.4e-44  149.2   0.3   1   1   2.5e-46   2.1e-44  148.6   0.3    10   173    75   241    70   252 0.93 -
C0000000014_ptg000014l:327549-328034   -            162 32172at4891          -            187   2.2e-43  145.3   0.1   1   1   3.1e-45   2.6e-43  145.1   0.1    11   165     1   162     1   162 0.95 -
C0000000007_ptg000007l:250806-251429   -            208 32172at4891          -            187   1.3e-38  129.7   0.5   1   1   1.8e-40   1.5e-38  129.5   0.5     8   173     7   180     1   188 0.86 -
C0000000002_ptg000002l:75869-76438     -            190 32172at4891          -            187     1e-29  100.7   0.1   1   1   1.5e-31   1.3e-29  100.4   0.1    11   128     1   124     1   183 0.82 -
C0000000011_ptg000011l:516220-516747   -            176 32172at4891          -            187   3.5e-29   99.0   0.3   1   1   5.3e-31   4.4e-29   98.7   0.3    10   169    11   171     5   174 0.92 -
C0000000014_ptg000014l:337375-337848   -            158 32172at4891          -            187   3.6e-27   92.4   0.2   1   1   4.8e-29     4e-27   92.3   0.2    11   165     1   156     1   158 0.91 -
C0000000008_ptg000008l:301643-302128   -            162 32172at4891          -            187   9.2e-25   84.6   0.0   1   1   1.2e-26     1e-24   84.4   0.0    10   169     1   162     1   162 0.92 -
C0000000011_ptg000011l:677177-677527   -            117 32172at4891          -            187     3e-23   79.7   0.0   1   1   3.9e-25   3.3e-23   79.5   0.0    11   126     1   116     1   117 0.95 -
C0000000014_ptg000014l:320804-321376   -            191 32172at4891          -            187   3.3e-17   60.0   0.0   1   1   5.5e-19   4.6e-17   59.5   0.0    11   164     9   172     3   188 0.83 -
C0000000017_ptg000017l:124863-125360   -            166 32172at4891          -            187   6.7e-17   58.9   0.0   1   1   9.1e-19   7.6e-17   58.8   0.0    11   168     1   164     1   166 0.88 -
C0000000016_ptg000016l:306073-306765   -            231 32172at4891          -            187   3.9e-16   56.5   0.0   1   2   1.7e-17   1.4e-15   54.6   0.0    11   130    18   137    11   172 0.86 -
C0000000016_ptg000016l:306073-306765   -            231 32172at4891          -            187   3.9e-16   56.5   0.0   2   2       1.5   1.2e+02   -0.6   0.0   143   164   184   205   158   211 0.76 -
C0000000010_ptg000010l:172834-173409   -            192 32172at4891          -            187   4.7e-16   56.2   0.0   1   1   7.2e-18     6e-16   55.9   0.0     8   169     3   177     1   184 0.87 -
C0000000003_ptg000003l:69878-70411     -            178 32172at4891          -            187     1e-14   51.8   0.0   1   1   1.5e-16   1.3e-14   51.5   0.0    11   127     5   121     2   152 0.90 -
C0000000014_ptg000014l:477250-477927   -            226 32172at4891          -            187   2.7e-14   50.4   0.0   1   2   3.3e-06   0.00028   17.8   0.0    11    48     5    42     2    53 0.87 -
C0000000014_ptg000014l:477250-477927   -            226 32172at4891          -            187   2.7e-14   50.4   0.0   2   2   7.7e-10   6.4e-08   29.7   0.0    53   172    76   221    67   226 0.68 -
C0000000013_ptg000013l:138844-139416   -            191 32172at4891          -            187     8e-14   48.9   0.0   1   1   3.8e-15   3.2e-13   47.0   0.0    10   170     4   177     2   190 0.81 -
C0000000007_ptg000007l:140568-141167   -            200 32172at4891          -            187   3.5e-13   46.8   0.0   1   1   5.6e-15   4.7e-13   46.4   0.0    11   172     8   174     3   179 0.84 -
C0000000011_ptg000011l:503771-504295   -            175 32172at4891          -            187   7.2e-11   39.3   0.0   1   1   1.1e-12   9.2e-11   38.9   0.0    10   128    18   133    15   160 0.82 -
C0000000005_ptg000005l:1288603-1289142 -            180 32172at4891          -            187   1.1e-10   38.7   0.0   1   1   1.5e-12   1.2e-10   38.5   0.0    10   129    18   134    12   176 0.79 -
C0000000005_ptg000005l:1388799-1389332 -            178 32172at4891          -            187   2.6e-10   37.5   0.0   1   1   3.9e-12   3.2e-10   37.2   0.0    10   129    18   134    13   169 0.79 -
C0000000003_ptg000003l:479348-479941   -            198 32172at4891          -            187     2e-09   34.6   0.0   1   1   3.2e-11   2.7e-09   34.2   0.0     9   168    17   185    10   194 0.70 -
C0000000002_ptg000002l:251651-252199   -            183 32172at4891          -            187   2.6e-08   31.0   0.1   1   1   3.8e-10   3.2e-08   30.7   0.1    10   169    19   178    14   182 0.74 -
C0000000012_ptg000012l:173480-175465   -            662 32172at4891          -            187   6.4e-07   26.4   0.0   1   2    0.0012       0.1    9.5   0.0    10    34     6    30     3    37 0.91 -
C0000000012_ptg000012l:173480-175465   -            662 32172at4891          -            187   6.4e-07   26.4   0.0   2   2   4.2e-05    0.0035   14.2   0.0     9   130   448   569   441   599 0.81 -
C0000000007_ptg000007l:523552-524067   -            172 32172at4891          -            187   0.00018   18.5   0.0   1   1   2.5e-06    0.0002   18.2   0.0    13   127     7   124     2   168 0.76 -
C0000000001_ptg000001l:106431-108686   -            752 32172at4891          -            187    0.0041   14.0   1.7   1   3       0.2        17    2.2   0.8   105   167   106   170    94   188 0.57 -
C0000000001_ptg000001l:106431-108686   -            752 32172at4891          -            187    0.0041   14.0   1.7   2   3    0.0055      0.45    7.3   0.0    12    42   228   258   219   283 0.81 -
C0000000001_ptg000001l:106431-108686   -            752 32172at4891          -            187    0.0041   14.0   1.7   3   3      0.89        73    0.1   0.0     5    27   554   576   550   581 0.80 -
C0000000007_ptg000007l:303073-304554   -            494 32172at4891          -            187    0.0056   13.6   0.1   1   1   0.00018     0.015   12.2   0.1    10    68   243   300   234   375 0.66 -
C0000000008_ptg000008l:249316-250419   -            368 32172at4891          -            187     0.016   12.1   0.1   1   2   0.00049     0.041   10.7   0.0    11    95    65   154    63   175 0.62 -
C0000000008_ptg000008l:249316-250419   -            368 32172at4891          -            187     0.016   12.1   0.1   2   2       7.7   6.4e+02   -2.9   0.0   130   142   254   266   228   295 0.57 -
#
# Program:         hmmsearch
# Version:         3.1b2 (February 2015)
# Pipeline mode:   SEARCH
# Query file:      /home/deepseq/tool/BUSCO_v5/saccharomycetes_odb10/hmms/32172at4891.hmm
# Target file:     /var/www/gvolante/request/project/202302230949-GVF6W5EPF13MH478/202302230949-GVF6W5EPF13MH478_busco/run_saccharomycetes_odb10/metaeuk_output/initial_results/SRR13577846.fa.ca.modified.fas
# Option settings: hmmsearch --domtblout /var/www/gvolante/request/project/202302230949-GVF6W5EPF13MH478/202302230949-GVF6W5EPF13MH478_busco/run_saccharomycetes_odb10/hmmer_output/initial_run_results/32172at4891.out --cpu 1 /home/deepseq/tool/BUSCO_v5/saccharomycetes_odb10/hmms/32172at4891.hmm /var/www/gvolante/request/project/202302230949-GVF6W5EPF13MH478/202302230949-GVF6W5EPF13MH478_busco/run_saccharomycetes_odb10/metaeuk_output/initial_results/SRR13577846.fa.ca.modified.fas 
# Current dir:     /var/www/gvolante/request/project/202302230949-GVF6W5EPF13MH478
# Date:            Thu Feb 23 09:51:11 2023
# [ok]
