#                                                                                            --- full sequence --- -------------- this domain -------------   hmm coord   ali coord   env coord
# target name                        accession   tlen query name           accession   qlen   E-value  score  bias   #  of  c-Evalue  i-Evalue  score  bias  from    to  from    to  from    to  acc description of target
#                ------------------- ---------- ----- -------------------- ---------- ----- --------- ------ ----- --- --- --------- --------- ------ ----- ----- ----- ----- ----- ----- ----- ---- ---------------------
C0000000008_ptg000008l:795814-796260 -            149 32853at4891          -            101   6.3e-48  158.6   4.4   1   2   1.6e-15   8.5e-13   45.8   0.1     1    41     5    49     5    58 0.86 -
C0000000008_ptg000008l:795814-796260 -            149 32853at4891          -            101   6.3e-48  158.6   4.4   2   2   7.9e-37   4.2e-34  114.2   1.4    31   101    79   149    51   149 0.88 -
C0000000002_ptg000002l:361716-362147 -            144 32853at4891          -            101   2.5e-29   98.9   0.7   1   2     1e-14   5.6e-12   43.2   0.0    33    97     8    72     2    76 0.92 -
C0000000002_ptg000002l:361716-362147 -            144 32853at4891          -            101   2.5e-29   98.9   0.7   2   2   2.9e-18   1.5e-15   54.6   0.2    34    94    82   141    73   143 0.89 -
C0000000011_ptg000011l:806476-806952 -            159 32853at4891          -            101     5e-18   62.6   3.0   1   2   3.4e-07   0.00018   19.1   0.2    34    94    19    79    14    90 0.91 -
C0000000011_ptg000011l:806476-806952 -            159 32853at4891          -            101     5e-18   62.6   3.0   2   2   5.5e-15   2.9e-12   44.1   0.2    36    96    94   154    90   158 0.94 -
C0000000005_ptg000005l:302265-302834 -            190 32853at4891          -            101   1.1e-07   29.4   1.3   1   3      0.49   2.6e+02   -0.7   0.0    32    45    42    55    18    60 0.73 -
C0000000005_ptg000005l:302265-302834 -            190 32853at4891          -            101   1.1e-07   29.4   1.3   2   3   1.7e-07     9e-05   20.0   0.1     5    66    67   129    63   143 0.85 -
C0000000005_ptg000005l:302265-302834 -            190 32853at4891          -            101   1.1e-07   29.4   1.3   3   3    0.0026       1.4    6.6   0.0     4    23   150   169   147   179 0.68 -
C0000000014_ptg000014l:304929-306545 -            539 32853at4891          -            101   0.00084   16.9   0.7   1   3    0.0048       2.5    5.8   0.2     6    59    13    69     8    71 0.79 -
C0000000014_ptg000014l:304929-306545 -            539 32853at4891          -            101   0.00084   16.9   0.7   2   3   0.00018     0.094   10.3   0.1     4    78    49   120    46   130 0.77 -
C0000000014_ptg000014l:304929-306545 -            539 32853at4891          -            101   0.00084   16.9   0.7   3   3       1.6   8.5e+02   -2.4   0.0    35    45   215   225   206   235 0.78 -
#
# Program:         hmmsearch
# Version:         3.1b2 (February 2015)
# Pipeline mode:   SEARCH
# Query file:      /home/deepseq/tool/BUSCO_v5/saccharomycetes_odb10/hmms/32853at4891.hmm
# Target file:     /var/www/gvolante/request/project/202302230949-GVF6W5EPF13MH478/202302230949-GVF6W5EPF13MH478_busco/run_saccharomycetes_odb10/metaeuk_output/initial_results/SRR13577846.fa.ca.modified.fas
# Option settings: hmmsearch --domtblout /var/www/gvolante/request/project/202302230949-GVF6W5EPF13MH478/202302230949-GVF6W5EPF13MH478_busco/run_saccharomycetes_odb10/hmmer_output/initial_run_results/32853at4891.out --cpu 1 /home/deepseq/tool/BUSCO_v5/saccharomycetes_odb10/hmms/32853at4891.hmm /var/www/gvolante/request/project/202302230949-GVF6W5EPF13MH478/202302230949-GVF6W5EPF13MH478_busco/run_saccharomycetes_odb10/metaeuk_output/initial_results/SRR13577846.fa.ca.modified.fas 
# Current dir:     /var/www/gvolante/request/project/202302230949-GVF6W5EPF13MH478
# Date:            Thu Feb 23 09:51:09 2023
# [ok]
