#                                                                                            --- full sequence --- -------------- this domain -------------   hmm coord   ali coord   env coord
# target name                        accession   tlen query name           accession   qlen   E-value  score  bias   #  of  c-Evalue  i-Evalue  score  bias  from    to  from    to  from    to  acc description of target
#                ------------------- ---------- ----- -------------------- ---------- ----- --------- ------ ----- --- --- --------- --------- ------ ----- ----- ----- ----- ----- ----- ----- ---- ---------------------
C0000000010_ptg000010l:279332-280621 -            430 34294at4891          -             91     4e-22   75.4   0.0   1   6     3e-25     4e-22   75.4   0.0     5    62    21    80    12    95 0.84 -
C0000000010_ptg000010l:279332-280621 -            430 34294at4891          -             91     4e-22   75.4   0.0   2   6      0.64   8.5e+02   -2.5   0.2    59    84   134   159   126   162 0.67 -
C0000000010_ptg000010l:279332-280621 -            430 34294at4891          -             91     4e-22   75.4   0.0   3   6     0.057        76    0.8   0.3    52    88   215   254   203   257 0.63 -
C0000000010_ptg000010l:279332-280621 -            430 34294at4891          -             91     4e-22   75.4   0.0   4   6    0.0088        12    3.4   1.5    55    90   247   281   244   282 0.76 -
C0000000010_ptg000010l:279332-280621 -            430 34294at4891          -             91     4e-22   75.4   0.0   5   6      0.16   2.1e+02   -0.6   0.7    51    83   312   343   304   351 0.50 -
C0000000010_ptg000010l:279332-280621 -            430 34294at4891          -             91     4e-22   75.4   0.0   6   6      0.33   4.3e+02   -1.6   0.1    71    85   372   386   351   395 0.53 -
C0000000014_ptg000014l:427231-427920 -            230 34294at4891          -             91     2e-06   25.1   0.0   1   1   3.9e-09   5.1e-06   23.8   0.0     6    51   177   225   174   230 0.86 -
#
# Program:         hmmsearch
# Version:         3.1b2 (February 2015)
# Pipeline mode:   SEARCH
# Query file:      /home/deepseq/tool/BUSCO_v5/saccharomycetes_odb10/hmms/34294at4891.hmm
# Target file:     /var/www/gvolante/request/project/202302230949-GVF6W5EPF13MH478/202302230949-GVF6W5EPF13MH478_busco/run_saccharomycetes_odb10/metaeuk_output/initial_results/SRR13577846.fa.ca.modified.fas
# Option settings: hmmsearch --domtblout /var/www/gvolante/request/project/202302230949-GVF6W5EPF13MH478/202302230949-GVF6W5EPF13MH478_busco/run_saccharomycetes_odb10/hmmer_output/initial_run_results/34294at4891.out --cpu 1 /home/deepseq/tool/BUSCO_v5/saccharomycetes_odb10/hmms/34294at4891.hmm /var/www/gvolante/request/project/202302230949-GVF6W5EPF13MH478/202302230949-GVF6W5EPF13MH478_busco/run_saccharomycetes_odb10/metaeuk_output/initial_results/SRR13577846.fa.ca.modified.fas 
# Current dir:     /var/www/gvolante/request/project/202302230949-GVF6W5EPF13MH478
# Date:            Thu Feb 23 09:51:11 2023
# [ok]
