#                                                                                            --- full sequence --- -------------- this domain -------------   hmm coord   ali coord   env coord
# target name                        accession   tlen query name           accession   qlen   E-value  score  bias   #  of  c-Evalue  i-Evalue  score  bias  from    to  from    to  from    to  acc description of target
#                ------------------- ---------- ----- -------------------- ---------- ----- --------- ------ ----- --- --- --------- --------- ------ ----- ----- ----- ----- ----- ----- ----- ---- ---------------------
C0000000005_ptg000005l:970751-971080 -            110 34824at4891          -             79   5.7e-42  139.0   0.9   1   1     2e-44   1.3e-41  137.8   0.9     3    79    23   110    21   110 0.91 -
C0000000008_ptg000008l:684408-685334 -            309 34824at4891          -             79   4.4e-10   36.8   0.9   1   2       3.4   2.3e+03   -3.9   0.1    40    51   183   194   180   200 0.66 -
C0000000008_ptg000008l:684408-685334 -            309 34824at4891          -             79   4.4e-10   36.8   0.9   2   2   6.7e-13   4.4e-10   36.8   0.9    43    77   272   307   264   309 0.92 -
C0000000006_ptg000006l:191107-191481 -            125 34824at4891          -             79   2.9e-08   31.0   1.1   1   2      0.63   4.2e+02   -1.5   0.0     4    19    28    43    26    58 0.62 -
C0000000006_ptg000006l:191107-191481 -            125 34824at4891          -             79   2.9e-08   31.0   1.1   2   2   5.8e-11   3.9e-08   30.6   0.2    40    79    84   124    55   124 0.86 -
C0000000008_ptg000008l:727991-728356 -            122 34824at4891          -             79   0.00078   16.8   0.9   1   2     0.048        32    2.1   0.0     2    12    25    35    24    52 0.86 -
C0000000008_ptg000008l:727991-728356 -            122 34824at4891          -             79   0.00078   16.8   0.9   2   2   1.4e-05    0.0095   13.3   0.2    43    74    76   108    68   113 0.86 -
#
# Program:         hmmsearch
# Version:         3.1b2 (February 2015)
# Pipeline mode:   SEARCH
# Query file:      /home/deepseq/tool/BUSCO_v5/saccharomycetes_odb10/hmms/34824at4891.hmm
# Target file:     /var/www/gvolante/request/project/202302230949-GVF6W5EPF13MH478/202302230949-GVF6W5EPF13MH478_busco/run_saccharomycetes_odb10/metaeuk_output/initial_results/SRR13577846.fa.ca.modified.fas
# Option settings: hmmsearch --domtblout /var/www/gvolante/request/project/202302230949-GVF6W5EPF13MH478/202302230949-GVF6W5EPF13MH478_busco/run_saccharomycetes_odb10/hmmer_output/initial_run_results/34824at4891.out --cpu 1 /home/deepseq/tool/BUSCO_v5/saccharomycetes_odb10/hmms/34824at4891.hmm /var/www/gvolante/request/project/202302230949-GVF6W5EPF13MH478/202302230949-GVF6W5EPF13MH478_busco/run_saccharomycetes_odb10/metaeuk_output/initial_results/SRR13577846.fa.ca.modified.fas 
# Current dir:     /var/www/gvolante/request/project/202302230949-GVF6W5EPF13MH478
# Date:            Thu Feb 23 09:51:10 2023
# [ok]
