#                                                                                            --- full sequence --- -------------- this domain -------------   hmm coord   ali coord   env coord
# target name                        accession   tlen query name           accession   qlen   E-value  score  bias   #  of  c-Evalue  i-Evalue  score  bias  from    to  from    to  from    to  acc description of target
#                ------------------- ---------- ----- -------------------- ---------- ----- --------- ------ ----- --- --- --------- --------- ------ ----- ----- ----- ----- ----- ----- ----- ---- ---------------------
C0000000006_ptg000006l:191107-191481 -            125 35584at4891          -            101   5.9e-56  183.9   8.1   1   2   4.4e-09   2.9e-06   24.4   0.4     1    19     1    19     1    23 0.91 -
C0000000006_ptg000006l:191107-191481 -            125 35584at4891          -            101   5.9e-56  183.9   8.1   2   2   1.6e-52   1.1e-49  163.8   2.2     2   101    22   125    21   125 0.95 -
C0000000005_ptg000005l:970751-971080 -            110 35584at4891          -            101     2e-10   37.8   4.0   1   1   3.1e-12   2.1e-09   34.5   4.0    40   100    47   110     1   110 0.64 -
C0000000008_ptg000008l:684408-685334 -            309 35584at4891          -            101   5.3e-10   36.4   1.6   1   2         1   6.9e+02   -2.5   0.0    60    73   183   196   170   201 0.77 -
C0000000008_ptg000008l:684408-685334 -            309 35584at4891          -            101   5.3e-10   36.4   1.6   2   2   1.3e-12   8.7e-10   35.7   0.5    26    98   230   307   217   309 0.76 -
C0000000008_ptg000008l:727991-728356 -            122 35584at4891          -            101   9.6e-05   19.5   3.7   1   3     0.047        31    1.8   0.1     7    17     4    14     1    23 0.80 -
C0000000008_ptg000008l:727991-728356 -            122 35584at4891          -            101   9.6e-05   19.5   3.7   2   3      0.25   1.7e+02   -0.5   0.1    80    95    19    34    13    39 0.74 -
C0000000008_ptg000008l:727991-728356 -            122 35584at4891          -            101   9.6e-05   19.5   3.7   3   3   4.3e-07   0.00028   18.0   0.1    60    98    73   111    61   114 0.92 -
#
# Program:         hmmsearch
# Version:         3.1b2 (February 2015)
# Pipeline mode:   SEARCH
# Query file:      /home/deepseq/tool/BUSCO_v5/saccharomycetes_odb10/hmms/35584at4891.hmm
# Target file:     /var/www/gvolante/request/project/202302230949-GVF6W5EPF13MH478/202302230949-GVF6W5EPF13MH478_busco/run_saccharomycetes_odb10/metaeuk_output/initial_results/SRR13577846.fa.ca.modified.fas
# Option settings: hmmsearch --domtblout /var/www/gvolante/request/project/202302230949-GVF6W5EPF13MH478/202302230949-GVF6W5EPF13MH478_busco/run_saccharomycetes_odb10/hmmer_output/initial_run_results/35584at4891.out --cpu 1 /home/deepseq/tool/BUSCO_v5/saccharomycetes_odb10/hmms/35584at4891.hmm /var/www/gvolante/request/project/202302230949-GVF6W5EPF13MH478/202302230949-GVF6W5EPF13MH478_busco/run_saccharomycetes_odb10/metaeuk_output/initial_results/SRR13577846.fa.ca.modified.fas 
# Current dir:     /var/www/gvolante/request/project/202302230949-GVF6W5EPF13MH478
# Date:            Thu Feb 23 09:51:11 2023
# [ok]
