#                                                                                            --- full sequence --- -------------- this domain -------------   hmm coord   ali coord   env coord
# target name                        accession   tlen query name           accession   qlen   E-value  score  bias   #  of  c-Evalue  i-Evalue  score  bias  from    to  from    to  from    to  acc description of target
#                ------------------- ---------- ----- -------------------- ---------- ----- --------- ------ ----- --- --- --------- --------- ------ ----- ----- ----- ----- ----- ----- ----- ---- ---------------------
C0000000011_ptg000011l:286008-287063 -            352 35912at4891          -            208   4.1e-79  262.3  21.2   1   3   8.1e-11   3.6e-08   30.6   0.0     1    24     1    24     1    33 0.88 -
C0000000011_ptg000011l:286008-287063 -            352 35912at4891          -            208   4.1e-79  262.3  21.2   2   3   4.9e-23   2.2e-20   70.5   6.9    26   110    90   193    82   216 0.81 -
C0000000011_ptg000011l:286008-287063 -            352 35912at4891          -            208   4.1e-79  262.3  21.2   3   3   1.7e-51   7.3e-49  163.5   3.3   106   208   235   337   225   337 0.93 -
C0000000011_ptg000011l:401295-402155 -            287 35912at4891          -            208   6.2e-25   85.3   2.6   1   2     0.027        12    2.7   3.3    43   124    64   148    41   160 0.54 -
C0000000011_ptg000011l:401295-402155 -            287 35912at4891          -            208   6.2e-25   85.3   2.6   2   2   1.4e-27   6.2e-25   85.3   2.6   106   205   190   287   184   287 0.93 -
C0000000011_ptg000011l:520193-520945 -            251 35912at4891          -            208   6.6e-17   59.1   8.1   1   2     0.047        21    1.9   0.5    59   101    35    71    10    88 0.51 -
C0000000011_ptg000011l:520193-520945 -            251 35912at4891          -            208   6.6e-17   59.1   8.1   2   2   1.5e-19   6.6e-17   59.1   8.1    90   203   135   247    94   251 0.85 -
C0000000004_ptg000004l:181141-182160 -            340 35912at4891          -            208   6.3e-12   42.8   0.9   1   2      0.11        51    0.7   0.7    39    88    83   131    58   176 0.56 -
C0000000004_ptg000004l:181141-182160 -            340 35912at4891          -            208   6.3e-12   42.8   0.9   2   2   1.4e-14   6.3e-12   42.8   0.9    90   202   226   336   204   340 0.74 -
C0000000005_ptg000005l:127075-127731 -            219 35912at4891          -            208   0.00018   18.5   0.4   1   2      0.11        51    0.7   2.7   134   155    35    58     5   100 0.61 -
C0000000005_ptg000005l:127075-127731 -            219 35912at4891          -            208   0.00018   18.5   0.4   2   2   4.1e-07   0.00018   18.5   0.4   128   203   140   216   116   219 0.69 -
C0000000006_ptg000006l:133776-134267 -            164 35912at4891          -            208   0.00036   17.5   0.5   1   1   1.2e-06   0.00051   17.0   0.5    22    84    13    79     7    84 0.79 -
#
# Program:         hmmsearch
# Version:         3.1b2 (February 2015)
# Pipeline mode:   SEARCH
# Query file:      /home/deepseq/tool/BUSCO_v5/saccharomycetes_odb10/hmms/35912at4891.hmm
# Target file:     /var/www/gvolante/request/project/202302230949-GVF6W5EPF13MH478/202302230949-GVF6W5EPF13MH478_busco/run_saccharomycetes_odb10/metaeuk_output/initial_results/SRR13577846.fa.ca.modified.fas
# Option settings: hmmsearch --domtblout /var/www/gvolante/request/project/202302230949-GVF6W5EPF13MH478/202302230949-GVF6W5EPF13MH478_busco/run_saccharomycetes_odb10/hmmer_output/initial_run_results/35912at4891.out --cpu 1 /home/deepseq/tool/BUSCO_v5/saccharomycetes_odb10/hmms/35912at4891.hmm /var/www/gvolante/request/project/202302230949-GVF6W5EPF13MH478/202302230949-GVF6W5EPF13MH478_busco/run_saccharomycetes_odb10/metaeuk_output/initial_results/SRR13577846.fa.ca.modified.fas 
# Current dir:     /var/www/gvolante/request/project/202302230949-GVF6W5EPF13MH478
# Date:            Thu Feb 23 09:51:10 2023
# [ok]
