#                                                                                            --- full sequence --- -------------- this domain -------------   hmm coord   ali coord   env coord
# target name                        accession   tlen query name           accession   qlen   E-value  score  bias   #  of  c-Evalue  i-Evalue  score  bias  from    to  from    to  from    to  acc description of target
#                ------------------- ---------- ----- -------------------- ---------- ----- --------- ------ ----- --- --- --------- --------- ------ ----- ----- ----- ----- ----- ----- ----- ---- ---------------------
C0000000005_ptg000005l:592387-594444 -            686 3798at4891           -            544    2e-293  971.3   9.1   1   3  4.1e-135  2.7e-132  439.5   0.2     1   223    13   250    13   266 0.94 -
C0000000005_ptg000005l:592387-594444 -            686 3798at4891           -            544    2e-293  971.3   9.1   2   3   8.1e-77   5.4e-74  247.1   1.2   226   378   282   455   269   476 0.89 -
C0000000005_ptg000005l:592387-594444 -            686 3798at4891           -            544    2e-293  971.3   9.1   3   3   2.4e-89   1.6e-86  288.4   0.1   375   544   493   686   480   686 0.88 -
C0000000008_ptg000008l:624189-626453 -            755 3798at4891           -            544   3.9e-49  165.0   0.3   1   3   2.5e-21   1.6e-18   63.9   0.2    43   223    49   253     7   270 0.75 -
C0000000008_ptg000008l:624189-626453 -            755 3798at4891           -            544   3.9e-49  165.0   0.3   2   3   2.5e-20   1.6e-17   60.6   0.0   262   380   345   474   338   480 0.85 -
C0000000008_ptg000008l:624189-626453 -            755 3798at4891           -            544   3.9e-49  165.0   0.3   3   3     1e-12   6.9e-10   35.4   0.0   433   518   613   697   580   707 0.79 -
C0000000013_ptg000013l:269621-271945 -            775 3798at4891           -            544   1.1e-42  143.7   0.0   1   2   3.2e-41   2.1e-38  129.5   0.0    19   376    83   502    76   543 0.74 -
C0000000013_ptg000013l:269621-271945 -            775 3798at4891           -            544   1.1e-42  143.7   0.0   2   2   0.00013     0.086    8.7   0.0   434   486   654   706   642   715 0.84 -
C0000000006_ptg000006l:694294-696660 -            789 3798at4891           -            544   2.1e-35  119.7   0.0   1   2   3.8e-34   2.5e-31  106.2   0.0    13   374    78   505    70   509 0.72 -
C0000000006_ptg000006l:694294-696660 -            789 3798at4891           -            544   2.1e-35  119.7   0.0   2   2   0.00042      0.28    7.0   0.0   432   483   657   708   644   716 0.81 -
#
# Program:         hmmsearch
# Version:         3.1b2 (February 2015)
# Pipeline mode:   SEARCH
# Query file:      /home/deepseq/tool/BUSCO_v5/saccharomycetes_odb10/hmms/3798at4891.hmm
# Target file:     /var/www/gvolante/request/project/202302230949-GVF6W5EPF13MH478/202302230949-GVF6W5EPF13MH478_busco/run_saccharomycetes_odb10/metaeuk_output/initial_results/SRR13577846.fa.ca.modified.fas
# Option settings: hmmsearch --domtblout /var/www/gvolante/request/project/202302230949-GVF6W5EPF13MH478/202302230949-GVF6W5EPF13MH478_busco/run_saccharomycetes_odb10/hmmer_output/initial_run_results/3798at4891.out --cpu 1 /home/deepseq/tool/BUSCO_v5/saccharomycetes_odb10/hmms/3798at4891.hmm /var/www/gvolante/request/project/202302230949-GVF6W5EPF13MH478/202302230949-GVF6W5EPF13MH478_busco/run_saccharomycetes_odb10/metaeuk_output/initial_results/SRR13577846.fa.ca.modified.fas 
# Current dir:     /var/www/gvolante/request/project/202302230949-GVF6W5EPF13MH478
# Date:            Thu Feb 23 09:51:12 2023
# [ok]
