#                                                                                            --- full sequence --- -------------- this domain -------------   hmm coord   ali coord   env coord
# target name                        accession   tlen query name           accession   qlen   E-value  score  bias   #  of  c-Evalue  i-Evalue  score  bias  from    to  from    to  from    to  acc description of target
#                ------------------- ---------- ----- -------------------- ---------- ----- --------- ------ ----- --- --- --------- --------- ------ ----- ----- ----- ----- ----- ----- ----- ---- ---------------------
C0000000009_ptg000009l:411258-413684 -            809 3802at4891           -            603         0 1212.6  21.0   1   3   1.3e-42   5.9e-40  134.5   0.3     1   149     9   188     9   218 0.77 -
C0000000009_ptg000009l:411258-413684 -            809 3802at4891           -            603         0 1212.6  21.0   2   3   2.2e-26   9.7e-24   81.0   2.7    97   151   219   273   199   293 0.85 -
C0000000009_ptg000009l:411258-413684 -            809 3802at4891           -            603         0 1212.6  21.0   3   3  2.6e-306  1.2e-303 1005.4   5.6   144   603   323   809   315   809 0.96 -
C0000000005_ptg000005l:146167-155970 -           3268 3802at4891           -            603  1.7e-100  334.4   1.2   1   2      0.74   3.3e+02   -3.4   2.5   397   438  1929  1970  1925  1982 0.88 -
C0000000005_ptg000005l:146167-155970 -           3268 3802at4891           -            603  1.7e-100  334.4   1.2   2   2  3.8e-103  1.7e-100  334.4   1.2   269   600  2912  3265  2885  3267 0.92 -
C0000000006_ptg000006l:249679-251067 -            463 3802at4891           -            603   6.4e-49  164.1   1.2   1   1   8.7e-50   3.9e-47  158.2   1.2   269   599    96   462    89   463 0.80 -
C0000000008_ptg000008l:861735-864464 -            910 3802at4891           -            603   4.4e-42  141.5   1.8   1   1   1.5e-43   6.5e-41  137.7   1.8   272   597   558   904   547   909 0.81 -
C0000000017_ptg000017l:248206-252366 -           1387 3802at4891           -            603   2.4e-16   56.5   0.0   1   1   2.8e-18   1.2e-15   54.2   0.0   421   599  1196  1382   990  1384 0.77 -
C0000000017_ptg000017l:253735-255480 -            582 3802at4891           -            603   1.2e-06   24.5   0.4   1   1   5.4e-09   2.4e-06   23.5   0.4   113   187     3    73     1    91 0.85 -
#
# Program:         hmmsearch
# Version:         3.1b2 (February 2015)
# Pipeline mode:   SEARCH
# Query file:      /home/deepseq/tool/BUSCO_v5/saccharomycetes_odb10/hmms/3802at4891.hmm
# Target file:     /var/www/gvolante/request/project/202302230949-GVF6W5EPF13MH478/202302230949-GVF6W5EPF13MH478_busco/run_saccharomycetes_odb10/metaeuk_output/initial_results/SRR13577846.fa.ca.modified.fas
# Option settings: hmmsearch --domtblout /var/www/gvolante/request/project/202302230949-GVF6W5EPF13MH478/202302230949-GVF6W5EPF13MH478_busco/run_saccharomycetes_odb10/hmmer_output/initial_run_results/3802at4891.out --cpu 1 /home/deepseq/tool/BUSCO_v5/saccharomycetes_odb10/hmms/3802at4891.hmm /var/www/gvolante/request/project/202302230949-GVF6W5EPF13MH478/202302230949-GVF6W5EPF13MH478_busco/run_saccharomycetes_odb10/metaeuk_output/initial_results/SRR13577846.fa.ca.modified.fas 
# Current dir:     /var/www/gvolante/request/project/202302230949-GVF6W5EPF13MH478
# Date:            Thu Feb 23 09:51:13 2023
# [ok]
