#                                                                                            --- full sequence --- -------------- this domain -------------   hmm coord   ali coord   env coord
# target name                        accession   tlen query name           accession   qlen   E-value  score  bias   #  of  c-Evalue  i-Evalue  score  bias  from    to  from    to  from    to  acc description of target
#                ------------------- ---------- ----- -------------------- ---------- ----- --------- ------ ----- --- --- --------- --------- ------ ----- ----- ----- ----- ----- ----- ----- ---- ---------------------
C0000000005_ptg000005l:355477-356403 -            309 38540at4891          -            179   3.9e-52  173.8   8.5   1   5   5.7e-08   5.1e-05   20.3   0.0     7    57    15    68     9    74 0.82 -
C0000000005_ptg000005l:355477-356403 -            309 38540at4891          -            179   3.9e-52  173.8   8.5   2   5   0.00041      0.36    7.7   0.2    41    65    71    95    62   102 0.73 -
C0000000005_ptg000005l:355477-356403 -            309 38540at4891          -            179   3.9e-52  173.8   8.5   3   5   1.1e-16     1e-13   48.7   0.0    70   106   135   171   111   175 0.87 -
C0000000005_ptg000005l:355477-356403 -            309 38540at4891          -            179   3.9e-52  173.8   8.5   4   5   9.2e-07   0.00082   16.4   0.2   105   131   188   214   187   222 0.84 -
C0000000005_ptg000005l:355477-356403 -            309 38540at4891          -            179   3.9e-52  173.8   8.5   5   5   3.2e-27   2.8e-24   83.0   0.1   128   179   257   308   245   308 0.92 -
C0000000006_ptg000006l:127673-128455 -            261 38540at4891          -            179   2.1e-18   63.9   6.8   1   3   0.00013      0.11    9.4   0.0     8    34    18    44    11    61 0.80 -
C0000000006_ptg000006l:127673-128455 -            261 38540at4891          -            179   2.1e-18   63.9   6.8   2   3   2.6e-05     0.023   11.6   0.8    67   122   116   175    74   191 0.74 -
C0000000006_ptg000006l:127673-128455 -            261 38540at4891          -            179   2.1e-18   63.9   6.8   3   3   2.8e-15   2.4e-12   44.1   0.5   124   176   207   259   199   261 0.89 -
C0000000015_ptg000015l:113703-114197 -            165 38540at4891          -            179   1.5e-11   41.6   4.0   1   1   8.4e-14   7.5e-11   39.3   4.0    71   174    69   164    65   165 0.89 -
#
# Program:         hmmsearch
# Version:         3.1b2 (February 2015)
# Pipeline mode:   SEARCH
# Query file:      /home/deepseq/tool/BUSCO_v5/saccharomycetes_odb10/hmms/38540at4891.hmm
# Target file:     /var/www/gvolante/request/project/202302230949-GVF6W5EPF13MH478/202302230949-GVF6W5EPF13MH478_busco/run_saccharomycetes_odb10/metaeuk_output/initial_results/SRR13577846.fa.ca.modified.fas
# Option settings: hmmsearch --domtblout /var/www/gvolante/request/project/202302230949-GVF6W5EPF13MH478/202302230949-GVF6W5EPF13MH478_busco/run_saccharomycetes_odb10/hmmer_output/initial_run_results/38540at4891.out --cpu 1 /home/deepseq/tool/BUSCO_v5/saccharomycetes_odb10/hmms/38540at4891.hmm /var/www/gvolante/request/project/202302230949-GVF6W5EPF13MH478/202302230949-GVF6W5EPF13MH478_busco/run_saccharomycetes_odb10/metaeuk_output/initial_results/SRR13577846.fa.ca.modified.fas 
# Current dir:     /var/www/gvolante/request/project/202302230949-GVF6W5EPF13MH478
# Date:            Thu Feb 23 09:51:13 2023
# [ok]
