#                                                                                            --- full sequence --- -------------- this domain -------------   hmm coord   ali coord   env coord
# target name                        accession   tlen query name           accession   qlen   E-value  score  bias   #  of  c-Evalue  i-Evalue  score  bias  from    to  from    to  from    to  acc description of target
#                ------------------- ---------- ----- -------------------- ---------- ----- --------- ------ ----- --- --- --------- --------- ------ ----- ----- ----- ----- ----- ----- ----- ---- ---------------------
C0000000014_ptg000014l:429387-430133 -            249 38816at4891          -            119   1.6e-20   70.6  38.4   1   4      0.54   4.8e+02   -1.9   0.0    10    20    36    46    17    51 0.63 -
C0000000014_ptg000014l:429387-430133 -            249 38816at4891          -            119   1.6e-20   70.6  38.4   2   4    0.0061       5.3    4.4   0.0    16    29    60    73    48    82 0.84 -
C0000000014_ptg000014l:429387-430133 -            249 38816at4891          -            119   1.6e-20   70.6  38.4   3   4   1.7e-19   1.5e-16   57.8   0.1    28    74   100   149    97   168 0.85 -
C0000000014_ptg000014l:429387-430133 -            249 38816at4891          -            119   1.6e-20   70.6  38.4   4   4   0.00019      0.17    9.2  32.3    86   115   203   236   164   249 0.82 -
C0000000010_ptg000010l:117398-118939 -            514 38816at4891          -            119     0.016   12.5   0.1   1   1     5e-05     0.044   11.1   0.1    34    87   455   508   448   512 0.86 -
C0000000016_ptg000016l:144388-147576 -           1063 38816at4891          -            119       1.9    5.8  17.4   1   3    0.0046       4.1    4.7   8.4    66   102    35    71     5    75 0.75 -
C0000000016_ptg000016l:144388-147576 -           1063 38816at4891          -            119       1.9    5.8  17.4   2   3     0.036        32    1.8   0.3    37    93   114   170   103   173 0.77 -
C0000000016_ptg000016l:144388-147576 -           1063 38816at4891          -            119       1.9    5.8  17.4   3   3     0.031        28    2.1   0.0    73    97   613   637   546   640 0.58 -
#
# Program:         hmmsearch
# Version:         3.1b2 (February 2015)
# Pipeline mode:   SEARCH
# Query file:      /home/deepseq/tool/BUSCO_v5/saccharomycetes_odb10/hmms/38816at4891.hmm
# Target file:     /var/www/gvolante/request/project/202302230949-GVF6W5EPF13MH478/202302230949-GVF6W5EPF13MH478_busco/run_saccharomycetes_odb10/metaeuk_output/initial_results/SRR13577846.fa.ca.modified.fas
# Option settings: hmmsearch --domtblout /var/www/gvolante/request/project/202302230949-GVF6W5EPF13MH478/202302230949-GVF6W5EPF13MH478_busco/run_saccharomycetes_odb10/hmmer_output/initial_run_results/38816at4891.out --cpu 1 /home/deepseq/tool/BUSCO_v5/saccharomycetes_odb10/hmms/38816at4891.hmm /var/www/gvolante/request/project/202302230949-GVF6W5EPF13MH478/202302230949-GVF6W5EPF13MH478_busco/run_saccharomycetes_odb10/metaeuk_output/initial_results/SRR13577846.fa.ca.modified.fas 
# Current dir:     /var/www/gvolante/request/project/202302230949-GVF6W5EPF13MH478
# Date:            Thu Feb 23 09:51:11 2023
# [ok]
