#                                                                                            --- full sequence --- -------------- this domain -------------   hmm coord   ali coord   env coord
# target name                        accession   tlen query name           accession   qlen   E-value  score  bias   #  of  c-Evalue  i-Evalue  score  bias  from    to  from    to  from    to  acc description of target
#                ------------------- ---------- ----- -------------------- ---------- ----- --------- ------ ----- --- --- --------- --------- ------ ----- ----- ----- ----- ----- ----- ----- ---- ---------------------
C0000000007_ptg000007l:607350-610286 -            979 3892at4891           -            512  3.6e-113  376.3  51.8   1   7   1.2e-08   3.2e-05   20.1   0.0     1    31   102   134   102   149 0.82 -
C0000000007_ptg000007l:607350-610286 -            979 3892at4891           -            512  3.6e-113  376.3  51.8   2   7   1.9e-47     5e-44  148.1   9.2    42   190   208   380   154   382 0.90 -
C0000000007_ptg000007l:607350-610286 -            979 3892at4891           -            512  3.6e-113  376.3  51.8   3   7     0.026        68   -0.8   0.1   200   229   448   477   444   492 0.85 -
C0000000007_ptg000007l:607350-610286 -            979 3892at4891           -            512  3.6e-113  376.3  51.8   4   7   3.7e-08   9.9e-05   18.5   0.4   218   257   519   560   493   564 0.81 -
C0000000007_ptg000007l:607350-610286 -            979 3892at4891           -            512  3.6e-113  376.3  51.8   5   7   2.6e-11   6.8e-08   28.9   1.1   255   300   579   625   573   631 0.89 -
C0000000007_ptg000007l:607350-610286 -            979 3892at4891           -            512  3.6e-113  376.3  51.8   6   7     0.003         8    2.3   0.1   296   318   650   672   645   679 0.83 -
C0000000007_ptg000007l:607350-610286 -            979 3892at4891           -            512  3.6e-113  376.3  51.8   7   7   3.8e-55     1e-51  173.6  13.4   270   511   666   976   656   977 0.83 -
#
# Program:         hmmsearch
# Version:         3.1b2 (February 2015)
# Pipeline mode:   SEARCH
# Query file:      /home/deepseq/tool/BUSCO_v5/saccharomycetes_odb10/hmms/3892at4891.hmm
# Target file:     /var/www/gvolante/request/project/202302230949-GVF6W5EPF13MH478/202302230949-GVF6W5EPF13MH478_busco/run_saccharomycetes_odb10/metaeuk_output/initial_results/SRR13577846.fa.ca.modified.fas
# Option settings: hmmsearch --domtblout /var/www/gvolante/request/project/202302230949-GVF6W5EPF13MH478/202302230949-GVF6W5EPF13MH478_busco/run_saccharomycetes_odb10/hmmer_output/initial_run_results/3892at4891.out --cpu 1 /home/deepseq/tool/BUSCO_v5/saccharomycetes_odb10/hmms/3892at4891.hmm /var/www/gvolante/request/project/202302230949-GVF6W5EPF13MH478/202302230949-GVF6W5EPF13MH478_busco/run_saccharomycetes_odb10/metaeuk_output/initial_results/SRR13577846.fa.ca.modified.fas 
# Current dir:     /var/www/gvolante/request/project/202302230949-GVF6W5EPF13MH478
# Date:            Thu Feb 23 09:51:11 2023
# [ok]
