#                                                                                            --- full sequence --- -------------- this domain -------------   hmm coord   ali coord   env coord
# target name                        accession   tlen query name           accession   qlen   E-value  score  bias   #  of  c-Evalue  i-Evalue  score  bias  from    to  from    to  from    to  acc description of target
#                ------------------- ---------- ----- -------------------- ---------- ----- --------- ------ ----- --- --- --------- --------- ------ ----- ----- ----- ----- ----- ----- ----- ---- ---------------------
C0000000009_ptg000009l:213762-214346 -            195 40500at4891          -             98   2.3e-31  104.7   7.4   1   3   1.3e-23   6.9e-21   71.1   0.0     2    51     7    57     6    62 0.87 -
C0000000009_ptg000009l:213762-214346 -            195 40500at4891          -             98   2.3e-31  104.7   7.4   2   3   6.7e-13   3.6e-10   36.8   1.6    46    94    70   120    64   142 0.81 -
C0000000009_ptg000009l:213762-214346 -            195 40500at4891          -             98   2.3e-31  104.7   7.4   3   3       1.3   6.9e+02   -2.7   0.1    85    97   182   194   171   195 0.66 -
C0000000006_ptg000006l:565549-565995 -            149 40500at4891          -             98   4.8e-14   49.2   0.3   1   1   1.3e-16     7e-14   48.6   0.3     7    72    24    91    18   136 0.84 -
C0000000009_ptg000009l:457309-457578 -             90 40500at4891          -             98   6.7e-10   35.9   0.2   1   1   1.5e-12   8.1e-10   35.6   0.2     7    67    22    87    18    90 0.76 -
C0000000005_ptg000005l:296005-296238 -             78 40500at4891          -             98   2.2e-08   31.0   0.1   1   1   4.4e-11   2.3e-08   30.9   0.1     5    71     8    75     4    78 0.87 -
C0000000003_ptg000003l:45367-45594   -             76 40500at4891          -             98   8.5e-08   29.1   0.0   1   1   1.8e-10   9.8e-08   28.9   0.0     5    68    11    72     7    75 0.86 -
#
# Program:         hmmsearch
# Version:         3.1b2 (February 2015)
# Pipeline mode:   SEARCH
# Query file:      /home/deepseq/tool/BUSCO_v5/saccharomycetes_odb10/hmms/40500at4891.hmm
# Target file:     /var/www/gvolante/request/project/202302230949-GVF6W5EPF13MH478/202302230949-GVF6W5EPF13MH478_busco/run_saccharomycetes_odb10/metaeuk_output/initial_results/SRR13577846.fa.ca.modified.fas
# Option settings: hmmsearch --domtblout /var/www/gvolante/request/project/202302230949-GVF6W5EPF13MH478/202302230949-GVF6W5EPF13MH478_busco/run_saccharomycetes_odb10/hmmer_output/initial_run_results/40500at4891.out --cpu 1 /home/deepseq/tool/BUSCO_v5/saccharomycetes_odb10/hmms/40500at4891.hmm /var/www/gvolante/request/project/202302230949-GVF6W5EPF13MH478/202302230949-GVF6W5EPF13MH478_busco/run_saccharomycetes_odb10/metaeuk_output/initial_results/SRR13577846.fa.ca.modified.fas 
# Current dir:     /var/www/gvolante/request/project/202302230949-GVF6W5EPF13MH478
# Date:            Thu Feb 23 09:51:13 2023
# [ok]
