#                                                                                            --- full sequence --- -------------- this domain -------------   hmm coord   ali coord   env coord
# target name                        accession   tlen query name           accession   qlen   E-value  score  bias   #  of  c-Evalue  i-Evalue  score  bias  from    to  from    to  from    to  acc description of target
#                ------------------- ---------- ----- -------------------- ---------- ----- --------- ------ ----- --- --- --------- --------- ------ ----- ----- ----- ----- ----- ----- ----- ---- ---------------------
C0000000014_ptg000014l:746543-749101 -            853 4281at4891           -            524  1.2e-249  826.6  22.2   1   3     9e-50   4.8e-47  158.0   2.8     1   135    16   176    16   181 0.84 -
C0000000014_ptg000014l:746543-749101 -            853 4281at4891           -            524  1.2e-249  826.6  22.2   2   3  5.4e-204  2.9e-201  666.9   3.3   132   500   196   603   187   619 0.91 -
C0000000014_ptg000014l:746543-749101 -            853 4281at4891           -            524  1.2e-249  826.6  22.2   3   3   9.5e-06     0.005   12.8   1.3   493   520   639   672   609   676 0.75 -
C0000000017_ptg000017l:637396-639240 -            615 4281at4891           -            524   5.2e-59  197.5   5.3   1   1   2.1e-61   1.1e-58  196.4   5.3    55   480    50   510    44   515 0.80 -
C0000000014_ptg000014l:353929-355110 -            394 4281at4891           -            524   1.5e-43  146.5   7.8   1   1   1.4e-45   7.3e-43  144.2   7.8   119   472     5   387     2   392 0.82 -
C0000000011_ptg000011l:526391-527923 -            511 4281at4891           -            524   3.1e-41  138.9  11.2   1   1   2.6e-43   1.4e-40  136.7  11.2   118   473   104   488    94   510 0.77 -
C0000000016_ptg000016l:93170-94429   -            420 4281at4891           -            524   5.2e-14   49.0   3.3   1   1   7.6e-16   4.1e-13   46.1   3.3   124   393   107   382    73   399 0.70 -
#
# Program:         hmmsearch
# Version:         3.1b2 (February 2015)
# Pipeline mode:   SEARCH
# Query file:      /home/deepseq/tool/BUSCO_v5/saccharomycetes_odb10/hmms/4281at4891.hmm
# Target file:     /var/www/gvolante/request/project/202302230949-GVF6W5EPF13MH478/202302230949-GVF6W5EPF13MH478_busco/run_saccharomycetes_odb10/metaeuk_output/initial_results/SRR13577846.fa.ca.modified.fas
# Option settings: hmmsearch --domtblout /var/www/gvolante/request/project/202302230949-GVF6W5EPF13MH478/202302230949-GVF6W5EPF13MH478_busco/run_saccharomycetes_odb10/hmmer_output/initial_run_results/4281at4891.out --cpu 1 /home/deepseq/tool/BUSCO_v5/saccharomycetes_odb10/hmms/4281at4891.hmm /var/www/gvolante/request/project/202302230949-GVF6W5EPF13MH478/202302230949-GVF6W5EPF13MH478_busco/run_saccharomycetes_odb10/metaeuk_output/initial_results/SRR13577846.fa.ca.modified.fas 
# Current dir:     /var/www/gvolante/request/project/202302230949-GVF6W5EPF13MH478
# Date:            Thu Feb 23 09:51:16 2023
# [ok]
