#                                                                                            --- full sequence --- -------------- this domain -------------   hmm coord   ali coord   env coord
# target name                        accession   tlen query name           accession   qlen   E-value  score  bias   #  of  c-Evalue  i-Evalue  score  bias  from    to  from    to  from    to  acc description of target
#                ------------------- ---------- ----- -------------------- ---------- ----- --------- ------ ----- --- --- --------- --------- ------ ----- ----- ----- ----- ----- ----- ----- ---- ---------------------
C0000000002_ptg000002l:497953-499947 -            665 4360at4891           -            481  1.2e-211  700.7   7.3   1   3   6.2e-37   3.3e-34  115.5   0.4    16   123    88   218    69   224 0.78 -
C0000000002_ptg000002l:497953-499947 -            665 4360at4891           -            481  1.2e-211  700.7   7.3   2   3  1.9e-170    1e-167  555.8   0.1   126   435   247   576   241   589 0.93 -
C0000000002_ptg000002l:497953-499947 -            665 4360at4891           -            481  1.2e-211  700.7   7.3   3   3     1e-11   5.4e-09   32.3   0.2   429   474   593   649   587   654 0.80 -
C0000000012_ptg000012l:183571-185310 -            580 4360at4891           -            481   9.4e-06   21.7   0.1   1   3   0.00026      0.14    7.9   0.0    29   103    56   141    40   171 0.79 -
C0000000012_ptg000012l:183571-185310 -            580 4360at4891           -            481   9.4e-06   21.7   0.1   2   3    0.0054       2.9    3.6   0.1   128   142   209   223   178   242 0.83 -
C0000000012_ptg000012l:183571-185310 -            580 4360at4891           -            481   9.4e-06   21.7   0.1   3   3   0.00082      0.44    6.3   0.0   366   415   447   502   437   521 0.77 -
C0000000011_ptg000011l:905583-906614 -            344 4360at4891           -            481   0.00015   17.7   0.2   1   2   1.1e-05    0.0056   12.5   0.1   125   191     4    74     2    87 0.72 -
C0000000011_ptg000011l:905583-906614 -            344 4360at4891           -            481   0.00015   17.7   0.2   2   2    0.0079       4.2    3.0   0.0   344   386   258   294   250   315 0.85 -
C0000000007_ptg000007l:738662-739885 -            408 4360at4891           -            481   0.00019   17.4   0.0   1   2   1.4e-05    0.0076   12.1   0.0   124   173    72   126    34   143 0.72 -
C0000000007_ptg000007l:738662-739885 -            408 4360at4891           -            481   0.00019   17.4   0.0   2   2    0.0071       3.8    3.2   0.0   362   386   335   359   298   370 0.87 -
C0000000004_ptg000004l:425338-426456 -            373 4360at4891           -            481     0.036    9.8   0.2   1   2   0.00061      0.32    6.7   0.1   129   190     4    69     2   161 0.65 -
C0000000004_ptg000004l:425338-426456 -            373 4360at4891           -            481     0.036    9.8   0.2   2   2     0.033        17    1.0   0.0   367   410   241   284   230   311 0.78 -
#
# Program:         hmmsearch
# Version:         3.1b2 (February 2015)
# Pipeline mode:   SEARCH
# Query file:      /home/deepseq/tool/BUSCO_v5/saccharomycetes_odb10/hmms/4360at4891.hmm
# Target file:     /var/www/gvolante/request/project/202302230949-GVF6W5EPF13MH478/202302230949-GVF6W5EPF13MH478_busco/run_saccharomycetes_odb10/metaeuk_output/initial_results/SRR13577846.fa.ca.modified.fas
# Option settings: hmmsearch --domtblout /var/www/gvolante/request/project/202302230949-GVF6W5EPF13MH478/202302230949-GVF6W5EPF13MH478_busco/run_saccharomycetes_odb10/hmmer_output/initial_run_results/4360at4891.out --cpu 1 /home/deepseq/tool/BUSCO_v5/saccharomycetes_odb10/hmms/4360at4891.hmm /var/www/gvolante/request/project/202302230949-GVF6W5EPF13MH478/202302230949-GVF6W5EPF13MH478_busco/run_saccharomycetes_odb10/metaeuk_output/initial_results/SRR13577846.fa.ca.modified.fas 
# Current dir:     /var/www/gvolante/request/project/202302230949-GVF6W5EPF13MH478
# Date:            Thu Feb 23 09:51:11 2023
# [ok]
