#                                                                                            --- full sequence --- -------------- this domain -------------   hmm coord   ali coord   env coord
# target name                        accession   tlen query name           accession   qlen   E-value  score  bias   #  of  c-Evalue  i-Evalue  score  bias  from    to  from    to  from    to  acc description of target
#                ------------------- ---------- ----- -------------------- ---------- ----- --------- ------ ----- --- --- --------- --------- ------ ----- ----- ----- ----- ----- ----- ----- ---- ---------------------
C0000000005_ptg000005l:760028-769915 -           3296 4466at4891           -           2452         0 1785.2 399.0   1  14   3.1e-74   8.2e-71  236.2  66.0    52   450     1   408     1   427 0.78 -
C0000000005_ptg000005l:760028-769915 -           3296 4466at4891           -           2452         0 1785.2 399.0   2  14   7.2e-15   1.9e-11   39.2   2.9   314   427   383   500   380   502 0.90 -
C0000000005_ptg000005l:760028-769915 -           3296 4466at4891           -           2452         0 1785.2 399.0   3  14   4.3e-25   1.2e-21   73.1  11.9   372   515   501   632   499   639 0.92 -
C0000000005_ptg000005l:760028-769915 -           3296 4466at4891           -           2452         0 1785.2 399.0   4  14   2.4e-26   6.4e-23   77.3  14.9   363   515   636   774   631   782 0.89 -
C0000000005_ptg000005l:760028-769915 -           3296 4466at4891           -           2452         0 1785.2 399.0   5  14   2.3e-26     6e-23   77.4  14.6   363   515   778   916   773   923 0.89 -
C0000000005_ptg000005l:760028-769915 -           3296 4466at4891           -           2452         0 1785.2 399.0   6  14   4.3e-67   1.2e-63  212.4  63.6   363   864   920  1408   915  1410 0.79 -
C0000000005_ptg000005l:760028-769915 -           3296 4466at4891           -           2452         0 1785.2 399.0   7  14   7.2e-62   1.9e-58  195.1  53.5   368   792  1339  1755  1336  1757 0.75 -
C0000000005_ptg000005l:760028-769915 -           3296 4466at4891           -           2452         0 1785.2 399.0   8  14   3.4e-60     9e-57  189.6  40.4   368   761  1758  2095  1754  2098 0.89 -
C0000000005_ptg000005l:760028-769915 -           3296 4466at4891           -           2452         0 1785.2 399.0   9  14   4.4e-55   1.2e-51  172.6  18.3   851  1189  2078  2399  2077  2401 0.91 -
C0000000005_ptg000005l:760028-769915 -           3296 4466at4891           -           2452         0 1785.2 399.0  10  14   1.6e-21   4.2e-18   61.3   3.5   670   798  2387  2519  2382  2520 0.95 -
C0000000005_ptg000005l:760028-769915 -           3296 4466at4891           -           2452         0 1785.2 399.0  11  14   1.1e-17   2.9e-14   48.6   3.7   665   760  2506  2613  2505  2613 0.95 -
C0000000005_ptg000005l:760028-769915 -           3296 4466at4891           -           2452         0 1785.2 399.0  12  14   1.3e-14   3.5e-11   38.3   0.4   367   432  2607  2673  2605  2677 0.95 -
C0000000005_ptg000005l:760028-769915 -           3296 4466at4891           -           2452         0 1785.2 399.0  13  14   2.3e-28   6.1e-25   84.0  20.4  1918  2276  2681  3067  2679  3086 0.68 -
C0000000005_ptg000005l:760028-769915 -           3296 4466at4891           -           2452         0 1785.2 399.0  14  14  6.2e-114  1.6e-110  367.8  10.3  2237  2424  3102  3290  3080  3294 0.82 -
#
# Program:         hmmsearch
# Version:         3.1b2 (February 2015)
# Pipeline mode:   SEARCH
# Query file:      /home/deepseq/tool/BUSCO_v5/saccharomycetes_odb10/hmms/4466at4891.hmm
# Target file:     /var/www/gvolante/request/project/202302230949-GVF6W5EPF13MH478/202302230949-GVF6W5EPF13MH478_busco/run_saccharomycetes_odb10/metaeuk_output/initial_results/SRR13577846.fa.ca.modified.fas
# Option settings: hmmsearch --domtblout /var/www/gvolante/request/project/202302230949-GVF6W5EPF13MH478/202302230949-GVF6W5EPF13MH478_busco/run_saccharomycetes_odb10/hmmer_output/initial_run_results/4466at4891.out --cpu 1 /home/deepseq/tool/BUSCO_v5/saccharomycetes_odb10/hmms/4466at4891.hmm /var/www/gvolante/request/project/202302230949-GVF6W5EPF13MH478/202302230949-GVF6W5EPF13MH478_busco/run_saccharomycetes_odb10/metaeuk_output/initial_results/SRR13577846.fa.ca.modified.fas 
# Current dir:     /var/www/gvolante/request/project/202302230949-GVF6W5EPF13MH478
# Date:            Thu Feb 23 09:51:15 2023
# [ok]
