#                                                                                            --- full sequence --- -------------- this domain -------------   hmm coord   ali coord   env coord
# target name                        accession   tlen query name           accession   qlen   E-value  score  bias   #  of  c-Evalue  i-Evalue  score  bias  from    to  from    to  from    to  acc description of target
#                ------------------- ---------- ----- -------------------- ---------- ----- --------- ------ ----- --- --- --------- --------- ------ ----- ----- ----- ----- ----- ----- ----- ---- ---------------------
C0000000008_ptg000008l:253730-257131 -           1134 5040at4891           -            576  6.4e-212  702.2  12.8   1   4     0.033        15    1.1   0.1     3    41    19    71    17    80 0.63 -
C0000000008_ptg000008l:253730-257131 -           1134 5040at4891           -            576  6.4e-212  702.2  12.8   2   4    0.0089       3.9    3.0   0.0    32    58   166   192   143   206 0.81 -
C0000000008_ptg000008l:253730-257131 -           1134 5040at4891           -            576  6.4e-212  702.2  12.8   3   4   2.7e-40   1.2e-37  126.9   2.2    62   215   480   668   439   681 0.76 -
C0000000008_ptg000008l:253730-257131 -           1134 5040at4891           -            576  6.4e-212  702.2  12.8   4   4  1.6e-175  7.2e-173  573.3   0.7   234   574   733  1102   685  1104 0.90 -
C0000000007_ptg000007l:120093-124418 -           1442 5040at4891           -            576   3.7e-21   72.4   1.7   1   4   8.1e-06    0.0036   13.0   0.1    69   167   395   499   382   509 0.82 -
C0000000007_ptg000007l:120093-124418 -           1442 5040at4891           -            576   3.7e-21   72.4   1.7   2   4    0.0063       2.8    3.5   0.0   109   166   609   665   561   675 0.80 -
C0000000007_ptg000007l:120093-124418 -           1442 5040at4891           -            576   3.7e-21   72.4   1.7   3   4   0.00018     0.077    8.6   0.1    75   166   708   799   687   836 0.84 -
C0000000007_ptg000007l:120093-124418 -           1442 5040at4891           -            576   3.7e-21   72.4   1.7   4   4   7.8e-15   3.4e-12   42.8   0.0    75   164  1044  1134  1018  1153 0.87 -
C0000000011_ptg000011l:484213-487587 -           1125 5040at4891           -            576   5.4e-20   68.6   0.5   1   3   6.2e-06    0.0028   13.4   0.0    65   166   320   423   308   438 0.78 -
C0000000011_ptg000011l:484213-487587 -           1125 5040at4891           -            576   5.4e-20   68.6   0.5   2   3   7.3e-10   3.2e-07   26.4   0.0    56   166   583   693   552   697 0.88 -
C0000000011_ptg000011l:484213-487587 -           1125 5040at4891           -            576   5.4e-20   68.6   0.5   3   3     2e-09   8.8e-07   24.9   0.0   108   164   972  1028   869  1040 0.84 -
C0000000014_ptg000014l:460246-461706 -            487 5040at4891           -            576   1.6e-16   57.1   0.0   1   3   1.2e-06   0.00051   15.8   0.0   359   415   172   237   155   243 0.76 -
C0000000014_ptg000014l:460246-461706 -            487 5040at4891           -            576   1.6e-16   57.1   0.0   2   3   1.8e-12   7.8e-10   35.0   0.0   406   499   316   411   305   420 0.86 -
C0000000014_ptg000014l:460246-461706 -            487 5040at4891           -            576   1.6e-16   57.1   0.0   3   3     0.017       7.4    2.1   0.0   503   529   445   473   439   482 0.75 -
C0000000014_ptg000014l:312047-315415 -           1123 5040at4891           -            576   8.6e-15   51.4   1.2   1   4       0.1        46   -0.5   0.0   305   330    91   116    78   138 0.70 -
C0000000014_ptg000014l:312047-315415 -           1123 5040at4891           -            576   8.6e-15   51.4   1.2   2   4   3.2e-06    0.0014   14.3   0.1    65   165   330   432   317   442 0.82 -
C0000000014_ptg000014l:312047-315415 -           1123 5040at4891           -            576   8.6e-15   51.4   1.2   3   4    0.0002     0.088    8.4   0.0    64   164   601   701   571   706 0.80 -
C0000000014_ptg000014l:312047-315415 -           1123 5040at4891           -            576   8.6e-15   51.4   1.2   4   4   4.5e-09     2e-06   23.8   0.1    73   164   943  1038   879  1050 0.83 -
C0000000009_ptg000009l:411258-413684 -            809 5040at4891           -            576   1.6e-05   20.8   0.2   1   1   5.7e-08   2.5e-05   20.1   0.2    83   153    11    81     4    95 0.82 -
#
# Program:         hmmsearch
# Version:         3.1b2 (February 2015)
# Pipeline mode:   SEARCH
# Query file:      /home/deepseq/tool/BUSCO_v5/saccharomycetes_odb10/hmms/5040at4891.hmm
# Target file:     /var/www/gvolante/request/project/202302230949-GVF6W5EPF13MH478/202302230949-GVF6W5EPF13MH478_busco/run_saccharomycetes_odb10/metaeuk_output/initial_results/SRR13577846.fa.ca.modified.fas
# Option settings: hmmsearch --domtblout /var/www/gvolante/request/project/202302230949-GVF6W5EPF13MH478/202302230949-GVF6W5EPF13MH478_busco/run_saccharomycetes_odb10/hmmer_output/initial_run_results/5040at4891.out --cpu 1 /home/deepseq/tool/BUSCO_v5/saccharomycetes_odb10/hmms/5040at4891.hmm /var/www/gvolante/request/project/202302230949-GVF6W5EPF13MH478/202302230949-GVF6W5EPF13MH478_busco/run_saccharomycetes_odb10/metaeuk_output/initial_results/SRR13577846.fa.ca.modified.fas 
# Current dir:     /var/www/gvolante/request/project/202302230949-GVF6W5EPF13MH478
# Date:            Thu Feb 23 09:51:16 2023
# [ok]
