#                                                                                            --- full sequence --- -------------- this domain -------------   hmm coord   ali coord   env coord
# target name                        accession   tlen query name           accession   qlen   E-value  score  bias   #  of  c-Evalue  i-Evalue  score  bias  from    to  from    to  from    to  acc description of target
#                ------------------- ---------- ----- -------------------- ---------- ----- --------- ------ ----- --- --- --------- --------- ------ ----- ----- ----- ----- ----- ----- ----- ---- ---------------------
C0000000005_ptg000005l:739557-741602 -            682 5183at4891           -            454  1.1e-135  450.0  18.6   1   5   3.3e-31   2.2e-28   96.3   0.2     1   106     3   118     3   130 0.87 -
C0000000005_ptg000005l:739557-741602 -            682 5183at4891           -            454  1.1e-135  450.0  18.6   2   5   1.3e-12   8.6e-10   35.0   0.6    95   140   135   192   119   196 0.80 -
C0000000005_ptg000005l:739557-741602 -            682 5183at4891           -            454  1.1e-135  450.0  18.6   3   5   1.8e-58   1.2e-55  186.2   0.3   137   311   209   413   203   417 0.87 -
C0000000005_ptg000005l:739557-741602 -            682 5183at4891           -            454  1.1e-135  450.0  18.6   4   5   1.2e-25   8.2e-23   78.0   0.6   302   400   426   554   420   561 0.81 -
C0000000005_ptg000005l:739557-741602 -            682 5183at4891           -            454  1.1e-135  450.0  18.6   5   5   2.2e-21   1.4e-18   64.0   0.0   389   450   563   636   557   640 0.82 -
C0000000008_ptg000008l:772213-773928 -            572 5183at4891           -            454   1.9e-25   86.6   7.0   1   3   6.8e-08   4.5e-05   19.5   0.5     5    93    17   110    13   120 0.84 -
C0000000008_ptg000008l:772213-773928 -            572 5183at4891           -            454   1.9e-25   86.6   7.0   2   3   5.3e-18   3.5e-15   52.8   0.3   108   304   160   376   135   385 0.78 -
C0000000008_ptg000008l:772213-773928 -            572 5183at4891           -            454   1.9e-25   86.6   7.0   3   3   1.9e-06    0.0012   14.8   0.0   354   448   470   571   462   572 0.65 -
C0000000005_ptg000005l:685223-687124 -            634 5183at4891           -            454   2.9e-24   82.7   4.0   1   4   2.6e-10   1.7e-07   27.4   0.8    20    98    29   111    14   146 0.76 -
C0000000005_ptg000005l:685223-687124 -            634 5183at4891           -            454   2.9e-24   82.7   4.0   2   4   7.1e-13   4.7e-10   35.9   0.0   118   267   174   331   169   341 0.69 -
C0000000005_ptg000005l:685223-687124 -            634 5183at4891           -            454   2.9e-24   82.7   4.0   3   4   8.8e-05     0.058    9.2   0.2   246   302   350   406   329   416 0.83 -
C0000000005_ptg000005l:685223-687124 -            634 5183at4891           -            454   2.9e-24   82.7   4.0   4   4   0.00021      0.14    8.0   0.0   403   449   576   628   549   633 0.75 -
C0000000013_ptg000013l:444591-446663 -            691 5183at4891           -            454   3.6e-07   26.4   2.9   1   4      0.46   3.1e+02   -3.0   0.0    10    44    18    53     4    68 0.50 -
C0000000013_ptg000013l:444591-446663 -            691 5183at4891           -            454   3.6e-07   26.4   2.9   2   4    0.0083       5.5    2.7   0.2    14    55   197   239   183   248 0.81 -
C0000000013_ptg000013l:444591-446663 -            691 5183at4891           -            454   3.6e-07   26.4   2.9   3   4   5.4e-10   3.6e-07   26.4   2.9   171   340   276   453   236   464 0.83 -
C0000000013_ptg000013l:444591-446663 -            691 5183at4891           -            454   3.6e-07   26.4   2.9   4   4      0.29   1.9e+02   -2.4   0.0   411   429   643   661   636   688 0.72 -
#
# Program:         hmmsearch
# Version:         3.1b2 (February 2015)
# Pipeline mode:   SEARCH
# Query file:      /home/deepseq/tool/BUSCO_v5/saccharomycetes_odb10/hmms/5183at4891.hmm
# Target file:     /var/www/gvolante/request/project/202302230949-GVF6W5EPF13MH478/202302230949-GVF6W5EPF13MH478_busco/run_saccharomycetes_odb10/metaeuk_output/initial_results/SRR13577846.fa.ca.modified.fas
# Option settings: hmmsearch --domtblout /var/www/gvolante/request/project/202302230949-GVF6W5EPF13MH478/202302230949-GVF6W5EPF13MH478_busco/run_saccharomycetes_odb10/hmmer_output/initial_run_results/5183at4891.out --cpu 1 /home/deepseq/tool/BUSCO_v5/saccharomycetes_odb10/hmms/5183at4891.hmm /var/www/gvolante/request/project/202302230949-GVF6W5EPF13MH478/202302230949-GVF6W5EPF13MH478_busco/run_saccharomycetes_odb10/metaeuk_output/initial_results/SRR13577846.fa.ca.modified.fas 
# Current dir:     /var/www/gvolante/request/project/202302230949-GVF6W5EPF13MH478
# Date:            Thu Feb 23 09:51:12 2023
# [ok]
