#                                                                                              --- full sequence --- -------------- this domain -------------   hmm coord   ali coord   env coord
# target name                          accession   tlen query name           accession   qlen   E-value  score  bias   #  of  c-Evalue  i-Evalue  score  bias  from    to  from    to  from    to  acc description of target
#                  ------------------- ---------- ----- -------------------- ---------- ----- --------- ------ ----- --- --- --------- --------- ------ ----- ----- ----- ----- ----- ----- ----- ---- ---------------------
C0000000011_ptg000011l:62254-66162     -           1303 5502at4891           -            403   2.8e-95  316.8  21.3   1   7    0.0005      0.02   11.1   0.0     2    32   102   136   101   161 0.82 -
C0000000011_ptg000011l:62254-66162     -           1303 5502at4891           -            403   2.8e-95  316.8  21.3   2   7   5.2e-19   2.1e-17   60.4   6.8    34   126   169   293   150   297 0.74 -
C0000000011_ptg000011l:62254-66162     -           1303 5502at4891           -            403   2.8e-95  316.8  21.3   3   7   6.6e-30   2.6e-28   96.3   0.0   116   175   303   366   294   373 0.91 -
C0000000011_ptg000011l:62254-66162     -           1303 5502at4891           -            403   2.8e-95  316.8  21.3   4   7   8.2e-26   3.3e-24   82.8   0.0   173   278   397   515   394   530 0.85 -
C0000000011_ptg000011l:62254-66162     -           1303 5502at4891           -            403   2.8e-95  316.8  21.3   5   7     0.099       3.9    3.5   0.1   252   321   629   693   610   711 0.70 -
C0000000011_ptg000011l:62254-66162     -           1303 5502at4891           -            403   2.8e-95  316.8  21.3   6   7   8.4e-08   3.3e-06   23.5   0.3   296   340   810   853   779   865 0.83 -
C0000000011_ptg000011l:62254-66162     -           1303 5502at4891           -            403   2.8e-95  316.8  21.3   7   7   1.3e-13   5.1e-12   42.7   0.1   333   398  1123  1198  1109  1212 0.83 -
C0000000004_ptg000004l:379350-382178   -            943 5502at4891           -            403   1.4e-24   84.0  15.7   1   4    0.0084      0.33    7.0   0.0    81   106    93   118    89   119 0.86 -
C0000000004_ptg000004l:379350-382178   -            943 5502at4891           -            403   1.4e-24   84.0  15.7   2   4   2.6e-11     1e-09   35.0   1.2    65   172   116   231   114   238 0.86 -
C0000000004_ptg000004l:379350-382178   -            943 5502at4891           -            403   1.4e-24   84.0  15.7   3   4   3.3e-08   1.3e-06   24.8   0.1    65   179   386   509   381   537 0.82 -
C0000000004_ptg000004l:379350-382178   -            943 5502at4891           -            403   1.4e-24   84.0  15.7   4   4   1.7e-08   6.9e-07   25.7   1.4    65   177   568   691   503   698 0.72 -
C0000000005_ptg000005l:1307495-1311091 -           1199 5502at4891           -            403   5.2e-22   75.6   2.6   1   3   1.2e-13   4.7e-12   42.8   0.3    51   173    28   167    23   172 0.81 -
C0000000005_ptg000005l:1307495-1311091 -           1199 5502at4891           -            403   5.2e-22   75.6   2.6   2   3     0.001      0.04   10.1   0.0    66    99   205   241   202   244 0.71 -
C0000000005_ptg000005l:1307495-1311091 -           1199 5502at4891           -            403   5.2e-22   75.6   2.6   3   3     8e-07   3.2e-05   20.3   0.1    61   129   244   320   239   339 0.78 -
C0000000017_ptg000017l:164206-165084   -            293 5502at4891           -            403     3e-20   69.7   4.0   1   4   4.9e-05    0.0019   14.4   0.0    64   100     8    48     5    61 0.79 -
C0000000017_ptg000017l:164206-165084   -            293 5502at4891           -            403     3e-20   69.7   4.0   2   4   0.00023     0.009   12.2   0.0    63   104    69   111    59   114 0.84 -
C0000000017_ptg000017l:164206-165084   -            293 5502at4891           -            403     3e-20   69.7   4.0   3   4   2.1e-05   0.00084   15.6   0.0    77   102   149   174   143   178 0.89 -
C0000000017_ptg000017l:164206-165084   -            293 5502at4891           -            403     3e-20   69.7   4.0   4   4     1e-08     4e-07   26.5   0.2    66   140   177   254   173   293 0.74 -
C0000000010_ptg000010l:93758-94756     -            333 5502at4891           -            403     8e-20   68.3  13.0   1   4   6.2e-05    0.0025   14.0   0.1   142   173     3    34     1    57 0.90 -
C0000000010_ptg000010l:93758-94756     -            333 5502at4891           -            403     8e-20   68.3  13.0   2   4   8.1e-05    0.0032   13.7   0.1    81   115    68   104    41   107 0.84 -
C0000000010_ptg000010l:93758-94756     -            333 5502at4891           -            403     8e-20   68.3  13.0   3   4    0.0001    0.0041   13.3   0.1    66   106    92   134    90   143 0.83 -
C0000000010_ptg000010l:93758-94756     -            333 5502at4891           -            403     8e-20   68.3  13.0   4   4   1.2e-11   4.9e-10   36.1   1.8    63   171   213   332   209   333 0.85 -
C0000000006_ptg000006l:551155-551790   -            212 5502at4891           -            403   1.1e-19   67.9   1.3   1   3   1.7e-06   6.7e-05   19.2   0.1    73   105     5    38     1    43 0.80 -
C0000000006_ptg000006l:551155-551790   -            212 5502at4891           -            403   1.1e-19   67.9   1.3   2   3   3.5e-06   0.00014   18.2   0.0    52   102    46    99    38   103 0.73 -
C0000000006_ptg000006l:551155-551790   -            212 5502at4891           -            403   1.1e-19   67.9   1.3   3   3   1.2e-09   4.6e-08   29.6   0.1    63   170    99   212    97   212 0.79 -
C0000000016_ptg000016l:181896-182717   -            274 5502at4891           -            403   2.1e-19   67.0   7.3   1   5         2        80   -0.8   0.0    85    96     2    13     1    18 0.87 -
C0000000016_ptg000016l:181896-182717   -            274 5502at4891           -            403   2.1e-19   67.0   7.3   2   5    0.0034      0.14    8.3   0.0    63    95    19    52    17    62 0.82 -
C0000000016_ptg000016l:181896-182717   -            274 5502at4891           -            403   2.1e-19   67.0   7.3   3   5     3e-09   1.2e-07   28.3   0.6    63   140    59   141    53   149 0.83 -
C0000000016_ptg000016l:181896-182717   -            274 5502at4891           -            403   2.1e-19   67.0   7.3   4   5    0.0012     0.046    9.9   0.0    76   102   203   229   192   234 0.86 -
C0000000016_ptg000016l:181896-182717   -            274 5502at4891           -            403   2.1e-19   67.0   7.3   5   5   1.2e-06   4.8e-05   19.7   0.0    81   106   248   273   242   274 0.91 -
C0000000003_ptg000003l:672388-673722   -            445 5502at4891           -            403   4.2e-17   59.4   5.0   1   4   5.8e-15   2.3e-13   47.1   0.4    79   190   146   268   137   271 0.81 -
C0000000003_ptg000003l:672388-673722   -            445 5502at4891           -            403   4.2e-17   59.4   5.0   2   4   0.00063     0.025   10.7   0.0    67   122   257   317   251   327 0.75 -
C0000000003_ptg000003l:672388-673722   -            445 5502at4891           -            403   4.2e-17   59.4   5.0   3   4      0.27        11    2.1   0.0    67   105   341   381   336   406 0.79 -
C0000000003_ptg000003l:672388-673722   -            445 5502at4891           -            403   4.2e-17   59.4   5.0   4   4       1.3        51   -0.2   0.0    82    94   408   420   386   428 0.71 -
C0000000010_ptg000010l:74467-75246     -            260 5502at4891           -            403   9.3e-17   58.2   2.1   1   5     0.027       1.1    5.4   0.0   153   177     8    32     2    36 0.58 -
C0000000010_ptg000010l:74467-75246     -            260 5502at4891           -            403   9.3e-17   58.2   2.1   2   5   2.7e-08   1.1e-06   25.1   0.0    66   114    36    88    32    92 0.81 -
C0000000010_ptg000010l:74467-75246     -            260 5502at4891           -            403   9.3e-17   58.2   2.1   3   5      0.64        25    0.8   0.0    81    95    96   110    93   114 0.65 -
C0000000010_ptg000010l:74467-75246     -            260 5502at4891           -            403   9.3e-17   58.2   2.1   4   5   0.00028     0.011   11.9   0.1    67   101   128   165   122   174 0.83 -
C0000000010_ptg000010l:74467-75246     -            260 5502at4891           -            403   9.3e-17   58.2   2.1   5   5     0.001      0.04   10.1   0.0   142   174   184   216   178   234 0.77 -
C0000000002_ptg000002l:201554-203944   -            797 5502at4891           -            403   1.1e-16   58.0   7.6   1   4      0.09       3.6    3.6   0.1    44    98   443   497   430   511 0.71 -
C0000000002_ptg000002l:201554-203944   -            797 5502at4891           -            403   1.1e-16   58.0   7.6   2   4   3.7e-10   1.5e-08   31.2   0.8    64   176   519   642   517   647 0.82 -
C0000000002_ptg000002l:201554-203944   -            797 5502at4891           -            403   1.1e-16   58.0   7.6   3   4    0.0058      0.23    7.6   0.0   141   174   649   682   643   690 0.89 -
C0000000002_ptg000002l:201554-203944   -            797 5502at4891           -            403   1.1e-16   58.0   7.6   4   4   4.4e-05    0.0017   14.5   0.0    70   102   694   729   684   736 0.76 -
C0000000014_ptg000014l:735866-737215   -            450 5502at4891           -            403   1.1e-15   54.7   5.1   1   2   1.5e-14   5.8e-13   45.8   3.7    50   206    94   270    89   273 0.81 -
C0000000014_ptg000014l:735866-737215   -            450 5502at4891           -            403   1.1e-15   54.7   5.1   2   2   0.00017    0.0066   12.6   0.0    80   175   260   367   258   369 0.80 -
C0000000011_ptg000011l:828275-829651   -            459 5502at4891           -            403   1.2e-15   54.6   4.7   1   6   1.3e-05   0.00053   16.2   0.0    79   118   115   155    97   161 0.82 -
C0000000011_ptg000011l:828275-829651   -            459 5502at4891           -            403   1.2e-15   54.6   4.7   2   6     0.053       2.1    4.4   0.0    65   101   139   177   136   188 0.55 -
C0000000011_ptg000011l:828275-829651   -            459 5502at4891           -            403   1.2e-15   54.6   4.7   3   6      0.84        33    0.5   0.0    66    94   204   234   199   242 0.80 -
C0000000011_ptg000011l:828275-829651   -            459 5502at4891           -            403   1.2e-15   54.6   4.7   4   6     0.017      0.67    6.0   0.0    65   101   282   322   239   330 0.72 -
C0000000011_ptg000011l:828275-829651   -            459 5502at4891           -            403   1.2e-15   54.6   4.7   5   6   5.7e-09   2.3e-07   27.3   0.0    64   108   369   417   361   442 0.81 -
C0000000011_ptg000011l:828275-829651   -            459 5502at4891           -            403   1.2e-15   54.6   4.7   6   6       2.6     1e+02   -1.2   0.0   151   169   434   451   426   455 0.71 -
C0000000013_ptg000013l:113953-116400   -            816 5502at4891           -            403   8.1e-15   51.9  11.4   1   6   4.1e-06   0.00016   17.9   0.1    54   108   122   189    61   201 0.68 -
C0000000013_ptg000013l:113953-116400   -            816 5502at4891           -            403   8.1e-15   51.9  11.4   2   6     0.024      0.97    5.5   0.1    81   100   210   229   184   241 0.70 -
C0000000013_ptg000013l:113953-116400   -            816 5502at4891           -            403   8.1e-15   51.9  11.4   3   6       3.4   1.3e+02   -1.5   0.1    16    43   303   330   295   342 0.70 -
C0000000013_ptg000013l:113953-116400   -            816 5502at4891           -            403   8.1e-15   51.9  11.4   4   6         2        81   -0.8   0.0   148   177   393   422   382   431 0.77 -
C0000000013_ptg000013l:113953-116400   -            816 5502at4891           -            403   8.1e-15   51.9  11.4   5   6   2.2e-05   0.00089   15.5   0.1   140   215   488   563   480   567 0.82 -
C0000000013_ptg000013l:113953-116400   -            816 5502at4891           -            403   8.1e-15   51.9  11.4   6   6   1.9e-05   0.00076   15.7   0.0    63   109   568   617   564   627 0.83 -
C0000000001_ptg000001l:154091-154987   -            299 5502at4891           -            403   2.3e-14   50.4   7.1   1   6     0.056       2.2    4.3   0.0   154   172    32    50    18    58 0.72 -
C0000000001_ptg000001l:154091-154987   -            299 5502at4891           -            403   2.3e-14   50.4   7.1   2   6   2.5e-05   0.00099   15.4   0.0    65   106    58   101    56   112 0.79 -
C0000000001_ptg000001l:154091-154987   -            299 5502at4891           -            403   2.3e-14   50.4   7.1   3   6   5.6e-05    0.0022   14.2   0.0   141   174   102   137    98   143 0.80 -
C0000000001_ptg000001l:154091-154987   -            299 5502at4891           -            403   2.3e-14   50.4   7.1   4   6     0.015      0.58    6.2   0.1    65   106   166   208   161   220 0.77 -
C0000000001_ptg000001l:154091-154987   -            299 5502at4891           -            403   2.3e-14   50.4   7.1   5   6    0.0037      0.15    8.2   0.1    67    97   208   241   204   255 0.75 -
C0000000001_ptg000001l:154091-154987   -            299 5502at4891           -            403   2.3e-14   50.4   7.1   6   6      0.19       7.6    2.6   0.0    65    95   268   299   262   299 0.85 -
C0000000009_ptg000009l:290638-291492   -            285 5502at4891           -            403     8e-14   48.6   7.2   1   5   0.00085     0.034   10.3   0.0    67   112     2    51     1    56 0.72 -
C0000000009_ptg000009l:290638-291492   -            285 5502at4891           -            403     8e-14   48.6   7.2   2   5   6.4e-05    0.0025   14.0   0.0   141   172    44    77    39    85 0.82 -
C0000000009_ptg000009l:290638-291492   -            285 5502at4891           -            403     8e-14   48.6   7.2   3   5    0.0029      0.12    8.5   0.0    63   106   106   150   102   159 0.81 -
C0000000009_ptg000009l:290638-291492   -            285 5502at4891           -            403     8e-14   48.6   7.2   4   5    0.0021     0.082    9.0   0.1    67    99   150   185   145   197 0.74 -
C0000000009_ptg000009l:290638-291492   -            285 5502at4891           -            403     8e-14   48.6   7.2   5   5    0.0029      0.12    8.5   0.1    67   133   212   282   194   285 0.70 -
C0000000010_ptg000010l:112406-115159   -            918 5502at4891           -            403   9.8e-14   48.3   3.0   1   3     0.011      0.43    6.7   0.3    68   177    53   180    27   187 0.70 -
C0000000010_ptg000010l:112406-115159   -            918 5502at4891           -            403   9.8e-14   48.3   3.0   2   3   2.8e-08   1.1e-06   25.1   0.1    65   174   340   462   300   466 0.82 -
C0000000010_ptg000010l:112406-115159   -            918 5502at4891           -            403   9.8e-14   48.3   3.0   3   3   7.2e-10   2.9e-08   30.3   0.0    63   214   380   544   376   551 0.72 -
C0000000003_ptg000003l:52077-53465     -            463 5502at4891           -            403   2.2e-13   47.1   6.9   1   3     0.025         1    5.5   0.0   137   176   211   251   209   260 0.87 -
C0000000003_ptg000003l:52077-53465     -            463 5502at4891           -            403   2.2e-13   47.1   6.9   2   3   3.3e-09   1.3e-07   28.1   1.1    66   213   260   422   256   426 0.72 -
C0000000003_ptg000003l:52077-53465     -            463 5502at4891           -            403   2.2e-13   47.1   6.9   3   3   0.00025    0.0098   12.1   0.1   141   170   434   463   428   463 0.92 -
C0000000014_ptg000014l:156967-157878   -            304 5502at4891           -            403   2.8e-13   46.8   4.2   1   3     1e-06     4e-05   20.0   0.1    63   100    69   109    32   129 0.78 -
C0000000014_ptg000014l:156967-157878   -            304 5502at4891           -            403   2.8e-13   46.8   4.2   2   3   3.1e-05    0.0012   15.1   0.0    68   107   115   157   109   240 0.86 -
C0000000014_ptg000014l:156967-157878   -            304 5502at4891           -            403   2.8e-13   46.8   4.2   3   3     0.005       0.2    7.8   0.1    65    99   246   283   241   289 0.78 -
C0000000004_ptg000004l:113013-114467   -            485 5502at4891           -            403   1.6e-12   44.3   9.7   1   3      0.14       5.5    3.0   0.1    79    98   133   152   128   167 0.77 -
C0000000004_ptg000004l:113013-114467   -            485 5502at4891           -            403   1.6e-12   44.3   9.7   2   3   2.1e-11   8.3e-10   35.4   3.7    45   213   188   376   175   378 0.78 -
C0000000004_ptg000004l:113013-114467   -            485 5502at4891           -            403   1.6e-12   44.3   9.7   3   3    0.0064      0.26    7.4   0.2   149   174   354   379   338   403 0.54 -
C0000000002_ptg000002l:46657-49257     -            867 5502at4891           -            403   1.2e-11   41.4   3.1   1   4       0.1         4    3.5   0.0    79   105    21    47     6    54 0.77 -
C0000000002_ptg000002l:46657-49257     -            867 5502at4891           -            403   1.2e-11   41.4   3.1   2   4    0.0049      0.19    7.8   0.0   141   175    56    91    50   112 0.83 -
C0000000002_ptg000002l:46657-49257     -            867 5502at4891           -            403   1.2e-11   41.4   3.1   3   4         2        80   -0.8   0.0    80   105   239   264   236   273 0.80 -
C0000000002_ptg000002l:46657-49257     -            867 5502at4891           -            403   1.2e-11   41.4   3.1   4   4   9.8e-09   3.9e-07   26.6   0.8    81   175   288   389   261   404 0.78 -
C0000000002_ptg000002l:208636-209430   -            265 5502at4891           -            403   1.7e-11   40.9   1.7   1   2   0.00018    0.0073   12.5   0.0    76   137    63   138    39   143 0.71 -
C0000000002_ptg000002l:208636-209430   -            265 5502at4891           -            403   1.7e-11   40.9   1.7   2   2     6e-09   2.4e-07   27.3   0.5    67   170   146   265   140   265 0.76 -
C0000000017_ptg000017l:275223-276446   -            408 5502at4891           -            403   1.8e-11   40.8   1.1   1   3   8.9e-05    0.0035   13.5   0.0    65   116    41    95    28   106 0.77 -
C0000000017_ptg000017l:275223-276446   -            408 5502at4891           -            403   1.8e-11   40.8   1.1   2   3   1.9e-05   0.00076   15.7   0.1   154   214   112   172   109   176 0.93 -
C0000000017_ptg000017l:275223-276446   -            408 5502at4891           -            403   1.8e-11   40.8   1.1   3   3    0.0039      0.16    8.1   0.0   156   178   309   331   300   343 0.87 -
C0000000008_ptg000008l:811332-812174   -            281 5502at4891           -            403   4.2e-11   39.6   3.5   1   2   2.9e-07   1.2e-05   21.7   0.8    81   191    36   157    12   158 0.76 -
C0000000008_ptg000008l:811332-812174   -            281 5502at4891           -            403   4.2e-11   39.6   3.5   2   2   7.9e-07   3.1e-05   20.3   0.1   141   227   146   245   143   271 0.80 -
C0000000007_ptg000007l:535847-536884   -            346 5502at4891           -            403     3e-10   36.8   1.6   1   4      0.21       8.3    2.4   0.0   138   172     5    39     2    47 0.81 -
C0000000007_ptg000007l:535847-536884   -            346 5502at4891           -            403     3e-10   36.8   1.6   2   4   8.1e-08   3.2e-06   23.6   0.1   140   217    49   130    44   152 0.80 -
C0000000007_ptg000007l:535847-536884   -            346 5502at4891           -            403     3e-10   36.8   1.6   3   4     0.013       0.5    6.5   0.1   120   165   169   218   154   236 0.56 -
C0000000007_ptg000007l:535847-536884   -            346 5502at4891           -            403     3e-10   36.8   1.6   4   4       1.7        66   -0.5   0.0   138   173   288   323   285   335 0.75 -
C0000000005_ptg000005l:321518-322747   -            410 5502at4891           -            403   4.1e-10   36.4   4.5   1   3    0.0014     0.056    9.6   0.0    80    96   131   147   110   155 0.85 -
C0000000005_ptg000005l:321518-322747   -            410 5502at4891           -            403   4.1e-10   36.4   4.5   2   3   1.8e-06   7.2e-05   19.1   0.7    64   218   155   324   150   337 0.68 -
C0000000005_ptg000005l:321518-322747   -            410 5502at4891           -            403   4.1e-10   36.4   4.5   3   3   0.00028     0.011   11.9   1.0    68   199   246   398   223   408 0.70 -
C0000000005_ptg000005l:1394636-1398445 -           1270 5502at4891           -            403   4.5e-10   36.2   1.4   1   2   9.7e-05    0.0038   13.4   0.2    59    98    97   140    63   147 0.84 -
C0000000005_ptg000005l:1394636-1398445 -           1270 5502at4891           -            403   4.5e-10   36.2   1.4   2   2   5.2e-07   2.1e-05   20.9   0.1    78   178   172   293   162   332 0.69 -
C0000000008_ptg000008l:192003-194357   -            785 5502at4891           -            403   1.7e-09   34.4   5.6   1   4   0.00012    0.0047   13.1   0.1   140   213    56   130    53   135 0.83 -
C0000000008_ptg000008l:192003-194357   -            785 5502at4891           -            403   1.7e-09   34.4   5.6   2   4   0.00037     0.015   11.5   0.1    63   109   195   248   172   314 0.71 -
C0000000008_ptg000008l:192003-194357   -            785 5502at4891           -            403   1.7e-09   34.4   5.6   3   4       2.2        88   -0.9   0.0   142   176   605   639   567   662 0.77 -
C0000000008_ptg000008l:192003-194357   -            785 5502at4891           -            403   1.7e-09   34.4   5.6   4   4    0.0055      0.22    7.6   0.1    76   125   664   712   647   717 0.89 -
C0000000008_ptg000008l:850268-852322   -            685 5502at4891           -            403   7.9e-09   32.1   0.0   1   2      0.01      0.41    6.7   0.0    81   116    12    47     8    52 0.90 -
C0000000008_ptg000008l:850268-852322   -            685 5502at4891           -            403   7.9e-09   32.1   0.0   2   2   4.3e-08   1.7e-06   24.5   0.0    70   191    41   175    38   194 0.78 -
C0000000009_ptg000009l:374554-375648   -            365 5502at4891           -            403   8.5e-09   32.0   0.3   1   2   2.8e-09   1.1e-07   28.3   0.2    82   184    51   166    32   196 0.74 -
C0000000009_ptg000009l:374554-375648   -            365 5502at4891           -            403   8.5e-09   32.0   0.3   2   2      0.65        26    0.8   0.0    73    95   272   297   266   307 0.67 -
C0000000003_ptg000003l:135792-137510   -            573 5502at4891           -            403   9.2e-09   31.9   0.3   1   3   1.3e-07   5.2e-06   22.9   0.0   137   214   230   309   226   314 0.75 -
C0000000003_ptg000003l:135792-137510   -            573 5502at4891           -            403   9.2e-09   31.9   0.3   2   3      0.79        31    0.5   0.0    81   103   412   434   401   438 0.77 -
C0000000003_ptg000003l:135792-137510   -            573 5502at4891           -            403   9.2e-09   31.9   0.3   3   3     0.056       2.2    4.3   0.0    75   102   480   507   475   530 0.82 -
C0000000002_ptg000002l:370765-372369   -            535 5502at4891           -            403   9.2e-09   31.9   2.5   1   4    0.0084      0.33    7.0   0.2   145   193   222   272   217   292 0.74 -
C0000000002_ptg000002l:370765-372369   -            535 5502at4891           -            403   9.2e-09   31.9   2.5   2   4    0.0022     0.085    9.0   0.0    55    94   338   386   327   397 0.79 -
C0000000002_ptg000002l:370765-372369   -            535 5502at4891           -            403   9.2e-09   31.9   2.5   3   4    0.0057      0.23    7.6   0.2    68   100   399   433   393   443 0.80 -
C0000000002_ptg000002l:370765-372369   -            535 5502at4891           -            403   9.2e-09   31.9   2.5   4   4     0.042       1.7    4.7   0.0    47    72   455   480   446   483 0.85 -
C0000000011_ptg000011l:738372-739637   -            422 5502at4891           -            403   1.3e-08   31.5   9.4   1   4    0.0002     0.008   12.4   0.9    35   126    56   153    23   157 0.72 -
C0000000011_ptg000011l:738372-739637   -            422 5502at4891           -            403   1.3e-08   31.5   9.4   2   4     0.055       2.2    4.4   0.0    65    99   176   212   155   221 0.79 -
C0000000011_ptg000011l:738372-739637   -            422 5502at4891           -            403   1.3e-08   31.5   9.4   3   4   3.4e-06   0.00013   18.2   0.1    75   138   236   304   234   309 0.73 -
C0000000011_ptg000011l:738372-739637   -            422 5502at4891           -            403   1.3e-08   31.5   9.4   4   4       9.9   3.9e+02   -3.1   0.0    83    94   407   418   385   419 0.74 -
C0000000014_ptg000014l:208254-209417   -            388 5502at4891           -            403   2.6e-08   30.4   3.6   1   5       2.1        82   -0.8   0.0    78   107    24    53    23    66 0.83 -
C0000000014_ptg000014l:208254-209417   -            388 5502at4891           -            403   2.6e-08   30.4   3.6   2   5     0.013      0.53    6.4   0.2    77   109    67   100    46   103 0.70 -
C0000000014_ptg000014l:208254-209417   -            388 5502at4891           -            403   2.6e-08   30.4   3.6   3   5    0.0003     0.012   11.8   0.1    66   100   143   181   118   188 0.63 -
C0000000014_ptg000014l:208254-209417   -            388 5502at4891           -            403   2.6e-08   30.4   3.6   4   5      0.14       5.4    3.0   0.0   222   262   188   229   185   233 0.89 -
C0000000014_ptg000014l:208254-209417   -            388 5502at4891           -            403   2.6e-08   30.4   3.6   5   5     0.016      0.64    6.1   0.0    78    95   303   320   300   328 0.88 -
C0000000002_ptg000002l:236728-237624   -            299 5502at4891           -            403   2.7e-08   30.4   2.3   1   4      0.14       5.4    3.1   0.0   206   242    18    56    12    69 0.79 -
C0000000002_ptg000002l:236728-237624   -            299 5502at4891           -            403   2.7e-08   30.4   2.3   2   4   0.00041     0.016   11.3   0.1    65   105    76   119    69   129 0.78 -
C0000000002_ptg000002l:236728-237624   -            299 5502at4891           -            403   2.7e-08   30.4   2.3   3   4   0.00046     0.018   11.2   0.0    64   108   117   165   114   176 0.85 -
C0000000002_ptg000002l:236728-237624   -            299 5502at4891           -            403   2.7e-08   30.4   2.3   4   4      0.16       6.4    2.8   0.1    80    95   187   202   169   214 0.83 -
C0000000005_ptg000005l:812839-816264   -           1142 5502at4891           -            403     4e-08   29.8   4.5   1   2   0.00083     0.033   10.4   0.2    66   134   106   184    79   188 0.70 -
C0000000005_ptg000005l:812839-816264   -           1142 5502at4891           -            403     4e-08   29.8   4.5   2   2   1.1e-06   4.5e-05   19.8   0.4    65   100   192   231   188   240 0.83 -
C0000000003_ptg000003l:856309-857265   -            319 5502at4891           -            403   4.1e-08   29.8   1.5   1   3   0.00031     0.012   11.7   1.0    79   134    53   115    40   116 0.67 -
C0000000003_ptg000003l:856309-857265   -            319 5502at4891           -            403   4.1e-08   29.8   1.5   2   3    0.0072      0.29    7.2   0.0    79   103    97   121    75   131 0.74 -
C0000000003_ptg000003l:856309-857265   -            319 5502at4891           -            403   4.1e-08   29.8   1.5   3   3   0.00019    0.0074   12.5   0.0   124   183   168   232   156   236 0.67 -
C0000000002_ptg000002l:594852-597371   -            840 5502at4891           -            403   5.4e-08   29.4   0.5   1   5      0.37        15    1.6   0.0   158   173    32    47    20    56 0.79 -
C0000000002_ptg000002l:594852-597371   -            840 5502at4891           -            403   5.4e-08   29.4   0.5   2   5    0.0026       0.1    8.7   0.0   139   175    75   111    73   117 0.90 -
C0000000002_ptg000002l:594852-597371   -            840 5502at4891           -            403   5.4e-08   29.4   0.5   3   5     0.008      0.32    7.1   0.1   136   176   130   170   125   211 0.79 -
C0000000002_ptg000002l:594852-597371   -            840 5502at4891           -            403   5.4e-08   29.4   0.5   4   5       1.9        73   -0.7   0.0   137   174   173   210   169   224 0.83 -
C0000000002_ptg000002l:594852-597371   -            840 5502at4891           -            403   5.4e-08   29.4   0.5   5   5     0.028       1.1    5.3   0.0   157   192   327   366   318   394 0.70 -
C0000000013_ptg000013l:468770-471571   -            934 5502at4891           -            403     6e-08   29.2   0.3   1   2       4.4   1.7e+02   -1.9   0.0   110   137   417   444   407   453 0.64 -
C0000000013_ptg000013l:468770-471571   -            934 5502at4891           -            403     6e-08   29.2   0.3   2   2     3e-08   1.2e-06   25.0   0.1    50   213   471   650   451   655 0.79 -
C0000000007_ptg000007l:511519-513051   -            511 5502at4891           -            403   6.2e-08   29.2   0.6   1   2     9e-05    0.0035   13.5   0.4    81   136   336   399   317   407 0.73 -
C0000000007_ptg000007l:511519-513051   -            511 5502at4891           -            403   6.2e-08   29.2   0.6   2   2   0.00028     0.011   11.9   0.0    62   109   409   460   402   477 0.81 -
C0000000005_ptg000005l:408903-411158   -            752 5502at4891           -            403     2e-07   27.5   6.0   1   5      0.59        23    1.0   0.0   205   236    48    82    21   111 0.73 -
C0000000005_ptg000005l:408903-411158   -            752 5502at4891           -            403     2e-07   27.5   6.0   2   5    0.0065      0.26    7.4   0.0   145   181   165   200   158   225 0.80 -
C0000000005_ptg000005l:408903-411158   -            752 5502at4891           -            403     2e-07   27.5   6.0   3   5     0.073       2.9    3.9   0.0    68    97   212   244   202   252 0.70 -
C0000000005_ptg000005l:408903-411158   -            752 5502at4891           -            403     2e-07   27.5   6.0   4   5   3.1e-05    0.0012   15.0   0.0   121   172   231   285   226   294 0.82 -
C0000000005_ptg000005l:408903-411158   -            752 5502at4891           -            403     2e-07   27.5   6.0   5   5      0.74        29    0.6   0.1    22    66   434   479   432   485 0.82 -
C0000000005_ptg000005l:784230-785345   -            372 5502at4891           -            403     3e-07   26.9   0.1   1   3   0.00038     0.015   11.5   0.0    55   106    89   144    65   161 0.74 -
C0000000005_ptg000005l:784230-785345   -            372 5502at4891           -            403     3e-07   26.9   0.1   2   3    0.0021     0.082    9.0   0.0   135   173   211   251   164   265 0.75 -
C0000000005_ptg000005l:784230-785345   -            372 5502at4891           -            403     3e-07   26.9   0.1   3   3      0.23       9.1    2.3   0.0    77    95   294   313   277   333 0.59 -
C0000000007_ptg000007l:423728-425572   -            615 5502at4891           -            403   4.2e-07   26.4   1.1   1   3    0.0081      0.32    7.1   0.0   155   226   219   294   201   324 0.69 -
C0000000007_ptg000007l:423728-425572   -            615 5502at4891           -            403   4.2e-07   26.4   1.1   2   3      0.12       4.8    3.2   0.0    64    95   333   363   330   389 0.76 -
C0000000007_ptg000007l:423728-425572   -            615 5502at4891           -            403   4.2e-07   26.4   1.1   3   3    0.0015      0.06    9.5   0.0   126   192   510   594   496   613 0.60 -
C0000000008_ptg000008l:1017853-1019040 -            396 5502at4891           -            403   5.6e-07   26.0   0.3   1   3     0.044       1.7    4.7   0.0    58    95     4    42     1    52 0.80 -
C0000000008_ptg000008l:1017853-1019040 -            396 5502at4891           -            403   5.6e-07   26.0   0.3   2   3     0.034       1.3    5.0   0.0   169   213   220   264   190   267 0.82 -
C0000000008_ptg000008l:1017853-1019040 -            396 5502at4891           -            403   5.6e-07   26.0   0.3   3   3   0.00016    0.0063   12.7   0.0    69   122   290   345   284   353 0.74 -
C0000000013_ptg000013l:78600-80321     -            574 5502at4891           -            403     9e-07   25.4   1.3   1   4       5.4   2.1e+02   -2.2   0.0   154   173   226   245   222   249 0.78 -
C0000000013_ptg000013l:78600-80321     -            574 5502at4891           -            403     9e-07   25.4   1.3   2   4   5.6e-05    0.0022   14.2   0.1    69   106   285   326   279   342 0.78 -
C0000000013_ptg000013l:78600-80321     -            574 5502at4891           -            403     9e-07   25.4   1.3   3   4    0.0042      0.17    8.0   0.0    80   137   345   410   330   424 0.78 -
C0000000013_ptg000013l:78600-80321     -            574 5502at4891           -            403     9e-07   25.4   1.3   4   4       2.7   1.1e+02   -1.2   0.0    81   103   491   513   485   527 0.80 -
C0000000007_ptg000007l:443065-443637   -            191 5502at4891           -            403   1.1e-06   25.1   0.5   1   3    0.0077       0.3    7.2   0.1   141   171     6    35     2    41 0.71 -
C0000000007_ptg000007l:443065-443637   -            191 5502at4891           -            403   1.1e-06   25.1   0.5   2   3   0.00011    0.0044   13.2   0.0   135   180    40    86    36   119 0.76 -
C0000000007_ptg000007l:443065-443637   -            191 5502at4891           -            403   1.1e-06   25.1   0.5   3   3      0.27        11    2.1   0.0    71    97   163   189   126   191 0.60 -
C0000000008_ptg000008l:609668-610297   -            210 5502at4891           -            403   1.4e-06   24.8   4.7   1   3     0.044       1.8    4.7   0.1   139   178     4    41     1    47 0.55 -
C0000000008_ptg000008l:609668-610297   -            210 5502at4891           -            403   1.4e-06   24.8   4.7   2   3   8.4e-07   3.3e-05   20.2   0.6   139   239    45   148    43   170 0.77 -
C0000000008_ptg000008l:609668-610297   -            210 5502at4891           -            403   1.4e-06   24.8   4.7   3   3      0.81        32    0.5   0.0   141   172   177   208   161   210 0.85 -
C0000000013_ptg000013l:519519-521471   -            651 5502at4891           -            403   1.5e-06   24.7   0.3   1   3     0.086       3.4    3.7   0.1    80    97    95   112    76   123 0.67 -
C0000000013_ptg000013l:519519-521471   -            651 5502at4891           -            403   1.5e-06   24.7   0.3   2   3     0.015      0.61    6.2   0.0    63   110   133   185   116   192 0.72 -
C0000000013_ptg000013l:519519-521471   -            651 5502at4891           -            403   1.5e-06   24.7   0.3   3   3   0.00017    0.0069   12.6   0.0   142   178   181   217   180   258 0.76 -
C0000000007_ptg000007l:472642-473127   -            162 5502at4891           -            403   2.4e-06   23.9   0.7   1   1     6e-07   2.4e-05   20.7   0.7   127   173    89   138    12   160 0.67 -
C0000000013_ptg000013l:94204-95049     -            282 5502at4891           -            403   4.4e-06   23.1   1.3   1   3     0.001     0.041   10.0   0.0   158   235    17   101     9   105 0.76 -
C0000000013_ptg000013l:94204-95049     -            282 5502at4891           -            403   4.4e-06   23.1   1.3   2   3      0.34        13    1.7   0.0    68   108    90   135    81   149 0.77 -
C0000000013_ptg000013l:94204-95049     -            282 5502at4891           -            403   4.4e-06   23.1   1.3   3   3    0.0029      0.12    8.6   0.0    81   120   165   210   158   212 0.74 -
C0000000005_ptg000005l:1002954-1003748 -            265 5502at4891           -            403   7.3e-06   22.4   2.1   1   4     0.012      0.47    6.6   0.0    81   106    17    42     1    46 0.80 -
C0000000005_ptg000005l:1002954-1003748 -            265 5502at4891           -            403   7.3e-06   22.4   2.1   2   4      0.57        23    1.0   0.0    74   104    53    83    45   105 0.88 -
C0000000005_ptg000005l:1002954-1003748 -            265 5502at4891           -            403   7.3e-06   22.4   2.1   3   4    0.0011     0.043   10.0   0.0    80   101   108   129   100   146 0.83 -
C0000000005_ptg000005l:1002954-1003748 -            265 5502at4891           -            403   7.3e-06   22.4   2.1   4   4       1.2        47   -0.0   0.0   110   140   226   257   213   262 0.68 -
C0000000005_ptg000005l:522101-523066   -            322 5502at4891           -            403   1.1e-05   21.7  10.3   1   3   0.00011    0.0043   13.3   4.2    63   213     4   178     1   181 0.69 -
C0000000005_ptg000005l:522101-523066   -            322 5502at4891           -            403   1.1e-05   21.7  10.3   2   3       0.1         4    3.5   0.0    66    94   190   223   186   229 0.80 -
C0000000005_ptg000005l:522101-523066   -            322 5502at4891           -            403   1.1e-05   21.7  10.3   3   3       6.5   2.6e+02   -2.5   0.0    81    94   308   321   301   322 0.63 -
C0000000008_ptg000008l:611274-611873   -            200 5502at4891           -            403   1.3e-05   21.5   0.2   1   3     0.017      0.66    6.1   0.0    73    98     7    35     1    45 0.62 -
C0000000008_ptg000008l:611274-611873   -            200 5502at4891           -            403   1.3e-05   21.5   0.2   2   3     0.021      0.83    5.7   0.0    76   100    55    79    38    88 0.67 -
C0000000008_ptg000008l:611274-611873   -            200 5502at4891           -            403   1.3e-05   21.5   0.2   3   3     0.012      0.46    6.6   0.0    66   101   151   190   106   193 0.69 -
C0000000007_ptg000007l:426109-427647   -            513 5502at4891           -            403   2.1e-05   20.9   0.4   1   4       2.2        88   -0.9   0.0    52    95    57   109    30   124 0.68 -
C0000000007_ptg000007l:426109-427647   -            513 5502at4891           -            403   2.1e-05   20.9   0.4   2   4     0.053       2.1    4.4   0.0    79   117   137   178   102   180 0.76 -
C0000000007_ptg000007l:426109-427647   -            513 5502at4891           -            403   2.1e-05   20.9   0.4   3   4   0.00074     0.029   10.5   0.0    80   139   182   245   171   266 0.70 -
C0000000007_ptg000007l:426109-427647   -            513 5502at4891           -            403   2.1e-05   20.9   0.4   4   4      0.68        27    0.8   0.0    79    95   269   285   267   294 0.91 -
C0000000011_ptg000011l:150296-153625   -           1110 5502at4891           -            403   2.6e-05   20.6   0.2   1   3      0.81        32    0.5   0.0   153   173    35    55    33    83 0.80 -
C0000000011_ptg000011l:150296-153625   -           1110 5502at4891           -            403   2.6e-05   20.6   0.2   2   3     0.064       2.5    4.1   0.0   140   174   159   194   158   208 0.73 -
C0000000011_ptg000011l:150296-153625   -           1110 5502at4891           -            403   2.6e-05   20.6   0.2   3   3   0.00038     0.015   11.5   0.1    70    99   271   300   258   312 0.80 -
C0000000017_ptg000017l:268705-269682   -            326 5502at4891           -            403   3.3e-05   20.2   0.1   1   3       1.7        66   -0.5   0.0   144   177    25    58    21   103 0.64 -
C0000000017_ptg000017l:268705-269682   -            326 5502at4891           -            403   3.3e-05   20.2   0.1   2   3   1.4e-05   0.00055   16.2   0.0    65   107   105   150    99   175 0.82 -
C0000000017_ptg000017l:268705-269682   -            326 5502at4891           -            403   3.3e-05   20.2   0.1   3   3       1.2        46   -0.0   0.0   152   174   256   278   252   292 0.89 -
C0000000014_ptg000014l:606876-607679   -            268 5502at4891           -            403   4.3e-05   19.9   1.0   1   1   2.7e-06   0.00011   18.6   1.0    80   214   108   259    48   262 0.62 -
C0000000012_ptg000012l:72001-73275     -            425 5502at4891           -            403   0.00018   17.8   0.0   1   1   1.2e-05   0.00048   16.4   0.0   139   193    68   125    30   143 0.68 -
C0000000007_ptg000007l:63625-65004     -            460 5502at4891           -            403   0.00018   17.8   0.2   1   4     0.045       1.8    4.6   0.0   144   175    14    47     5    60 0.66 -
C0000000007_ptg000007l:63625-65004     -            460 5502at4891           -            403   0.00018   17.8   0.2   2   4    0.0032      0.13    8.4   0.0    65    94    66    98    60   112 0.77 -
C0000000007_ptg000007l:63625-65004     -            460 5502at4891           -            403   0.00018   17.8   0.2   3   4       1.3        50   -0.1   0.0   151   192   153   197   148   220 0.45 -
C0000000007_ptg000007l:63625-65004     -            460 5502at4891           -            403   0.00018   17.8   0.2   4   4       3.4   1.3e+02   -1.6   0.0   149   172   193   216   184   238 0.74 -
C0000000015_ptg000015l:476752-481413   -           1554 5502at4891           -            403   0.00027   17.2   0.2   1   3      0.64        25    0.8   0.0    79    94  1268  1283  1255  1295 0.89 -
C0000000015_ptg000015l:476752-481413   -           1554 5502at4891           -            403   0.00027   17.2   0.2   2   3   0.00047     0.019   11.2   0.0    81   109  1417  1445  1404  1454 0.88 -
C0000000015_ptg000015l:476752-481413   -           1554 5502at4891           -            403   0.00027   17.2   0.2   3   3       1.8        72   -0.7   0.0     8    45  1461  1499  1453  1512 0.66 -
C0000000008_ptg000008l:788546-789586   -            347 5502at4891           -            403   0.00048   16.4   0.8   1   3      0.23         9    2.3   0.0    77    94    67    84    47    91 0.51 -
C0000000008_ptg000008l:788546-789586   -            347 5502at4891           -            403   0.00048   16.4   0.8   2   3     0.087       3.4    3.7   0.0   142   187   211   260   202   283 0.70 -
C0000000008_ptg000008l:788546-789586   -            347 5502at4891           -            403   0.00048   16.4   0.8   3   3     0.016      0.61    6.2   0.1   141   172   302   333   294   342 0.86 -
C0000000007_ptg000007l:345809-348142   -            778 5502at4891           -            403   0.00098   15.4   0.5   1   3     0.006      0.24    7.5   0.0   131   177   396   442   392   485 0.76 -
C0000000007_ptg000007l:345809-348142   -            778 5502at4891           -            403   0.00098   15.4   0.5   2   3       5.1     2e+02   -2.1   0.0   149   165   571   587   565   681 0.58 -
C0000000007_ptg000007l:345809-348142   -            778 5502at4891           -            403   0.00098   15.4   0.5   3   3       0.1       4.1    3.4   0.1    66    94   690   721   665   778 0.51 -
C0000000003_ptg000003l:737369-740404   -           1012 5502at4891           -            403    0.0028   13.9   6.3   1   5       3.2   1.3e+02   -1.4   0.1   142   161     6    23     3    39 0.81 -
C0000000003_ptg000003l:737369-740404   -           1012 5502at4891           -            403    0.0028   13.9   6.3   2   5   0.00016    0.0062   12.7   0.4   126   213   159   249   154   257 0.75 -
C0000000003_ptg000003l:737369-740404   -           1012 5502at4891           -            403    0.0028   13.9   6.3   3   5      0.54        21    1.1   0.1    77   109   231   264   213   281 0.66 -
C0000000003_ptg000003l:737369-740404   -           1012 5502at4891           -            403    0.0028   13.9   6.3   4   5       9.1   3.6e+02   -3.0   0.0   193   219   718   744   680   758 0.73 -
C0000000003_ptg000003l:737369-740404   -           1012 5502at4891           -            403    0.0028   13.9   6.3   5   5      0.86        34    0.4   0.0    81   105   781   805   772   819 0.86 -
C0000000011_ptg000011l:380611-381618   -            336 5502at4891           -            403     0.004   13.4   0.7   1   3       7.2   2.9e+02   -2.6   0.0    43    82    17    58     5    62 0.57 -
C0000000011_ptg000011l:380611-381618   -            336 5502at4891           -            403     0.004   13.4   0.7   2   3       5.5   2.2e+02   -2.2   0.0   104   104   137   137   112   186 0.55 -
C0000000011_ptg000011l:380611-381618   -            336 5502at4891           -            403     0.004   13.4   0.7   3   3   0.00029     0.012   11.8   0.0    72   121   252   307   240   315 0.71 -
C0000000006_ptg000006l:445926-447674   -            583 5502at4891           -            403     0.007   12.6   0.0   1   3    0.0013     0.052    9.7   0.0   148   196   242   295   228   331 0.71 -
C0000000006_ptg000006l:445926-447674   -            583 5502at4891           -            403     0.007   12.6   0.0   2   3       4.6   1.8e+02   -2.0   0.0    73    95   462   484   456   508 0.70 -
C0000000006_ptg000006l:445926-447674   -            583 5502at4891           -            403     0.007   12.6   0.0   3   3       5.3   2.1e+02   -2.2   0.0    73    96   554   580   552   582 0.72 -
C0000000010_ptg000010l:294377-296545   -            723 5502at4891           -            403    0.0073   12.5   0.1   1   2     0.016      0.62    6.1   0.0    79    95   650   666   603   688 0.85 -
C0000000010_ptg000010l:294377-296545   -            723 5502at4891           -            403    0.0073   12.5   0.1   2   2     0.088       3.5    3.7   0.0   156   172   705   721   695   723 0.63 -
C0000000009_ptg000009l:325431-327065   -            545 5502at4891           -            403    0.0084   12.3   0.2   1   3     0.002     0.078    9.1   0.0    30   174   137   297   132   304 0.67 -
C0000000009_ptg000009l:325431-327065   -            545 5502at4891           -            403    0.0084   12.3   0.2   2   3    0.0092      0.36    6.9   0.0    72   105   268   304   244   322 0.74 -
C0000000009_ptg000009l:325431-327065   -            545 5502at4891           -            403    0.0084   12.3   0.2   3   3       5.5   2.2e+02   -2.2   0.0   245   281   414   450   412   465 0.85 -
C0000000017_ptg000017l:458260-458820   -            187 5502at4891           -            403     0.011   12.0   0.1   1   3      0.57        23    1.0   0.0    82   219    16    35     8    52 0.56 -
C0000000017_ptg000017l:458260-458820   -            187 5502at4891           -            403     0.011   12.0   0.1   2   3     0.017      0.69    6.0   0.0   155   177    55    77    37   106 0.82 -
C0000000017_ptg000017l:458260-458820   -            187 5502at4891           -            403     0.011   12.0   0.1   3   3      0.39        15    1.5   0.0    75    99   162   186   146   187 0.72 -
#
# Program:         hmmsearch
# Version:         3.1b2 (February 2015)
# Pipeline mode:   SEARCH
# Query file:      /home/deepseq/tool/BUSCO_v5/saccharomycetes_odb10/hmms/5502at4891.hmm
# Target file:     /var/www/gvolante/request/project/202302230949-GVF6W5EPF13MH478/202302230949-GVF6W5EPF13MH478_busco/run_saccharomycetes_odb10/metaeuk_output/initial_results/SRR13577846.fa.ca.modified.fas
# Option settings: hmmsearch --domtblout /var/www/gvolante/request/project/202302230949-GVF6W5EPF13MH478/202302230949-GVF6W5EPF13MH478_busco/run_saccharomycetes_odb10/hmmer_output/initial_run_results/5502at4891.out --cpu 1 /home/deepseq/tool/BUSCO_v5/saccharomycetes_odb10/hmms/5502at4891.hmm /var/www/gvolante/request/project/202302230949-GVF6W5EPF13MH478/202302230949-GVF6W5EPF13MH478_busco/run_saccharomycetes_odb10/metaeuk_output/initial_results/SRR13577846.fa.ca.modified.fas 
# Current dir:     /var/www/gvolante/request/project/202302230949-GVF6W5EPF13MH478
# Date:            Thu Feb 23 09:51:19 2023
# [ok]
