#                                                                                            --- full sequence --- -------------- this domain -------------   hmm coord   ali coord   env coord
# target name                        accession   tlen query name           accession   qlen   E-value  score  bias   #  of  c-Evalue  i-Evalue  score  bias  from    to  from    to  from    to  acc description of target
#                ------------------- ---------- ----- -------------------- ---------- ----- --------- ------ ----- --- --- --------- --------- ------ ----- ----- ----- ----- ----- ----- ----- ---- ---------------------
C0000000004_ptg000004l:95403-97043   -            547 5956at4891           -            479    1e-268  888.9  12.6   1   2   8.9e-18   4.7e-15   52.4   9.3     1    57    10    75    10    94 0.77 -
C0000000004_ptg000004l:95403-97043   -            547 5956at4891           -            479    1e-268  888.9  12.6   2   2  5.5e-256  2.9e-253  837.9   0.1    56   479   101   547    88   547 0.97 -
C0000000015_ptg000015l:138653-140308 -            552 5956at4891           -            479   1.8e-44  149.4   0.5   1   2   1.9e-05      0.01   11.8   0.3     9   111    71   184    63   213 0.67 -
C0000000015_ptg000015l:138653-140308 -            552 5956at4891           -            479   1.8e-44  149.4   0.5   2   2   4.8e-43   2.5e-40  135.8   0.0   172   479   233   552   222   552 0.82 -
C0000000010_ptg000010l:178627-180048 -            474 5956at4891           -            479   5.7e-24   81.9   0.1   1   1   1.6e-25   8.2e-23   78.0   0.1   179   472   128   467   121   471 0.74 -
C0000000003_ptg000003l:582247-584175 -            643 5956at4891           -            479   2.5e-22   76.4   0.9   1   2   3.3e-16   1.8e-13   47.3   0.3   174   302   141   279    46   287 0.77 -
C0000000003_ptg000003l:582247-584175 -            643 5956at4891           -            479   2.5e-22   76.4   0.9   2   2   7.7e-10   4.1e-07   26.3   0.0   393   472   527   616   486   619 0.75 -
C0000000014_ptg000014l:287856-289250 -            465 5956at4891           -            479   4.3e-19   65.8   0.1   1   2   1.4e-15   7.4e-13   45.2   0.1   166   314   103   256    83   284 0.83 -
C0000000014_ptg000014l:287856-289250 -            465 5956at4891           -            479   4.3e-19   65.8   0.1   2   2     2e-07   0.00011   18.3   0.0   432   465   427   460   357   464 0.89 -
#
# Program:         hmmsearch
# Version:         3.1b2 (February 2015)
# Pipeline mode:   SEARCH
# Query file:      /home/deepseq/tool/BUSCO_v5/saccharomycetes_odb10/hmms/5956at4891.hmm
# Target file:     /var/www/gvolante/request/project/202302230949-GVF6W5EPF13MH478/202302230949-GVF6W5EPF13MH478_busco/run_saccharomycetes_odb10/metaeuk_output/initial_results/SRR13577846.fa.ca.modified.fas
# Option settings: hmmsearch --domtblout /var/www/gvolante/request/project/202302230949-GVF6W5EPF13MH478/202302230949-GVF6W5EPF13MH478_busco/run_saccharomycetes_odb10/hmmer_output/initial_run_results/5956at4891.out --cpu 1 /home/deepseq/tool/BUSCO_v5/saccharomycetes_odb10/hmms/5956at4891.hmm /var/www/gvolante/request/project/202302230949-GVF6W5EPF13MH478/202302230949-GVF6W5EPF13MH478_busco/run_saccharomycetes_odb10/metaeuk_output/initial_results/SRR13577846.fa.ca.modified.fas 
# Current dir:     /var/www/gvolante/request/project/202302230949-GVF6W5EPF13MH478
# Date:            Thu Feb 23 09:51:13 2023
# [ok]
