#                                                                                              --- full sequence --- -------------- this domain -------------   hmm coord   ali coord   env coord
# target name                          accession   tlen query name           accession   qlen   E-value  score  bias   #  of  c-Evalue  i-Evalue  score  bias  from    to  from    to  from    to  acc description of target
#                  ------------------- ---------- ----- -------------------- ---------- ----- --------- ------ ----- --- --- --------- --------- ------ ----- ----- ----- ----- ----- ----- ----- ---- ---------------------
C0000000003_ptg000003l:135792-137510   -            573 6691at4891           -            420  1.8e-178  590.6  20.0   1   3     2e-13   8.3e-12   41.6   9.9    11    67    25    90    16    99 0.67 -
C0000000003_ptg000003l:135792-137510   -            573 6691at4891           -            420  1.8e-178  590.6  20.0   2   3  7.4e-112  3.1e-110  365.9   1.3    45   274    90   367    83   378 0.91 -
C0000000003_ptg000003l:135792-137510   -            573 6691at4891           -            420  1.8e-178  590.6  20.0   3   3   1.1e-57   4.7e-56  187.4   0.1   277   420   397   569   385   569 0.84 -
C0000000002_ptg000002l:201554-203944   -            797 6691at4891           -            420   3.2e-30  102.2   0.1   1   3   1.4e-13   5.8e-12   42.1   0.0   138   259   520   639   504   648 0.89 -
C0000000002_ptg000002l:201554-203944   -            797 6691at4891           -            420   3.2e-30  102.2   0.1   2   3   6.2e-13   2.6e-11   40.0   0.0   140   258   564   680   558   680 0.97 -
C0000000002_ptg000002l:201554-203944   -            797 6691at4891           -            420   3.2e-30  102.2   0.1   3   3   4.9e-11     2e-09   33.7   0.0   141   219   649   726   643   729 0.95 -
C0000000010_ptg000010l:112406-115159   -            918 6691at4891           -            420   4.8e-28   95.1   1.9   1   7      0.75        31    0.2   0.0   139   190    51   102    41   112 0.86 -
C0000000010_ptg000010l:112406-115159   -            918 6691at4891           -            420   4.8e-28   95.1   1.9   2   7   2.6e-08   1.1e-06   24.8   0.1   117   215   119   219   105   226 0.81 -
C0000000010_ptg000010l:112406-115159   -            918 6691at4891           -            420   4.8e-28   95.1   1.9   3   7       2.9   1.2e+02   -1.8   0.0   186   248   259   321   248   337 0.80 -
C0000000010_ptg000010l:112406-115159   -            918 6691at4891           -            420   4.8e-28   95.1   1.9   4   7   8.9e-12   3.7e-10   36.2   0.0   138   225   340   425   318   431 0.92 -
C0000000010_ptg000010l:112406-115159   -            918 6691at4891           -            420   4.8e-28   95.1   1.9   5   7   1.3e-07   5.2e-06   22.5   0.0   145   220   432   506   428   523 0.89 -
C0000000010_ptg000010l:112406-115159   -            918 6691at4891           -            420   4.8e-28   95.1   1.9   6   7      0.77        32    0.1   0.0   142   185   514   557   507   573 0.80 -
C0000000010_ptg000010l:112406-115159   -            918 6691at4891           -            420   4.8e-28   95.1   1.9   7   7      0.12       4.8    2.8   0.0   141   180   575   614   549   638 0.78 -
C0000000004_ptg000004l:379350-382178   -            943 6691at4891           -            420     8e-25   84.5  11.6   1   7     0.003      0.13    8.1   0.0   315   374    60   120    42   130 0.78 -
C0000000004_ptg000004l:379350-382178   -            943 6691at4891           -            420     8e-25   84.5  11.6   2   7   4.7e-06    0.0002   17.3   0.8   141   261   119   234   116   258 0.85 -
C0000000004_ptg000004l:379350-382178   -            943 6691at4891           -            420     8e-25   84.5  11.6   3   7     0.067       2.8    3.6   0.1   346   409   215   276   210   287 0.63 -
C0000000004_ptg000004l:379350-382178   -            943 6691at4891           -            420     8e-25   84.5  11.6   4   7     0.022       0.9    5.2   0.1   280   319   392   431   380   438 0.81 -
C0000000004_ptg000004l:379350-382178   -            943 6691at4891           -            420     8e-25   84.5  11.6   5   7    0.0059      0.24    7.1   0.0   141   172   471   502   459   514 0.87 -
C0000000004_ptg000004l:379350-382178   -            943 6691at4891           -            420     8e-25   84.5  11.6   6   7     0.047       1.9    4.1   0.0   135   173   523   561   510   569 0.80 -
C0000000004_ptg000004l:379350-382178   -            943 6691at4891           -            420     8e-25   84.5  11.6   7   7   4.3e-14   1.8e-12   43.8   0.2   140   264   570   692   562   714 0.88 -
C0000000010_ptg000010l:74467-75246     -            260 6691at4891           -            420   6.3e-24   81.5   1.0   1   3   5.8e-10   2.4e-08   30.2   0.0   146   217     1    70     1    78 0.94 -
C0000000010_ptg000010l:74467-75246     -            260 6691at4891           -            420   6.3e-24   81.5   1.0   2   3     3e-09   1.2e-07   27.9   0.2   144   218    82   162    71   165 0.88 -
C0000000010_ptg000010l:74467-75246     -            260 6691at4891           -            420   6.3e-24   81.5   1.0   3   3   4.7e-06    0.0002   17.3   0.0   139   198   181   238   159   260 0.81 -
C0000000010_ptg000010l:93758-94756     -            333 6691at4891           -            420   3.3e-23   79.2   9.4   1   5   3.9e-10   1.6e-08   30.7   0.4   141   261     2   127     1   129 0.80 -
C0000000010_ptg000010l:93758-94756     -            333 6691at4891           -            420   3.3e-23   79.2   9.4   2   5   5.1e-06   0.00021   17.2   0.3   160   306    71   205    55   215 0.77 -
C0000000010_ptg000010l:93758-94756     -            333 6691at4891           -            420   3.3e-23   79.2   9.4   3   5   5.3e-07   2.2e-05   20.4   0.0   106   172   190   249   175   259 0.79 -
C0000000010_ptg000010l:93758-94756     -            333 6691at4891           -            420   3.3e-23   79.2   9.4   4   5   0.00061     0.025   10.3   0.1   140   173   259   292   251   298 0.89 -
C0000000010_ptg000010l:93758-94756     -            333 6691at4891           -            420   3.3e-23   79.2   9.4   5   5   1.6e-05   0.00065   15.6   0.1   141   171   302   332   291   333 0.91 -
C0000000002_ptg000002l:594852-597371   -            840 6691at4891           -            420   1.3e-22   77.2   0.4   1   4   8.9e-07   3.7e-05   19.7   0.0   142   176    16    50     2    59 0.83 -
C0000000002_ptg000002l:594852-597371   -            840 6691at4891           -            420   1.3e-22   77.2   0.4   2   4   2.5e-07     1e-05   21.5   0.0   140   174    76   110    68   118 0.90 -
C0000000002_ptg000002l:594852-597371   -            840 6691at4891           -            420   1.3e-22   77.2   0.4   3   4   1.9e-06   8.1e-05   18.6   0.1   137   214   131   206   119   217 0.81 -
C0000000002_ptg000002l:594852-597371   -            840 6691at4891           -            420   1.3e-22   77.2   0.4   4   4   0.00025      0.01   11.6   0.0   157   217   327   386   298   390 0.86 -
C0000000003_ptg000003l:52077-53465     -            463 6691at4891           -            420     9e-22   74.4   1.6   1   3     1e-08   4.1e-07   26.1   0.2   136   272   167   307    58   328 0.86 -
C0000000003_ptg000003l:52077-53465     -            463 6691at4891           -            420     9e-22   74.4   1.6   2   3     0.052       2.2    4.0   0.0   140   174   303   337   301   345 0.82 -
C0000000003_ptg000003l:52077-53465     -            463 6691at4891           -            420     9e-22   74.4   1.6   3   3   1.3e-14   5.5e-13   45.5   0.1   138   256   343   463   335   463 0.92 -
C0000000013_ptg000013l:113953-116400   -            816 6691at4891           -            420   1.1e-20   70.9   9.8   1   6       1.1        48   -0.4   0.0   141   182    59   100    21   150 0.79 -
C0000000013_ptg000013l:113953-116400   -            816 6691at4891           -            420   1.1e-20   70.9   9.8   2   6     0.082       3.4    3.3   0.2   203   230   162   191    50   201 0.61 -
C0000000013_ptg000013l:113953-116400   -            816 6691at4891           -            420   1.1e-20   70.9   9.8   3   6     0.046       1.9    4.2   0.0   158   201   211   254   206   269 0.85 -
C0000000013_ptg000013l:113953-116400   -            816 6691at4891           -            420   1.1e-20   70.9   9.8   4   6     0.002     0.081    8.7   0.0   140   176   385   421   379   430 0.59 -
C0000000013_ptg000013l:113953-116400   -            816 6691at4891           -            420   1.1e-20   70.9   9.8   5   6   1.1e-14   4.4e-13   45.8   0.2   106   238   448   584   423   586 0.81 -
C0000000013_ptg000013l:113953-116400   -            816 6691at4891           -            420   1.1e-20   70.9   9.8   6   6   4.8e-10     2e-08   30.5   0.6   141   265   531   653   526   674 0.88 -
C0000000001_ptg000001l:154091-154987   -            299 6691at4891           -            420   2.2e-19   66.6   1.7   1   2   5.6e-13   2.3e-11   40.1   0.1   141   264    20   141     9   150 0.86 -
C0000000001_ptg000001l:154091-154987   -            299 6691at4891           -            420   2.2e-19   66.6   1.7   2   2   1.4e-08   5.8e-07   25.6   0.1   142   219   170   243   163   251 0.90 -
C0000000003_ptg000003l:672388-673722   -            445 6691at4891           -            420   7.3e-16   55.0   2.4   1   2    0.0013     0.054    9.3   0.0   111   171   100   162    73   168 0.72 -
C0000000003_ptg000003l:672388-673722   -            445 6691at4891           -            420   7.3e-16   55.0   2.4   2   2   8.1e-14   3.4e-12   42.9   0.9    87   364   170   424   164   430 0.77 -
C0000000009_ptg000009l:290638-291492   -            285 6691at4891           -            420   1.3e-14   50.8   2.5   1   3   1.7e-07   6.9e-06   22.1   0.0   188   262     6    81     2    92 0.85 -
C0000000009_ptg000009l:290638-291492   -            285 6691at4891           -            420   1.3e-14   50.8   2.5   2   3     2e-08   8.4e-07   25.1   0.2   142   219   112   185   105   194 0.89 -
C0000000009_ptg000009l:290638-291492   -            285 6691at4891           -            420   1.3e-14   50.8   2.5   3   3      0.24       9.9    1.8   0.0   347   366   227   246   216   274 0.72 -
C0000000014_ptg000014l:156967-157878   -            304 6691at4891           -            420   3.3e-14   49.5   2.0   1   3   4.2e-07   1.7e-05   20.8   0.1   158   261     6   108     3   148 0.77 -
C0000000014_ptg000014l:156967-157878   -            304 6691at4891           -            420   3.3e-14   49.5   2.0   2   3    0.0091      0.38    6.5   0.0   138   205   112   178   105   181 0.85 -
C0000000014_ptg000014l:156967-157878   -            304 6691at4891           -            420   3.3e-14   49.5   2.0   3   3   4.7e-08   1.9e-06   23.9   0.4   146   260   163   282   156   300 0.79 -
C0000000008_ptg000008l:192003-194357   -            785 6691at4891           -            420   6.5e-14   48.5   4.2   1   4   7.7e-07   3.2e-05   19.9   0.1   156   257    27   130    14   141 0.82 -
C0000000008_ptg000008l:192003-194357   -            785 6691at4891           -            420   6.5e-14   48.5   4.2   2   4      0.11       4.4    3.0   0.0   218   259   191   236   181   251 0.81 -
C0000000008_ptg000008l:192003-194357   -            785 6691at4891           -            420   6.5e-14   48.5   4.2   3   4       1.6        64   -0.9   0.0   347   382   354   389   335   419 0.66 -
C0000000008_ptg000008l:192003-194357   -            785 6691at4891           -            420   6.5e-14   48.5   4.2   4   4   8.2e-08   3.4e-06   23.1   0.0   136   309   551   736   538   752 0.77 -
C0000000016_ptg000016l:181896-182717   -            274 6691at4891           -            420   4.1e-13   45.9   5.8   1   4   4.4e-08   1.8e-06   24.0   0.8   160   269     1   104     1   108 0.90 -
C0000000016_ptg000016l:181896-182717   -            274 6691at4891           -            420   4.1e-13   45.9   5.8   2   4   1.8e-09   7.4e-08   28.6   0.2   141   238    64   156    60   163 0.89 -
C0000000016_ptg000016l:181896-182717   -            274 6691at4891           -            420   4.1e-13   45.9   5.8   3   4    0.0005     0.021   10.6   0.1   204   259   211   264   205   265 0.77 -
C0000000016_ptg000016l:181896-182717   -            274 6691at4891           -            420   4.1e-13   45.9   5.8   4   4    0.0047       0.2    7.4   0.1   348   364   249   265   246   273 0.83 -
C0000000017_ptg000017l:639682-641826   -            715 6691at4891           -            420   2.4e-12   43.4   7.1   1   3   1.1e-09   4.4e-08   29.3   1.4   140   309    10   169     3   179 0.83 -
C0000000017_ptg000017l:639682-641826   -            715 6691at4891           -            420   2.4e-12   43.4   7.1   2   3     0.048         2    4.1   0.1   283   305   183   205   172   217 0.83 -
C0000000017_ptg000017l:639682-641826   -            715 6691at4891           -            420   2.4e-12   43.4   7.1   3   3   0.00028     0.012   11.5   0.0   140   215   217   288   212   297 0.79 -
C0000000005_ptg000005l:1307495-1311091 -           1199 6691at4891           -            420   4.8e-12   42.4   0.1   1   2   4.1e-08   1.7e-06   24.1   0.0   155   259    65   167    42   188 0.90 -
C0000000005_ptg000005l:1307495-1311091 -           1199 6691at4891           -            420   4.8e-12   42.4   0.1   2   2   2.9e-05    0.0012   14.7   0.0   107   217   223   324   199   342 0.69 -
C0000000017_ptg000017l:275223-276446   -            408 6691at4891           -            420   1.3e-11   41.0   5.6   1   3   2.3e-10   9.6e-09   31.5   0.2   138   258    41   172    18   187 0.82 -
C0000000017_ptg000017l:275223-276446   -            408 6691at4891           -            420   1.3e-11   41.0   5.6   2   3   0.00079     0.033   10.0   0.2   141   213   292   363   268   374 0.72 -
C0000000017_ptg000017l:275223-276446   -            408 6691at4891           -            420   1.3e-11   41.0   5.6   3   3       2.5     1e+02   -1.5   0.2     5    49   357   396   351   403 0.45 -
C0000000007_ptg000007l:535847-536884   -            346 6691at4891           -            420   4.9e-11   39.0   1.5   1   3   2.3e-05   0.00097   15.0   0.0   187   260    10    83     1    97 0.81 -
C0000000007_ptg000007l:535847-536884   -            346 6691at4891           -            420   4.9e-11   39.0   1.5   2   3   0.00033     0.014   11.2   0.4   106   183   155   236   125   245 0.76 -
C0000000007_ptg000007l:535847-536884   -            346 6691at4891           -            420   4.9e-11   39.0   1.5   3   3    0.0011     0.045    9.5   0.0   131   167   281   317   261   327 0.85 -
C0000000005_ptg000005l:522101-523066   -            322 6691at4891           -            420   5.5e-11   38.9   8.8   1   3   0.00083     0.034    9.9   0.1   159   215    25    83    20    98 0.52 -
C0000000005_ptg000005l:522101-523066   -            322 6691at4891           -            420   5.5e-11   38.9   8.8   2   3   4.4e-10   1.8e-08   30.6   2.9   140   258   101   225    93   231 0.83 -
C0000000005_ptg000005l:522101-523066   -            322 6691at4891           -            420   5.5e-11   38.9   8.8   3   3         1        43   -0.3   0.0   289   306   305   322   284   322 0.73 -
C0000000008_ptg000008l:609668-610297   -            210 6691at4891           -            420   1.2e-10   37.8   0.5   1   2      0.41        17    1.0   0.0   141   169     6    32     1    82 0.50 -
C0000000008_ptg000008l:609668-610297   -            210 6691at4891           -            420   1.2e-10   37.8   0.5   2   2   1.8e-11   7.6e-10   35.1   0.2   141   259    89   209    56   210 0.87 -
C0000000007_ptg000007l:472642-473127   -            162 6691at4891           -            420   5.3e-10   35.7   0.2   1   1   2.4e-11   9.9e-10   34.8   0.2   107   241    33   161    12   162 0.82 -
C0000000004_ptg000004l:113013-114467   -            485 6691at4891           -            420   7.1e-10   35.2   6.9   1   5     0.023      0.95    5.2   0.0   348   383    83   118    70   127 0.81 -
C0000000004_ptg000004l:113013-114467   -            485 6691at4891           -            420   7.1e-10   35.2   6.9   2   5       1.1        44   -0.3   0.0   292   308   135   151   129   161 0.71 -
C0000000004_ptg000004l:113013-114467   -            485 6691at4891           -            420   7.1e-10   35.2   6.9   3   5     0.064       2.6    3.7   0.0   159   218   195   251   185   259 0.81 -
C0000000004_ptg000004l:113013-114467   -            485 6691at4891           -            420   7.1e-10   35.2   6.9   4   5   4.9e-07     2e-05   20.6   0.8   139   213   301   374   254   375 0.78 -
C0000000004_ptg000004l:113013-114467   -            485 6691at4891           -            420   7.1e-10   35.2   6.9   5   5   0.00047      0.02   10.7   0.2   147   307   352   377   339   391 0.55 -
C0000000005_ptg000005l:321518-322747   -            410 6691at4891           -            420   8.4e-10   35.0   1.5   1   4       8.7   3.6e+02   -3.3   0.5    18    44    28    53    12    70 0.48 -
C0000000005_ptg000005l:321518-322747   -            410 6691at4891           -            420   8.4e-10   35.0   1.5   2   4    0.0011     0.046    9.5   0.0   154   216   129   190   110   200 0.84 -
C0000000005_ptg000005l:321518-322747   -            410 6691at4891           -            420   8.4e-10   35.0   1.5   3   4   2.6e-05    0.0011   14.9   0.0   139   217   244   321   224   336 0.83 -
C0000000005_ptg000005l:321518-322747   -            410 6691at4891           -            420   8.4e-10   35.0   1.5   4   4   0.00049     0.021   10.7   0.0   107   179   305   374   297   387 0.78 -
C0000000011_ptg000011l:738372-739637   -            422 6691at4891           -            420   1.7e-09   34.0   1.6   1   3   2.3e-05   0.00096   15.0   0.2   136   263    85   214    37   219 0.76 -
C0000000011_ptg000011l:738372-739637   -            422 6691at4891           -            420   1.7e-09   34.0   1.6   2   3     0.051       2.1    4.0   0.0   289   324   281   316   264   325 0.76 -
C0000000011_ptg000011l:738372-739637   -            422 6691at4891           -            420   1.7e-09   34.0   1.6   3   3   0.00022    0.0093   11.8   0.1   136   171   384   419   348   421 0.88 -
C0000000002_ptg000002l:370765-372369   -            535 6691at4891           -            420   2.1e-09   33.7   0.7   1   4   0.00033     0.014   11.2   0.2   137   197   214   271    94   290 0.74 -
C0000000002_ptg000002l:370765-372369   -            535 6691at4891           -            420   2.1e-09   33.7   0.7   2   4     0.099       4.1    3.1   0.0   268   315   305   354   254   361 0.72 -
C0000000002_ptg000002l:370765-372369   -            535 6691at4891           -            420   2.1e-09   33.7   0.7   3   4   1.9e-06   7.8e-05   18.6   0.0   153   265   328   436   320   444 0.84 -
C0000000002_ptg000002l:370765-372369   -            535 6691at4891           -            420   2.1e-09   33.7   0.7   4   4       2.4     1e+02   -1.5   0.0   201   232   456   488   442   490 0.77 -
C0000000003_ptg000003l:737369-740404   -           1012 6691at4891           -            420   3.2e-09   33.1   0.4   1   4       1.9        77   -1.1   0.0   140   168    44    72    37   111 0.82 -
C0000000003_ptg000003l:737369-740404   -           1012 6691at4891           -            420   3.2e-09   33.1   0.4   2   4   7.8e-08   3.2e-06   23.2   0.0   133   218   169   252   163   298 0.93 -
C0000000003_ptg000003l:737369-740404   -           1012 6691at4891           -            420   3.2e-09   33.1   0.4   3   4        10   4.1e+02   -3.5   0.0   244   267   482   505   471   536 0.63 -
C0000000003_ptg000003l:737369-740404   -           1012 6691at4891           -            420   3.2e-09   33.1   0.4   4   4     0.019      0.79    5.4   0.0   276   371   708   808   693   839 0.75 -
C0000000008_ptg000008l:611274-611873   -            200 6691at4891           -            420   4.5e-09   32.6   0.0   1   1   1.5e-10   6.3e-09   32.1   0.0   188   268     5    86     1   187 0.83 -
C0000000014_ptg000014l:480272-481933   -            554 6691at4891           -            420   5.6e-09   32.3   0.6   1   3   5.8e-07   2.4e-05   20.3   0.1   140   176   136   172   112   177 0.92 -
C0000000014_ptg000014l:480272-481933   -            554 6691at4891           -            420   5.6e-09   32.3   0.6   2   3     0.015      0.62    5.8   0.0    94   153   198   257   192   299 0.73 -
C0000000014_ptg000014l:480272-481933   -            554 6691at4891           -            420   5.6e-09   32.3   0.6   3   3      0.16       6.5    2.4   0.0   144   193   345   398   339   405 0.76 -
C0000000011_ptg000011l:828275-829651   -            459 6691at4891           -            420   9.9e-09   31.5   5.5   1   3   9.4e-07   3.9e-05   19.6   0.7   181   313    97   242    79   269 0.71 -
C0000000011_ptg000011l:828275-829651   -            459 6691at4891           -            420   9.9e-09   31.5   5.5   2   3       1.2        52   -0.6   0.0   201   225   317   341   302   345 0.69 -
C0000000011_ptg000011l:828275-829651   -            459 6691at4891           -            420   9.9e-09   31.5   5.5   3   3    0.0011     0.044    9.6   0.1   333   365   375   408   347   448 0.62 -
C0000000002_ptg000002l:236728-237624   -            299 6691at4891           -            420   1.2e-08   31.2   0.3   1   2   9.2e-10   3.8e-08   29.5   0.1   139   306    36   202     2   221 0.82 -
C0000000002_ptg000002l:236728-237624   -            299 6691at4891           -            420   1.2e-08   31.2   0.3   2   2       2.1        89   -1.3   0.0   348   364   241   257   236   273 0.65 -
C0000000008_ptg000008l:811332-812174   -            281 6691at4891           -            420   1.7e-08   30.7   1.7   1   3     0.042       1.7    4.3   0.2   275   320    18    64     9    72 0.59 -
C0000000008_ptg000008l:811332-812174   -            281 6691at4891           -            420   1.7e-08   30.7   1.7   2   3     6e-06   0.00025   17.0   0.0   129   196    92   157    83   179 0.82 -
C0000000008_ptg000008l:811332-812174   -            281 6691at4891           -            420   1.7e-08   30.7   1.7   3   3    0.0067      0.28    6.9   0.0   133   169   236   272   226   277 0.84 -
C0000000014_ptg000014l:735866-737215   -            450 6691at4891           -            420   1.7e-08   30.7   0.8   1   3       3.4   1.4e+02   -2.0   0.0   353   396    56    98    48   111 0.68 -
C0000000014_ptg000014l:735866-737215   -            450 6691at4891           -            420   1.7e-08   30.7   0.8   2   3   5.1e-08   2.1e-06   23.8   0.5   140   256   117   231   106   273 0.88 -
C0000000014_ptg000014l:735866-737215   -            450 6691at4891           -            420   1.7e-08   30.7   0.8   3   3     0.047       1.9    4.2   0.0   192   257   294   363   245   367 0.69 -
C0000000017_ptg000017l:164206-165084   -            293 6691at4891           -            420   6.3e-08   28.8   0.5   1   3     0.022      0.89    5.3   0.0   346   364    28    46     9    55 0.71 -
C0000000017_ptg000017l:164206-165084   -            293 6691at4891           -            420   6.3e-08   28.8   0.5   2   3   0.00027     0.011   11.5   0.1   108   181    30   112    25   115 0.62 -
C0000000017_ptg000017l:164206-165084   -            293 6691at4891           -            420   6.3e-08   28.8   0.5   3   3   0.00033     0.014   11.2   0.1   158   305   154   293   146   293 0.70 -
C0000000006_ptg000006l:551155-551790   -            212 6691at4891           -            420   9.7e-08   28.2   0.7   1   2   3.9e-07   1.6e-05   20.9   0.1   150   258     7   133     1   142 0.61 -
C0000000006_ptg000006l:551155-551790   -            212 6691at4891           -            420   9.7e-08   28.2   0.7   2   2      0.41        17    1.0   0.1   278   305   186   212   163   212 0.71 -
C0000000007_ptg000007l:63625-65004     -            460 6691at4891           -            420   2.3e-07   27.0   0.1   1   3   0.00079     0.033   10.0   0.0   188   218    14    46     5    51 0.87 -
C0000000007_ptg000007l:63625-65004     -            460 6691at4891           -            420   2.3e-07   27.0   0.1   2   3     0.016      0.67    5.7   0.0   137   174    65   102    51   113 0.87 -
C0000000007_ptg000007l:63625-65004     -            460 6691at4891           -            420   2.3e-07   27.0   0.1   3   3    0.0047       0.2    7.4   0.0   125   173   127   175   115   222 0.74 -
C0000000017_ptg000017l:268705-269682   -            326 6691at4891           -            420   2.8e-07   26.7   0.0   1   3   2.2e-06   8.9e-05   18.4   0.0   130   258    10   139     2   146 0.85 -
C0000000017_ptg000017l:268705-269682   -            326 6691at4891           -            420   2.8e-07   26.7   0.0   2   3       5.2   2.2e+02   -2.6   0.0   147   170   202   225   192   241 0.77 -
C0000000017_ptg000017l:268705-269682   -            326 6691at4891           -            420   2.8e-07   26.7   0.0   3   3     0.021      0.85    5.3   0.0   151   182   255   286   246   296 0.88 -
C0000000007_ptg000007l:443065-443637   -            191 6691at4891           -            420   3.3e-07   26.4   0.1   1   3   1.5e-05   0.00064   15.6   0.0   140   231     5    92     2    95 0.85 -
C0000000007_ptg000007l:443065-443637   -            191 6691at4891           -            420   3.3e-07   26.4   0.1   2   3     0.008      0.33    6.7   0.0   139   189    86   137    81   149 0.88 -
C0000000007_ptg000007l:443065-443637   -            191 6691at4891           -            420   3.3e-07   26.4   0.1   3   3      0.14       5.9    2.5   0.0   184   218   151   190   137   191 0.66 -
C0000000002_ptg000002l:46657-49257     -            867 6691at4891           -            420   3.3e-07   26.4   0.3   1   3   6.5e-06   0.00027   16.9   0.0   139   218     5    90     3   102 0.79 -
C0000000002_ptg000002l:46657-49257     -            867 6691at4891           -            420   3.3e-07   26.4   0.3   2   3     0.021      0.86    5.3   0.1   106   193   239   323   217   335 0.60 -
C0000000002_ptg000002l:46657-49257     -            867 6691at4891           -            420   3.3e-07   26.4   0.3   3   3         1        42   -0.3   0.0   348   365   372   389   338   405 0.72 -
C0000000012_ptg000012l:72001-73275     -            425 6691at4891           -            420   4.5e-07   26.0   0.2   1   4      0.53        22    0.7   0.0   147   179    30    62    13    67 0.85 -
C0000000012_ptg000012l:72001-73275     -            425 6691at4891           -            420   4.5e-07   26.0   0.2   2   4   0.00038     0.016   11.0   0.0   141   173    70   102    61   133 0.81 -
C0000000012_ptg000012l:72001-73275     -            425 6691at4891           -            420   4.5e-07   26.0   0.2   3   4    0.0015     0.061    9.1   0.4   141   228   167   258   150   272 0.72 -
C0000000012_ptg000012l:72001-73275     -            425 6691at4891           -            420   4.5e-07   26.0   0.2   4   4         5   2.1e+02   -2.6   0.0   160   183   287   310   268   315 0.75 -
C0000000007_ptg000007l:423728-425572   -            615 6691at4891           -            420   1.2e-06   24.6   2.9   1   3         3   1.2e+02   -1.8   0.1   147   171    68    94    56   110 0.64 -
C0000000007_ptg000007l:423728-425572   -            615 6691at4891           -            420   1.2e-06   24.6   2.9   2   3   1.7e-05   0.00071   15.5   0.1   139   219   200   284   193   365 0.86 -
C0000000007_ptg000007l:423728-425572   -            615 6691at4891           -            420   1.2e-06   24.6   2.9   3   3     0.028       1.1    4.9   0.0   156   216   554   612   517   614 0.70 -
C0000000005_ptg000005l:408903-411158   -            752 6691at4891           -            420   1.3e-06   24.5  14.6   1   3   2.1e-05   0.00086   15.2   0.4   288   363   172   244   118   255 0.82 -
C0000000005_ptg000005l:408903-411158   -            752 6691at4891           -            420   1.3e-06   24.5  14.6   2   3   5.8e-05    0.0024   13.7   0.0   105   174   268   339   243   351 0.82 -
C0000000005_ptg000005l:408903-411158   -            752 6691at4891           -            420   1.3e-06   24.5  14.6   3   3     0.067       2.8    3.6   0.1   120   165   378   423   348   473 0.67 -
C0000000009_ptg000009l:374554-375648   -            365 6691at4891           -            420   4.8e-06   22.6   0.7   1   4    0.0079      0.33    6.7   0.1   336   365    39    69    23    74 0.73 -
C0000000009_ptg000009l:374554-375648   -            365 6691at4891           -            420   4.8e-06   22.6   0.7   2   4     0.041       1.7    4.3   0.0   136   173    73   110    69   130 0.82 -
C0000000009_ptg000009l:374554-375648   -            365 6691at4891           -            420   4.8e-06   22.6   0.7   3   4     0.018      0.75    5.5   0.0   346   364   138   156   131   193 0.62 -
C0000000009_ptg000009l:374554-375648   -            365 6691at4891           -            420   4.8e-06   22.6   0.7   4   4      0.36        15    1.2   0.0   146   198   272   322   244   335 0.68 -
C0000000010_ptg000010l:294377-296545   -            723 6691at4891           -            420   9.8e-06   21.6   0.4   1   2     0.038       1.6    4.4   0.0   138   218   298   381   223   386 0.77 -
C0000000010_ptg000010l:294377-296545   -            723 6691at4891           -            420   9.8e-06   21.6   0.4   2   2   5.9e-05    0.0025   13.7   0.4   283   363   643   722   609   723 0.74 -
C0000000014_ptg000014l:606876-607679   -            268 6691at4891           -            420   1.2e-05   21.3   0.1   1   2      0.34        14    1.3   0.0   102   169   104   170    81   178 0.75 -
C0000000014_ptg000014l:606876-607679   -            268 6691at4891           -            420   1.2e-05   21.3   0.1   2   2   1.9e-06     8e-05   18.6   0.0   313   385   168   240   153   252 0.85 -
C0000000003_ptg000003l:856309-857265   -            319 6691at4891           -            420     2e-05   20.6   0.0   1   2   1.1e-06   4.6e-05   19.4   0.0   153   226    51   124    10   131 0.82 -
C0000000003_ptg000003l:856309-857265   -            319 6691at4891           -            420     2e-05   20.6   0.0   2   2       4.8     2e+02   -2.5   0.0   346   370   205   229   193   234 0.84 -
C0000000005_ptg000005l:1002954-1003748 -            265 6691at4891           -            420   2.2e-05   20.4   0.3   1   4   0.00014    0.0056   12.5   0.1   345   394    15    64     1    85 0.72 -
C0000000005_ptg000005l:1002954-1003748 -            265 6691at4891           -            420   2.2e-05   20.4   0.3   2   4      0.11       4.4    3.0   0.0   346   396   108   159    89   170 0.76 -
C0000000005_ptg000005l:1002954-1003748 -            265 6691at4891           -            420   2.2e-05   20.4   0.3   3   4      0.25        10    1.7   0.0   133   171   156   194   141   207 0.80 -
C0000000005_ptg000005l:1002954-1003748 -            265 6691at4891           -            420   2.2e-05   20.4   0.3   4   4       2.3        95   -1.4   0.0   290   311   233   254   208   258 0.83 -
C0000000011_ptg000011l:380611-381618   -            336 6691at4891           -            420   3.1e-05   19.9   0.1   1   2    0.0087      0.36    6.5   0.0   329   372     6    49     2    79 0.74 -
C0000000011_ptg000011l:380611-381618   -            336 6691at4891           -            420   3.1e-05   19.9   0.1   2   2   0.00034     0.014   11.2   0.0   106   154   255   313   211   328 0.76 -
C0000000008_ptg000008l:850268-852322   -            685 6691at4891           -            420   3.3e-05   19.9   0.2   1   1   1.2e-05    0.0005   16.0   0.1   246   362    15   114     9   128 0.76 -
C0000000013_ptg000013l:519519-521471   -            651 6691at4891           -            420   4.1e-05   19.5   0.1   1   2      0.45        19    0.9   0.0   348   379    97   128    89   141 0.77 -
C0000000013_ptg000013l:519519-521471   -            651 6691at4891           -            420   4.1e-05   19.5   0.1   2   2   1.5e-05   0.00063   15.6   0.1   131   176   170   215   133   242 0.74 -
C0000000002_ptg000002l:378772-383127   -           1452 6691at4891           -            420   0.00022   17.1   2.6   1   2   8.9e-05    0.0037   13.1   0.3   290   385  1093  1181  1073  1202 0.70 -
C0000000002_ptg000002l:378772-383127   -           1452 6691at4891           -            420   0.00022   17.1   2.6   2   2     0.072         3    3.5   0.1   163   270  1207  1320  1191  1444 0.74 -
C0000000007_ptg000007l:511519-513051   -            511 6691at4891           -            420    0.0003   16.7   0.1   1   2         4   1.7e+02   -2.2   1.7    12    67    43    98    35   124 0.58 -
C0000000007_ptg000007l:511519-513051   -            511 6691at4891           -            420    0.0003   16.7   0.1   2   2   7.2e-06    0.0003   16.7   0.1   156   262   335   451   303   468 0.77 -
C0000000013_ptg000013l:468770-471571   -            934 6691at4891           -            420    0.0011   14.9   0.8   1   3      0.63        26    0.4   0.0   143   225   201   282   153   312 0.78 -
C0000000013_ptg000013l:468770-471571   -            934 6691at4891           -            420    0.0011   14.9   0.8   2   3      0.52        22    0.7   0.1   156   217   423   485   351   516 0.45 -
C0000000013_ptg000013l:468770-471571   -            934 6691at4891           -            420    0.0011   14.9   0.8   3   3    0.0011     0.046    9.5   0.0   188   258   539   609   489   615 0.72 -
C0000000005_ptg000005l:784230-785345   -            372 6691at4891           -            420    0.0011   14.8   0.7   1   2     0.003      0.12    8.1   0.0   287   315   114   142    97   146 0.82 -
C0000000005_ptg000005l:784230-785345   -            372 6691at4891           -            420    0.0011   14.8   0.7   2   2     0.049         2    4.1   0.2   297   361   240   312   234   322 0.63 -
C0000000008_ptg000008l:1017853-1019040 -            396 6691at4891           -            420    0.0022   13.8   0.0   1   3       1.1        47   -0.4   0.0   346   361    27    42     5   108 0.71 -
C0000000008_ptg000008l:1017853-1019040 -            396 6691at4891           -            420    0.0022   13.8   0.0   2   3      0.55        23    0.6   0.0   293   328   200   235   178   254 0.82 -
C0000000008_ptg000008l:1017853-1019040 -            396 6691at4891           -            420    0.0022   13.8   0.0   3   3    0.0015     0.062    9.1   0.0   188   232   292   336   274   348 0.80 -
C0000000003_ptg000003l:627008-629695   -            896 6691at4891           -            420    0.0028   13.5   3.1   1   4       7.9   3.3e+02   -3.2   0.0   165   185    50    70    41    82 0.77 -
C0000000003_ptg000003l:627008-629695   -            896 6691at4891           -            420    0.0028   13.5   3.1   2   4      0.44        18    0.9   0.0   253   292   196   235   187   240 0.88 -
C0000000003_ptg000003l:627008-629695   -            896 6691at4891           -            420    0.0028   13.5   3.1   3   4     0.002     0.085    8.6   0.0   141   175   295   329   284   338 0.89 -
C0000000003_ptg000003l:627008-629695   -            896 6691at4891           -            420    0.0028   13.5   3.1   4   4      0.39        16    1.1   0.0   137   181   601   644   558   674 0.71 -
C0000000008_ptg000008l:152056-153399   -            448 6691at4891           -            420    0.0031   13.4   0.1   1   1   0.00011    0.0044   12.8   0.1   114   224   198   306   165   311 0.86 -
C0000000017_ptg000017l:458260-458820   -            187 6691at4891           -            420    0.0053   12.6   0.0   1   2    0.0003     0.013   11.3   0.0   145   218     4    74     1    93 0.75 -
C0000000017_ptg000017l:458260-458820   -            187 6691at4891           -            420    0.0053   12.6   0.0   2   2       2.7   1.1e+02   -1.7   0.0   142   185    83   127    73   133 0.68 -
C0000000016_ptg000016l:66613-67905     -            431 6691at4891           -            420    0.0079   12.0   0.1   1   3     0.047         2    4.1   0.0   141   177    63    99    40   133 0.78 -
C0000000016_ptg000016l:66613-67905     -            431 6691at4891           -            420    0.0079   12.0   0.1   2   3      0.47        20    0.8   0.0   320   382   141   203   118   212 0.74 -
C0000000016_ptg000016l:66613-67905     -            431 6691at4891           -            420    0.0079   12.0   0.1   3   3      0.15       6.2    2.5   0.0   189   235   354   398   310   411 0.82 -
C0000000009_ptg000009l:408673-410127   -            485 6691at4891           -            420    0.0084   11.9   0.3   1   3         3   1.3e+02   -1.8   0.0   223   239   160   176   152   187 0.72 -
C0000000009_ptg000009l:408673-410127   -            485 6691at4891           -            420    0.0084   11.9   0.3   2   3    0.0023     0.097    8.4   0.1   159   222   328   391   306   405 0.81 -
C0000000009_ptg000009l:408673-410127   -            485 6691at4891           -            420    0.0084   11.9   0.3   3   3       1.3        54   -0.6   0.0   146   172   412   438   376   445 0.47 -
C0000000001_ptg000001l:75048-76022     -            325 6691at4891           -            420     0.012   11.4   0.1   1   1   0.00046     0.019   10.8   0.1   141   216   240   316   224   323 0.85 -
C0000000007_ptg000007l:345809-348142   -            778 6691at4891           -            420       0.2    7.4  14.8   1   3     0.012      0.49    6.1   0.0   140   171   405   436   393   454 0.84 -
C0000000007_ptg000007l:345809-348142   -            778 6691at4891           -            420       0.2    7.4  14.8   2   3      0.14         6    2.5   0.1   144   222   566   644   536   652 0.74 -
C0000000007_ptg000007l:345809-348142   -            778 6691at4891           -            420       0.2    7.4  14.8   3   3      0.22       9.2    1.9   0.0   148   215   656   722   651   731 0.81 -
C0000000008_ptg000008l:189537-190667   -            377 6691at4891           -            420       5.8    2.6  13.1   1   1      0.26        11    1.7  13.1     5    49    23    68    20    77 0.62 -
C0000000004_ptg000004l:230996-232786   -            597 6691at4891           -            420       7.1    2.3  12.8   1   3       1.1        45   -0.3   0.0   188   216   172   200   137   214 0.79 -
C0000000004_ptg000004l:230996-232786   -            597 6691at4891           -            420       7.1    2.3  12.8   2   3      0.83        34    0.0   0.0   344   364   314   334   284   354 0.70 -
C0000000004_ptg000004l:230996-232786   -            597 6691at4891           -            420       7.1    2.3  12.8   3   3    0.0041      0.17    7.6   0.0   271   307   408   442   400   459 0.82 -
#
# Program:         hmmsearch
# Version:         3.1b2 (February 2015)
# Pipeline mode:   SEARCH
# Query file:      /home/deepseq/tool/BUSCO_v5/saccharomycetes_odb10/hmms/6691at4891.hmm
# Target file:     /var/www/gvolante/request/project/202302230949-GVF6W5EPF13MH478/202302230949-GVF6W5EPF13MH478_busco/run_saccharomycetes_odb10/metaeuk_output/initial_results/SRR13577846.fa.ca.modified.fas
# Option settings: hmmsearch --domtblout /var/www/gvolante/request/project/202302230949-GVF6W5EPF13MH478/202302230949-GVF6W5EPF13MH478_busco/run_saccharomycetes_odb10/hmmer_output/initial_run_results/6691at4891.out --cpu 1 /home/deepseq/tool/BUSCO_v5/saccharomycetes_odb10/hmms/6691at4891.hmm /var/www/gvolante/request/project/202302230949-GVF6W5EPF13MH478/202302230949-GVF6W5EPF13MH478_busco/run_saccharomycetes_odb10/metaeuk_output/initial_results/SRR13577846.fa.ca.modified.fas 
# Current dir:     /var/www/gvolante/request/project/202302230949-GVF6W5EPF13MH478
# Date:            Thu Feb 23 09:51:18 2023
# [ok]
