#                                                                                              --- full sequence --- -------------- this domain -------------   hmm coord   ali coord   env coord
# target name                          accession   tlen query name           accession   qlen   E-value  score  bias   #  of  c-Evalue  i-Evalue  score  bias  from    to  from    to  from    to  acc description of target
#                  ------------------- ---------- ----- -------------------- ---------- ----- --------- ------ ----- --- --- --------- --------- ------ ----- ----- ----- ----- ----- ----- ----- ---- ---------------------
C0000000007_ptg000007l:423728-425572   -            615 7896at4891           -            419  2.8e-150  498.0  10.3   1   2  3.1e-107  1.5e-105  350.6   6.4     1   296    12   398    12   480 0.85 -
C0000000007_ptg000007l:423728-425572   -            615 7896at4891           -            419  2.8e-150  498.0  10.3   2   2   2.7e-45   1.4e-43  146.6   0.1   308   419   480   610   470   610 0.85 -
C0000000010_ptg000010l:93758-94756     -            333 7896at4891           -            419   6.5e-17   58.7  12.1   1   5    0.0016     0.079    9.0   0.0   320   375     9    64     3    68 0.78 -
C0000000010_ptg000010l:93758-94756     -            333 7896at4891           -            419   6.5e-17   58.7  12.1   2   5   2.7e-06   0.00013   18.1   0.6   330   410    69   148    61   154 0.89 -
C0000000010_ptg000010l:93758-94756     -            333 7896at4891           -            419   6.5e-17   58.7  12.1   3   5     0.017      0.87    5.6   0.0   360   409   180   229   177   229 0.91 -
C0000000010_ptg000010l:93758-94756     -            333 7896at4891           -            419   6.5e-17   58.7  12.1   4   5   1.5e-11   7.3e-10   35.5   0.7   153   218   220   294   191   310 0.84 -
C0000000010_ptg000010l:93758-94756     -            333 7896at4891           -            419   6.5e-17   58.7  12.1   5   5      0.56        28    0.6   0.1    77    96   306   325   299   331 0.78 -
C0000000010_ptg000010l:112406-115159   -            918 7896at4891           -            419   3.6e-16   56.3   5.2   1   7      0.01      0.51    6.3   0.0   134   180    71   123    51   132 0.66 -
C0000000010_ptg000010l:112406-115159   -            918 7896at4891           -            419   3.6e-16   56.3   5.2   2   7   9.8e-05    0.0049   13.0   0.2   314   410    95   201    90   218 0.62 -
C0000000010_ptg000010l:112406-115159   -            918 7896at4891           -            419   3.6e-16   56.3   5.2   3   7    0.0075      0.38    6.8   0.0   312   394   257   340   205   351 0.74 -
C0000000010_ptg000010l:112406-115159   -            918 7896at4891           -            419   3.6e-16   56.3   5.2   4   7    0.0031      0.15    8.1   0.1   316   389   303   377   295   394 0.58 -
C0000000010_ptg000010l:112406-115159   -            918 7896at4891           -            419   3.6e-16   56.3   5.2   5   7   1.8e-09   8.9e-08   28.6   0.3   157   348   349   548   342   554 0.77 -
C0000000010_ptg000010l:112406-115159   -            918 7896at4891           -            419   3.6e-16   56.3   5.2   6   7      0.46        23    0.9   0.0   153   183   577   608   568   623 0.79 -
C0000000010_ptg000010l:112406-115159   -            918 7896at4891           -            419   3.6e-16   56.3   5.2   7   7       7.6   3.8e+02   -3.1   0.0   318   385   681   705   672   710 0.52 -
C0000000004_ptg000004l:379350-382178   -            943 7896at4891           -            419   1.8e-13   47.3   8.4   1   6   4.5e-06   0.00022   17.4   0.1   316   419    80   189    74   189 0.83 -
C0000000004_ptg000004l:379350-382178   -            943 7896at4891           -            419   1.8e-13   47.3   8.4   2   6     0.016      0.82    5.6   0.2   201   258   177   235   171   270 0.60 -
C0000000004_ptg000004l:379350-382178   -            943 7896at4891           -            419   1.8e-13   47.3   8.4   3   6      0.17       8.5    2.3   0.0   307   348   383   423   338   433 0.67 -
C0000000004_ptg000004l:379350-382178   -            943 7896at4891           -            419   1.8e-13   47.3   8.4   4   6    0.0011     0.057    9.5   0.0   157   240   434   527   386   533 0.70 -
C0000000004_ptg000004l:379350-382178   -            943 7896at4891           -            419   1.8e-13   47.3   8.4   5   6   2.3e-05    0.0011   15.1   0.0   314   419   530   642   517   642 0.84 -
C0000000004_ptg000004l:379350-382178   -            943 7896at4891           -            419   1.8e-13   47.3   8.4   6   6     0.024       1.2    5.1   0.1   159   253   621   685   617   693 0.43 -
C0000000009_ptg000009l:290638-291492   -            285 7896at4891           -            419   2.2e-12   43.7   4.2   1   4   3.1e-08   1.5e-06   24.5   0.8   156   280     8   141     4   149 0.78 -
C0000000009_ptg000009l:290638-291492   -            285 7896at4891           -            419   2.2e-12   43.7   4.2   2   4    0.0011     0.054    9.6   0.6   357   419   112   180   109   180 0.71 -
C0000000009_ptg000009l:290638-291492   -            285 7896at4891           -            419   2.2e-12   43.7   4.2   3   4     0.023       1.2    5.2   0.0   357   392   152   188   149   204 0.76 -
C0000000009_ptg000009l:290638-291492   -            285 7896at4891           -            419   2.2e-12   43.7   4.2   4   4   0.00017    0.0083   12.2   0.0   199   255   226   283   216   285 0.74 -
C0000000017_ptg000017l:275223-276446   -            408 7896at4891           -            419   1.1e-11   41.5   0.2   1   3   0.00068     0.034   10.2   0.0   368   410    55    96    40   108 0.81 -
C0000000017_ptg000017l:275223-276446   -            408 7896at4891           -            419   1.1e-11   41.5   0.2   2   3   2.1e-05    0.0011   15.2   0.0   110   168   134   193   126   227 0.85 -
C0000000017_ptg000017l:275223-276446   -            408 7896at4891           -            419   1.1e-11   41.5   0.2   3   3   0.00042     0.021   10.9   0.0   153   192   294   336   286   361 0.85 -
C0000000017_ptg000017l:639682-641826   -            715 7896at4891           -            419   2.1e-11   40.5   6.1   1   3       1.1        55   -0.4   0.0   230   253    17    40     5    55 0.70 -
C0000000017_ptg000017l:639682-641826   -            715 7896at4891           -            419   2.1e-11   40.5   6.1   2   3   4.3e-08   2.1e-06   24.1   1.1   199   255   151   208   101   215 0.73 -
C0000000017_ptg000017l:639682-641826   -            715 7896at4891           -            419   2.1e-11   40.5   6.1   3   3   1.1e-05   0.00054   16.1   0.1   153   218   220   292   216   318 0.84 -
C0000000014_ptg000014l:156967-157878   -            304 7896at4891           -            419   6.8e-11   38.9   4.1   1   4   2.6e-06   0.00013   18.1   0.2   282   419     4   144     2   144 0.70 -
C0000000014_ptg000014l:156967-157878   -            304 7896at4891           -            419   6.8e-11   38.9   4.1   2   4      0.35        18    1.3   0.0    52    67   131   146   116   154 0.75 -
C0000000014_ptg000014l:156967-157878   -            304 7896at4891           -            419   6.8e-11   38.9   4.1   3   4   0.00027     0.013   11.5   0.3   318   403   163   254   150   261 0.81 -
C0000000014_ptg000014l:156967-157878   -            304 7896at4891           -            419   6.8e-11   38.9   4.1   4   4    0.0032      0.16    8.0   0.0   154   192   252   291   250   300 0.76 -
C0000000003_ptg000003l:52077-53465     -            463 7896at4891           -            419   2.6e-10   36.9   2.8   1   2   5.6e-06   0.00028   17.1   0.0   315   379   174   240   157   270 0.84 -
C0000000003_ptg000003l:52077-53465     -            463 7896at4891           -            419   2.6e-10   36.9   2.8   2   2   7.9e-06   0.00039   16.6   1.3    44   213   269   463   260   463 0.64 -
C0000000002_ptg000002l:594852-597371   -            840 7896at4891           -            419   7.5e-10   35.4   1.4   1   5      0.54        27    0.6   0.0   322   387    24    47    12    56 0.57 -
C0000000002_ptg000002l:594852-597371   -            840 7896at4891           -            419   7.5e-10   35.4   1.4   2   5    0.0051      0.26    7.3   0.0    38    70    78   111    72   117 0.78 -
C0000000002_ptg000002l:594852-597371   -            840 7896at4891           -            419   7.5e-10   35.4   1.4   3   5   3.3e-06   0.00017   17.8   0.2   153   218   137   211   133   222 0.79 -
C0000000002_ptg000002l:594852-597371   -            840 7896at4891           -            419   7.5e-10   35.4   1.4   4   5       1.3        66   -0.6   0.0   360   390   316   346   313   353 0.78 -
C0000000002_ptg000002l:594852-597371   -            840 7896at4891           -            419   7.5e-10   35.4   1.4   5   5      0.13       6.6    2.7   0.0   359   387   357   386   350   394 0.72 -
C0000000010_ptg000010l:74467-75246     -            260 7896at4891           -            419   7.6e-10   35.4   0.9   1   3   6.6e-06   0.00033   16.8   0.0   156   232     1    86     1    90 0.78 -
C0000000010_ptg000010l:74467-75246     -            260 7896at4891           -            419   7.6e-10   35.4   0.9   2   3    0.0012      0.06    9.4   0.4   156   221    84   166    79   192 0.63 -
C0000000010_ptg000010l:74467-75246     -            260 7896at4891           -            419   7.6e-10   35.4   0.9   3   3     0.014      0.71    5.8   0.0   158   408   190   235   183   240 0.51 -
C0000000004_ptg000004l:113013-114467   -            485 7896at4891           -            419   1.9e-09   34.1   3.1   1   4      0.29        15    1.5   0.0   199   221    81   103    67   121 0.72 -
C0000000004_ptg000004l:113013-114467   -            485 7896at4891           -            419   1.9e-09   34.1   3.1   2   4      0.81        41    0.1   0.0   200   259   135   190   131   222 0.63 -
C0000000004_ptg000004l:113013-114467   -            485 7896at4891           -            419   1.9e-09   34.1   3.1   3   4   1.3e-06   6.6e-05   19.1   0.1   156   261   222   342   216   345 0.80 -
C0000000004_ptg000004l:113013-114467   -            485 7896at4891           -            419   1.9e-09   34.1   3.1   4   4   0.00046     0.023   10.8   0.2    35    69   344   379   324   385 0.76 -
C0000000016_ptg000016l:181896-182717   -            274 7896at4891           -            419   1.9e-09   34.1   1.6   1   3   2.7e-05    0.0014   14.8   0.5   173   256     5    95     1    99 0.71 -
C0000000016_ptg000016l:181896-182717   -            274 7896at4891           -            419   1.9e-09   34.1   1.6   2   3   2.5e-05    0.0013   14.9   0.7   163   254    35   134    25   138 0.67 -
C0000000016_ptg000016l:181896-182717   -            274 7896at4891           -            419   1.9e-09   34.1   1.6   3   3   7.2e-05    0.0036   13.4   0.0   165   217   207   265   190   273 0.74 -
C0000000013_ptg000013l:468770-471571   -            934 7896at4891           -            419   2.5e-09   33.7   0.8   1   4   0.00036     0.018   11.1   0.0   318   406   204   293    44   317 0.80 -
C0000000013_ptg000013l:468770-471571   -            934 7896at4891           -            419   2.5e-09   33.7   0.8   2   4    0.0019     0.096    8.7   0.0   320   390   460   530   449   540 0.87 -
C0000000013_ptg000013l:468770-471571   -            934 7896at4891           -            419   2.5e-09   33.7   0.8   3   4    0.0059       0.3    7.1   0.1   317   382   540   605   530   612 0.79 -
C0000000013_ptg000013l:468770-471571   -            934 7896at4891           -            419   2.5e-09   33.7   0.8   4   4      0.25        12    1.8   0.0   318   351   624   657   615   692 0.59 -
C0000000008_ptg000008l:811332-812174   -            281 7896at4891           -            419   4.5e-09   32.9   3.2   1   3   0.00012    0.0058   12.7   0.2   315   403    22   109     8   113 0.78 -
C0000000008_ptg000008l:811332-812174   -            281 7896at4891           -            419   4.5e-09   32.9   3.2   2   3   7.4e-06   0.00037   16.7   0.2   323   384    71   133    65   133 0.90 -
C0000000008_ptg000008l:811332-812174   -            281 7896at4891           -            419   4.5e-09   32.9   3.2   3   3   1.4e-05   0.00068   15.8   0.2    48   120   116   194   111   273 0.85 -
C0000000007_ptg000007l:535847-536884   -            346 7896at4891           -            419   6.7e-09   32.3   5.0   1   4   0.00013    0.0063   12.6   0.3   156   223    13    91     9    99 0.78 -
C0000000007_ptg000007l:535847-536884   -            346 7896at4891           -            419   6.7e-09   32.3   5.0   2   4      0.37        18    1.2   0.0   380   415   121   156   119   161 0.90 -
C0000000007_ptg000007l:535847-536884   -            346 7896at4891           -            419   6.7e-09   32.3   5.0   3   4   1.8e-06   8.9e-05   18.7   0.5   318   394   156   232   145   246 0.86 -
C0000000007_ptg000007l:535847-536884   -            346 7896at4891           -            419   6.7e-09   32.3   5.0   4   4       2.2   1.1e+02   -1.3   0.0   112   327   286   305   275   335 0.60 -
C0000000012_ptg000012l:72001-73275     -            425 7896at4891           -            419   1.2e-08   31.4   0.0   1   2   8.3e-09   4.2e-07   26.4   0.0   315   395    26   110     4   115 0.83 -
C0000000012_ptg000012l:72001-73275     -            425 7896at4891           -            419   1.2e-08   31.4   0.0   2   2      0.67        34    0.3   0.1    57    93   289   330   265   341 0.62 -
C0000000013_ptg000013l:113953-116400   -            816 7896at4891           -            419   1.6e-08   31.1   8.9   1   5     0.024       1.2    5.1   0.0   321   388    67   133    55   159 0.50 -
C0000000013_ptg000013l:113953-116400   -            816 7896at4891           -            419   1.6e-08   31.1   8.9   2   5      0.05       2.5    4.0   0.0    53    67   163   177   156   184 0.87 -
C0000000013_ptg000013l:113953-116400   -            816 7896at4891           -            419   1.6e-08   31.1   8.9   3   5       1.4        70   -0.7   0.1   201   228   403   430   381   483 0.67 -
C0000000013_ptg000013l:113953-116400   -            816 7896at4891           -            419   1.6e-08   31.1   8.9   4   5   1.6e-06   8.2e-05   18.8   0.9   306   419   482   602   453   602 0.78 -
C0000000013_ptg000013l:113953-116400   -            816 7896at4891           -            419   1.6e-08   31.1   8.9   5   5   0.00022     0.011   11.8   0.1   154   230   576   652   574   681 0.78 -
C0000000001_ptg000001l:154091-154987   -            299 7896at4891           -            419     4e-08   29.8   7.2   1   3   3.8e-07   1.9e-05   20.9   0.9   156   254    26   135    20   141 0.74 -
C0000000001_ptg000001l:154091-154987   -            299 7896at4891           -            419     4e-08   29.8   7.2   2   3     0.002       0.1    8.6   0.5   369   419   181   238   168   238 0.69 -
C0000000001_ptg000001l:154091-154987   -            299 7896at4891           -            419     4e-08   29.8   7.2   3   3      0.21        10    2.0   0.1   202   219   227   244   213   299 0.70 -
C0000000002_ptg000002l:236728-237624   -            299 7896at4891           -            419     7e-08   28.9   0.3   1   4   1.8e-05   0.00092   15.4   0.0   319   381     2    64     1    72 0.85 -
C0000000002_ptg000002l:236728-237624   -            299 7896at4891           -            419     7e-08   28.9   0.3   2   4    0.0043      0.22    7.6   0.1   200   255    95   154    79   164 0.71 -
C0000000002_ptg000002l:236728-237624   -            299 7896at4891           -            419     7e-08   28.9   0.3   3   4       0.6        30    0.5   0.0   305   344   164   203   154   212 0.68 -
C0000000002_ptg000002l:236728-237624   -            299 7896at4891           -            419     7e-08   28.9   0.3   4   4         1        52   -0.3   0.0    52    77   240   267   207   272 0.75 -
C0000000011_ptg000011l:828275-829651   -            459 7896at4891           -            419   7.1e-08   28.9   3.3   1   5    0.0099      0.49    6.4   0.0   101   143   125   168   109   174 0.68 -
C0000000011_ptg000011l:828275-829651   -            459 7896at4891           -            419   7.1e-08   28.9   3.3   2   5     0.027       1.4    4.9   0.0   156   186   147   177   140   186 0.88 -
C0000000011_ptg000011l:828275-829651   -            459 7896at4891           -            419   7.1e-08   28.9   3.3   3   5   0.00077     0.038   10.0   0.0   106   263   195   355   184   384 0.78 -
C0000000011_ptg000011l:828275-829651   -            459 7896at4891           -            419   7.1e-08   28.9   3.3   4   5    0.0029      0.14    8.1   0.1    51    70   388   408   360   420 0.73 -
C0000000011_ptg000011l:828275-829651   -            459 7896at4891           -            419   7.1e-08   28.9   3.3   5   5      0.46        23    0.9   0.0   156   178   429   451   424   457 0.53 -
C0000000014_ptg000014l:735866-737215   -            450 7896at4891           -            419   1.1e-07   28.3   1.9   1   2   4.4e-05    0.0022   14.1   0.5   308   409    71   171    57   173 0.81 -
C0000000014_ptg000014l:735866-737215   -            450 7896at4891           -            419   1.1e-07   28.3   1.9   2   2   0.00023     0.011   11.8   0.0   153   261   162   283   159   317 0.70 -
C0000000005_ptg000005l:408903-411158   -            752 7896at4891           -            419   1.1e-07   28.3   1.6   1   4      0.45        23    0.9   0.0    36    71    25    61    14    97 0.74 -
C0000000005_ptg000005l:408903-411158   -            752 7896at4891           -            419   1.1e-07   28.3   1.6   2   4   0.00022     0.011   11.8   0.0   321   393   123   198   113   214 0.78 -
C0000000005_ptg000005l:408903-411158   -            752 7896at4891           -            419   1.1e-07   28.3   1.6   3   4   0.00064     0.032   10.3   0.3   324   396   223   297   202   326 0.72 -
C0000000005_ptg000005l:408903-411158   -            752 7896at4891           -            419   1.1e-07   28.3   1.6   4   4       5.2   2.6e+02   -2.6   0.0   151   180   541   571   535   581 0.72 -
C0000000005_ptg000005l:321518-322747   -            410 7896at4891           -            419   2.9e-07   26.9   0.1   1   4     0.032       1.6    4.7   0.0    40    74   115   154    90   158 0.76 -
C0000000005_ptg000005l:321518-322747   -            410 7896at4891           -            419   2.9e-07   26.9   0.1   2   4     0.045       2.2    4.2   0.0   153   189   161   198   156   204 0.85 -
C0000000005_ptg000005l:321518-322747   -            410 7896at4891           -            419   2.9e-07   26.9   0.1   3   4     0.037       1.9    4.5   0.0   194   259   251   325   202   341 0.60 -
C0000000005_ptg000005l:321518-322747   -            410 7896at4891           -            419   2.9e-07   26.9   0.1   4   4    0.0011     0.054    9.5   0.0    28    94   322   401   309   407 0.62 -
C0000000013_ptg000013l:94204-95049     -            282 7896at4891           -            419   3.7e-07   26.5   1.2   1   4      0.31        16    1.4   0.0   201   221    17    37    10    51 0.80 -
C0000000013_ptg000013l:94204-95049     -            282 7896at4891           -            419   3.7e-07   26.5   1.2   2   4   0.00049     0.024   10.7   0.1   329   405    62   143    56   150 0.79 -
C0000000013_ptg000013l:94204-95049     -            282 7896at4891           -            419   3.7e-07   26.5   1.2   3   4    0.0095      0.48    6.4   0.0   200   225   165   190   161   195 0.89 -
C0000000013_ptg000013l:94204-95049     -            282 7896at4891           -            419   3.7e-07   26.5   1.2   4   4     0.086       4.3    3.3   0.0   154   188   198   238   195   278 0.74 -
C0000000002_ptg000002l:370765-372369   -            535 7896at4891           -            419   8.3e-07   25.4   2.8   1   4   0.00063     0.031   10.3   0.1   313   386   218   290   177   311 0.80 -
C0000000002_ptg000002l:370765-372369   -            535 7896at4891           -            419   8.3e-07   25.4   2.8   2   4      0.13       6.5    2.7   0.0   362   419   322   386   289   386 0.75 -
C0000000002_ptg000002l:370765-372369   -            535 7896at4891           -            419   8.3e-07   25.4   2.8   3   4   0.00033     0.016   11.3   0.1   203   388   376   431   361   442 0.53 -
C0000000002_ptg000002l:370765-372369   -            535 7896at4891           -            419   8.3e-07   25.4   2.8   4   4       1.7        87   -1.0   0.0   322   348   449   475   437   482 0.84 -
C0000000003_ptg000003l:672388-673722   -            445 7896at4891           -            419   1.3e-06   24.8   2.5   1   3      0.59        30    0.5   0.0   200   217   148   165   139   177 0.79 -
C0000000003_ptg000003l:672388-673722   -            445 7896at4891           -            419   1.3e-06   24.8   2.5   2   3   7.3e-07   3.7e-05   20.0   0.1   155   256   178   291   174   301 0.81 -
C0000000003_ptg000003l:672388-673722   -            445 7896at4891           -            419   1.3e-06   24.8   2.5   3   3         1        51   -0.3   0.0   200   220   407   427   391   430 0.83 -
C0000000005_ptg000005l:1307495-1311091 -           1199 7896at4891           -            419   1.5e-06   24.6   1.8   1   5     0.014       0.7    5.9   0.0   317   419    13   122     4   122 0.74 -
C0000000005_ptg000005l:1307495-1311091 -           1199 7896at4891           -            419   1.5e-06   24.6   1.8   2   5   1.6e-05   0.00081   15.6   0.0   156   261    56   173    47   192 0.76 -
C0000000005_ptg000005l:1307495-1311091 -           1199 7896at4891           -            419   1.5e-06   24.6   1.8   3   5      0.12       6.1    2.8   0.0   153   253   253   281   186   290 0.51 -
C0000000005_ptg000005l:1307495-1311091 -           1199 7896at4891           -            419   1.5e-06   24.6   1.8   4   5      0.19       9.4    2.2   0.0   154   188   254   289   249   351 0.79 -
C0000000005_ptg000005l:1307495-1311091 -           1199 7896at4891           -            419   1.5e-06   24.6   1.8   5   5      0.34        17    1.3   0.2   291   377   467   550   418   576 0.64 -
C0000000002_ptg000002l:201554-203944   -            797 7896at4891           -            419   1.9e-06   24.2   1.4   1   1   2.6e-06   0.00013   18.2   1.4    41   220   527   728   520   736 0.79 -
C0000000011_ptg000011l:738372-739637   -            422 7896at4891           -            419   2.5e-06   23.9   4.1   1   3   6.3e-06   0.00031   16.9   0.4   275   397    88   219    85   231 0.69 -
C0000000011_ptg000011l:738372-739637   -            422 7896at4891           -            419   2.5e-06   23.9   4.1   2   3      0.16       7.9    2.4   0.0    47    73   279   305   253   313 0.77 -
C0000000011_ptg000011l:738372-739637   -            422 7896at4891           -            419   2.5e-06   23.9   4.1   3   3      0.64        32    0.4   0.0   169   193   366   390   345   420 0.50 -
C0000000009_ptg000009l:374554-375648   -            365 7896at4891           -            419   3.3e-06   23.4   0.3   1   3   0.00014    0.0069   12.5   0.0   313   388    34   111    16   134 0.77 -
C0000000009_ptg000009l:374554-375648   -            365 7896at4891           -            419   3.3e-06   23.4   0.3   2   3   7.3e-06   0.00036   16.7   0.2   199   348    50   206    49   215 0.74 -
C0000000009_ptg000009l:374554-375648   -            365 7896at4891           -            419   3.3e-06   23.4   0.3   3   3       1.5        75   -0.8   0.0   199   218   282   301   268   328 0.78 -
C0000000005_ptg000005l:1329188-1330753 -            522 7896at4891           -            419   5.8e-06   22.6   0.1   1   5      0.28        14    1.6   0.0    51    70   200   219   173   225 0.60 -
C0000000005_ptg000005l:1329188-1330753 -            522 7896at4891           -            419   5.8e-06   22.6   0.1   2   5       1.7        85   -1.0   0.0   262   282   254   274   247   297 0.73 -
C0000000005_ptg000005l:1329188-1330753 -            522 7896at4891           -            419   5.8e-06   22.6   0.1   3   5      0.79        39    0.1   0.0   199   223   347   373   334   394 0.76 -
C0000000005_ptg000005l:1329188-1330753 -            522 7896at4891           -            419   5.8e-06   22.6   0.1   4   5    0.0094      0.47    6.4   0.0   155   186   392   424   385   434 0.88 -
C0000000005_ptg000005l:1329188-1330753 -            522 7896at4891           -            419   5.8e-06   22.6   0.1   5   5    0.0055      0.27    7.2   0.0   307   350   476   519   453   521 0.85 -
C0000000006_ptg000006l:551155-551790   -            212 7896at4891           -            419   6.3e-06   22.5   0.2   1   3    0.0071      0.35    6.9   0.0   165   243    13    90     3   112 0.41 -
C0000000006_ptg000006l:551155-551790   -            212 7896at4891           -            419   6.3e-06   22.5   0.2   2   3   7.1e-05    0.0036   13.4   0.1   168   253    80   172    69   202 0.79 -
C0000000006_ptg000006l:551155-551790   -            212 7896at4891           -            419   6.3e-06   22.5   0.2   3   3      0.27        14    1.6   0.0    38    65   186   212   169   212 0.71 -
C0000000002_ptg000002l:208636-209430   -            265 7896at4891           -            419     7e-06   22.3   0.3   1   3     0.045       2.3    4.2   0.0    51    69    67    85    52   112 0.72 -
C0000000002_ptg000002l:208636-209430   -            265 7896at4891           -            419     7e-06   22.3   0.3   2   3     0.024       1.2    5.1   0.0    47    69   159   181   135   190 0.80 -
C0000000002_ptg000002l:208636-209430   -            265 7896at4891           -            419     7e-06   22.3   0.3   3   3    0.0012     0.058    9.4   0.1    52    88   209   250   187   261 0.70 -
C0000000003_ptg000003l:737369-740404   -           1012 7896at4891           -            419   1.1e-05   21.7   7.5   1   5      0.36        18    1.2   0.0    51    73   150   172   138   176 0.79 -
C0000000003_ptg000003l:737369-740404   -           1012 7896at4891           -            419   1.1e-05   21.7   7.5   2   5   8.9e-05    0.0045   13.1   0.2   318   393   182   257   167   280 0.81 -
C0000000003_ptg000003l:737369-740404   -           1012 7896at4891           -            419   1.1e-05   21.7   7.5   3   5       3.1   1.5e+02   -1.8   0.0   200   374   679   727   671   750 0.45 -
C0000000003_ptg000003l:737369-740404   -           1012 7896at4891           -            419   1.1e-05   21.7   7.5   4   5    0.0076      0.38    6.8   0.0   198   254   779   844   770   859 0.74 -
C0000000003_ptg000003l:737369-740404   -           1012 7896at4891           -            419   1.1e-05   21.7   7.5   5   5      0.56        28    0.6   0.1   201   242   951   990   926  1002 0.83 -
C0000000003_ptg000003l:856309-857265   -            319 7896at4891           -            419   8.3e-05   18.8   0.2   1   2   0.00055     0.027   10.5   0.3   361   406    43    90    40   112 0.76 -
C0000000003_ptg000003l:856309-857265   -            319 7896at4891           -            419   8.3e-05   18.8   0.2   2   2     0.015      0.76    5.8   0.0   333   394   166   229   121   241 0.80 -
C0000000001_ptg000001l:75048-76022     -            325 7896at4891           -            419   9.6e-05   18.6   0.9   1   2     0.059         3    3.8   0.0   155   204     4    54     2    63 0.86 -
C0000000001_ptg000001l:75048-76022     -            325 7896at4891           -            419   9.6e-05   18.6   0.9   2   2   0.00013    0.0065   12.6   0.1   312   388   239   318   220   325 0.56 -
C0000000017_ptg000017l:268705-269682   -            326 7896at4891           -            419   0.00017   17.8   0.2   1   4     0.032       1.6    4.7   0.0   157   226    28    98    23   119 0.81 -
C0000000017_ptg000017l:268705-269682   -            326 7896at4891           -            419   0.00017   17.8   0.2   2   4       1.4        69   -0.7   0.0   197   216   121   140    94   150 0.77 -
C0000000017_ptg000017l:268705-269682   -            326 7896at4891           -            419   0.00017   17.8   0.2   3   4    0.0057      0.29    7.2   0.0   315   345   198   228   189   234 0.84 -
C0000000017_ptg000017l:268705-269682   -            326 7896at4891           -            419   0.00017   17.8   0.2   4   4      0.63        31    0.4   0.0    49    68   257   277   247   285 0.66 -
C0000000008_ptg000008l:611274-611873   -            200 7896at4891           -            419   0.00021   17.5   0.2   1   3    0.0023      0.11    8.5   0.0   357   419     3    73     1    73 0.68 -
C0000000008_ptg000008l:611274-611873   -            200 7896at4891           -            419   0.00021   17.5   0.2   2   3    0.0067      0.34    6.9   0.0   265   347    61   144    59   157 0.72 -
C0000000008_ptg000008l:611274-611873   -            200 7896at4891           -            419   0.00021   17.5   0.2   3   3      0.97        49   -0.2   0.0    48    69   166   187   148   193 0.84 -
C0000000007_ptg000007l:63625-65004     -            460 7896at4891           -            419   0.00025   17.2   0.1   1   2   0.00066     0.033   10.2   0.0   314   386   144   216    29   225 0.75 -
C0000000007_ptg000007l:63625-65004     -            460 7896at4891           -            419   0.00025   17.2   0.1   2   2      0.57        28    0.6   0.0    74   111   372   407   347   414 0.79 -
C0000000008_ptg000008l:1017853-1019040 -            396 7896at4891           -            419   0.00027   17.1   0.1   1   3      0.36        18    1.2   0.0   188   217    13    45     6    63 0.74 -
C0000000008_ptg000008l:1017853-1019040 -            396 7896at4891           -            419   0.00027   17.1   0.1   2   3    0.0026      0.13    8.3   0.0   153   189   233   273   226   285 0.83 -
C0000000008_ptg000008l:1017853-1019040 -            396 7896at4891           -            419   0.00027   17.1   0.1   3   3       0.1       5.2    3.0   0.0    49    74   302   327   284   345 0.53 -
C0000000008_ptg000008l:955426-957003   -            526 7896at4891           -            419   0.00028   17.1   0.8   1   5     0.015      0.75    5.8   0.0   319   346    29    56    16    66 0.68 -
C0000000008_ptg000008l:955426-957003   -            526 7896at4891           -            419   0.00028   17.1   0.8   2   5       0.3        15    1.5   0.1   200   236   100   136    68   173 0.86 -
C0000000008_ptg000008l:955426-957003   -            526 7896at4891           -            419   0.00028   17.1   0.8   3   5       3.1   1.6e+02   -1.9   0.0   357   396   183   222   168   241 0.71 -
C0000000008_ptg000008l:955426-957003   -            526 7896at4891           -            419   0.00028   17.1   0.8   4   5     0.028       1.4    4.9   0.0    40    70   293   323   252   334 0.70 -
C0000000008_ptg000008l:955426-957003   -            526 7896at4891           -            419   0.00028   17.1   0.8   5   5       5.5   2.8e+02   -2.7   0.0   361   385   500   524   497   525 0.76 -
C0000000014_ptg000014l:480272-481933   -            554 7896at4891           -            419    0.0003   17.0   1.1   1   4       5.3   2.7e+02   -2.6   0.0   304   344    19    60     9    64 0.64 -
C0000000014_ptg000014l:480272-481933   -            554 7896at4891           -            419    0.0003   17.0   1.1   2   4     0.083       4.2    3.3   0.0   335   385   116   167    84   176 0.81 -
C0000000014_ptg000014l:480272-481933   -            554 7896at4891           -            419    0.0003   17.0   1.1   3   4       3.9     2e+02   -2.2   0.0   199   217   210   228   193   245 0.67 -
C0000000014_ptg000014l:480272-481933   -            554 7896at4891           -            419    0.0003   17.0   1.1   4   4   0.00055     0.028   10.5   0.0   312   356   341   385   326   392 0.84 -
C0000000005_ptg000005l:1394636-1398445 -           1270 7896at4891           -            419    0.0007   15.8   0.5   1   2   4.4e-05    0.0022   14.1   0.1   306   390    53   142    35   149 0.79 -
C0000000005_ptg000005l:1394636-1398445 -           1270 7896at4891           -            419    0.0007   15.8   0.5   2   2       3.8   1.9e+02   -2.1   0.0   335   403   233   260   173   296 0.51 -
C0000000008_ptg000008l:192003-194357   -            785 7896at4891           -            419    0.0011   15.2  10.0   1   4     0.029       1.5    4.8   0.1    39    68    59    89    16   105 0.78 -
C0000000008_ptg000008l:192003-194357   -            785 7896at4891           -            419    0.0011   15.2  10.0   2   4       2.8   1.4e+02   -1.7   0.1   357   385   280   309   279   317 0.78 -
C0000000008_ptg000008l:192003-194357   -            785 7896at4891           -            419    0.0011   15.2  10.0   3   4      0.86        43   -0.0   0.2   334   380   359   408   342   420 0.72 -
C0000000008_ptg000008l:192003-194357   -            785 7896at4891           -            419    0.0011   15.2  10.0   4   4   0.00014     0.007   12.5   0.1   154   235   607   709   598   745 0.60 -
C0000000016_ptg000016l:66613-67905     -            431 7896at4891           -            419    0.0019   14.3   0.3   1   3      0.13       6.3    2.7   0.0   321   387   115   185   104   206 0.65 -
C0000000016_ptg000016l:66613-67905     -            431 7896at4891           -            419    0.0019   14.3   0.3   2   3      0.24        12    1.8   0.0   198   231   218   251   198   265 0.70 -
C0000000016_ptg000016l:66613-67905     -            431 7896at4891           -            419    0.0019   14.3   0.3   3   3     0.014      0.68    5.9   0.0   312   350   308   346   292   393 0.82 -
C0000000007_ptg000007l:443065-443637   -            191 7896at4891           -            419    0.0022   14.2   0.3   1   3   0.00062     0.031   10.3   0.1   357   404     7    52     4    64 0.77 -
C0000000007_ptg000007l:443065-443637   -            191 7896at4891           -            419    0.0022   14.2   0.3   2   3       0.8        40    0.1   0.0   306   344    80   120    69   154 0.63 -
C0000000007_ptg000007l:443065-443637   -            191 7896at4891           -            419    0.0022   14.2   0.3   3   3       2.6   1.3e+02   -1.6   0.0   198   217   171   190   166   191 0.83 -
C0000000006_ptg000006l:445926-447674   -            583 7896at4891           -            419    0.0023   14.1   0.0   1   3      0.56        28    0.6   0.0   359   389   238   269   202   289 0.80 -
C0000000006_ptg000006l:445926-447674   -            583 7896at4891           -            419    0.0023   14.1   0.0   2   3      0.46        23    0.9   0.0   320   349   459   490   445   518 0.78 -
C0000000006_ptg000006l:445926-447674   -            583 7896at4891           -            419    0.0023   14.1   0.0   3   3    0.0049      0.25    7.4   0.0    42   344   554   580   546   583 0.59 -
C0000000011_ptg000011l:404260-405939   -            560 7896at4891           -            419    0.0033   13.5   0.0   1   2       2.1   1.1e+02   -1.3   0.0   170   188    48    66    31    79 0.60 -
C0000000011_ptg000011l:404260-405939   -            560 7896at4891           -            419    0.0033   13.5   0.0   2   2   0.00033     0.017   11.2   0.0    54   103   161   216   120   236 0.82 -
C0000000014_ptg000014l:208254-209417   -            388 7896at4891           -            419    0.0044   13.1   0.4   1   3      0.08         4    3.4   0.1   318   397    15    98     4   116 0.68 -
C0000000014_ptg000014l:208254-209417   -            388 7896at4891           -            419    0.0044   13.1   0.4   2   3     0.029       1.4    4.9   0.0    31    70   139   180   129   209 0.81 -
C0000000014_ptg000014l:208254-209417   -            388 7896at4891           -            419    0.0044   13.1   0.4   3   3      0.42        21    1.0   0.0   405   419   305   319   297   324 0.79 -
C0000000004_ptg000004l:52272-53753     -            494 7896at4891           -            419    0.0064   12.6   0.0   1   1   0.00037     0.019   11.1   0.0   153   182   374   403   367   412 0.88 -
C0000000008_ptg000008l:788546-789586   -            347 7896at4891           -            419    0.0085   12.2   3.7   1   4     0.034       1.7    4.6   0.1   200   226    23    49     4    52 0.83 -
C0000000008_ptg000008l:788546-789586   -            347 7896at4891           -            419    0.0085   12.2   3.7   2   4     0.018       0.9    5.5   0.9   203   380    26    80    21    90 0.51 -
C0000000008_ptg000008l:788546-789586   -            347 7896at4891           -            419    0.0085   12.2   3.7   3   4      0.18       8.9    2.2   0.0   350   388   204   247   151   260 0.74 -
C0000000008_ptg000008l:788546-789586   -            347 7896at4891           -            419    0.0085   12.2   3.7   4   4       0.5        25    0.8   0.0    50    65   316   331   293   344 0.52 -
C0000000013_ptg000013l:519519-521471   -            651 7896at4891           -            419    0.0089   12.1   0.2   1   3      0.26        13    1.7   0.0    50    72    94   116    74   124 0.62 -
C0000000013_ptg000013l:519519-521471   -            651 7896at4891           -            419    0.0089   12.1   0.2   2   3     0.011      0.54    6.2   0.1   202   257   157   214   140   236 0.62 -
C0000000013_ptg000013l:519519-521471   -            651 7896at4891           -            419    0.0089   12.1   0.2   3   3     0.017      0.85    5.6   0.0    41   366   184   233   175   255 0.55 -
#
# Program:         hmmsearch
# Version:         3.1b2 (February 2015)
# Pipeline mode:   SEARCH
# Query file:      /home/deepseq/tool/BUSCO_v5/saccharomycetes_odb10/hmms/7896at4891.hmm
# Target file:     /var/www/gvolante/request/project/202302230949-GVF6W5EPF13MH478/202302230949-GVF6W5EPF13MH478_busco/run_saccharomycetes_odb10/metaeuk_output/initial_results/SRR13577846.fa.ca.modified.fas
# Option settings: hmmsearch --domtblout /var/www/gvolante/request/project/202302230949-GVF6W5EPF13MH478/202302230949-GVF6W5EPF13MH478_busco/run_saccharomycetes_odb10/hmmer_output/initial_run_results/7896at4891.out --cpu 1 /home/deepseq/tool/BUSCO_v5/saccharomycetes_odb10/hmms/7896at4891.hmm /var/www/gvolante/request/project/202302230949-GVF6W5EPF13MH478/202302230949-GVF6W5EPF13MH478_busco/run_saccharomycetes_odb10/metaeuk_output/initial_results/SRR13577846.fa.ca.modified.fas 
# Current dir:     /var/www/gvolante/request/project/202302230949-GVF6W5EPF13MH478
# Date:            Thu Feb 23 09:51:16 2023
# [ok]
