#                                                                                            --- full sequence --- -------------- this domain -------------   hmm coord   ali coord   env coord
# target name                        accession   tlen query name           accession   qlen   E-value  score  bias   #  of  c-Evalue  i-Evalue  score  bias  from    to  from    to  from    to  acc description of target
#                ------------------- ---------- ----- -------------------- ---------- ----- --------- ------ ----- --- --- --------- --------- ------ ----- ----- ----- ----- ----- ----- ----- ---- ---------------------
C0000000015_ptg000015l:33539-35494   -            652 8224at4891           -            399  1.7e-158  524.7  22.4   1   5   2.1e-12   2.8e-09   33.3   0.0     1    35     2    37     2    44 0.91 -
C0000000015_ptg000015l:33539-35494   -            652 8224at4891           -            399  1.7e-158  524.7  22.4   2   5   5.7e-52   7.6e-49  163.6   6.9    31   179   100   307    94   320 0.85 -
C0000000015_ptg000015l:33539-35494   -            652 8224at4891           -            399  1.7e-158  524.7  22.4   3   5   7.8e-87     1e-83  278.4   0.1   180   341   333   508   326   517 0.93 -
C0000000015_ptg000015l:33539-35494   -            652 8224at4891           -            399  1.7e-158  524.7  22.4   4   5   8.8e-17   1.2e-13   47.8   0.0   338   398   528   599   518   600 0.84 -
C0000000015_ptg000015l:33539-35494   -            652 8224at4891           -            399  1.7e-158  524.7  22.4   5   5     0.041        54   -0.5   0.8   387   399   637   649   634   649 0.92 -
C0000000005_ptg000005l:850264-852282 -            673 8224at4891           -            399   1.9e-06   24.0   0.4   1   2    0.0014       1.9    4.3   0.2     4    57     4    61     1   165 0.79 -
C0000000005_ptg000005l:850264-852282 -            673 8224at4891           -            399   1.9e-06   24.0   0.4   2   2   2.5e-07   0.00033   16.7   0.0   269   370   390   494   371   508 0.75 -
#
# Program:         hmmsearch
# Version:         3.1b2 (February 2015)
# Pipeline mode:   SEARCH
# Query file:      /home/deepseq/tool/BUSCO_v5/saccharomycetes_odb10/hmms/8224at4891.hmm
# Target file:     /var/www/gvolante/request/project/202302230949-GVF6W5EPF13MH478/202302230949-GVF6W5EPF13MH478_busco/run_saccharomycetes_odb10/metaeuk_output/initial_results/SRR13577846.fa.ca.modified.fas
# Option settings: hmmsearch --domtblout /var/www/gvolante/request/project/202302230949-GVF6W5EPF13MH478/202302230949-GVF6W5EPF13MH478_busco/run_saccharomycetes_odb10/hmmer_output/initial_run_results/8224at4891.out --cpu 1 /home/deepseq/tool/BUSCO_v5/saccharomycetes_odb10/hmms/8224at4891.hmm /var/www/gvolante/request/project/202302230949-GVF6W5EPF13MH478/202302230949-GVF6W5EPF13MH478_busco/run_saccharomycetes_odb10/metaeuk_output/initial_results/SRR13577846.fa.ca.modified.fas 
# Current dir:     /var/www/gvolante/request/project/202302230949-GVF6W5EPF13MH478
# Date:            Thu Feb 23 09:51:15 2023
# [ok]
