#                                                                                            --- full sequence --- -------------- this domain -------------   hmm coord   ali coord   env coord
# target name                        accession   tlen query name           accession   qlen   E-value  score  bias   #  of  c-Evalue  i-Evalue  score  bias  from    to  from    to  from    to  acc description of target
#                ------------------- ---------- ----- -------------------- ---------- ----- --------- ------ ----- --- --- --------- --------- ------ ----- ----- ----- ----- ----- ----- ----- ---- ---------------------
C0000000003_ptg000003l:814542-818129 -           1196 869at4891            -            856         0 1591.3  24.1   1   3    0.0035      0.42    6.1   0.0     8    28   192   212   186   225 0.87 -
C0000000003_ptg000003l:814542-818129 -           1196 869at4891            -            856         0 1591.3  24.1   2   3   4.5e-87   5.4e-85  283.6   4.0    27   225   241   461   231   470 0.90 -
C0000000003_ptg000003l:814542-818129 -           1196 869at4891            -            856         0 1591.3  24.1   3   3         0         0 1294.6  11.8   224   856   504  1195   498  1195 0.94 -
C0000000014_ptg000014l:168492-171623 -           1044 869at4891            -            856  2.8e-228  757.6   7.4   1   2     5e-33   6.1e-31  104.8   2.9    36   228   125   323    95   354 0.85 -
C0000000014_ptg000014l:168492-171623 -           1044 869at4891            -            856  2.8e-228  757.6   7.4   2   2  2.3e-199  2.8e-197  655.1   0.1   258   832   426  1026   404  1041 0.89 -
C0000000013_ptg000013l:171409-174540 -           1044 869at4891            -            856  2.9e-221  734.4   5.9   1   2   8.2e-33   9.9e-31  104.1   3.3    33   228   122   323    96   365 0.84 -
C0000000013_ptg000013l:171409-174540 -           1044 869at4891            -            856  2.9e-221  734.4   5.9   2   2  5.4e-192  6.5e-190  630.7   0.0   258   833   426  1027   413  1039 0.89 -
C0000000001_ptg000001l:106431-108686 -            752 869at4891            -            856     3e-77  258.0   0.1   1   4   3.6e-12   4.4e-10   35.8   0.1   259   336   197   271   131   308 0.71 -
C0000000001_ptg000001l:106431-108686 -            752 869at4891            -            856     3e-77  258.0   0.1   2   4   4.7e-30   5.6e-28   95.0   0.0   340   463   336   460   305   474 0.82 -
C0000000001_ptg000001l:106431-108686 -            752 869at4891            -            856     3e-77  258.0   0.1   3   4   4.5e-17   5.4e-15   52.0   0.0   494   572   531   608   524   616 0.92 -
C0000000001_ptg000001l:106431-108686 -            752 869at4891            -            856     3e-77  258.0   0.1   4   4   2.1e-22   2.5e-20   69.7   0.0   694   790   631   726   625   738 0.91 -
C0000000009_ptg000009l:224544-226373 -            610 869at4891            -            856   2.7e-64  215.1   1.4   1   4   1.1e-08   1.3e-06   24.2   0.0   257   310    76   129    17   155 0.79 -
C0000000009_ptg000009l:224544-226373 -            610 869at4891            -            856   2.7e-64  215.1   1.4   2   4   4.9e-27   5.9e-25   85.0   0.1   354   463   209   318   194   341 0.90 -
C0000000009_ptg000009l:224544-226373 -            610 869at4891            -            856   2.7e-64  215.1   1.4   3   4   1.7e-18   2.1e-16   56.7   0.0   497   576   395   475   389   500 0.86 -
C0000000009_ptg000009l:224544-226373 -            610 869at4891            -            856   2.7e-64  215.1   1.4   4   4     5e-15   6.1e-13   45.2   0.0   708   788   509   589   492   601 0.91 -
C0000000005_ptg000005l:890826-892145 -            440 869at4891            -            856   4.4e-20   68.8   0.1   1   3   0.00026     0.032    9.8   0.0   527   558     6    37     2    53 0.88 -
C0000000005_ptg000005l:890826-892145 -            440 869at4891            -            856   4.4e-20   68.8   0.1   2   3   4.8e-12   5.8e-10   35.4   0.0   345   552    94   306    83   319 0.78 -
C0000000005_ptg000005l:890826-892145 -            440 869at4891            -            856   4.4e-20   68.8   0.1   3   3   1.4e-06   0.00016   17.3   0.0   358   435   353   433   339   440 0.78 -
C0000000001_ptg000001l:192124-192981 -            286 869at4891            -            856   2.1e-14   50.1   0.4   1   2   5.4e-11   6.5e-09   31.9   0.0   496   553     7    64     2    68 0.94 -
C0000000001_ptg000001l:192124-192981 -            286 869at4891            -            856   2.1e-14   50.1   0.4   2   2   2.2e-06   0.00026   16.7   0.1   363   445   140   225   103   262 0.71 -
C0000000008_ptg000008l:963278-971293 -           2672 869at4891            -            856   9.3e-14   47.9  12.7   1   5       1.1   1.4e+02   -2.2   0.1   101   136   523   558   516   576 0.83 -
C0000000008_ptg000008l:963278-971293 -           2672 869at4891            -            856   9.3e-14   47.9  12.7   2   5      0.02       2.4    3.6   0.0   152   199  1249  1298  1231  1332 0.82 -
C0000000008_ptg000008l:963278-971293 -           2672 869at4891            -            856   9.3e-14   47.9  12.7   3   5     1e-12   1.2e-10   37.6   0.1    75   222  1488  1635  1458  1644 0.87 -
C0000000008_ptg000008l:963278-971293 -           2672 869at4891            -            856   9.3e-14   47.9  12.7   4   5   8.3e-05      0.01   11.4   0.5   116   223  1874  1980  1866  2018 0.76 -
C0000000008_ptg000008l:963278-971293 -           2672 869at4891            -            856   9.3e-14   47.9  12.7   5   5       1.2   1.4e+02   -2.3   0.1   189   232  2290  2334  2275  2381 0.66 -
C0000000003_ptg000003l:907363-908835 -            491 869at4891            -            856   1.7e-12   43.8   0.0   1   2   2.3e-07   2.7e-05   19.9   0.0   491   553   247   310   231   325 0.88 -
C0000000003_ptg000003l:907363-908835 -            491 869at4891            -            856   1.7e-12   43.8   0.0   2   2   6.4e-08   7.8e-06   21.7   0.0   711   757   389   433   373   478 0.73 -
C0000000005_ptg000005l:943290-944903 -            538 869at4891            -            856     2e-10   36.9   0.0   1   2     3e-10   3.7e-08   29.4   0.0   311   546    98   355    86   363 0.77 -
C0000000005_ptg000005l:943290-944903 -            538 869at4891            -            856     2e-10   36.9   0.0   2   2     0.013       1.5    4.2   0.0   693   772   436   514   425   521 0.86 -
C0000000008_ptg000008l:37062-37991   -            310 869at4891            -            856   2.7e-10   36.5   0.2   1   2   3.9e-08   4.7e-06   22.4   0.0   261   308    61   108    57   115 0.90 -
C0000000008_ptg000008l:37062-37991   -            310 869at4891            -            856   2.7e-10   36.5   0.2   2   2   4.8e-05    0.0058   12.2   0.0   359   427   203   272   179   294 0.82 -
C0000000017_ptg000017l:628091-629305 -            405 869at4891            -            856   2.7e-10   36.5   0.0   1   2   5.8e-06    0.0007   15.3   0.1   497   542   159   205   153   222 0.88 -
C0000000017_ptg000017l:628091-629305 -            405 869at4891            -            856   2.7e-10   36.5   0.0   2   2   4.1e-07   4.9e-05   19.1   0.0   714   801   305   393   294   400 0.85 -
C0000000013_ptg000013l:63181-64929   -            583 869at4891            -            856   1.2e-09   34.3   0.0   1   2   9.8e-06    0.0012   14.5   0.0   497   554   351   409   341   435 0.85 -
C0000000013_ptg000013l:63181-64929   -            583 869at4891            -            856   1.2e-09   34.3   0.0   2   2   1.1e-06   0.00014   17.6   0.0   369   413   489   533   467   561 0.81 -
C0000000007_ptg000007l:845389-847455 -            689 869at4891            -            856   9.6e-09   31.3   0.0   1   2   4.1e-06    0.0005   15.7   0.0   497   553   437   492   433   496 0.89 -
C0000000007_ptg000007l:845389-847455 -            689 869at4891            -            856   9.6e-09   31.3   0.0   2   2   2.3e-05    0.0028   13.3   0.0   359   409   560   610   533   638 0.78 -
C0000000005_ptg000005l:801784-802794 -            337 869at4891            -            856   1.1e-08   31.1   0.1   1   2    0.0015      0.18    7.3   0.0   500   553   109   162    99   183 0.71 -
C0000000005_ptg000005l:801784-802794 -            337 869at4891            -            856   1.1e-08   31.1   0.1   2   2   6.3e-08   7.6e-06   21.7   0.1   356   428   227   300   212   326 0.79 -
C0000000008_ptg000008l:39048-39641   -            198 869at4891            -            856   1.8e-06   23.8   0.0   1   2   0.00023     0.028    9.9   0.0   525   560    15    50     3    62 0.86 -
C0000000008_ptg000008l:39048-39641   -            198 869at4891            -            856   1.8e-06   23.8   0.0   2   2   5.1e-05    0.0062   12.1   0.0   370   412   107   149    95   182 0.78 -
C0000000011_ptg000011l:185727-186458 -            244 869at4891            -            856   9.1e-06   21.5   0.1   1   2    0.0012      0.14    7.6   0.0   509   547    16    54     9    60 0.79 -
C0000000011_ptg000011l:185727-186458 -            244 869at4891            -            856   9.1e-06   21.5   0.1   2   2   4.9e-05    0.0059   12.2   0.0   368   403   145   180    93   208 0.68 -
C0000000010_ptg000010l:206827-209937 -           1037 869at4891            -            856   4.1e-05   19.3   0.0   1   2    0.0028      0.33    6.4   0.0   493   544   370   426   345   439 0.79 -
C0000000010_ptg000010l:206827-209937 -           1037 869at4891            -            856   4.1e-05   19.3   0.0   2   2   0.00016     0.019   10.5   0.0   371   414   518   561   485   661 0.64 -
C0000000011_ptg000011l:186690-188417 -            576 869at4891            -            856   5.7e-05   18.9   0.7   1   2     0.011       1.3    4.4   0.4   514   546     9    41     2    51 0.83 -
C0000000011_ptg000011l:186690-188417 -            576 869at4891            -            856   5.7e-05   18.9   0.7   2   2   3.7e-05    0.0044   12.6   0.0   370   403   147   180   107   221 0.61 -
C0000000005_ptg000005l:158933-159484 -            184 869at4891            -            856    0.0027   13.3   0.0   1   1   2.8e-05    0.0034   13.0   0.0   523   626     3   111     1   119 0.78 -
C0000000003_ptg000003l:664041-666623 -            861 869at4891            -            856    0.0031   13.1   0.0   1   2     0.067       8.1    1.8   0.0   523   543   630   650   615   661 0.81 -
C0000000003_ptg000003l:664041-666623 -            861 869at4891            -            856    0.0031   13.1   0.0   2   2   0.00052     0.063    8.8   0.0   371   409   740   778   722   794 0.73 -
C0000000003_ptg000003l:491999-493627 -            543 869at4891            -            856    0.0065   12.1   0.0   1   2   0.00059     0.072    8.6   0.0   499   546    24    71    16   112 0.74 -
C0000000003_ptg000003l:491999-493627 -            543 869at4891            -            856    0.0065   12.1   0.0   2   2      0.12        14    1.0   0.0   722   752   166   197   128   217 0.66 -
#
# Program:         hmmsearch
# Version:         3.1b2 (February 2015)
# Pipeline mode:   SEARCH
# Query file:      /home/deepseq/tool/BUSCO_v5/saccharomycetes_odb10/hmms/869at4891.hmm
# Target file:     /var/www/gvolante/request/project/202302230949-GVF6W5EPF13MH478/202302230949-GVF6W5EPF13MH478_busco/run_saccharomycetes_odb10/metaeuk_output/initial_results/SRR13577846.fa.ca.modified.fas
# Option settings: hmmsearch --domtblout /var/www/gvolante/request/project/202302230949-GVF6W5EPF13MH478/202302230949-GVF6W5EPF13MH478_busco/run_saccharomycetes_odb10/hmmer_output/initial_run_results/869at4891.out --cpu 1 /home/deepseq/tool/BUSCO_v5/saccharomycetes_odb10/hmms/869at4891.hmm /var/www/gvolante/request/project/202302230949-GVF6W5EPF13MH478/202302230949-GVF6W5EPF13MH478_busco/run_saccharomycetes_odb10/metaeuk_output/initial_results/SRR13577846.fa.ca.modified.fas 
# Current dir:     /var/www/gvolante/request/project/202302230949-GVF6W5EPF13MH478
# Date:            Thu Feb 23 09:51:15 2023
# [ok]
