#                                                                                              --- full sequence --- -------------- this domain -------------   hmm coord   ali coord   env coord
# target name                          accession   tlen query name           accession   qlen   E-value  score  bias   #  of  c-Evalue  i-Evalue  score  bias  from    to  from    to  from    to  acc description of target
#                  ------------------- ---------- ----- -------------------- ---------- ----- --------- ------ ----- --- --- --------- --------- ------ ----- ----- ----- ----- ----- ----- ----- ---- ---------------------
C0000000014_ptg000014l:735866-737215   -            450 8998at4891           -            299  1.9e-147  487.4   3.7   1   1  1.4e-148  4.9e-147  486.1   3.7     6   299    40   370    36   370 0.92 -
C0000000010_ptg000010l:93758-94756     -            333 8998at4891           -            299   2.3e-42  142.4  20.5   1   4   1.1e-09   3.8e-08   30.1   0.8   155   205     1    52     1    66 0.82 -
C0000000010_ptg000010l:93758-94756     -            333 8998at4891           -            299   2.3e-42  142.4  20.5   2   4   3.1e-12   1.1e-10   38.4   1.7   130   206    68   144    63   156 0.90 -
C0000000010_ptg000010l:93758-94756     -            333 8998at4891           -            299   2.3e-42  142.4  20.5   3   4   2.3e-14   8.2e-13   45.4   0.1   128   206   189   268   179   272 0.89 -
C0000000010_ptg000010l:93758-94756     -            333 8998at4891           -            299   2.3e-42  142.4  20.5   4   4   3.2e-13   1.2e-11   41.6   2.1   119   185   265   331   261   333 0.96 -
C0000000004_ptg000004l:379350-382178   -            943 8998at4891           -            299   4.4e-36  121.8  20.2   1   4   9.8e-14   3.5e-12   43.3   4.0    86   226    84   231    76   238 0.84 -
C0000000004_ptg000004l:379350-382178   -            943 8998at4891           -            299   4.4e-36  121.8  20.2   2   4    0.0034      0.12    8.7   0.1   153   196   386   428   381   433 0.87 -
C0000000004_ptg000004l:379350-382178   -            943 8998at4891           -            299   4.4e-36  121.8  20.2   3   4   5.5e-18     2e-16   57.3   1.2    44   225   435   643   432   645 0.78 -
C0000000004_ptg000004l:379350-382178   -            943 8998at4891           -            299   4.4e-36  121.8  20.2   4   4   4.4e-08   1.6e-06   24.7   0.8   120   188   619   687   618   700 0.89 -
C0000000010_ptg000010l:112406-115159   -            918 8998at4891           -            299   1.6e-34  116.7   8.6   1   5   7.8e-11   2.8e-09   33.8   2.0    45   225    20   219    14   225 0.76 -
C0000000010_ptg000010l:112406-115159   -            918 8998at4891           -            299   1.6e-34  116.7   8.6   2   5   2.4e-13   8.6e-12   42.0   0.0    38   147   259   376   229   377 0.82 -
C0000000010_ptg000010l:112406-115159   -            918 8998at4891           -            299   1.6e-34  116.7   8.6   3   5   5.7e-18     2e-16   57.2   0.5    41   186   347   501   328   515 0.83 -
C0000000010_ptg000010l:112406-115159   -            918 8998at4891           -            299   1.6e-34  116.7   8.6   4   5      0.36        13    2.1   0.0    40    70   516   546   505   555 0.87 -
C0000000010_ptg000010l:112406-115159   -            918 8998at4891           -            299   1.6e-34  116.7   8.6   5   5       6.7   2.4e+02   -2.1   0.0    40    64   679   703   668   713 0.65 -
C0000000005_ptg000005l:1307495-1311091 -           1199 8998at4891           -            299   6.5e-34  114.7  11.8   1   5     6e-09   2.2e-07   27.6   0.0   120   212    15   107     5   110 0.89 -
C0000000005_ptg000005l:1307495-1311091 -           1199 8998at4891           -            299   6.5e-34  114.7  11.8   2   5   5.3e-16   1.9e-14   50.7   0.8   119   186    98   165    96   174 0.95 -
C0000000005_ptg000005l:1307495-1311091 -           1199 8998at4891           -            299   6.5e-34  114.7  11.8   3   5     3e-13   1.1e-11   41.7   1.0   153   233   204   289   197   319 0.83 -
C0000000005_ptg000005l:1307495-1311091 -           1199 8998at4891           -            299   6.5e-34  114.7  11.8   4   5   8.3e-09     3e-07   27.1   0.9   136   267   229   366   229   397 0.73 -
C0000000005_ptg000005l:1307495-1311091 -           1199 8998at4891           -            299   6.5e-34  114.7  11.8   5   5       4.1   1.5e+02   -1.4   0.1   212   282   478   549   466   554 0.79 -
C0000000013_ptg000013l:113953-116400   -            816 8998at4891           -            299   1.9e-30  103.3  17.0   1   7   1.4e-07   5.1e-06   23.1   0.1    68   203    48   193     1   201 0.72 -
C0000000013_ptg000013l:113953-116400   -            816 8998at4891           -            299   1.9e-30  103.3  17.0   2   7     0.073       2.6    4.3   0.0   131   168   211   250   197   284 0.62 -
C0000000013_ptg000013l:113953-116400   -            816 8998at4891           -            299   1.9e-30  103.3  17.0   3   7       0.1       3.6    3.9   0.0   259   292   383   416   378   423 0.70 -
C0000000013_ptg000013l:113953-116400   -            816 8998at4891           -            299   1.9e-30  103.3  17.0   4   7       4.8   1.7e+02   -1.6   0.0   275   296   450   471   406   476 0.58 -
C0000000013_ptg000013l:113953-116400   -            816 8998at4891           -            299   1.9e-30  103.3  17.0   5   7   7.3e-10   2.6e-08   30.6   0.1   116   167   491   545   464   549 0.85 -
C0000000013_ptg000013l:113953-116400   -            816 8998at4891           -            299   1.9e-30  103.3  17.0   6   7   4.7e-15   1.7e-13   47.6   0.9   121   201   538   618   533   620 0.96 -
C0000000013_ptg000013l:113953-116400   -            816 8998at4891           -            299   1.9e-30  103.3  17.0   7   7    0.0078      0.28    7.5   0.1    79   110   615   646   613   653 0.88 -
C0000000003_ptg000003l:672388-673722   -            445 8998at4891           -            299   1.1e-29  100.8   4.7   1   5   8.2e-07   2.9e-05   20.6   0.0   120   163   137   181   126   190 0.78 -
C0000000003_ptg000003l:672388-673722   -            445 8998at4891           -            299   1.1e-29  100.8   4.7   2   5   7.2e-17   2.6e-15   53.6   0.0   118   208   178   268   176   271 0.96 -
C0000000003_ptg000003l:672388-673722   -            445 8998at4891           -            299   1.1e-29  100.8   4.7   3   5   9.5e-08   3.4e-06   23.7   0.2   120   206   264   349   263   378 0.85 -
C0000000003_ptg000003l:672388-673722   -            445 8998at4891           -            299   1.1e-29  100.8   4.7   4   5     0.079       2.8    4.2   0.0   118   185   346   420   334   420 0.53 -
C0000000003_ptg000003l:672388-673722   -            445 8998at4891           -            299   1.1e-29  100.8   4.7   5   5     0.029         1    5.6   0.0    88   116   400   428   386   442 0.52 -
C0000000010_ptg000010l:74467-75246     -            260 8998at4891           -            299   2.8e-29   99.5   2.4   1   3   7.9e-19   2.8e-17   60.0   0.0   119   225     1   110     1   113 0.86 -
C0000000010_ptg000010l:74467-75246     -            260 8998at4891           -            299   2.8e-29   99.5   2.4   2   3   4.5e-07   1.6e-05   21.4   0.1   119   192    84   165    79   171 0.83 -
C0000000010_ptg000010l:74467-75246     -            260 8998at4891           -            299   2.8e-29   99.5   2.4   3   3     8e-10   2.8e-08   30.5   0.1   121   206   136   233   134   238 0.84 -
C0000000016_ptg000016l:181896-182717   -            274 8998at4891           -            299     2e-27   93.4  11.0   1   3   3.5e-13   1.3e-11   41.5   0.7   133   226     1    93     1    95 0.91 -
C0000000016_ptg000016l:181896-182717   -            274 8998at4891           -            299     2e-27   93.4  11.0   2   3   4.2e-11   1.5e-09   34.7   1.7   131   205    79   152    74   157 0.90 -
C0000000016_ptg000016l:181896-182717   -            274 8998at4891           -            299     2e-27   93.4  11.0   3   3   9.3e-11   3.3e-09   33.5   0.3   130   197   208   273   202   274 0.86 -
C0000000014_ptg000014l:156967-157878   -            304 8998at4891           -            299   8.1e-24   81.5   8.0   1   3   2.2e-05   0.00078   15.9   0.0   172   230     5    65     2    72 0.86 -
C0000000014_ptg000014l:156967-157878   -            304 8998at4891           -            299   8.1e-24   81.5   8.0   2   3   1.6e-10   5.6e-09   32.8   0.1    79   153    74   154    69   159 0.65 -
C0000000014_ptg000014l:156967-157878   -            304 8998at4891           -            299   8.1e-24   81.5   8.0   3   3   4.3e-11   1.5e-09   34.6   1.7    81   195   160   288   155   301 0.77 -
C0000000002_ptg000002l:201554-203944   -            797 8998at4891           -            299     9e-24   81.4   3.4   1   3       1.9        67   -0.3   0.0   159   185   467   493   458   509 0.62 -
C0000000002_ptg000002l:201554-203944   -            797 8998at4891           -            299     9e-24   81.4   3.4   2   3   7.3e-19   2.6e-17   60.2   0.5    79   231   523   685   518   687 0.88 -
C0000000002_ptg000002l:201554-203944   -            797 8998at4891           -            299     9e-24   81.4   3.4   3   3   1.4e-06   4.9e-05   19.9   0.1   133   292   668   722   664   729 0.48 -
C0000000008_ptg000008l:192003-194357   -            785 8998at4891           -            299   9.7e-24   81.3  12.4   1   8     7e-10   2.5e-08   30.7   0.1   129   220    27   125    15   149 0.82 -
C0000000008_ptg000008l:192003-194357   -            785 8998at4891           -            299   9.7e-24   81.3  12.4   2   8     0.002     0.071    9.5   0.0   255   295   193   236   167   241 0.70 -
C0000000008_ptg000008l:192003-194357   -            785 8998at4891           -            299   9.7e-24   81.3  12.4   3   8   1.1e-06   3.8e-05   20.2   2.6    78   291   199   412   197   416 0.80 -
C0000000008_ptg000008l:192003-194357   -            785 8998at4891           -            299   9.7e-24   81.3  12.4   4   8      0.52        19    1.5   0.0   126   148   448   470   440   486 0.87 -
C0000000008_ptg000008l:192003-194357   -            785 8998at4891           -            299   9.7e-24   81.3  12.4   5   8     0.062       2.2    4.5   0.0   153   182   553   582   549   589 0.91 -
C0000000008_ptg000008l:192003-194357   -            785 8998at4891           -            299   9.7e-24   81.3  12.4   6   8    0.0059      0.21    7.9   0.0   263   295   605   637   594   641 0.87 -
C0000000008_ptg000008l:192003-194357   -            785 8998at4891           -            299   9.7e-24   81.3  12.4   7   8   0.00079     0.028   10.8   0.0   261   295   650   686   640   691 0.84 -
C0000000008_ptg000008l:192003-194357   -            785 8998at4891           -            299   9.7e-24   81.3  12.4   8   8      0.89        32    0.8   0.0    30    82   692   748   687   765 0.72 -
C0000000001_ptg000001l:154091-154987   -            299 8998at4891           -            299   3.3e-23   79.5  10.4   1   3   2.2e-11   7.8e-10   35.6   0.3   124   203    29   107    21   107 0.91 -
C0000000001_ptg000001l:154091-154987   -            299 8998at4891           -            299   3.3e-23   79.5  10.4   2   3   4.2e-10   1.5e-08   31.4   0.4   131   188    77   137    77   144 0.89 -
C0000000001_ptg000001l:154091-154987   -            299 8998at4891           -            299   3.3e-23   79.5  10.4   3   3   1.8e-10   6.4e-09   32.6   0.4   153   251   166   266   159   299 0.77 -
C0000000003_ptg000003l:52077-53465     -            463 8998at4891           -            299   1.1e-22   77.8  10.5   1   2   3.1e-16   1.1e-14   51.5   2.0    34   232   169   383   138   390 0.80 -
C0000000003_ptg000003l:52077-53465     -            463 8998at4891           -            299   1.1e-22   77.8  10.5   2   2   9.3e-12   3.4e-10   36.8   2.0    79   185   346   463   345   463 0.88 -
C0000000009_ptg000009l:290638-291492   -            285 8998at4891           -            299     6e-21   72.1   5.1   1   3   4.6e-10   1.6e-08   31.3   0.5   131   186    19    76     3    83 0.91 -
C0000000009_ptg000009l:290638-291492   -            285 8998at4891           -            299     6e-21   72.1   5.1   2   3     2e-10   7.1e-09   32.5   0.1   153   231   108   187   101   212 0.89 -
C0000000009_ptg000009l:290638-291492   -            285 8998at4891           -            299     6e-21   72.1   5.1   3   3    0.0022      0.08    9.3   0.0    92   146   224   283   210   285 0.67 -
C0000000006_ptg000006l:551155-551790   -            212 8998at4891           -            299   2.8e-20   69.9   1.9   1   3   2.2e-06   7.9e-05   19.2   0.1   171   204    13    46     5    60 0.80 -
C0000000006_ptg000006l:551155-551790   -            212 8998at4891           -            299   2.8e-20   69.9   1.9   2   3   6.9e-14   2.5e-12   43.8   0.0   173   244    79   151    74   162 0.86 -
C0000000006_ptg000006l:551155-551790   -            212 8998at4891           -            299   2.8e-20   69.9   1.9   3   3     0.031       1.1    5.5   0.1    70   108   176   212   148   212 0.80 -
C0000000017_ptg000017l:164206-165084   -            293 8998at4891           -            299   2.9e-19   66.6   0.7   1   4   4.9e-05    0.0018   14.7   0.0   151   191     7    48     1    62 0.82 -
C0000000017_ptg000017l:164206-165084   -            293 8998at4891           -            299   2.9e-19   66.6   0.7   2   4    0.0049      0.18    8.2   0.0   172   196    88   112    68   125 0.86 -
C0000000017_ptg000017l:164206-165084   -            293 8998at4891           -            299   2.9e-19   66.6   0.7   3   4     1e-12   3.6e-11   40.0   0.0   173   257   154   248   149   252 0.80 -
C0000000017_ptg000017l:164206-165084   -            293 8998at4891           -            299   2.9e-19   66.6   0.7   4   4       6.1   2.2e+02   -2.0   0.0    92   108   277   293   269   293 0.81 -
C0000000002_ptg000002l:370765-372369   -            535 8998at4891           -            299   6.3e-18   62.2   3.4   1   3       7.7   2.8e+02   -2.3   0.0   225   249   156   180   150   189 0.81 -
C0000000002_ptg000002l:370765-372369   -            535 8998at4891           -            299   6.3e-18   62.2   3.4   2   3   1.3e-09   4.6e-08   29.8   0.4    32   109   213   289   189   299 0.87 -
C0000000002_ptg000002l:370765-372369   -            535 8998at4891           -            299   6.3e-18   62.2   3.4   3   3   3.7e-10   1.3e-08   31.6   0.2   127   238   328   441   322   481 0.56 -
C0000000005_ptg000005l:522101-523066   -            322 8998at4891           -            299   2.6e-17   60.2  17.3   1   5       1.4        49    0.2   0.0   196   224     7    36     2    46 0.56 -
C0000000005_ptg000005l:522101-523066   -            322 8998at4891           -            299   2.6e-17   60.2  17.3   2   5   5.7e-06    0.0002   17.8   0.1   261   298    52    89    37    90 0.89 -
C0000000005_ptg000005l:522101-523066   -            322 8998at4891           -            299   2.6e-17   60.2  17.3   3   5   5.7e-14     2e-12   44.1   6.7   119   224   107   223    99   225 0.87 -
C0000000005_ptg000005l:522101-523066   -            322 8998at4891           -            299   2.6e-17   60.2  17.3   4   5     0.082       2.9    4.2   0.3   130   181   210   269   206   306 0.66 -
C0000000005_ptg000005l:522101-523066   -            322 8998at4891           -            299   2.6e-17   60.2  17.3   5   5       1.9        68   -0.3   0.0   277   291   307   321   267   322 0.60 -
C0000000007_ptg000007l:472642-473127   -            162 8998at4891           -            299     5e-17   59.2   3.1   1   2      0.16       5.8    3.2   0.0   262   292    16    47     6    54 0.72 -
C0000000007_ptg000007l:472642-473127   -            162 8998at4891           -            299     5e-17   59.2   3.1   2   2   1.6e-17   5.7e-16   55.7   2.4   110   208    60   157    42   160 0.89 -
C0000000013_ptg000013l:94204-95049     -            282 8998at4891           -            299   1.4e-16   57.7   7.8   1   4   9.7e-10   3.5e-08   30.2   0.5   116   191     2    81     1   101 0.80 -
C0000000013_ptg000013l:94204-95049     -            282 8998at4891           -            299   1.4e-16   57.7   7.8   2   4     0.065       2.3    4.5   0.0    40    86    93   143    80   150 0.57 -
C0000000013_ptg000013l:94204-95049     -            282 8998at4891           -            299   1.4e-16   57.7   7.8   3   4   4.1e-08   1.5e-06   24.8   0.5   127   186   162   228   157   245 0.80 -
C0000000013_ptg000013l:94204-95049     -            282 8998at4891           -            299   1.4e-16   57.7   7.8   4   4       1.4        49    0.1   0.0   268   292   251   275   244   279 0.84 -
C0000000002_ptg000002l:594852-597371   -            840 8998at4891           -            299   1.8e-16   57.4   3.8   1   6     0.097       3.5    3.9   0.0    82   109    18    45     7    55 0.75 -
C0000000002_ptg000002l:594852-597371   -            840 8998at4891           -            299   1.8e-16   57.4   3.8   2   6   0.00053     0.019   11.3   0.0   262   293    77   108    70   114 0.88 -
C0000000002_ptg000002l:594852-597371   -            840 8998at4891           -            299   1.8e-16   57.4   3.8   3   6   0.00017     0.006   13.0   0.0   252   294   125   167   117   172 0.90 -
C0000000002_ptg000002l:594852-597371   -            840 8998at4891           -            299   1.8e-16   57.4   3.8   4   6   0.00015    0.0052   13.2   0.0   112   148   175   211   171   220 0.89 -
C0000000002_ptg000002l:594852-597371   -            840 8998at4891           -            299   1.8e-16   57.4   3.8   5   6      0.15       5.4    3.3   0.0   276   297   325   346   312   348 0.85 -
C0000000002_ptg000002l:594852-597371   -            840 8998at4891           -            299   1.8e-16   57.4   3.8   6   6     0.011      0.39    7.0   0.0   264   291   356   383   348   389 0.76 -
C0000000017_ptg000017l:639682-641826   -            715 8998at4891           -            299   1.9e-16   57.3  13.4   1   3   4.2e-05    0.0015   15.0   0.6   119   224    16   124     4   129 0.77 -
C0000000017_ptg000017l:639682-641826   -            715 8998at4891           -            299   1.9e-16   57.3  13.4   2   3   2.4e-09   8.5e-08   28.9   1.5    77   163   133   225   129   231 0.76 -
C0000000017_ptg000017l:639682-641826   -            715 8998at4891           -            299   1.9e-16   57.3  13.4   3   3   1.9e-06   6.9e-05   19.4   0.2   131   189   234   291   229   315 0.87 -
C0000000011_ptg000011l:828275-829651   -            459 8998at4891           -            299   8.9e-16   55.1   5.5   1   4    0.0001    0.0037   13.7   0.1    94   187   116   172   100   180 0.48 -
C0000000011_ptg000011l:828275-829651   -            459 8998at4891           -            299   8.9e-16   55.1   5.5   2   4    0.0022     0.078    9.3   0.1   144   186   194   235   173   256 0.83 -
C0000000011_ptg000011l:828275-829651   -            459 8998at4891           -            299   8.9e-16   55.1   5.5   3   4   0.00098     0.035   10.5   0.0   119   191   290   362   270   368 0.82 -
C0000000011_ptg000011l:828275-829651   -            459 8998at4891           -            299   8.9e-16   55.1   5.5   4   4   4.4e-07   1.6e-05   21.5   0.1   150   213   367   431   362   451 0.85 -
C0000000009_ptg000009l:374554-375648   -            365 8998at4891           -            299   1.1e-15   54.8   0.4   1   3   9.7e-09   3.5e-07   26.9   0.1   119   192    39   114    32   131 0.86 -
C0000000009_ptg000009l:374554-375648   -            365 8998at4891           -            299   1.1e-15   54.8   0.4   2   3     3e-06   0.00011   18.7   0.0   171   247   138   217   130   225 0.80 -
C0000000009_ptg000009l:374554-375648   -            365 8998at4891           -            299   1.1e-15   54.8   0.4   3   3     0.027      0.98    5.7   0.0   267   295   272   300   265   324 0.67 -
C0000000005_ptg000005l:784230-785345   -            372 8998at4891           -            299   2.7e-15   53.6   2.4   1   3   4.2e-06   0.00015   18.3   0.2   115   197    59   144    39   168 0.69 -
C0000000005_ptg000005l:784230-785345   -            372 8998at4891           -            299   2.7e-15   53.6   2.4   2   3   4.4e-05    0.0016   14.9   0.0   117   190   175   253   166   266 0.78 -
C0000000005_ptg000005l:784230-785345   -            372 8998at4891           -            299   2.7e-15   53.6   2.4   3   3   3.1e-06   0.00011   18.7   0.1   254   292   273   312   254   317 0.81 -
C0000000005_ptg000005l:321518-322747   -            410 8998at4891           -            299   3.5e-15   53.2   2.6   1   3   6.6e-09   2.4e-07   27.5   0.3   131   197   133   200   121   206 0.84 -
C0000000005_ptg000005l:321518-322747   -            410 8998at4891           -            299   3.5e-15   53.2   2.6   2   3   7.2e-06   0.00026   17.5   0.0   231   292   207   276   201   282 0.78 -
C0000000005_ptg000005l:321518-322747   -            410 8998at4891           -            299   3.5e-15   53.2   2.6   3   3     0.029         1    5.7   0.0    38   114   290   371   278   407 0.59 -
C0000000008_ptg000008l:788546-789586   -            347 8998at4891           -            299   3.7e-15   53.1   3.4   1   3     9e-11   3.2e-09   33.6   1.0   117   233    10   146     2   178 0.80 -
C0000000008_ptg000008l:788546-789586   -            347 8998at4891           -            299   3.7e-15   53.1   3.4   2   3     0.041       1.5    5.2   0.0   153   185   207   243   163   266 0.84 -
C0000000008_ptg000008l:788546-789586   -            347 8998at4891           -            299   3.7e-15   53.1   3.4   3   3   0.00012    0.0044   13.4   0.0   262   293   302   333   277   338 0.87 -
C0000000008_ptg000008l:850268-852322   -            685 8998at4891           -            299   5.7e-15   52.5   0.0   1   2     0.077       2.7    4.3   0.0   122   167     3    50     2    53 0.82 -
C0000000008_ptg000008l:850268-852322   -            685 8998at4891           -            299   5.7e-15   52.5   0.0   2   2   3.1e-14   1.1e-12   45.0   0.1   130   195    57   122    52   131 0.91 -
C0000000004_ptg000004l:113013-114467   -            485 8998at4891           -            299     7e-15   52.2   8.6   1   2   6.1e-12   2.2e-10   37.4   4.5    96   292    83   333    65   340 0.67 -
C0000000004_ptg000004l:113013-114467   -            485 8998at4891           -            299     7e-15   52.2   8.6   2   2    0.0003     0.011   12.2   0.1    82   111   349   378   341   391 0.86 -
C0000000002_ptg000002l:236728-237624   -            299 8998at4891           -            299   8.1e-15   52.0   1.2   1   3     0.045       1.6    5.0   0.0   258   290    34    66    20    71 0.85 -
C0000000002_ptg000002l:236728-237624   -            299 8998at4891           -            299   8.1e-15   52.0   1.2   2   3   3.1e-11   1.1e-09   35.1   0.1   121   198    86   164    76   172 0.90 -
C0000000002_ptg000002l:236728-237624   -            299 8998at4891           -            299   8.1e-15   52.0   1.2   3   3      0.01      0.36    7.2   0.0    84   109   177   202   172   210 0.84 -
C0000000011_ptg000011l:821901-823202   -            434 8998at4891           -            299   4.3e-14   49.6   9.3   1   3   3.2e-12   1.1e-10   38.4   5.3    36   210   134   329    95   335 0.75 -
C0000000011_ptg000011l:821901-823202   -            434 8998at4891           -            299   4.3e-14   49.6   9.3   2   3      0.16       5.7    3.2   0.0   172   186   354   368   341   375 0.64 -
C0000000011_ptg000011l:821901-823202   -            434 8998at4891           -            299   4.3e-14   49.6   9.3   3   3     0.011      0.41    7.0   0.0   119   149   402   430   385   434 0.71 -
C0000000007_ptg000007l:426109-427647   -            513 8998at4891           -            299     7e-14   48.9   0.0   1   2     1e-12   3.6e-11   40.0   0.0    28   191    28   202     9   218 0.82 -
C0000000007_ptg000007l:426109-427647   -            513 8998at4891           -            299     7e-14   48.9   0.0   2   2     0.015      0.54    6.6   0.0   128   204   223   303   213   320 0.77 -
C0000000007_ptg000007l:535847-536884   -            346 8998at4891           -            299   9.1e-14   48.5   3.7   1   3   3.6e-11   1.3e-09   34.9   0.5   121   198    15    92    10   118 0.91 -
C0000000007_ptg000007l:535847-536884   -            346 8998at4891           -            299   9.1e-14   48.5   3.7   2   3   0.00037     0.013   11.9   0.2    85   139   157   219   130   235 0.76 -
C0000000007_ptg000007l:535847-536884   -            346 8998at4891           -            299   9.1e-14   48.5   3.7   3   3       1.3        45    0.3   0.0    78   290   290   319   259   326 0.61 -
C0000000017_ptg000017l:275223-276446   -            408 8998at4891           -            299   1.1e-13   48.2   4.4   1   3   0.00026    0.0093   12.4   0.0   172   218    58   103    41   108 0.81 -
C0000000017_ptg000017l:275223-276446   -            408 8998at4891           -            299   1.1e-13   48.2   4.4   2   3   6.1e-09   2.2e-07   27.6   2.5   126   200   111   187   104   272 0.73 -
C0000000017_ptg000017l:275223-276446   -            408 8998at4891           -            299   1.1e-13   48.2   4.4   3   3     0.031       1.1    5.5   0.0   205   260   304   359   289   369 0.84 -
C0000000011_ptg000011l:738372-739637   -            422 8998at4891           -            299   1.2e-13   48.1   5.2   1   3   1.8e-06   6.6e-05   19.4   3.0    79   231    90   214    23   217 0.57 -
C0000000011_ptg000011l:738372-739637   -            422 8998at4891           -            299   1.2e-13   48.1   5.2   2   3   0.00018    0.0063   12.9   0.0   129   201   241   313   234   335 0.89 -
C0000000011_ptg000011l:738372-739637   -            422 8998at4891           -            299   1.2e-13   48.1   5.2   3   3   0.00047     0.017   11.5   0.0   119   187   352   420   338   422 0.91 -
C0000000005_ptg000005l:1394636-1398445 -           1270 8998at4891           -            299   2.7e-13   47.0   3.9   1   3   0.00018    0.0064   12.9   0.2    34   111    57   139    31   144 0.82 -
C0000000005_ptg000005l:1394636-1398445 -           1270 8998at4891           -            299   2.7e-13   47.0   3.9   2   3       1.4        51    0.1   0.1    30    58   196   229   164   232 0.60 -
C0000000005_ptg000005l:1394636-1398445 -           1270 8998at4891           -            299   2.7e-13   47.0   3.9   3   3   1.1e-10   3.8e-09   33.4   0.1   133   231   229   335   208   350 0.81 -
C0000000003_ptg000003l:856309-857265   -            319 8998at4891           -            299   5.9e-13   45.9   0.2   1   2   5.5e-10     2e-08   31.0   0.0   161   233    43   121    30   143 0.79 -
C0000000003_ptg000003l:856309-857265   -            319 8998at4891           -            299   5.9e-13   45.9   0.2   2   2   0.00022    0.0079   12.6   0.0   134   189   166   223   151   238 0.82 -
C0000000008_ptg000008l:609668-610297   -            210 8998at4891           -            299   9.6e-12   41.9   4.8   1   3     0.075       2.7    4.3   0.2   152   190     2    38     1    53 0.79 -
C0000000008_ptg000008l:609668-610297   -            210 8998at4891           -            299   9.6e-12   41.9   4.8   2   3   4.6e-06   0.00016   18.1   0.1   119   192    52   128    39   135 0.80 -
C0000000008_ptg000008l:609668-610297   -            210 8998at4891           -            299   9.6e-12   41.9   4.8   3   3   3.3e-07   1.2e-05   21.9   0.1    31   109   127   207   123   209 0.89 -
C0000000012_ptg000012l:72001-73275     -            425 8998at4891           -            299   1.8e-11   41.0   1.4   1   3   1.5e-07   5.5e-06   23.0   0.0   240   298    39   106    20   107 0.80 -
C0000000012_ptg000012l:72001-73275     -            425 8998at4891           -            299   1.8e-11   41.0   1.4   2   3   0.00057      0.02   11.3   0.1   227   289   169   239   120   249 0.65 -
C0000000012_ptg000012l:72001-73275     -            425 8998at4891           -            299   1.8e-11   41.0   1.4   3   3       0.1       3.7    3.8   0.2   122   176   272   331   260   342 0.67 -
C0000000008_ptg000008l:811332-812174   -            281 8998at4891           -            299     2e-11   40.8   5.0   1   3   3.1e-07   1.1e-05   22.0   1.8    63   190     4   138     2   143 0.86 -
C0000000008_ptg000008l:811332-812174   -            281 8998at4891           -            299     2e-11   40.8   5.0   2   3     0.015      0.54    6.6   0.1   261   292   145   179   140   185 0.85 -
C0000000008_ptg000008l:811332-812174   -            281 8998at4891           -            299     2e-11   40.8   5.0   3   3   0.00039     0.014   11.8   0.0   252   291   234   273   210   279 0.83 -
C0000000002_ptg000002l:208636-209430   -            265 8998at4891           -            299   2.6e-11   40.5   5.0   1   2     0.012      0.41    7.0   0.0   224   270    51    95    43   100 0.86 -
C0000000002_ptg000002l:208636-209430   -            265 8998at4891           -            299   2.6e-11   40.5   5.0   2   2   9.1e-11   3.3e-09   33.6   3.1    33   185    98   265    93   265 0.79 -
C0000000013_ptg000013l:468770-471571   -            934 8998at4891           -            299   2.7e-11   40.4   1.1   1   4       0.2       7.3    2.9   0.0   214   263   229   280   174   319 0.78 -
C0000000013_ptg000013l:468770-471571   -            934 8998at4891           -            299   2.7e-11   40.4   1.1   2   4       2.1        76   -0.5   0.1   211   233   360   383   351   445 0.66 -
C0000000013_ptg000013l:468770-471571   -            934 8998at4891           -            299   2.7e-11   40.4   1.1   3   4   0.00062     0.022   11.1   0.0    80   149   454   530   445   536 0.83 -
C0000000013_ptg000013l:468770-471571   -            934 8998at4891           -            299   2.7e-11   40.4   1.1   4   4   6.1e-10   2.2e-08   30.9   0.1    57   210   473   631   471   672 0.85 -
C0000000007_ptg000007l:345809-348142   -            778 8998at4891           -            299   3.2e-11   40.2   2.2   1   3   0.00081     0.029   10.8   0.0    75   109   402   436   396   451 0.63 -
C0000000007_ptg000007l:345809-348142   -            778 8998at4891           -            299   3.2e-11   40.2   2.2   2   3       3.7   1.3e+02   -1.3   0.0    39    62   456   479   443   483 0.83 -
C0000000007_ptg000007l:345809-348142   -            778 8998at4891           -            299   3.2e-11   40.2   2.2   3   3   1.8e-07   6.3e-06   22.8   1.6   107   292   601   777   546   778 0.75 -
C0000000007_ptg000007l:63625-65004     -            460 8998at4891           -            299   3.2e-11   40.2   0.1   1   4      0.13       4.8    3.5   0.0   126   149    25    48    11    68 0.73 -
C0000000007_ptg000007l:63625-65004     -            460 8998at4891           -            299   3.2e-11   40.2   0.1   2   4   3.8e-05    0.0014   15.1   0.0   261   297    68   104    53   106 0.89 -
C0000000007_ptg000007l:63625-65004     -            460 8998at4891           -            299   3.2e-11   40.2   0.1   3   4   1.4e-05   0.00049   16.6   0.0   119   205   148   235   140   239 0.84 -
C0000000007_ptg000007l:63625-65004     -            460 8998at4891           -            299   3.2e-11   40.2   0.1   4   4       2.7        98   -0.8   0.0    80   103   372   395   345   405 0.62 -
C0000000005_ptg000005l:1002954-1003748 -            265 8998at4891           -            299   1.5e-10   38.0   0.5   1   2   9.8e-11   3.5e-09   33.5   0.2   125   291    12   193    10   198 0.74 -
C0000000005_ptg000005l:1002954-1003748 -            265 8998at4891           -            299   1.5e-10   38.0   0.5   2   2       9.5   3.4e+02   -2.6   0.0    53    69   235   251   216   257 0.65 -
C0000000008_ptg000008l:611274-611873   -            200 8998at4891           -            299   1.5e-10   37.9   0.1   1   2   6.6e-11   2.4e-09   34.0   0.0   119   198     7    86     2   137 0.91 -
C0000000008_ptg000008l:611274-611873   -            200 8998at4891           -            299   1.5e-10   37.9   0.1   2   2       1.1        40    0.4   0.0   229   257   158   186   137   192 0.78 -
C0000000013_ptg000013l:519519-521471   -            651 8998at4891           -            299   7.7e-10   35.6   0.3   1   1   8.5e-11   3.1e-09   33.7   0.3   123   238    88   223    75   228 0.78 -
C0000000005_ptg000005l:812839-816264   -           1142 8998at4891           -            299   4.1e-09   33.2   4.8   1   2       7.3   2.6e+02   -2.2   0.0    37    63    18    44    11    49 0.83 -
C0000000005_ptg000005l:812839-816264   -           1142 8998at4891           -            299   4.1e-09   33.2   4.8   2   2   8.7e-09   3.1e-07   27.1   6.5    42   191    66   231    63   241 0.80 -
C0000000014_ptg000014l:606876-607679   -            268 8998at4891           -            299   4.4e-09   33.1   0.0   1   3       2.9     1e+02   -0.9   0.0    44    74     3    33     1    39 0.69 -
C0000000014_ptg000014l:606876-607679   -            268 8998at4891           -            299   4.4e-09   33.1   0.0   2   3   0.00052     0.019   11.4   0.0    29   111    86   174    66   185 0.80 -
C0000000014_ptg000014l:606876-607679   -            268 8998at4891           -            299   4.4e-09   33.1   0.0   3   3   4.8e-06   0.00017   18.1   0.0    39   109   188   258   177   265 0.85 -
C0000000003_ptg000003l:737369-740404   -           1012 8998at4891           -            299   2.4e-08   30.7   6.5   1   4     3e-08   1.1e-06   25.3   0.8    49   150   147   255   140   299 0.70 -
C0000000003_ptg000003l:737369-740404   -           1012 8998at4891           -            299   2.4e-08   30.7   6.5   2   4      0.68        24    1.1   0.0   276   290   677   691   654   741 0.77 -
C0000000003_ptg000003l:737369-740404   -           1012 8998at4891           -            299   2.4e-08   30.7   6.5   3   4      0.11       3.8    3.8   0.1   121   151   770   802   757   845 0.78 -
C0000000003_ptg000003l:737369-740404   -           1012 8998at4891           -            299   2.4e-08   30.7   6.5   4   4         5   1.8e+02   -1.7   0.0   276   291   948   963   897   983 0.65 -
C0000000014_ptg000014l:208254-209417   -            388 8998at4891           -            299   3.1e-08   30.4   0.3   1   2   2.4e-06   8.6e-05   19.0   0.6    44   235    17   218     2   226 0.72 -
C0000000014_ptg000014l:208254-209417   -            388 8998at4891           -            299   3.1e-08   30.4   0.3   2   2    0.0048      0.17    8.2   0.0   116   148   291   324   285   331 0.84 -
C0000000011_ptg000011l:62254-66162     -           1303 8998at4891           -            299   6.9e-08   29.2   1.1   1   2   8.7e-06   0.00031   17.2   0.8   124   193   184   259   168   292 0.80 -
C0000000011_ptg000011l:62254-66162     -           1303 8998at4891           -            299   6.9e-08   29.2   1.1   2   2    0.0029       0.1    8.9   0.0   130   185   305   361   299   380 0.82 -
C0000000017_ptg000017l:268705-269682   -            326 8998at4891           -            299   9.8e-08   28.7   0.2   1   3   1.2e-05   0.00045   16.7   0.1    37   148    22   142     4   148 0.69 -
C0000000017_ptg000017l:268705-269682   -            326 8998at4891           -            299   9.8e-08   28.7   0.2   2   3     0.011       0.4    7.0   0.0    43   121   202   287   179   295 0.68 -
C0000000017_ptg000017l:268705-269682   -            326 8998at4891           -            299   9.8e-08   28.7   0.2   3   3       1.6        59   -0.1   0.0   262   286   295   317   285   325 0.66 -
C0000000005_ptg000005l:408903-411158   -            752 8998at4891           -            299   1.4e-07   28.2   7.9   1   3   0.00075     0.027   10.9   0.2    37   187    26   191     3   195 0.79 -
C0000000005_ptg000005l:408903-411158   -            752 8998at4891           -            299   1.4e-07   28.2   7.9   2   3   0.00011    0.0038   13.6   0.3    36   114   211   289   196   301 0.76 -
C0000000005_ptg000005l:408903-411158   -            752 8998at4891           -            299   1.4e-07   28.2   7.9   3   3      0.29        10    2.4   0.0   232   282   368   419   359   431 0.74 -
C0000000008_ptg000008l:1017853-1019040 -            396 8998at4891           -            299   3.8e-07   26.8   2.0   1   4     0.055         2    4.7   0.0    79   110    14    43     8    51 0.57 -
C0000000008_ptg000008l:1017853-1019040 -            396 8998at4891           -            299   3.8e-07   26.8   2.0   2   4      0.83        30    0.9   0.0    27    71   109   158    86   166 0.70 -
C0000000008_ptg000008l:1017853-1019040 -            396 8998at4891           -            299   3.8e-07   26.8   2.0   3   4       0.2       7.3    2.9   0.0    34    63   228   257   212   273 0.64 -
C0000000008_ptg000008l:1017853-1019040 -            396 8998at4891           -            299   3.8e-07   26.8   2.0   4   4   8.2e-05     0.003   14.0   0.0   261   292   288   319   272   326 0.91 -
C0000000007_ptg000007l:511519-513051   -            511 8998at4891           -            299   9.9e-07   25.4  10.1   1   2   1.3e-07   4.8e-06   23.2   3.5   109   226   314   447   286   447 0.68 -
C0000000007_ptg000007l:511519-513051   -            511 8998at4891           -            299   9.9e-07   25.4  10.1   2   2    0.0075      0.27    7.6   1.1   116   151   417   453   407   508 0.68 -
C0000000003_ptg000003l:135792-137510   -            573 8998at4891           -            299     3e-06   23.9   0.3   1   3   4.4e-06   0.00016   18.2   0.0    67   185   222   349   211   356 0.84 -
C0000000003_ptg000003l:135792-137510   -            573 8998at4891           -            299     3e-06   23.9   0.3   2   3       1.2        44    0.3   0.0   122   148   404   430   397   441 0.82 -
C0000000003_ptg000003l:135792-137510   -            573 8998at4891           -            299     3e-06   23.9   0.3   3   3       1.3        45    0.3   0.1    94   113   485   504   474   514 0.74 -
C0000000016_ptg000016l:66613-67905     -            431 8998at4891           -            299   3.7e-06   23.5   1.2   1   3   3.9e-05    0.0014   15.1   0.0   152   211    59   120    25   201 0.65 -
C0000000016_ptg000016l:66613-67905     -            431 8998at4891           -            299   3.7e-06   23.5   1.2   2   3     0.033       1.2    5.5   0.1    43   121   113   197   110   247 0.57 -
C0000000016_ptg000016l:66613-67905     -            431 8998at4891           -            299   3.7e-06   23.5   1.2   3   3      0.58        21    1.4   0.1    83   159   313   393   285   398 0.57 -
C0000000014_ptg000014l:480272-481933   -            554 8998at4891           -            299   4.5e-06   23.3   0.8   1   3   0.00046     0.017   11.5   0.1    54   146   111   196   108   211 0.77 -
C0000000014_ptg000014l:480272-481933   -            554 8998at4891           -            299   4.5e-06   23.3   0.8   2   3     0.017      0.61    6.4   0.0   209   255   209   255   189   269 0.81 -
C0000000014_ptg000014l:480272-481933   -            554 8998at4891           -            299   4.5e-06   23.3   0.8   3   3      0.33        12    2.2   0.0    81   124   344   387   331   396 0.80 -
C0000000013_ptg000013l:78600-80321     -            574 8998at4891           -            299   4.7e-06   23.2   2.8   1   3   6.8e-07   2.4e-05   20.8   0.3   131   192   302   366   285   414 0.71 -
C0000000013_ptg000013l:78600-80321     -            574 8998at4891           -            299   4.7e-06   23.2   2.8   2   3      0.54        19    1.5   0.2    42   109   381   452   367   519 0.64 -
C0000000013_ptg000013l:78600-80321     -            574 8998at4891           -            299   4.7e-06   23.2   2.8   3   3       1.4        52    0.1   0.1   171   203   490   520   444   541 0.73 -
C0000000007_ptg000007l:443065-443637   -            191 8998at4891           -            299   4.9e-06   23.1   3.9   1   2   1.2e-06   4.3e-05   20.0   1.7   155   228     5    80     2   154 0.74 -
C0000000007_ptg000007l:443065-443637   -            191 8998at4891           -            299   4.9e-06   23.1   3.9   2   2      0.22       7.8    2.8   0.0   193   227   158   189   143   191 0.69 -
C0000000010_ptg000010l:294377-296545   -            723 8998at4891           -            299   5.1e-06   23.1   3.7   1   4         1        37    0.5   0.0   263   287   302   326   255   333 0.76 -
C0000000010_ptg000010l:294377-296545   -            723 8998at4891           -            299   5.1e-06   23.1   3.7   2   4       0.8        29    0.9   0.0    38    70   349   381   327   387 0.63 -
C0000000010_ptg000010l:294377-296545   -            723 8998at4891           -            299   5.1e-06   23.1   3.7   3   4       5.1   1.8e+02   -1.7   0.1   119   148   524   553   511   565 0.77 -
C0000000010_ptg000010l:294377-296545   -            723 8998at4891           -            299   5.1e-06   23.1   3.7   4   4   4.7e-05    0.0017   14.8   0.5   131   206   609   685   599   723 0.77 -
C0000000006_ptg000006l:445926-447674   -            583 8998at4891           -            299     6e-06   22.8   0.3   1   4    0.0031      0.11    8.8   0.0   263   291   236   264   220   273 0.84 -
C0000000006_ptg000006l:445926-447674   -            583 8998at4891           -            299     6e-06   22.8   0.3   2   4       6.7   2.4e+02   -2.1   0.0   200   246   323   369   316   379 0.80 -
C0000000006_ptg000006l:445926-447674   -            583 8998at4891           -            299     6e-06   22.8   0.3   3   4     0.083         3    4.1   0.0   264   284   504   524   455   532 0.65 -
C0000000006_ptg000006l:445926-447674   -            583 8998at4891           -            299     6e-06   22.8   0.3   4   4      0.13       4.7    3.5   0.0   267   292   554   579   548   583 0.51 -
C0000000002_ptg000002l:127651-128790   -            380 8998at4891           -            299   1.3e-05   21.7   1.2   1   4     0.013      0.47    6.8   0.0   114   188    13    88     5   101 0.64 -
C0000000002_ptg000002l:127651-128790   -            380 8998at4891           -            299   1.3e-05   21.7   1.2   2   4       4.6   1.7e+02   -1.6   0.0    37    59   101   123    95   126 0.80 -
C0000000002_ptg000002l:127651-128790   -            380 8998at4891           -            299   1.3e-05   21.7   1.2   3   4   0.00036     0.013   11.9   0.1   240   292   125   177   104   179 0.89 -
C0000000002_ptg000002l:127651-128790   -            380 8998at4891           -            299   1.3e-05   21.7   1.2   4   4       8.3     3e+02   -2.4   0.0   166   209   295   338   289   366 0.71 -
C0000000009_ptg000009l:325431-327065   -            545 8998at4891           -            299   2.9e-05   20.6   0.0   1   1   2.2e-06   7.9e-05   19.2   0.0   120   233   186   302   108   319 0.76 -
C0000000008_ptg000008l:313239-315359   -            707 8998at4891           -            299   7.1e-05   19.3   0.3   1   3       4.9   1.7e+02   -1.7   0.0   222   261    51    91    27   110 0.68 -
C0000000008_ptg000008l:313239-315359   -            707 8998at4891           -            299   7.1e-05   19.3   0.3   2   3   4.2e-05    0.0015   15.0   0.0   165   214   187   235   162   262 0.76 -
C0000000008_ptg000008l:313239-315359   -            707 8998at4891           -            299   7.1e-05   19.3   0.3   3   3      0.37        13    2.0   0.1   124   193   236   308   217   316 0.61 -
C0000000005_ptg000005l:1329188-1330753 -            522 8998at4891           -            299   0.00022   17.7   0.1   1   4      0.36        13    2.0   0.0    40    68   186   216   158   223 0.60 -
C0000000005_ptg000005l:1329188-1330753 -            522 8998at4891           -            299   0.00022   17.7   0.1   2   4       1.3        48    0.2   0.0   123   155   249   281   231   288 0.71 -
C0000000005_ptg000005l:1329188-1330753 -            522 8998at4891           -            299   0.00022   17.7   0.1   3   4      0.13       4.5    3.5   0.0   264   292   333   362   286   370 0.61 -
C0000000005_ptg000005l:1329188-1330753 -            522 8998at4891           -            299   0.00022   17.7   0.1   4   4      0.03       1.1    5.6   0.1   160   200   392   432   351   512 0.66 -
C0000000008_ptg000008l:768355-771687   -           1111 8998at4891           -            299   0.00031   17.2   0.0   1   3      0.25         9    2.6   0.0    80   114    28    62    25    70 0.91 -
C0000000008_ptg000008l:768355-771687   -           1111 8998at4891           -            299   0.00031   17.2   0.0   2   3     0.012      0.41    7.0   0.0   232   295   260   328   166   331 0.69 -
C0000000008_ptg000008l:768355-771687   -           1111 8998at4891           -            299   0.00031   17.2   0.0   3   3       3.7   1.3e+02   -1.3   0.0    27    92  1018  1085  1004  1090 0.79 -
C0000000010_ptg000010l:149531-155995   -           2155 8998at4891           -            299   0.00048   16.6   1.7   1   2     0.024      0.87    5.9   0.1    76   110  1913  1946  1902  1954 0.84 -
C0000000010_ptg000010l:149531-155995   -           2155 8998at4891           -            299   0.00048   16.6   1.7   2   2    0.0031      0.11    8.8   0.2    75   146  1961  2036  1951  2043 0.86 -
C0000000017_ptg000017l:458260-458820   -            187 8998at4891           -            299   0.00054   16.4   1.4   1   2   7.2e-05    0.0026   14.2   0.2   157   226     1    72     1   129 0.69 -
C0000000017_ptg000017l:458260-458820   -            187 8998at4891           -            299   0.00054   16.4   1.4   2   2       1.2        41    0.4   0.1   130   147   168   185   153   187 0.55 -
C0000000001_ptg000001l:75048-76022     -            325 8998at4891           -            299   0.00083   15.8   0.2   1   2       1.9        68   -0.3   0.0   197   235    86   124    73   146 0.73 -
C0000000001_ptg000001l:75048-76022     -            325 8998at4891           -            299   0.00083   15.8   0.2   2   2   0.00011     0.004   13.6   0.1    59   149   220   320   216   325 0.87 -
C0000000003_ptg000003l:627008-629695   -            896 8998at4891           -            299   0.00098   15.6   0.1   1   5       9.4   3.4e+02   -2.6   0.1   233   287   164   216   121   229 0.57 -
C0000000003_ptg000003l:627008-629695   -            896 8998at4891           -            299   0.00098   15.6   0.1   2   5   2.7e-05   0.00098   15.6   0.1    39   115   256   331   232   340 0.87 -
C0000000003_ptg000003l:627008-629695   -            896 8998at4891           -            299   0.00098   15.6   0.1   3   5       1.6        58   -0.1   0.1   111   132   487   508   386   512 0.55 -
C0000000003_ptg000003l:627008-629695   -            896 8998at4891           -            299   0.00098   15.6   0.1   4   5       1.1        41    0.4   0.1    83    98   494   509   475   554 0.60 -
C0000000003_ptg000003l:627008-629695   -            896 8998at4891           -            299   0.00098   15.6   0.1   5   5      0.48        17    1.6   0.1    94   124   571   601   556   649 0.61 -
C0000000011_ptg000011l:380611-381618   -            336 8998at4891           -            299    0.0024   14.3   0.3   1   3       3.2   1.2e+02   -1.1   0.0   240   271    23    53     9    79 0.63 -
C0000000011_ptg000011l:380611-381618   -            336 8998at4891           -            299    0.0024   14.3   0.3   2   3      0.29        10    2.4   0.0   173   214   114   154   105   188 0.72 -
C0000000011_ptg000011l:380611-381618   -            336 8998at4891           -            299    0.0024   14.3   0.3   3   3    0.0039      0.14    8.5   0.0    41   136   252   303   230   317 0.52 -
#
# Program:         hmmsearch
# Version:         3.1b2 (February 2015)
# Pipeline mode:   SEARCH
# Query file:      /home/deepseq/tool/BUSCO_v5/saccharomycetes_odb10/hmms/8998at4891.hmm
# Target file:     /var/www/gvolante/request/project/202302230949-GVF6W5EPF13MH478/202302230949-GVF6W5EPF13MH478_busco/run_saccharomycetes_odb10/metaeuk_output/initial_results/SRR13577846.fa.ca.modified.fas
# Option settings: hmmsearch --domtblout /var/www/gvolante/request/project/202302230949-GVF6W5EPF13MH478/202302230949-GVF6W5EPF13MH478_busco/run_saccharomycetes_odb10/hmmer_output/initial_run_results/8998at4891.out --cpu 1 /home/deepseq/tool/BUSCO_v5/saccharomycetes_odb10/hmms/8998at4891.hmm /var/www/gvolante/request/project/202302230949-GVF6W5EPF13MH478/202302230949-GVF6W5EPF13MH478_busco/run_saccharomycetes_odb10/metaeuk_output/initial_results/SRR13577846.fa.ca.modified.fas 
# Current dir:     /var/www/gvolante/request/project/202302230949-GVF6W5EPF13MH478
# Date:            Thu Feb 23 09:51:19 2023
# [ok]
