#                                                                                            --- full sequence --- -------------- this domain -------------   hmm coord   ali coord   env coord
# target name                        accession   tlen query name           accession   qlen   E-value  score  bias   #  of  c-Evalue  i-Evalue  score  bias  from    to  from    to  from    to  acc description of target
#                ------------------- ---------- ----- -------------------- ---------- ----- --------- ------ ----- --- --- --------- --------- ------ ----- ----- ----- ----- ----- ----- ----- ---- ---------------------
C0000000017_ptg000017l:122431-124155 -            575 9012at4891           -            421  7.1e-182  602.1   7.6   1   3   2.8e-05     0.015   11.3   0.2     3    54    40    95    38   103 0.75 -
C0000000017_ptg000017l:122431-124155 -            575 9012at4891           -            421  7.1e-182  602.1   7.6   2   3   1.2e-68   6.1e-66  220.1   0.0    17   217    75   330    73   347 0.81 -
C0000000017_ptg000017l:122431-124155 -            575 9012at4891           -            421  7.1e-182  602.1   7.6   3   3  1.8e-115  9.5e-113  374.3   2.9   222   420   365   572   339   573 0.92 -
C0000000002_ptg000002l:512231-512734 -            168 9012at4891           -            421   4.7e-05   19.5   0.0   1   1     1e-07   5.4e-05   19.3   0.0   239   332    29   125     3   136 0.69 -
C0000000003_ptg000003l:684147-685076 -            310 9012at4891           -            421    0.0039   13.2   0.0   1   1     1e-05    0.0055   12.7   0.0   259   325    78   145    56   184 0.82 -
C0000000014_ptg000014l:269282-270184 -            301 9012at4891           -            421     0.011   11.8   0.1   1   1   2.9e-05     0.015   11.3   0.1   259   326    96   166    92   176 0.82 -
C0000000011_ptg000011l:133101-133937 -            279 9012at4891           -            421     0.015   11.3   0.0   1   1   3.8e-05      0.02   10.9   0.0   259   318    74   138    25   151 0.75 -
#
# Program:         hmmsearch
# Version:         3.1b2 (February 2015)
# Pipeline mode:   SEARCH
# Query file:      /home/deepseq/tool/BUSCO_v5/saccharomycetes_odb10/hmms/9012at4891.hmm
# Target file:     /var/www/gvolante/request/project/202302230949-GVF6W5EPF13MH478/202302230949-GVF6W5EPF13MH478_busco/run_saccharomycetes_odb10/metaeuk_output/initial_results/SRR13577846.fa.ca.modified.fas
# Option settings: hmmsearch --domtblout /var/www/gvolante/request/project/202302230949-GVF6W5EPF13MH478/202302230949-GVF6W5EPF13MH478_busco/run_saccharomycetes_odb10/hmmer_output/initial_run_results/9012at4891.out --cpu 1 /home/deepseq/tool/BUSCO_v5/saccharomycetes_odb10/hmms/9012at4891.hmm /var/www/gvolante/request/project/202302230949-GVF6W5EPF13MH478/202302230949-GVF6W5EPF13MH478_busco/run_saccharomycetes_odb10/metaeuk_output/initial_results/SRR13577846.fa.ca.modified.fas 
# Current dir:     /var/www/gvolante/request/project/202302230949-GVF6W5EPF13MH478
# Date:            Thu Feb 23 09:51:19 2023
# [ok]
