#                                                                                            --- full sequence --- -------------- this domain -------------   hmm coord   ali coord   env coord
# target name                        accession   tlen query name           accession   qlen   E-value  score  bias   #  of  c-Evalue  i-Evalue  score  bias  from    to  from    to  from    to  acc description of target
#                ------------------- ---------- ----- -------------------- ---------- ----- --------- ------ ----- --- --- --------- --------- ------ ----- ----- ----- ----- ----- ----- ----- ---- ---------------------
C0000000008_ptg000008l:772213-773928 -            572 9509at4891           -            363  1.3e-135  449.2  20.8   1   5   2.7e-54   1.8e-51  172.4   2.3     6   125    29   151    25   170 0.92 -
C0000000008_ptg000008l:772213-773928 -            572 9509at4891           -            363  1.3e-135  449.2  20.8   2   5   2.1e-72   1.4e-69  232.0   2.5   123   294   172   371   167   375 0.87 -
C0000000008_ptg000008l:772213-773928 -            572 9509at4891           -            363  1.3e-135  449.2  20.8   3   5    0.0052       3.5    3.7   0.1   291   313   393   415   377   433 0.83 -
C0000000008_ptg000008l:772213-773928 -            572 9509at4891           -            363  1.3e-135  449.2  20.8   4   5     0.023        15    1.5   0.0   306   320   472   486   461   492 0.84 -
C0000000008_ptg000008l:772213-773928 -            572 9509at4891           -            363  1.3e-135  449.2  20.8   5   5   1.3e-16   8.5e-14   48.5   0.1   316   361   521   571   509   572 0.87 -
C0000000005_ptg000005l:685223-687124 -            634 9509at4891           -            363   8.9e-22   74.7  10.0   1   3   5.7e-17   3.8e-14   49.6   1.2     5   131    25   156    21   191 0.87 -
C0000000005_ptg000005l:685223-687124 -            634 9509at4891           -            363   8.9e-22   74.7  10.0   2   3   2.8e-09   1.8e-06   24.3   1.4   159   284   233   390   200   422 0.67 -
C0000000005_ptg000005l:685223-687124 -            634 9509at4891           -            363   8.9e-22   74.7  10.0   3   3     0.036        24    0.9   0.0   322   362   582   628   576   629 0.76 -
C0000000013_ptg000013l:444591-446663 -            691 9509at4891           -            363   2.9e-16   56.6   7.3   1   2   9.7e-19   6.5e-16   55.4   4.0   162   297   275   410   206   436 0.81 -
C0000000013_ptg000013l:444591-446663 -            691 9509at4891           -            363   2.9e-16   56.6   7.3   2   2     0.027        18    1.4   0.0   317   344   635   663   619   678 0.80 -
C0000000005_ptg000005l:739557-741602 -            682 9509at4891           -            363   2.9e-10   36.8   3.7   1   3   2.1e-05     0.014   11.5   0.1     6    82    22   103    17   111 0.83 -
C0000000005_ptg000005l:739557-741602 -            682 9509at4891           -            363   2.9e-10   36.8   3.7   2   3   1.2e-06   0.00077   15.7   0.6   159   191   243   275   233   402 0.80 -
C0000000005_ptg000005l:739557-741602 -            682 9509at4891           -            363   2.9e-10   36.8   3.7   3   3   0.00034      0.22    7.6   0.0   312   362   582   635   572   636 0.77 -
#
# Program:         hmmsearch
# Version:         3.1b2 (February 2015)
# Pipeline mode:   SEARCH
# Query file:      /home/deepseq/tool/BUSCO_v5/saccharomycetes_odb10/hmms/9509at4891.hmm
# Target file:     /var/www/gvolante/request/project/202302230949-GVF6W5EPF13MH478/202302230949-GVF6W5EPF13MH478_busco/run_saccharomycetes_odb10/metaeuk_output/initial_results/SRR13577846.fa.ca.modified.fas
# Option settings: hmmsearch --domtblout /var/www/gvolante/request/project/202302230949-GVF6W5EPF13MH478/202302230949-GVF6W5EPF13MH478_busco/run_saccharomycetes_odb10/hmmer_output/initial_run_results/9509at4891.out --cpu 1 /home/deepseq/tool/BUSCO_v5/saccharomycetes_odb10/hmms/9509at4891.hmm /var/www/gvolante/request/project/202302230949-GVF6W5EPF13MH478/202302230949-GVF6W5EPF13MH478_busco/run_saccharomycetes_odb10/metaeuk_output/initial_results/SRR13577846.fa.ca.modified.fas 
# Current dir:     /var/www/gvolante/request/project/202302230949-GVF6W5EPF13MH478
# Date:            Thu Feb 23 09:51:17 2023
# [ok]
