#                                                                                              --- full sequence --- -------------- this domain -------------   hmm coord   ali coord   env coord
# target name                          accession   tlen query name           accession   qlen   E-value  score  bias   #  of  c-Evalue  i-Evalue  score  bias  from    to  from    to  from    to  acc description of target
#                  ------------------- ---------- ----- -------------------- ---------- ----- --------- ------ ----- --- --- --------- --------- ------ ----- ----- ----- ----- ----- ----- ----- ---- ---------------------
C0000000004_ptg000004l:117254-119470   -            739 9846at4891           -            398  2.9e-211  698.6  15.4   1   2    7e-201  6.7e-199  657.9   3.1     4   355   221   593   218   598 0.95 -
C0000000004_ptg000004l:117254-119470   -            739 9846at4891           -            398  2.9e-211  698.6  15.4   2   2     4e-15   3.8e-13   46.2   4.6   345   398   611   667   592   667 0.85 -
C0000000015_ptg000015l:228298-229758   -            487 9846at4891           -            398   3.8e-95  316.2   0.2   1   1     5e-97   4.7e-95  315.9   0.2     4   339    67   415    62   466 0.91 -
C0000000007_ptg000007l:827917-829431   -            505 9846at4891           -            398   1.6e-86  287.8   0.0   1   1   2.3e-88   2.1e-86  287.4   0.0     4   336    42   395    39   424 0.90 -
C0000000015_ptg000015l:442921-444213   -            431 9846at4891           -            398   5.4e-76  253.1   0.8   1   1     7e-78   6.6e-76  252.9   0.8     4   362     3   384     1   418 0.84 -
C0000000005_ptg000005l:1108448-1111432 -            995 9846at4891           -            398   3.3e-73  244.0   6.2   1   3       6.9   6.6e+02   -4.0   0.4   359   393    57    96    49    97 0.59 -
C0000000005_ptg000005l:1108448-1111432 -            995 9846at4891           -            398   3.3e-73  244.0   6.2   2   3   3.7e-57   3.5e-55  184.6   0.4     5   243   138   378   134   390 0.90 -
C0000000005_ptg000005l:1108448-1111432 -            995 9846at4891           -            398   3.3e-73  244.0   6.2   3   3   4.7e-20   4.5e-18   62.4   0.0   241   338   433   539   406   543 0.84 -
C0000000006_ptg000006l:372453-374762   -            770 9846at4891           -            398   6.4e-72  239.7   0.1   1   1   6.8e-74   6.4e-72  239.7   0.1     5   361    42   423    38   442 0.84 -
C0000000008_ptg000008l:740959-742527   -            523 9846at4891           -            398   1.2e-70  235.6   0.0   1   1   1.9e-72   1.8e-70  235.0   0.0     8   340   118   468   114   476 0.87 -
C0000000005_ptg000005l:1333798-1335195 -            466 9846at4891           -            398   1.3e-70  235.4   0.1   1   1   1.8e-72   1.7e-70  235.0   0.1     4   336    27   369    24   377 0.90 -
C0000000005_ptg000005l:1017666-1018778 -            371 9846at4891           -            398   2.2e-68  228.1   1.7   1   1   2.8e-70   2.6e-68  227.8   1.7     5   339     2   351     1   364 0.92 -
C0000000006_ptg000006l:598503-599603   -            367 9846at4891           -            398   7.1e-65  216.5   0.4   1   1   9.2e-67   8.7e-65  216.2   0.4     6   338     1   344     1   354 0.92 -
C0000000017_ptg000017l:117639-118739   -            367 9846at4891           -            398   7.1e-65  216.5   0.4   1   1   9.2e-67   8.7e-65  216.2   0.4     6   338     1   344     1   354 0.92 -
C0000000014_ptg000014l:361660-364252   -            535 9846at4891           -            398   2.7e-64  214.6   0.0   1   1   3.8e-66   3.6e-64  214.2   0.0    12   340   118   466   109   486 0.85 -
C0000000001_ptg000001l:124240-126057   -            606 9846at4891           -            398   4.8e-64  213.8   0.0   1   1   8.6e-66   8.1e-64  213.0   0.0    15   360    18   399     3   411 0.81 -
C0000000005_ptg000005l:575310-577073   -            588 9846at4891           -            398   1.7e-63  212.0   0.9   1   1   2.5e-65   2.3e-63  211.5   0.9    12   356   181   561   171   582 0.82 -
C0000000003_ptg000003l:614076-615311   -            412 9846at4891           -            398     4e-62  207.5   0.0   1   1   1.7e-63   1.6e-61  205.5   0.0     6   363    11   396     7   404 0.85 -
C0000000011_ptg000011l:718500-720020   -            507 9846at4891           -            398   7.1e-62  206.7   0.0   1   1   2.8e-63   2.7e-61  204.8   0.0     5   346   101   470    97   490 0.85 -
C0000000013_ptg000013l:229450-231213   -            588 9846at4891           -            398   7.2e-60  200.0   2.4   1   2   4.8e-48   4.6e-46  154.6   1.4     1   280     8   307     8   320 0.85 -
C0000000013_ptg000013l:229450-231213   -            588 9846at4891           -            398   7.2e-60  200.0   2.4   2   2   1.7e-14   1.6e-12   44.2   0.0   291   336   377   422   362   439 0.93 -
C0000000002_ptg000002l:289455-291701   -            749 9846at4891           -            398   3.7e-59  197.7   0.4   1   3   5.9e-39   5.6e-37  124.7   0.2    10   180   157   340   150   376 0.79 -
C0000000002_ptg000002l:289455-291701   -            749 9846at4891           -            398   3.7e-59  197.7   0.4   2   3   0.00013     0.012   11.6   0.0   187   281   387   484   375   487 0.77 -
C0000000002_ptg000002l:289455-291701   -            749 9846at4891           -            398   3.7e-59  197.7   0.4   3   3   1.5e-18   1.4e-16   57.5   0.0   283   335   511   563   501   581 0.91 -
C0000000008_ptg000008l:918760-920427   -            556 9846at4891           -            398   4.5e-58  194.1   1.2   1   1   6.7e-60   6.4e-58  193.6   1.2     9   374   127   513   121   537 0.81 -
C0000000005_ptg000005l:1199077-1200414 -            446 9846at4891           -            398   2.5e-57  191.7   0.1   1   1   3.5e-59   3.3e-57  191.3   0.1     6   346    64   421    60   436 0.88 -
C0000000002_ptg000002l:119716-122229   -            838 9846at4891           -            398   4.3e-56  187.6   0.4   1   2   1.5e-41   1.4e-39  133.2   0.1     9   237   249   489   243   496 0.83 -
C0000000002_ptg000002l:119716-122229   -            838 9846at4891           -            398   4.3e-56  187.6   0.4   2   2   5.7e-17   5.4e-15   52.3   0.0   273   354   556   638   513   681 0.78 -
C0000000011_ptg000011l:415416-416861   -            482 9846at4891           -            398   1.3e-55  186.1   0.4   1   1   1.6e-57   1.5e-55  185.8   0.4     4   373    92   480    89   482 0.86 -
C0000000005_ptg000005l:677915-679567   -            551 9846at4891           -            398   1.9e-53  178.9   0.6   1   1   3.6e-55   3.4e-53  178.1   0.6    11   338    25   395    17   438 0.77 -
C0000000014_ptg000014l:80555-82345     -            597 9846at4891           -            398   2.4e-45  152.2   2.8   1   2   2.9e-32   2.8e-30  102.6   1.4    43   264   229   472   219   500 0.79 -
C0000000014_ptg000014l:80555-82345     -            597 9846at4891           -            398   2.4e-45  152.2   2.8   2   2     6e-16   5.7e-14   48.9   0.0   281   334   518   571   506   587 0.90 -
C0000000017_ptg000017l:186429-188648   -            740 9846at4891           -            398   9.6e-45  150.3   0.3   1   2   9.7e-30   9.2e-28   94.3   0.5     4   216   141   380   139   442 0.72 -
C0000000017_ptg000017l:186429-188648   -            740 9846at4891           -            398   9.6e-45  150.3   0.3   2   2     4e-17   3.7e-15   52.8   0.0   281   341   511   571   480   620 0.76 -
C0000000008_ptg000008l:719760-721292   -            511 9846at4891           -            398   7.4e-28   94.6   1.5   1   2   6.2e-18   5.8e-16   55.5   0.7    26   206    86   290    77   297 0.77 -
C0000000008_ptg000008l:719760-721292   -            511 9846at4891           -            398   7.4e-28   94.6   1.5   2   2   2.6e-12   2.4e-10   37.0   0.0   281   339   435   493   415   506 0.85 -
C0000000007_ptg000007l:620554-621531   -            326 9846at4891           -            398   8.9e-09   31.8   0.0   1   1   1.4e-10   1.3e-08   31.3   0.0    34   334     4   321     1   325 0.72 -
C0000000005_ptg000005l:482687-485866   -           1060 9846at4891           -            398    0.0082   12.2   0.0   1   2    0.0011      0.11    8.5   0.0    30    85   294   349   273   370 0.85 -
C0000000005_ptg000005l:482687-485866   -           1060 9846at4891           -            398    0.0082   12.2   0.0   2   2      0.25        24    0.8   0.0   284   343   591   650   575   669 0.80 -
#
# Program:         hmmsearch
# Version:         3.1b2 (February 2015)
# Pipeline mode:   SEARCH
# Query file:      /home/deepseq/tool/BUSCO_v5/saccharomycetes_odb10/hmms/9846at4891.hmm
# Target file:     /var/www/gvolante/request/project/202302230949-GVF6W5EPF13MH478/202302230949-GVF6W5EPF13MH478_busco/run_saccharomycetes_odb10/metaeuk_output/initial_results/SRR13577846.fa.ca.modified.fas
# Option settings: hmmsearch --domtblout /var/www/gvolante/request/project/202302230949-GVF6W5EPF13MH478/202302230949-GVF6W5EPF13MH478_busco/run_saccharomycetes_odb10/hmmer_output/initial_run_results/9846at4891.out --cpu 1 /home/deepseq/tool/BUSCO_v5/saccharomycetes_odb10/hmms/9846at4891.hmm /var/www/gvolante/request/project/202302230949-GVF6W5EPF13MH478/202302230949-GVF6W5EPF13MH478_busco/run_saccharomycetes_odb10/metaeuk_output/initial_results/SRR13577846.fa.ca.modified.fas 
# Current dir:     /var/www/gvolante/request/project/202302230949-GVF6W5EPF13MH478
# Date:            Thu Feb 23 09:51:17 2023
# [ok]
